# nf=0.9999182883239859 mu=2 T=0.05 TrSigmaG=0.6495380608464377 Epot=0.6495380608464377 Ekin=-1.815208859375 mom=[]
0.1570796326794897 -0.3754600188283995 -0.1215130134712665  0.3750133375547338 -0.1214085620884938  
0.471238898038469 -0.27294527423815 -0.2614277025769878  0.2723418501815065 -0.2610345264853609  
0.7853981633974483 -0.1912907476716932 -0.2982446129696033  0.1907040341324829 -0.297903960158435  
1.099557428756428 -0.140703352993434 -0.2982459089612304  0.1401802631338194 -0.2982364845707157  
1.413716694115407 -0.1086381615579129 -0.2869247699147268  0.1082738135758328 -0.286990823499265  
1.727875959474386 -0.0871700264493948 -0.272212472604481  0.08693266037600458 -0.2722249747736669  
2.042035224833366 -0.07187397588924295 -0.2574510408771431  0.0718185999890822 -0.2571485742524813  
2.356194490192345 -0.06053559768776298 -0.2427608091213342  0.06050987575028644 -0.2426653190733622  
2.670353755551324 -0.05189078410366751 -0.2291515170009113  0.05186575329614666 -0.229179452776971  
2.984513020910303 -0.04505820793413386 -0.2168189549703428  0.045099206752732 -0.2168226363659513  
3.298672286269283 -0.0395160939214895 -0.205550953888836  0.03964313540964033 -0.2055451132347169  
3.612831551628262 -0.03495735117328492 -0.1951784986726017  0.03512772639381766 -0.1952305415467518  
3.926990816987241 -0.03116909716431953 -0.1856315658873767  0.03132477271778548 -0.185764075928764  
4.241150082346221 -0.02798430828392321 -0.1768696740812931  0.02808905298345852 -0.1770529175353935  
4.5553093477052 -0.02527123734611791 -0.1688383871014407  0.02531871235062281 -0.1690236363150666  
4.869468613064179 -0.02293059491343829 -0.161465666036721  0.02293473416694261 -0.1616143656380105  
5.183627878423159 -0.02089042447247668 -0.1546741330597014  0.02087216759108802 -0.1547692203461052  
5.497787143782138 -0.01909901536118856 -0.1483923118834385  0.01907678945705569 -0.1484358980772363  
5.811946409141117 -0.01751820490088843 -0.1425598751167578  0.01750366321344084 -0.1425653065262683  
6.126105674500097 -0.01611837899180033 -0.1371280164692901  0.0161160864538979 -0.1371119968808529  
6.440264939859075 -0.01487530736258954 -0.1320574160799796  0.01488447185561955 -0.1320346606136971  
6.754424205218055 -0.01376838023203934 -0.127315662014774  0.01378514291965795 -0.1272963749583202  
7.068583470577035 -0.01277971614729765 -0.1228750665740539  0.01279915319820175 -0.1228645427148848  
7.382742735936015 -0.01189372487476664 -0.1187111528229995  0.01191123246752971 -0.1187105933525178  
7.696902001294992 -0.01109686461443071 -0.1148017479865406  0.01110891628709992 -0.1148095464367272  
8.011061266653972 -0.01037745790448857 -0.1111265063051924  0.01038186908724614 -0.111139527552098  
8.325220532012953 -0.00972551046259335 -0.1076666860789804  0.009721380609375276 -0.1076812994957234  
8.639379797371932 -0.009132519867180337 -0.1044050506034148  0.009120002051384407 -0.1044178436578594  
8.953539062730909 -0.008591279336248193 -0.1013258122099932  0.00857128673959663 -0.1013340051368648  
9.267698328089889 -0.008095686787442068 -0.098414577570513  0.00806960493057024 -0.09841620160148794  
9.58185759344887 -0.007640568105936157 -0.09565827794425262  0.007610009262202596 -0.09565218888383051  
9.896016858807849 -0.007221520253280984 -0.09304508235018773  0.007188134044308304 -0.09303087368059941  
10.21017612416683 -0.006834776554526975 -0.09056429820864544  0.006800117001910908 -0.09054216369229186  
10.52433538952581 -0.006477093985912047 -0.08820626592111347  0.006442536069919453 -0.08817684670624244  
10.83849465488479 -0.00614566069290237 -0.08596225339154207  0.006112356571738454 -0.08592649171142074  
11.15265392024377 -0.005838021158287443 -0.08382435505869995  0.00580688589494903 -0.08378336668807308  
11.46681318560274 -0.00555201619183882 -0.08178539840132529  0.00552373389010976 -0.08174036905332789  
11.78097245096172 -0.005285735018477125 -0.07983885947450767  0.005260777889981975 -0.07979096581280125  
12.0951317163207 -0.00503747703643479 -0.07797878796987669  0.005016131638663076 -0.07792914128211031  
12.40929098167968 -0.004805721187410844 -0.07619974156679453  0.004788117642663642 -0.07614935084146056  
12.72345024703866 -0.00458910125811099 -0.074496728902732  0.004575242578915013 -0.07444647961726644  
13.03760951239764 -0.004386385777361133 -0.07286516026823303  0.004376175461677871 -0.07281580528865929  
13.35176877775662 -0.004196461468919833 -0.07130080505807138  0.004189728307321806 -0.07125296442801128  
13.6659280431156 -0.004018319462405403 -0.06979975503133042  0.004014839058048471 -0.06975392193006365  
13.98008730847458 -0.003851043657480643 -0.06835839250816926  0.00385055654113973 -0.06831494318354095  
14.29424657383356 -0.00369380078557164 -0.06697336273152718  0.003696027253660503 -0.06693256870696607  
14.60840583919254 -0.003545831826866749 -0.06564154973004652  0.003550483775685351 -0.0656035910168789  
14.92256510455152 -0.003406444524770068 -0.06436005512099117  0.003413234628878172 -0.06432503352887015  
15.2367243699105 -0.003275006805261077 -0.06312617939383026  0.003283655411452807 -0.0630941313165187  
15.55088363526948 -0.003150940943002046 -0.061937405260501  0.003161181055892986 -0.06190831356372229  
15.86504290062846 -0.003033718402109993 -0.06079138288386204  0.003045299068634131 -0.06076518759047028  
16.17920216598743 -0.002922855098317758 -0.05968591625776903  0.002935543630158589 -0.05966252422295933  
16.49336143134641 -0.002817907571406539 -0.05861895208671226  0.002831490441312794 -0.05859824471176897  
16.80752069670539 -0.002718468299239031 -0.05758856640227999  0.002732752200258124 -0.0575704080909638  
17.12167996206437 -0.00262416472581794 -0.0565929607240488  0.002638974751193367 -0.05657720154221824  
17.43583922742335 -0.002534650968553739 -0.05563044034539191  0.002549833314144339 -0.05561692735411362  
17.74999849278233 -0.002449615005485252 -0.05469942884705435  0.002465030310121732 -0.05468799939979412  
18.06415775814131 -0.002368760417854291 -0.05379842663939024  0.002384290806726455 -0.05378892598439937  
18.37831702350029 -0.002291824578171385 -0.05292604430905946  0.002307363550674456 -0.05291831339792948  
18.69247628885927 -0.00221855654607989 -0.05208096186544405  0.002234014054763105 -0.05207484850002007  
19.00663555421825 -0.002148727637025078 -0.05126193721568922  0.002164028029217038 -0.05125729793308422  
19.32079481957723 -0.002082129522674221 -0.05046781098830758  0.002097205866610857 -0.05046450411458938  
19.6349540849362 -0.00201856476059843 -0.04969747998914132  0.002033362439646099 -0.04969537330138062  
19.94911335029519 -0.001957850641319147 -0.04894990421131215  0.001972326331562342 -0.04894887606410089  
20.26327261565417 -0.001899823243968809 -0.04822410808331608  0.00191393898411042 -0.04822404257497642  
20.57743188101315 -0.001844325013944304 -0.04751917048662593  0.001858051204720642 -0.04751995708413936  
20.89159114637213 -0.001791210220156442 -0.04683420950168557  0.001804524728465462 -0.04683575127581372  
21.2057504117311 -0.001740344228838836 -0.04616840262066141  0.00175323177725962 -0.04617060791034621  
21.51990967709008 -0.001691605547911675 -0.04552096826916806  0.001704052106398784 -0.04552375292637085  
21.83406894244906 -0.001644874504253128 -0.04489116775254281  0.001656872252693589 -0.04489445248086838  
22.14822820780804 -0.001600040876492709 -0.04427829452517723  0.001611587507817398 -0.04428200990397926  
22.46238747316702 -0.001557006289694769 -0.04368168130715917  0.001568100950306523 -0.0436857662107325  
22.776546738526 -0.00151567572188072 -0.04310070294736913  0.001526319785186475 -0.04310509798362296  
23.09070600388498 -0.001475959276657393 -0.04253475909089754  0.001486156349879925 -0.04253941019464004  
23.40486526924396 -0.001437774326471419 -0.04198327526656669  0.001447530488177316 -0.04198813623595479  
23.71902453460294 -0.00140104300850579 -0.04144571091286454  0.001410367182338643 -0.04145074046482668  
24.03318379996192 -0.001365692724041719 -0.04092155306783336  0.001374594150453704 -0.04092671383201082  
24.3473430653209 -0.001331656242221224 -0.04041031142916508  0.001340143296603654 -0.04041556941816599  
24.66150233067987 -0.001298869112307602 -0.03991151944210545  0.001306951789648824 -0.0399168430836622  
24.97566159603885 -0.001267269717637767 -0.03942473188904566  0.001274960556507538 -0.03943009377868231  
25.28982086139784 -0.001236783115885018 -0.03894943696765485  0.001244115554647735 -0.03895455887912613  
25.60398012675681 -0.001207374636988994 -0.03848530597825373  0.001214369621112174 -0.03849020106093164  
25.91813939211579 -0.00117899444327362 -0.03803195552139332  0.001185671462997235 -0.03803663607940191  
26.23229865747478 -0.001151595523285911 -0.03758901935161991  0.001157972729964581 -0.0375934969037635  
26.54645792283375 -0.001125133498585295 -0.03715614736830637  0.001131227810781517 -0.03716043270733676  
26.86061718819273 -0.001099566454213166 -0.03673300481409541  0.001105393654104921 -0.0367371080573671  
27.17477645355171 -0.001074854775166892 -0.03631927141404427  0.001080429596578252 -0.03632320205241819  
27.48893571891069 -0.00105096099772788 -0.03591464061050547  0.001056297206467805 -0.03591840755332344  
27.80309498426967 -0.001027849673967112 -0.03551881888251839  0.001032960141115471 -0.03552243049701688  
28.11725424962865 -0.001005487241149667 -0.03513152502179632  0.00101038401021684 -0.03513498917199565  
28.43141351498763 -0.0009838419057439105 -0.03475248953968053  0.0009885362540333006 -0.03475581362017478  
28.74557278034661 -0.000962883531681103 -0.0343814540395295  0.0009673860265994931 -0.03438464500831138  
29.05973204570558 -0.0009425835400793718 -0.03401817068755588  0.0009469040906956854 -0.03402123509478638  
29.37389131106457 -0.0009229148127172846 -0.03366240165639653  0.0009270627171671724 -0.03366534567247768  
29.68805057642355 -0.0009038516053716007 -0.03331391865673034  0.0009078355943382552 -0.03331674809691132  
30.00220984178252 -0.000885369464323206 -0.03297250244517563  0.0008891977410830276 -0.03297522279355467  
30.3163691071415 -0.0008674451511826985 -0.03263794240761289  0.0008711254284012656 -0.03264055883822798  
30.63052837250048 -0.0008500565704358723 -0.0323100361223875  0.0008535961041136399 -0.03231255351981146  
30.94468763785946 -0.0008331827040767688 -0.03198858898918905  0.0008365883247927673 -0.03199101196665727  
31.25884690321844 -0.0008168035485728419 -0.03167341384065503  0.0008200816903539908 -0.03167574675777935  
31.57300616857742 -0.0008009000578747732 -0.0313643306110994  0.0008040567848106801 -0.03136657758948787  
31.8871654339364 -0.0007854540884334052 -0.03106116599040177  0.0007884951193062876 -0.03106333092893363  
32.20132469929538 -0.000770448349388119 -0.03076375312772742  0.0007733790804148263 -0.03076583971604621  
32.51548396465436 -0.0007558663544850771 -0.03047193132242994  0.0007586918803945264 -0.03047394305415065  
32.82964323001334 -0.0007416923784401768 -0.0301855457586802  0.0007444175119642797 -0.03018748594307111  
33.14380249537232 -0.0007279114147999805 -0.02990444722906585  0.0007305407047633324 -0.0299063190024848  
33.45796176073129 -0.0007145091376040457 -0.02962849189606534  0.0007170468856770888 -0.0296302982321053  
33.77212102609028 -0.0007014718643357627 -0.02935754104373854  0.0007039221406060966 -0.02935928476319142  
34.08628029144926 -0.0006887865222365409 -0.02909146086442824  0.0006911531796475324 -0.02909314464408774  
34.40043955680824 -0.0006764406157720342 -0.02883012223771851  0.0006787273035570778 -0.02883174861894638  
34.71459882216722 -0.0006644221967341809 -0.0285734005344886  0.0006666323728977288 -0.02857497193095215  
35.02875808752619 -0.0006527198352635552 -0.02832117541223426  0.0006548567782199057 -0.02832269411769135  
35.34291735288517 -0.0006413225939249034 -0.028073330648938  0.0006433894133054725 -0.02807479884384026  
35.65707661824415 -0.0006302200025877843 -0.02782975396991964  0.0006322196493110568 -0.02783117372758925  
35.97123588360313 -0.0006194020341736452 -0.02759033686978236  0.0006213373098576841 -0.02759171016276322  
36.28539514896211 -0.000608859082830812 -0.02735497446522592  0.0006107326485577313 -0.02735630317085666  
36.59955441432109 -0.0005985819426633961 -0.02712356533948729  0.0006003963271721158 -0.02712485124540749  
36.91371367968007 -0.0005885617884368439 -0.02689601141124151  0.0005903193957570121 -0.02689725622013114  
37.22787294503905 -0.0005787901568932109 -0.02667221779905563  0.0005804932734807438 -0.0266734231331117  
37.54203221039803 -0.0005692589286799093 -0.02645209268207554  0.000570909730107171 -0.02645326008765948  
37.85619147575701 -0.0005599603121424239 -0.02623554718672199  0.0005615608693429443 -0.02623667813837315  
38.17035074111599 -0.0005508868275567707 -0.02602249526823108  0.0005524391126738593 -0.0260235911725175  
38.48451000647496 -0.0005420312924083191 -0.02581285360183256  0.0005435371842694313 -0.02581391580088526  
38.79866927183394 -0.0005333868071203026 -0.0256065414705456  0.0005348480963768158 -0.02560757124563152  
39.11282853719293 -0.0005249467421391896 -0.02540348067188795  0.0005263651360733468 -0.02540447924647575  
39.42698780255191 -0.0005167047253768303 -0.0252035954209048  0.0005180818524121004 -0.02520456396357208  
39.74114706791089 -0.0005086546300123804 -0.02500681224991983  0.0005099920439586665 -0.02500775187740793  
40.05530633326986 -0.0005007905636029618 -0.02481305992877783  0.0005020897476310505 -0.0248139717085657  
40.36946559862884 -0.0004931068574677122 -0.02462226938147698  0.0004943692278422368 -0.02462315433418522  
40.68362486398782 -0.0004855980563901933 -0.02443437360057363  0.0004868249659860726 -0.0244352327024335  
40.9977841293468 -0.0004782589092104488 -0.02424930757409964  0.000479451650814597 -0.02425014175915133  
41.31194339470578 -0.0004710843596447063 -0.02406700820924966  0.0004722441690664917 -0.02406781837152901  
41.62610266006476 -0.0004640695378681194 -0.02388741426677082  0.0004651975968607996 -0.02388820126221002  
41.94026192542374 -0.0004572097523336365 -0.02371046629338968  0.0004583071913462075 -0.02371123094162937  
42.25442119078271 -0.0004505004818217797 -0.02353610655236894  0.0004515683825984447 -0.02353684963866065  
42.5685804561417 -0.0004439373682842302 -0.02336427896717878  0.0004449767663075342 -0.02336500124400053  
42.88273972150068 -0.0004375162098513646 -0.02319492906265311  0.0004385280966460388 -0.02319563125123571  
43.19689898685966 -0.0004312329540192654 -0.023028003904186  0.0004322182793311354 -0.02302868669611376  
43.51105825221863 -0.000425083691496603 -0.02286345204801477  0.0004260433653433523 -0.02286411610658983  
43.82521751757761 -0.0004190646502016816 -0.02270122348966498  0.000419999544808751 -0.02270186945118985  
44.13937678293659 -0.0004131721894285447 -0.02254126961121354  0.0004140831410615819 -0.0225418980863127  
44.45353604829558 -0.0004074027944807936 -0.02238354313570873  0.0004082906051744637 -0.02238415471051097  
44.76769531365456 -0.0004017530714251941 -0.02222799807974284  0.0004026185106195555 -0.02222859331706182  
45.08185457901353 -0.0003962197422508205 -0.02207458971221515  0.0003970635483356777 -0.02207516915258037  
45.39601384437251 -0.0003907996401562855 -0.02192327451203143  0.0003916225219324997 -0.02192383867467292  
45.71017310973149 -0.0003854897049637154 -0.02177401012482727  0.0003862923430293988 -0.02177455950870651  
46.02433237509047 -0.0003802869789461198 -0.02162675532697082  0.0003810700270059519 -0.02162729041166626  
46.33849164044945 -0.0003751886027440368 -0.02148146998810807  0.0003759526888493867 -0.02148199123466145  
46.65265090580843 -0.0003701918113722853 -0.02133811503236434  0.0003709375390996012 -0.02133862288418324  
46.96681017116741 -0.0003652939306147276 -0.0211966524068953  0.000366021880179107 -0.02119714729051403  
47.28096943652638 -0.0003604923735110032 -0.02105704504966221  0.0003612031028210961 -0.0210575273754361  
47.59512870188536 -0.0003557846369390754 -0.02091925685663464  0.000356478682598711 -0.02091972701943117  
47.90928796724435 -0.0003511682982965313 -0.02078325264860489  0.0003518461765577781 -0.0207837110285442  
48.22344723260333 -0.0003466410125031963 -0.02064899814432729  0.0003473032201682954 -0.02064944510740482  
48.5376064979623 -0.0003422005090579302 -0.02051645993240393  0.0003428475243354341 -0.02051689583107552  
48.85176576332128 -0.0003378445891622573 -0.02038560544234326  0.0003384768724817952 -0.02038603061613487  
49.16592502868026 -0.0003335711230779245 -0.02025640291991884  0.0003341891178628226 -0.02025681769595662  
49.48008429403924 -0.0003293780475440241 -0.02012882140180268  0.0003299821809456502 -0.0201292260953201  
49.79424355939823 -0.0003252633632542706 -0.02000283068955207  0.0003258540468518081 -0.02000322560442471  
50.1084028247572 -0.0003212251325490655 -0.01987840132778053  0.0003218027630134917 -0.01987878675698563  
50.42256209011618 -0.0003172614771554391 -0.01975550458159966  0.0003178264368811895 -0.01975588080765242  
50.73672135547515 -0.0003133705759796525 -0.01963411241352353  0.0003139232336868272 -0.01963447970893291  
51.05088062083414 -0.0003095506630744207 -0.0195141974637289  0.0003100913743810038 -0.0195145560913942  
51.36503988619312 -0.0003058000256476532 -0.01939573302967349  0.0003063291336145174 -0.01939608324326617  
51.6791991515521 -0.0003021170021115427 -0.01927869304507382  0.0003026348377627917 -0.01927903508944663  
51.99335841691108 -0.0002984999803048857 -0.01916305206254276  0.0002990068631224788 -0.01916338617407641  
52.30751768227005 -0.0002949473957566385 -0.01904878523584447  0.0002954436341513158 -0.01904911164276529  
52.62167694762903 -0.0002914577299928748 -0.0189358683018838  0.0002919436217534972 -0.01893618722458058  
52.93583621298801 -0.0002880295088889817 -0.01882427756253744  0.0002885053416123022 -0.0188245892139002  
53.24999547834699 -0.0002846613011635902 -0.01871398986952698  0.0002851273526628954 -0.01871429445523521  
53.56415474370597 -0.0002813517168970564 -0.0186049826086638  0.0002818082555922811 -0.0186052803274608  
53.87831400906496 -0.0002780994060783024 -0.01849723368359934  0.000278546691369085 -0.01849752472758326  
54.19247327442393 -0.0002749030572687229 -0.01839072150207626  0.0002753413398898094 -0.01839100605695032  
54.50663253978291 -0.0002717613962985049 -0.0182854249619816  0.0002721909186588518 -0.018285703207285  
54.82079180514189 -0.000268673184993695 -0.01818132343718327  0.0002690941815007969 -0.01818159554652343  
55.13495107050087 -0.0002656372199327174 -0.01807839676313368  0.0002660499173033548 -0.01807866290443964  
55.44911033585985 -0.0002626523313158567 -0.01797662522512328  0.0002630569488721847 -0.01797688556085732  
55.76326960121882 -0.0002597173818561342 -0.01787598954618413  0.0002601141318084706 -0.01787624423353489  
56.0774288665778 -0.0002568312656951245 -0.01777647087478702  0.0002572203534126547 -0.01777672006586208  
56.39158813193679 -0.0002539929073469188 -0.01767805077246423  0.0002543745316170868 -0.01767829461449531  
56.70574739729576 -0.0002512012607248199 -0.01758071120330063  0.0002515756140010093 -0.01758094983881987  
57.01990666265475 -0.0002484553081840187 -0.01748443452304903  0.0002488225768225984 -0.01748466809005783  
57.33406592801373 -0.0002457540595816058 -0.01738920346793034  0.000246114424069184 -0.01738943210007921  
57.64822519337271 -0.0002430965514088398 -0.01729500114509206  0.0002434501865794986 -0.01729522497183545  
57.96238445873168 -0.0002404818459430398 -0.01720181102292941  0.0002408289211861789 -0.01720203016966872  
58.27654372409066 -0.0002379090304183786 -0.01710961692126797  0.0002382497098780109 -0.0171098315094955  
58.59070298944964 -0.0002353772162150844 -0.01701840300140734  0.0002357116589812588 -0.01701861314886309  
58.90486225480862 -0.0002328855381169074 -0.01692815375785397  0.0002332138984086341 -0.01692835957865756  
59.2190215201676 -0.0002304331535823263 -0.01683885400984418  0.0002307555809228922 -0.01683905561461576  
59.53318078552658 -0.0002280192420308899 -0.01675048889271389  0.0002283358814159209 -0.0167506863886957  
59.84734005088556 -0.000225643004145368 -0.01666304384916658  0.0002259539962045564 -0.01666323734035464  
60.16149931624453 -0.0002233036612300529 -0.01657650462193955  0.0002236091423818067 -0.0165766942091953  
60.47565858160353 -0.0002210004545812865 -0.01649085724631069  0.0002213005571810162 -0.01649104302746365  
60.7898178469625 -0.0002187326448708989 -0.01640608804248058  0.0002190274973534237 -0.01640627011243168  
61.10397711232148 -0.0002164995115430195 -0.0163221836078617  0.0002167892385596007 -0.01632236205869547  
61.41813637768045 -0.0002143003522587252 -0.01623913081059222  0.0002145850748083552 -0.01623930573167182  
61.73229564303944 -0.0002121344823510854 -0.01615691678290746  0.0002124143179063297 -0.01615708826096212  
62.04645490839842 -0.0002100012342909753 -0.01607552891440224  0.0002102762969190805 -0.01607569703361526  
62.36061417375739 -0.0002078999571644407 -0.01599495484521457  0.0002081703576438214 -0.01599511968731881  
62.67477343911637 -0.000205830016190405 -0.01591518246026475  0.0002060958621224612 -0.01591534410462376  
62.98893270447535 -0.0002037907922474017 -0.01583619988337412  0.0002040521881637254 -0.01583635840705681  
63.30309196983433 -0.0002017816814094178 -0.01575799547128855  0.0002020387288750733 -0.01575815094914448  
63.61725123519331 -0.0001998020944915018 -0.01568055780762997  0.0002000548922044341 -0.01568071031237117  
63.9314105005523 -0.0001978514566300321 -0.01560387569777703  0.0001981001005165965 -0.01560402530004751  
64.24556976591127 -0.0001959292068706388 -0.0155279381636378  0.0001961737901772264 -0.0155280849320775  
64.55972903127025 -0.0001940347977640017 -0.0154527344383441  0.0001942754111453712 -0.01545287843965323  
64.87388829662923 -0.000192167694970219 -0.01537825396089476  0.0001924044265746903 -0.01537839525990348  
65.18804756198821 -0.0001903273768920512 -0.01530448637157183  0.0001905603124432066 -0.01530462503129968  
65.50220682734718 -0.0001885133343148131 -0.01523142150727605  0.0001887425571901915 -0.01523155758898707  
65.81636609270616 -0.0001867250700529229 -0.015159049396781  0.0001869506613597737 -0.01515918296003946  
66.13052535806514 -0.0001849620986027493 -0.01508736025590469  0.0001851841372512515 -0.0150874913586369  
66.44468462342412 -0.0001832239458231925 -0.01501634448347566  0.000183442508596717 -0.01501647318202159  
66.7588438887831 -0.0001815101486209956 -0.01494599265718745  0.0001817253102437158 -0.01494611900634796  
67.07300315414209 -0.0001798202546434904 -0.01487629552945873  0.0001800320878456218 -0.01487641958254137  
67.38716241950107 -0.0001781538219791232 -0.01480724402331523  0.0001783623975597516 -0.01480736583218068  
67.70132168486005 -0.0001765104188632577 -0.01473882922820415  0.0001767158057510608 -0.01473894884331745  
68.01548095021903 -0.0001748896234066902 -0.01467104239647498  0.0001750918887183886 -0.01467115986694858  
68.329640215578 -0.0001732910233282653 -0.01460387493976885  0.0001734902324248576 -0.01460399031340207  
68.64379948093698 -0.0001717142156919099 -0.01453731842533855  0.0001719104322329652 -0.01453743174865753  
68.95795874629596 -0.000170158806648522 -0.01447136457231993  0.0001703520926446754 -0.01447147589062142  
69.27211801165494 -0.0001686244111966768 -0.01440600524855507  0.0001688148270601511 -0.0144061146059435  
69.58627727701392 -0.000167110652947123 -0.01434123246734732  0.0001672982575404214 -0.01434133990676901  
69.90043654237289 -0.0001656171638928278 -0.01427703838422767  0.000165802014575708 -0.0142771439475039  
70.21459580773187 -0.0001641435841842345 -0.0142134152937267  0.0001643257368591853 -0.0142135190215876  
70.52875507309086 -0.0001626895619080099 -0.01415035562607465  0.0001628690710641046 -0.01415045755819736  
70.84291433844984 -0.0001612547528835375 -0.01408785194446763  0.0001614316716388081 -0.01408795211950773  
71.15707360380881 -0.0001598388204619282 -0.01402589694224292  0.0001600132006041445 -0.01402599539786306  
71.47123286916779 -0.0001584414353292235 -0.01396448344004815  0.000158613327355336 -0.01396458021294583  
71.78539213452677 -0.0001570622753143301 -0.01390360438302724  0.0001572317284685604 -0.01390369950896302  
72.09955139988575 -0.0001557010252002451 -0.01384325283796787  0.0001558680875109871 -0.01384334635179633  
72.41371066524474 -0.0001543573765486729 -0.01378342199086154  0.0001545220948640394 -0.01378351392655755  
72.7278699306037 -0.0001530310275271848 -0.01372410514441119  0.0001531934475494135 -0.01372419553509409  
73.04202919596268 -0.0001517216827392509 -0.0136652957154959  0.0001518818490578336 -0.01366538459345406  
73.35618846132166 -0.0001504290530570072 -0.01360698723260157  0.0001505870091809435 -0.01360707462931938  
73.67034772668065 -0.000149152855465773 -0.01354917333361663  0.0001493086438545997 -0.0135492592797974  
73.98450699203963 -0.0001478928129108089 -0.01349184776358171  0.0001480464750045622 -0.01349193228916883  
74.29866625739861 -0.0001466486541474178 -0.0134350043724459  0.0001468002303956636 -0.01343508750664327  
74.61282552275759 -0.0001454201135943325 -0.01337863711282795  0.0001455696434842795 -0.01337871888412099  
74.92698478811657 -0.0001442069311892432 -0.01332274003773315  0.000144354453272964 -0.01332282047391234  
75.24114405347555 -0.0001430088522551475 -0.01326730729863202  0.000143154404175844 -0.01326738642681247  
75.55530331883452 -0.0001418256273682464 -0.01321233314348302  0.0001419692458856658 -0.01321241099012233  
75.8694625841935 -0.0001406570122285301 -0.01315781191475314  0.000140798733243579 -0.0131578885056688  
76.18362184955248 -0.0001395027675331719 -0.01310373804744417  0.0001396426261117359 -0.0131038134078313  
76.49778111491146 -0.0001383626588517615 -0.0130501060670831  0.0001385006892478015 -0.01305018022153439  
76.81194038027044 -0.0001372364565104992 -0.01299691058801732  0.0001373726921884292 -0.01299698356053954  
77.12609964562942 -0.00013612393547787 -0.01294414631166438  0.000136258409134103 -0.01294421812569363  
77.4402589109884 -0.0001350248752525159 -0.01289180802476134  0.0001351576188364438 -0.01289187870317786  
77.75441817634739 -0.0001339390597535959 -0.01283989059762031  0.0001340701044878481 -0.01283996016276353  
78.06857744170637 -0.0001328662772127116 -0.01278838898235493  0.000132995653612829 -0.01278845745604036  
78.38273670706533 -0.0001318063200733081 -0.0127372982113643  0.0001319340579668273 -0.01273736561489763  
78.69689597242431 -0.0001307589848913933 -0.0126866133957799  0.0001308851134362297 -0.01268667974997001  
79.0110552377833 -0.0001297240722381661 -0.01263632972391362  0.0001298486199405004 -0.01263639504908517  
79.32521450314228 -0.0001287013866046113 -0.01258644245970569  0.0001288243813362355 -0.0125865067757122  
79.63937376850126 -0.0001276907363072946 -0.01253694694113761  0.0001278122053223998 -0.01253701026737618  
79.95353303386023 -0.0001266919334010991 -0.01248783857889999  0.0001268119033526358 -0.01248790093432354  
80.26769229921921 -0.0001257047935929241 -0.01243911285501773  0.0001258232905483223 -0.01243917425814604  
80.5818515645782 -0.000124729136156891 -0.01239076532147078  0.000124846185613345 -0.01239082579040133  
80.89601082993718 -0.0001237647838518199 -0.01234279159884675  0.0001238804107511818 -0.01234285115126517  
81.21017009529615 -0.0001228115628403869 -0.0122951873749941  0.000122925791583551 -0.01229524602818503  
81.52432936065513 -0.0001218693026092394 -0.01224794840364644  0.0001219821570701084 -0.01224800617450581  
81.83848862601411 -0.0001209378358948243 -0.01220107050326016  0.0001210493394339223 -0.01220112740830525  
82.15264789137309 -0.0001200169986100186 -0.01215454955581678  0.0001201271740876155 -0.01215460561119554  
82.46680715673207 -0.0001191066297720586 -0.01210838150562243  0.0001192154995609081 -0.01210843672712245  
82.78096642209104 -0.0001182065714318393 -0.01206256235810828  0.0001183141574295888 -0.01206261676116611  
83.09512568745002 -0.0001173166686041048 -0.01201708817860694  0.0001174229922453598 -0.01201714177831851  
83.409284952809 -0.0001164367692025427 -0.0119719550913117  0.0001165418514704977 -0.01197200790244108  
83.72344421816798 -0.0001155667239754499 -0.01192715927820649  0.0001156705854132605 -0.01192721131519383  
84.03760348352696 -0.0001147063864426397 -0.01188269697799372  0.0001148090471643944 -0.01188274825496298  
84.35176274888595 -0.0001138556128339269 -0.01183856448504593  0.0001139570925353417 -0.01183861501581249  
84.66592201424493 -0.0001130142620287849 -0.01179475814835749  0.0001131145799975774 -0.01179480794643588  
84.98008127960391 -0.0001121821954966686 -0.01175127437047388  0.0001122813706226862 -0.01175132344908667  
85.29424054496289 -0.000111359277241565 -0.01170810960658266  0.0001114573280265362 -0.01170815797866778  
85.60839981032186 -0.0001105453737469678 -0.01166526036357758  0.000110642318314062 -0.01166530804179501  
85.92255907568084 -0.0001097403539218934 -0.01162272319912005  0.0001098362100249313 -0.01162277019585831  
86.23671834103982 -0.0001089440890478493 -0.01158049472070192  0.0001090388740802946 -0.01158054104808481  
86.5508776063988 -0.0001081564527264498 -0.0115385715846912  0.0001082501837301902 -0.01153861725458534  
86.86503687175778 -0.000107377320830536 -0.01149695049551198  0.0001074700145043403 -0.01149699551953312  
87.17919613711676 -0.0001066065714557353 -0.01145562820480359  0.0001066982441635066 -0.01145567259432239  
87.49335540247574 -0.0001058440848728931 -0.0114146015105788  0.0001059347526516894 -0.01141464527672651  
87.80751466783472 -0.000105089743481685 -0.01137386725639991  0.0001051794220495195 -0.01137391041007384  
88.1216739331937 -0.0001043434317650261 -0.01133342233055313  0.0001044321365284545 -0.01133346488242235  
88.43583319855267 -0.0001036050362439202 -0.01129326366520266  0.0001036927823054334 -0.01129330562571462  
88.74999246391165 -0.0001028744454355326 -0.01125338823567744  0.0001029612476007373 -0.01125342961506334  
89.06415172927063 -0.0001021515498115782 -0.01121379305973417  0.0001022374225961588 -0.01121383386801385  
89.37831099462962 -0.0001014362417573494 -0.01117447519681653  0.0001015211993938703 -0.0111745154438032  
89.6924702599886 -0.0001007284155317648 -0.01113543174732992  0.0001008124719762715 -0.01113547144263487  
90.00662952534756 -0.0001000279672281044 -0.01109665985191539  0.0001001111361665265 -0.01109669900495276  
90.32078879070654 -9.933479473508856e-05 -0.01105815669070714  9.941708958955454e-05 -0.01105819531069946  
90.63494805606554 -9.864879770069057e-05 -0.01101991948270078  9.873023163557938e-05 -0.01101995757868355  
90.94910732142452 -9.796987749616672e-05 -0.01098194548510227  9.805046342403779e-05 -0.01098198306592804  
91.26326658678349 -9.729793718069113e-05 -0.01094423199267444  9.737768776804012e-05 -0.0109442690670169  
91.57742585214247 -9.663288146680956e-05 -0.01090677633709683  9.671180913970516e-05 -0.01090681291345472  
91.89158511750145 -9.597461668651095e-05 -0.01086957588632471  9.605273363603561e-05 -0.01086961197302596  
92.20574438286043 -9.532305075757926e-05 -0.0108326280439336  9.540036894517607e-05 -0.01083266364914002  
92.51990364821941 -9.467809315223684e-05 -0.01079593024856048  9.475462431489754e-05 -0.01079596538027156  
92.83406291357838 -9.403965486602554e-05 -0.01075947997332799  9.411541052132341e-05 -0.01075951463938453  
93.14822217893736 -9.340764838715817e-05 -0.01072327472526648  9.348263983816053e-05 -0.01072330893335395  
93.46238144429634 -9.278198766658714e-05 -0.01068731204474755  9.285622600665361e-05 -0.01068734580239947  
93.77654070965532 -9.216258808858215e-05 -0.01065158950491686  9.22360842060088e-05 -0.01065162281951831  
94.0906999750143 -9.154936644154601e-05 -0.01061610471111426  9.162213102414177e-05 -0.01061613758990585  
94.40485924037328 -9.094224089079292e-05 -0.01058085530037803  9.101428443031163e-05 -0.01058088775045923  
94.71901850573227 -9.034113095153135e-05 -0.01054583894093433  9.041246374795459e-05 -0.01054587096926647  
95.03317777109125 -8.974595746222282e-05 -0.01051105333168479  8.981658962797604e-05 -0.01051108494509396  
95.34733703645023 -8.915664255857155e-05 -0.01047649620170403  8.922658402263319e-05 -0.01047652740688401  
95.66149630180919 -8.857310964794557e-05 -0.01044216530973681  8.864237015983183e-05 -0.01044219611325198  
95.97565556716818 -8.799528338402636e-05 -0.01040805844368472  8.806387251768928e-05 -0.01040808885197352  
96.28981483252716 -8.742308964308585e-05 -0.01037417342016439  8.749101680069871e-05 -0.0103742034395421  
96.60397409788614 -8.685645550042211e-05 -0.01034050808405347  8.692372991610101e-05 -0.01034053772071481  
96.91813336324512 -8.629530920718332e-05 -0.01030706030803516  8.636193995058808e-05 -0.01030708956805679  
97.2322926286041 -8.573958016770718e-05 -0.01027382799215155  8.580557614753591e-05 -0.01027385688149451  
97.54645189396308 -8.518919891717275e-05 -0.01024080906335562  8.525456888461816e-05 -0.01024083758786793  
97.86061115932206 -8.464409709947726e-05 -0.01020800147505233  8.470884965155708e-05 -0.01020802964047195  
98.17477042468104 -8.410420744654338e-05 -0.01017540320670763  8.416835102938962e-05 -0.0101754310186649  
98.48892969004001 -8.356946375778859e-05 -0.01014301226344495  8.363300666982352e-05 -0.01014303972746477  
98.80308895539899 -8.303980087987177e-05 -0.01011082667563949  8.310275127490068e-05 -0.01011085379714353  
99.11724822075797 -8.251515468688406e-05 -0.01007884449852023  8.257752057711321e-05 -0.01007887128282895  
99.43140748611695 -8.199546206095008e-05 -0.01004706381177931  8.205725131998139e-05 -0.01004709026411413  
99.74556675147593 -8.148066087317248e-05 -0.01001548271917946  8.154188123883369e-05 -0.01001550884466483  
100.0597260168349 -8.097068996458989e-05 -0.009984099348149858  8.103134904181209e-05 -0.009984125151815884  
100.3738852821939 -8.046548912857454e-05 -0.009952911849446452  8.052559439210431e-05 -0.009952937336230941  
100.6880445475529 -7.996499909322767e-05 -0.009921918396799467  8.002455789032021e-05 -0.009921943571549765  
101.0022038129119 -7.946916150403899e-05 -0.009891117186557902  7.952818105705962e-05 -0.009891142054032713  
101.3163630782708 -7.897791890688492e-05 -0.009860506437340684  7.903640631589283e-05 -0.009860531002211835  
101.6305223436298 -7.849121473144978e-05 -0.009830084389694242  7.854917697665133e-05 -0.009830108656548429  
101.9446816089888 -7.800899327482151e-05 -0.009799849305749193  7.80664372190311e-05 -0.009799873279089764  
102.2588408743478 -7.753119968525982e-05 -0.009769799468869224  7.758813207628477e-05 -0.009769823153118308  
102.5730001397067 -7.705777994698813e-05 -0.009739933183349241  7.711420741993987e-05 -0.009739956582849442  
102.8871594050657 -7.658868086506671e-05 -0.009710248774104513  7.664460994462064e-05 -0.009710271893120478  
103.2013186704247 -7.612385005046195e-05 -0.00968074458635839  7.617928715309156e-05 -0.009680767429078349  
103.5154779357837 -7.566323590546669e-05 -0.009651418985335673  7.571818734158126e-05 -0.009651441555872905  
103.8296372011427 -7.520678760928516e-05 -0.00962227035595516  7.526125958536177e-05 -0.009622292658349603  
104.1437964665016 -7.475445510376297e-05 -0.009593297102515353  7.480845372440738e-05 -0.009593319140735376  
104.4579557318606 -7.430618907999477e-05 -0.009564497648423511  7.43597203499488e-05 -0.009564519426367421  
104.7721149972196 -7.386194096499474e-05 -0.009535870435916877  7.391501079112498e-05 -0.00953589195741426  
105.0862742625786 -7.342166290857637e-05 -0.009507413925782512  7.347427710178489e-05 -0.00950743519459557  
105.4004335279376 -7.298530777048658e-05 -0.009479126597082206  7.303747204758215e-05 -0.00947914761690704  
105.7145927932965 -7.255282910779562e-05 -0.009451006946882199  7.260454909334702e-05 -0.009451027721350085  
106.0287520586555 -7.212418116249064e-05 -0.009423053489981743  7.217546239059393e-05 -0.009423074022660467  
106.3429113240145 -7.169931884908203e-05 -0.009395264758634624  7.175016676517347e-05 -0.009395285053030038  
106.6570705893735 -7.127819774310926e-05 -0.009367639302311355  7.13286177056227e-05 -0.009367659361868669  
106.9712298547325 -7.086077406958333e-05 -0.009340175687453569  7.091077135168165e-05 -0.00934019551555848  
107.2853891200914 -7.044700469168753e-05 -0.009312872497226603  7.049658448283774e-05 -0.009312892097206428  
107.5995483854504 -7.003684709959334e-05 -0.009285728331276562  7.008601450722109e-05 -0.009285747706401322  
107.9137076508094 -6.963025939959804e-05 -0.009258741805491423  6.967901945062669e-05 -0.009258760958974935  
108.2278669161684 -6.922720030334016e-05 -0.009231911551760882  6.927555794573813e-05 -0.009231930486761904  
108.5420261815273 -6.882762911709385e-05 -0.009205236217729179  6.887558922137877e-05 -0.009205254937352756  
108.8561854468863 -6.843150573179166e-05 -0.009178714466585693  6.847907309246502e-05 -0.009178732973884243  
109.1703447122453 -6.803879061301986e-05 -0.009152344976847812  6.808596995004751e-05 -0.009152363274822106  
109.4845039776043 -6.764944479121038e-05 -0.009126126442141991  6.769624075138939e-05 -0.009126144533742102  
109.7986632429633 -6.726342985197523e-05 -0.009100057570988555  6.730984701029525e-05 -0.00910007545911479  
110.1128225083223 -6.688070792662289e-05 -0.009074137086590146  6.692675078764309e-05 -0.009074154774093981  
110.4269817736812 -6.650124168291825e-05 -0.009048363726623808  6.654691468204816e-05 -0.009048381216308774  
110.7411410390402 -6.612499431589661e-05 -0.009022736243031668  6.617030182069746e-05 -0.009022753537654292  
111.0553003043992 -6.57519295387571e-05 -0.008997253401805539  6.57968758501902e-05 -0.008997270504076515  
111.3694595697582 -6.538201157434855e-05 -0.008971913982804367  6.542660092799521e-05 -0.008971930895389437  
111.6836188351171 -6.501520514665684e-05 -0.008946716779564878  6.505944171395133e-05 -0.008946733505085659  
111.9977781004761 -6.465147547244298e-05 -0.008921660599110558  6.469536336180853e-05 -0.008921677140145339  
112.3119373658351 -6.429078825296486e-05 -0.008896744261763824  6.433433151101243e-05 -0.008896760620848336  
112.6260966311941 -6.393310966595825e-05 -0.008871966600961309  6.397631227855096e-05 -0.00887198278058951  
112.9402558965531 -6.357840635760324e-05 -0.008847326463068579  6.362127225102444e-05 -0.008847342465693447  
113.254415161912 -6.32266454346629e-05 -0.008822822707190743  6.326917847664929e-05 -0.00882283853522523  
113.568574427271 -6.287779445699955e-05 -0.008798454205007977  6.291999845781302e-05 -0.008798469860825763  
113.88273369263 -6.253182143016261e-05 -0.00877421984060643  6.257370014363292e-05 -0.00877423532654263  
114.196892957989 -6.218869479807177e-05 -0.008750118510308248  6.223025192259931e-05 -0.008750133828660092  
114.5110522233479 -6.184838343582605e-05 -0.008726149122504443  6.188962261537518e-05 -0.008726164275531949  
114.8252114887069 -6.151085664265682e-05 -0.008702310597490423  6.155178146772433e-05 -0.00870232558741706  
115.1393707540659 -6.11760841349567e-05 -0.008678601867300609  6.121669814353226e-05 -0.008678616696313996  
115.4535300194249 -6.084403603935256e-05 -0.008655021875538607  6.088434271784781e-05 -0.008655036545791327  
115.7676892847839 -6.051468288622027e-05 -0.008631569577231777  6.055468567035533e-05 -0.008631584090842069  
116.0818485501429 -6.018799560316877e-05 -0.008608243938680897  6.022769787891547e-05 -0.008608258297733241  
116.3960078155018 -5.9863945508682e-05 -0.008585043937308629  5.990335061309093e-05 -0.008585058143854333  
116.7101670808608 -5.95425043057945e-05 -0.008561968561510399  5.95816155278794e-05 -0.008561982617568175  
117.0243263462198 -5.922364407594502e-05 -0.008539016810507673  5.926246465750377e-05 -0.008539030718064224  
117.3384856115788 -5.890733727291117e-05 -0.008516187694203621  5.894587040935254e-05 -0.008516201455214163  
117.6526448769378 -5.859355671681815e-05 -0.00849348023303767  5.863180555797938e-05 -0.008493493849426549  
117.9668041422967 -5.828227558817713e-05 -0.008470893457835804  5.832024323911666e-05 -0.008470906931497201  
118.2809634076557 -5.797346742232581e-05 -0.008448426409683255  5.801115694405757e-05 -0.008448439742481743  
118.5951226730147 -5.766710610381691e-05 -0.008426078139792494  5.770452051411096e-05 -0.008426091333563566  
118.9092819383737 -5.736316586093297e-05 -0.008403847709369935  5.740030813504196e-05 -0.008403860765920475  
119.2234412037327 -5.706162126026351e-05 -0.008381734189484772  5.709849433165479e-05 -0.008381747110593557  
119.5376004690916 -5.676244720140377e-05 -0.008359736660939846  5.679905396245136e-05 -0.008359749448358024  
119.8517597344506 -5.646561891171465e-05 -0.008337854214144538  5.650196221442368e-05 -0.008337866869596094  
120.1659189998096 -5.617111194118249e-05 -0.008316085948986845  5.62071945978611e-05 -0.008316098474169092  
120.4800782651686 -5.587890215726772e-05 -0.008294430974701811  5.591472694120738e-05 -0.008294443371286007  
120.7942375305275 -5.55889657400943e-05 -0.00827288840975899  5.562453538621949e-05 -0.008272900679390809  
121.1083967958865 -5.53012791776405e-05 -0.00825145738174593  5.533659638314458e-05 -0.008251469526045883  
121.4225560612455 -5.501581926095525e-05 -0.008230137027250627  5.505088668596941e-05 -0.008230149047814488  
121.7367153266045 -5.473256307952598e-05 -0.008208926491745828  5.476738334768973e-05 -0.008208938390145052  
122.0508745919634 -5.445148801664755e-05 -0.008187824929475085  5.448606371574702e-05 -0.008187836707257203  
122.3650338573224 -5.41725717449227e-05 -0.008166831503340539  5.420690542749722e-05 -0.00816684316202957  
122.6791931226814 -5.389579222183022e-05 -0.008145945384790017  5.392988640570981e-05 -0.008145956925886872  
122.9933523880404 -5.362112768522526e-05 -0.008125165753700866  5.365498485416403e-05 -0.008125177178683883  
123.3075116533994 -5.334855664922582e-05 -0.008104491798280445  5.338217925340943e-05 -0.008104503108605773  
123.6216709187584 -5.307805789999892e-05 -0.008083922714963131  5.311144835664105e-05 -0.008083933912065107  
123.9358301841173 -5.280961049167495e-05 -0.008063457708306378  5.284277118552892e-05 -0.008063468793597881  
124.2499894494763 -5.254319374227958e-05 -0.008043095990888404  5.257612702617604e-05 -0.008043106965761205  
124.5641487148353 -5.227878722975949e-05 -0.008022836783207376  5.231149542512452e-05 -0.008022847649032485  
124.8783079801943 -5.201637078806724e-05 -0.008002679313582129  5.204885618544292e-05 -0.008002690071710134  
125.1924672455533 -5.175592450330775e-05 -0.007982622818052277  5.178818936283462e-05 -0.007982633469813698  
125.5066265109122 -5.149742870985956e-05 -0.00796266654027564  5.152947526180021e-05 -0.007962677086981371  
125.8207857762712 -5.124086398679279e-05 -0.007942809731439814  5.127269443196275e-05 -0.007942820174381466  
126.1349450416302 -5.098621115420266e-05 -0.007923051650170813  5.101782766449318e-05 -0.007923061990621011  
126.4491043069892 -5.073345126966504e-05 -0.00790339156244097  5.076485598848494e-05 -0.007903401801653678  
126.7632635723482 -5.048256562471278e-05 -0.007883828741478215  5.051376066743174e-05 -0.007883838880689026  
127.0774228377071 -5.023353574136153e-05 -0.007864362467676668  5.026452319577719e-05 -0.007864372508103099  
127.3915821030661 -4.998634336872388e-05 -0.007844992028508578  5.001712529549556e-05 -0.007845001971350355  
127.7057413684251 -4.9740970479652e-05 -0.007825716718435577  4.977154891271097e-05 -0.007825726564874957  
128.0199006337841 -4.949739926735045e-05 -0.007806535838817315  4.952777621436331e-05 -0.007806545590019449  
128.334059899143 -4.92556121422685e-05 -0.007787448697833283  4.928578958500949e-05 -0.007787458354946515  
128.648219164502 -4.901559172891778e-05 -0.007768454610401749  4.9045571623704e-05 -0.007768464174557887  
128.962378429861 -4.877732086278039e-05 -0.007749552898097947  4.880710514084695e-05 -0.007749562370412527  
129.27653769522 -4.854078258722209e-05 -0.00773074288907347  4.857037315513321e-05 -0.007730752270645996  
129.590696960579 -4.830596015048713e-05 -0.007712023917976782  4.833535889052293e-05 -0.007712033209890988  
129.9048562259379 -4.807283700274573e-05 -0.007693395325874908  4.810204577326179e-05 -0.007693404529199015  
130.2190154912969 -4.784139679316608e-05 -0.007674856460176259  4.787041742897617e-05 -0.007674865575963199  
130.5331747566559 -4.761162336703662e-05 -0.007656406674552736  4.76404576797713e-05 -0.007656415703840428  
130.8473340220149 -4.738350076288043e-05 -0.007638045328859228  4.741215054134289e-05 -0.007638054272670897  
131.1614932873738 -4.71570132097514e-05 -0.007619771789065432  4.718548022027901e-05 -0.007619780648409858  
131.4756525527328 -4.69321451245376e-05 -0.007601585427184793  4.69604311113501e-05 -0.007601594203056542  
131.7898118180918 -4.67088811093e-05 -0.007583485621202753  4.67369877948094e-05 -0.007583494314582388  
132.1039710834508 -4.648720594860536e-05 -0.007565471755005901  4.651513503378711e-05 -0.0075654803668602  
132.4181303488098 -4.626710460696934e-05 -0.007547543218312224  4.62948577716625e-05 -0.007547551749594394  
132.7322896141688 -4.604856222629971e-05 -0.007529699406602273  4.607614112952073e-05 -0.007529707858252168  
133.0464488795278 -4.583156412337104e-05 -0.007511939721051359  4.585897040366275e-05 -0.007511948093995655  
133.3606081448867 -4.561609578737568e-05 -0.007494263568461189  4.564333106308588e-05 -0.007494271863613638  
133.6747674102457 -4.540214287743056e-05 -0.0074766703611896  4.542920874701987e-05 -0.007476678579451275  
133.9889266756047 -4.51896912202461e-05 -0.007459159517090032  4.521658926259535e-05 -0.007459167659349549  
134.3030859409637 -4.497872680779953e-05 -0.007441730459448913  4.50054585825114e-05 -0.007441738526582619  
134.6172452063226 -4.476923579504196e-05 -0.007424382616922427  4.479580284270972e-05 -0.007424390609794576  
134.9314044716816 -4.456120449761563e-05 -0.007407115423474233  4.458760834011421e-05 -0.007407123342937182  
135.2455637370406 -4.435461938962501e-05 -0.007389928318313952  4.438086153038953e-05 -0.007389936165208323  
135.5597230023996 -4.414946710144072e-05 -0.007372820745836571  4.417554902573966e-05 -0.007372828520991449  
135.8738822677586 -4.394573441752127e-05 -0.0073557921555615  4.397165759273141e-05 -0.0073557998597946  
136.1880415331175 -4.374340827425781e-05 -0.007338842002070105  4.376917415010998e-05 -0.007338849636188018  
136.5022007984765 -4.354247575791072e-05 -0.007321969744951197  4.356808576676037e-05 -0.007321977309749553  
136.8163600638355 -4.334292410256265e-05 -0.007305174848744878  4.336837965966114e-05 -0.007305182345008514  
137.1305193291945 -4.314474068811321e-05 -0.007288456782885986  4.317004319183436e-05 -0.007288464211389114  
137.4446785945534 -4.294791303827588e-05 -0.007271815021648335  4.297306387035741e-05 -0.007271822383154687  
137.7588378599124 -4.275242881860102e-05 -0.007255249044089652  4.277742934441224e-05 -0.00725525633935265  
138.0729971252714 -4.255827583456541e-05 -0.007238758333997335  4.258312740333081e-05 -0.007238765563760232  
138.3871563906304 -4.236544202966974e-05 -0.007222342379834918  4.239014597469374e-05 -0.007222349544830943  
138.7013156559894 -4.217391548355643e-05 -0.00720600067468923  4.219847312246844e-05 -0.007206007775641757  
139.0154749213484 -4.198368441015385e-05 -0.007189732716216423  4.200809704513586e-05 -0.007189739753839116  
139.3296341867073 -4.179473715581173e-05 -0.007173538006584904  4.181900607379763e-05 -0.007173544981581961  
139.6437934520663 -4.160706219756303e-05 -0.007157416052430466  4.163118867048126e-05 -0.007157422965496773  
139.9579527174253 -4.142064814140625e-05 -0.007141366364808219  4.144463342638912e-05 -0.00714137321662949  
140.2721119827843 -4.123548372058067e-05 -0.007125388459143196  4.125932906016358e-05 -0.007125395250396105  
140.5862712481432 -4.10515577938514e-05 -0.007109481855181701  4.107526441619725e-05 -0.007109488586534001  
140.9004305135022 -4.086885934385178e-05 -0.007093646076943223  4.089242846293782e-05 -0.007093652749053892  
141.2145897788612 -4.068737747541956e-05 -0.007077880652673053  4.071081029125223e-05 -0.007077887266192409  
141.5287490442202 -4.050710141398256e-05 -0.007062185114795517  4.053039911279181e-05 -0.007062191670365351  
141.8429083095792 -4.032802050398031e-05 -0.007046558999869182  4.035118425840343e-05 -0.007046565498122852  
142.1570675749381 -4.015012420732858e-05 -0.007031001848545528  4.017315517661073e-05 -0.007031008290108029  
142.4712268402971 -3.997340210182691e-05 -0.007015513205519669  3.999630143200588e-05 -0.007015519591007728  
142.7853861056561 -3.979784387961851e-05 -0.007000092619484602  3.982061270370452e-05 -0.007000098949506805  
143.0995453710151 -3.962343934568617e-05 -0.006984739643087406  3.964607878384278e-05 -0.00698474591824431  
143.4137046363741 -3.945017841636589e-05 -0.006969453832886089  3.947268957610378e-05 -0.006969460053770337  
143.727863901733 -3.927805111790407e-05 -0.006954234749306908  3.930043509424451e-05 -0.006954240916503348  
144.042023167092 -3.91070475850248e-05 -0.00693908195660233  3.91293054606579e-05 -0.006939088070688128  
144.356182432451 -3.893715805949142e-05 -0.006923995022809497  3.895929090498392e-05 -0.006924001084354233  
144.67034169781 -3.876837288865613e-05 -0.006908973519700675  3.879038176258414e-05 -0.006908979529266565  
144.984500963169 -3.860068252378251e-05 -0.006894017022717388  3.862256847291307e-05 -0.006894022980859762  
145.2986602285279 -3.843407751899903e-05 -0.006879125110956711  3.845584157845433e-05 -0.006879131018224205  
145.6128194938869 -3.826854853006407e-05 -0.006864297367140441  3.829019172348813e-05 -0.006864303224075088  
145.9269787592459 -3.810408631307362e-05 -0.006849533377576213  3.812560965276304e-05 -0.00684953918471352  
146.2411380246049 -3.794068172314533e-05 -0.006834832732119026  3.796208621022983e-05 -0.006834838489988073  
146.5552972899638 -3.777832571316881e-05 -0.006820195024133362  3.779961233774862e-05 -0.006820200733256883  
146.8694565553228 -3.761700933253972e-05 -0.006805619850455715  3.763817907384943e-05 -0.006805625511350178  
147.1836158206818 -3.745672372594754e-05 -0.006791106811357619  3.747777755247674e-05 -0.006791112424533316  
147.4977750860408 -3.729746013213832e-05 -0.006776655510509179  3.731839900179598e-05 -0.006776661076470299  
147.8119343513998 -3.713920988300551e-05 -0.006762265554968329  3.716003474326103e-05 -0.006762271074212772  
148.1260936167587 -3.698196440324249e-05 -0.006747936555220417  3.700267619123527e-05 -0.006747942028238752  
148.4402528821177 -3.682571520829975e-05 -0.006733668125065605  3.684631485100096e-05 -0.006733673552340922  
148.7544121474767 -3.667045390298118e-05 -0.006719459881558719  3.669094231731365e-05 -0.006719465263566739  
149.0685714128357 -3.651617218031654e-05 -0.006705311444975023  3.653655027327496e-05 -0.006705316782184218  
149.3827306781947 -3.636286182043206e-05 -0.006691222438776467  3.63831304892398e-05 -0.006691227731648162  
149.6968899435537 -3.621051468947075e-05 -0.006677192489578316  3.623067482170719e-05 -0.006677197738566824  
150.0110492089126 -3.605912273852268e-05 -0.006663221227116252  3.607917521223239e-05 -0.006663226432668957  
150.3252084742716 -3.590867800254328e-05 -0.006649308284213809  3.592862368638265e-05 -0.006649313446771291  
150.6393677396306 -3.575917259933024e-05 -0.006635453296750298  3.577901235266584e-05 -0.006635458416746442  
150.9535270049896 -3.561059872744878e-05 -0.006621655903534993  3.563033340052623e-05 -0.006621660981398094  
151.2676862703485 -3.546294866226428e-05 -0.00660791574599666  3.548257909633475e-05 -0.006607920782153559  
151.5818455357075 -3.531621475803959e-05 -0.006594232468440224  3.533574178549983e-05 -0.006594237463317282  
151.8960048010665 -3.517038944797464e-05 -0.006580605718110947  3.518981389248492e-05 -0.006580610672134004  
152.2101640664255 -3.502546524322936e-05 -0.006567035145164093  3.504478791983175e-05 -0.006567040058758424  
152.5243233317845 -3.488143473197822e-05 -0.006553520402635036  3.490065644718065e-05 -0.006553525276225302  
152.8384825971434 -3.473829057843474e-05 -0.00654006114640965  3.475741213034793e-05 -0.006540065980419865  
153.1526418625024 -3.45960255219393e-05 -0.006526657035195118  3.461504770036743e-05 -0.006526661830048601  
153.4668011278614 -3.445463237602242e-05 -0.006513307730491112  3.447355596258371e-05 -0.006513312486610454  
153.7809603932204 -3.431410402751028e-05 -0.006500012896561247  3.433292979572856e-05 -0.006500017614368269  
154.0951196585793 -3.417443343913601e-05 -0.006486772200738776  3.419316215451914e-05 -0.006486776880650958  
154.4092789239383 -3.403561365905697e-05 -0.00647358531438937  3.405424607903769e-05 -0.006473589956805841  
154.7234381892973 -3.389763780911284e-05 -0.0064604519118637  3.391617468314752e-05 -0.006460456517162116  
155.0375974546563 -3.376049908043804e-05 -0.006447371670134264  3.377894115009764e-05 -0.006447376238671286  
155.3517567200153 -3.362419073262293e-05 -0.006434344268769101  3.364253873168975e-05 -0.006434348800880828  
155.6659159853743 -3.348870609288031e-05 -0.00642136938990573  3.350696074746221e-05 -0.006421373885908153  
155.9800752507333 -3.335403855524417e-05 -0.00640844671822549  3.337220058386596e-05 -0.006408451178414934  
156.2942345160922 -3.322018157976562e-05 -0.006395575940928146  3.323825169346556e-05 -0.006395580365581669  
156.6083937814512 -3.308712869171073e-05 -0.006382756747706776  3.310510759416028e-05 -0.00638276113708262  
156.9225530468102 -3.295487348081262e-05 -0.006369988830723027  3.297276186837399e-05 -0.006369993185061016  
