# nf=0.9999182883239859 mu=2 T=0.05 TrSigmaG=0.6495380608464377 Epot=0.6495380608464377 Ekin=-1.815208859375 mom=[]
0.1570796326794897 2.560153291630428 -0.02343681676639545  1.441106864235487 -0.02331880323233115  
0.471238898038469 2.565531482449981 -0.06918861161784062  1.43606043099635 -0.06883478023626022  
0.7853981633974483 2.575653725129044 -0.1113798261139587  1.426501581098557 -0.1112367423266797  
1.099557428756428 2.58930806111853 -0.1484564392535438  1.413587289619362 -0.1488950811516569  
1.413716694115407 2.603463498598686 -0.1793078750930421  1.398591188448983 -0.1814186162176603  
1.727875959474386 2.620009719942268 -0.2062337246548114  1.381839986825825 -0.2082848261781287  
2.042035224833366 2.631668221854924 -0.2260803636822114  1.366546905383039 -0.2290823831806212  
2.356194490192345 2.647507923019169 -0.2464389385437646  1.351332759894813 -0.2472380196088725  
2.670353755551324 2.663103999233862 -0.2618429273544962  1.336217736620846 -0.2618932748330509  
2.984513020910303 2.675904484602722 -0.2715106041251949  1.321992123986804 -0.2722576922143372  
3.298672286269283 2.686814068160508 -0.2783032111376181  1.309367448904022 -0.2789466954609323  
3.612831551628262 2.697158423852281 -0.2841940074069757  1.298605943564773 -0.2831954251273447  
3.926990816987241 2.707345904402799 -0.2893277211082749  1.289531694312056 -0.2860469217286966  
4.241150082346221 2.717066396802906 -0.2930454588956194  1.28174151822653 -0.2880675683961564  
4.5553093477052 2.725845999148989 -0.2948585485611083  1.274819770476601 -0.2894270574717939  
4.869468613064179 2.7333971018343 -0.294778952044091  1.268461002903412 -0.2900893090883167  
5.183627878423159 2.739700865969418 -0.2932024670380917  1.262500387008517 -0.2899721072089161  
5.497787143782138 2.744935947540409 -0.2906612593259235  1.256888366332375 -0.2890365470532054  
5.811946409141117 2.749367336265852 -0.2876296599047306  1.251644603057586 -0.287316560672139  
6.126105674500097 2.753257197419309 -0.2844325815527998  1.246813861313979 -0.2849114121984757  
6.440264939859075 2.756815064112931 -0.2812365151933419  1.242434586952705 -0.2819615723440556  
6.754424205218055 2.760181649870012 -0.2780851813539074  1.238522452160064 -0.2786219179877868  
7.068583470577035 2.763433760835759 -0.2749484610332662  1.235066254205647 -0.2750398934575191  
7.382742735936015 2.766599026963112 -0.2717660528359306  1.232031710804989 -0.2713414342843658  
7.696902001294992 2.769672836283395 -0.2684782501477038  1.229368888613474 -0.2676243925061883  
8.011061266653972 2.772633324680702 -0.2650431538646848  1.227020173408711 -0.2639577205886798  
8.325220532012953 2.775452743494192 -0.2614429906093067  1.224927028571094 -0.2603843154444757  
8.639379797371932 2.778105005382102 -0.2576831768424345  1.223034856616425 -0.2569256967728414  
8.953539062730909 2.780569947770278 -0.2537874547376365  1.221295953179146 -0.2535872020066338  
9.267698328089889 2.78283511923647 -0.2497915971570459  1.219670876367247 -0.2503628856478379  
9.58185759344887 2.784895893658843 -0.245737285971134  1.218128657803351 -0.247239708785068  
9.896016858807849 2.786754590016868 -0.241667021755771  1.216646258675641 -0.2442008742077606  
10.21017612416683 2.788419108219596 -0.2376203882184171  1.215207597784876 -0.2412283228897884  
10.52433538952581 2.789901429925007 -0.233631659667351  1.213802391336184 -0.2383044893927734  
10.83849465488479 2.791216199434428 -0.2297285614027768  1.212424966263493 -0.2354134454142768  
11.15265392024377 2.792379499277026 -0.2259319227884353  1.211073147228855 -0.2325415634824902  
11.46681318560274 2.793407865854218 -0.2222559592335291  1.209747272284102 -0.2296778209614228  
11.78097245096172 2.794317546924391 -0.2187089512069072  1.208449361047978 -0.2268138466005332  
12.0951317163207 2.795123978158374 -0.2152941347573891  1.207182438953531 -0.2239437926598689  
12.40929098167968 2.795841444539284 -0.2120106661454431  1.20595000871888 -0.2210640976218297  
12.72345024703866 2.796482889427285 -0.208854566345595  1.20475565335803 -0.2181731886980608  
13.03760951239764 2.79705983598739 -0.2058195864716175  1.203602751965936 -0.2152711600990726  
13.35176877775662 2.797582390103871 -0.2028979621773498  1.202494288880531 -0.2123594523042935  
13.6659280431156 2.798059299175694 -0.2000810444655598  1.201432737714737 -0.2094405490884324  
13.98008730847458 2.798498046525736 -0.1973598073790022  1.200420003516147 -0.2065177025693476  
14.29424657383356 2.798904965969235 -0.1947252411731152  1.199457408493579 -0.2035946916791266  
14.60840583919254 2.799285365205747 -0.1921686439621116  1.198545709060931 -0.2006756159625938  
14.92256510455152 2.799643649967598 -0.1896818270477016  1.197685134175185 -0.1977647242326768  
15.2367243699105 2.799983443863279 -0.1872572474423746  1.196875437072776 -0.1948662757066943  
15.55088363526948 2.80030769886381 -0.1848880894528696  1.196115954009121 -0.1919844319781976  
15.86504290062846 2.800618802184981 -0.1825682749922106  1.195405666372271 -0.1891231701033112  
16.17920216598743 2.800918647657315 -0.1802925411022777  1.194743259687714 -0.1862862378446306  
16.49336143134641 2.801208783656369 -0.1780561569291848  1.194127186022041 -0.1834770600795347  
16.80752069670539 2.801490278466811 -0.1758556165294498  1.193555708883569 -0.1806988679601605  
17.12167996206437 2.801764322560484 -0.1736867466125202  1.193026959108609 -0.1779542834444564  
17.43583922742335 2.802031030203582 -0.1715486280534927  1.192538997155322 -0.1752462244119491  
17.74999849278233 2.802291955652738 -0.1694361903001532  1.192089725345283 -0.1725761530265846  
18.06415775814131 2.802546010240508 -0.1673514126125026  1.191677299950319 -0.1699469322924012  
18.37831702350029 2.802795076291301 -0.1652895457312119  1.191299327768171 -0.167359122072736  
18.69247628885927 2.803038269330462 -0.1632510268889547  1.190954256217982 -0.1648146015333936  
19.00663555421825 2.803275733282971 -0.1612364623866987  1.19063970805067 -0.1623146131634512  
19.32079481957723 2.803508434453255 -0.1592425883541696  1.190353909866722 -0.1598591549842869  
19.6349540849362 2.803735788675209 -0.157270483441136  1.190095099811402 -0.1574494478949165  
19.94911335029519 2.803957215164818 -0.1553212430235403  1.18986146665915 -0.1550859762767896  
20.26327261565417 2.804174230691684 -0.1533934045818844  1.189650995837505 -0.1527685325338288  
20.57743188101315 2.804385989165439 -0.1514855474898038  1.189462480081926 -0.1504968668351441  
20.89159114637213 2.804592297742 -0.1496013247301764  1.189294382166082 -0.1482719513295532  
21.2057504117311 2.804792927697146 -0.147739239190807  1.189144855401701 -0.1460929076273967  
21.51990967709008 2.804989606355681 -0.1458990709369776  1.189012546975524 -0.1439590922147057  
21.83406894244906 2.805180861467794 -0.1440801078636502  1.188896717665839 -0.1418702037818382  
22.14822820780804 2.805366096776478 -0.1422848430232587  1.188795975840522 -0.1398264451558303  
22.46238747316702 2.805546946751309 -0.1405143145694345  1.188708485899406 -0.1378270712885242  
22.776546738526 2.805723132531601 -0.1387654421718759  1.188633596355402 -0.1358703132512597  
23.09070600388498 2.805894053631933 -0.1370387224558965  1.188570987574076 -0.1339559817634944  
23.40486526924396 2.806060092792205 -0.1353369124997604  1.188519205737556 -0.1320844641583737  
23.71902453460294 2.806221151347229 -0.1336597124870757  1.188476810615979 -0.1302543688326722  
24.03318379996192 2.806377320195784 -0.1320060465442797  1.188443466013698 -0.1284639851952974  
24.3473430653209 2.806529319875712 -0.1303759978361285  1.188418887708727 -0.126712953759835  
24.66150233067987 2.806677045343068 -0.1287694694087169  1.188402076232799 -0.1250010760997548  
24.97566159603885 2.806819737496624 -0.127186815536218  1.188392058490423 -0.1233273252398022  
25.28982086139784 2.806949472574049 -0.1256851164148514  1.188372475471512 -0.1219146547858253  
25.60398012675681 2.807074461485882 -0.1242184236758019  1.188353608868334 -0.1205339424169986  
25.91813939211579 2.807194932948822 -0.1227855400292454  1.188335424156969 -0.119184127744989  
26.23229865747478 2.807311102066466 -0.1213852969109492  1.188317888868343 -0.1178641729624553  
26.54645792283375 2.807423171290165 -0.1200166051696231  1.188300972443189 -0.1165731109216286  
26.86061718819273 2.807531331301662 -0.1186784027016075  1.188284646098823 -0.1153099960844517  
27.17477645355171 2.807635761824723 -0.1173696826752637  1.188268882706619 -0.1140739314065107  
27.48893571891069 2.807736632372216 -0.1160894913934986  1.188253656679255 -0.1128640666067301  
27.80309498426967 2.807834102934433 -0.1148368966036493  1.188238943866799 -0.1116795684617043  
28.11725424962865 2.80792832461388 -0.1136110234944643  1.1882247214609 -0.1105196550453163  
28.43141351498763 2.808019440211244 -0.1124110209024065  1.188210967906336 -0.1093835639863212  
28.74557278034661 2.808107584766775 -0.1112360853950084  1.188197662819292 -0.1082705754462827  
29.05973204570558 2.808192886060928 -0.1100854341331072  1.188184786911792 -0.1071799866056664  
29.37389131106457 2.808275465077718 -0.108958328233313  1.188172321921756 -0.1061111339596177  
29.68805057642355 2.808355436433945 -0.1078540475879338  1.188160250548213 -0.1050633696083717  
30.00220984178252 2.808432908777114 -0.1067719114346593  1.188148556391232 -0.1040360809068182  
30.3163691071415 2.808507985154651 -0.1057112559404967  1.188137223896195 -0.1030286693307779  
30.63052837250048 2.808580763356741 -0.1046714528854885  1.188126238302043 -0.1020405683381245  
30.94468763785946 2.808651336234927 -0.1036518894047571  1.188115585593188 -0.1010712242454601  
31.25884690321844 2.808719791998415 -0.1026519848510873  1.188105252454784 -0.100120112360674  
31.57300616857742 2.808786214489837 -0.1016711725112798  1.188095226231103 -0.09918671970257999  
31.8871654339364 2.808850683442097 -0.1007089148794822  1.188085494886764 -0.09827055962372466  
32.20132469929538 2.808913274717753 -0.09976468713441838  1.188076046970602 -0.09737115617632658  
32.51548396465436 2.808974060532299 -0.09883799104638182  1.188066871581961 -0.09648805743617922  
32.82964323001334 2.809033109662558 -0.09792833990411483  1.18805795833924 -0.09562082122393682  
33.14380249537232 2.809090487641306 -0.09703527098939009  1.188049297350514 -0.09476902706558586  
33.45796176073129 2.809146256939183 -0.09615833224011441  1.188040879186078 -0.09393226354670181  
33.77212102609028 2.809200477134791 -0.09529709425854661  1.188032694852766 -0.09311013983070796  
34.08628029144926 2.809253205073889 -0.09445113685101635  1.188024735769926 -0.09230227287654282  
34.40043955680824 2.809304495018448 -0.09362005757629413  1.188016993746919 -0.09150829565279361  
34.71459882216722 2.809354398786306 -0.09280346389425834  1.188009460962039 -0.09072784969268076  
35.02875808752619 2.809402965882098 -0.09200098838007995  1.188002129942748 -0.08996059968653768  
35.34291735288517 2.80945024362008 -0.09121226882737822  1.187994993547138 -0.08920621451697582  
35.65707661824415 2.809496277239398 -0.09043694721360844  1.187988044946532 -0.0884643662999397  
35.97123588360313 2.809541110012359 -0.08967468651555893  1.187981277609139 -0.08773474651138767  
36.28539514896211 2.809584783346152 -0.08892515880571075  1.187974685284699 -0.0870170546436938  
36.59955441432109 2.809627336878496 -0.08818805402215642  1.18796826199005 -0.08631100664155379  
36.91371367968007 2.809668808567606 -0.08746306574777603  1.187962001995543 -0.08561632132072988  
37.22787294503905 2.809709234776873 -0.08674989148313059  1.187955899812261 -0.08493272065201164  
37.54203221039803 2.809748650354599 -0.08604824770164693  1.187949950179985 -0.08425994422147312  
37.85619147575701 2.809787088709125 -0.085357857397662  1.187944148055852 -0.08359773733026746  
38.17035074111599 2.809824581879644 -0.08467845258747063  1.187938488603668 -0.08294585341887707  
38.48451000647496 2.809861160602986 -0.08400977079041422  1.187932967183825 -0.08230405071632467  
38.79866927183394 2.809896854376635 -0.08335156428387962  1.187927579343788 -0.08167210114826447  
39.11282853719293 2.809931691518213 -0.08270358845182027  1.187922320809119 -0.08104977917918296  
39.42698780255191 2.809965699221665 -0.08206560214561261  1.187917187474997 -0.08043686217481023  
39.74114706791089 2.809998903610339 -0.0814373804317913  1.1879121753982 -0.07983314267021517  
40.05530633326986 2.810031329787175 -0.08081870192749473  1.187907280789535 -0.0792384162272866  
40.36946559862884 2.810063001882158 -0.08020934743296172  1.187902500006671 -0.07865248013402497  
40.68362486398782 2.810093943097226 -0.07960910850499267  1.187897829547364 -0.0780751416641709  
40.9977841293468 2.810124175748772 -0.07901778154303263  1.187893266043039 -0.07750621241000326  
41.31194339470578 2.810153721307898 -0.07843517276220804  1.187888806252714 -0.07694551308372194  
41.62610266006476 2.810182600438542 -0.07786109042839688  1.187884447057246 -0.0763928660623006  
41.94026192542374 2.810210833033623 -0.07729534531650879  1.187880185453875 -0.07584809583880991  
42.25442119078271 2.810238438249306 -0.07673775985782341  1.187876018551049 -0.07531103784444682  
42.5685804561417 2.810265434537504 -0.07618815904622053  1.187871943563522 -0.07478152970775157  
42.88273972150068 2.810291839676723 -0.07564637008462305  1.187867957807696 -0.07425941092333076  
43.19689898685966 2.810317670801333 -0.07511223042703992  1.187864058697203 -0.07374453061368852  
43.51105825221863 2.810342944429379 -0.07458557978194488  1.187860243738706 -0.0732367398363873  
43.82521751757761 2.810367676488993 -0.07406625936808982  1.187856510527915 -0.07273589087434999  
44.13937678293659 2.810391882343489 -0.07355411768452989  1.187852856745794 -0.07224184280970006  
44.45353604829558 2.810415576815238 -0.07304900653618196  1.187849280154963 -0.07175445770194877  
44.76769531365456 2.810438774208355 -0.07255078441300089  1.18784577859627 -0.07127360385831992  
45.08185457901353 2.8104614883303 -0.07205931122533661  1.187842349985532 -0.070799150762996  
45.39601384437251 2.810483732512422 -0.07157444849930236  1.187838992310432 -0.0703309692716273  
45.71017310973149 2.810505519629531 -0.07109606523158177  1.187835703627565 -0.06986893727256441  
46.02433237509047 2.810526862118527 -0.07062403206474493  1.187832482059629 -0.0694129340715562  
46.33849164044945 2.810547771996153 -0.07015822147675176  1.187829325792742 -0.06896284058037311  
46.65265090580843 2.810568260875917 -0.06969851417981725  1.187826233073889 -0.06851854550736662  
46.96681017116741 2.810588339984218 -0.0692447927505616  1.187823202208487 -0.06807993921132789  
47.28096943652638 2.810608020175728 -0.06879693950826037  1.187820231558065 -0.06764691165488892  
47.59512870188536 2.810627311948065 -0.06835483846684318  1.187817319538047 -0.06721935429531549  
47.90928796724435 2.810646225455796 -0.06791838118523942  1.187814464615639 -0.06679716574891972  
48.22344723260333 2.810664770523801 -0.06748746094186704  1.187811665307814 -0.06638024616475562  
48.5376064979623 2.810682956660035 -0.06706197208051645  1.187808920179382 -0.06596849659595322  
48.85176576332128 2.810700793067716 -0.06664181387772587  1.18780622784115 -0.06556182274698391  
49.16592502868026 2.810718288656973 -0.06622688669352052  1.18780358694817 -0.06516013125411975  
49.48008429403924 2.810735452055977 -0.06581709203058715  1.187800996198051 -0.06476332974613482  
49.79424355939823 2.810752291621574 -0.06541233656383209  1.187798454329359 -0.06437133075060973  
50.1084028247572 2.810768815449466 -0.06501252812790462  1.187795960120079 -0.06398404781384955  
50.42256209011618 2.810785031383941 -0.06461757546807299  1.187793512386145 -0.06360139526263793  
50.73672135547515 2.810800947027182 -0.06422739150788863  1.187791109980036 -0.06322329137386522  
51.05088062083414 2.810816569748184 -0.06384189009561247  1.18778875178943 -0.06284965522652855  
51.36503988619312 2.810831906691278 -0.06346098622359206  1.187786436735918 -0.06248040691707098  
51.6791991515521 2.810846964784307 -0.06308459994258192  1.187784163773768 -0.06211547135773966  
51.99335841691108 2.810861750746446 -0.06271265246182092  1.187781931888745 -0.06175477450042583  
52.30751768227005 2.810876271095703 -0.06234506484981561  1.187779740096982 -0.06139824207900711  
52.62167694762903 2.810890532156098 -0.06198175916809818  1.187777587443891 -0.06104580071072439  
52.93583621298801 2.810904540064556 -0.06162266186959424  1.187775473003127 -0.06069738119613788  
53.24999547834699 2.810918300777507 -0.06126770041232935  1.18777339587559 -0.06035291523781064  
53.56415474370597 2.810931820077217 -0.06091680307690986  1.187771355188467 -0.06001233526533768  
53.87831400906496 2.810945103577868 -0.06056990180755444  1.187769350094319 -0.05967557719552859  
54.19247327442393 2.810958156731385 -0.0602269293811508  1.1877673797702 -0.05934257768780011  
54.50663253978291 2.81097098483303 -0.059887818464271  1.187765443416809 -0.05901327323025785  
54.82079180514189 2.810983593026775 -0.0595525027185523  1.187763540257683 -0.0586876012144583  
55.13495107050087 2.81099598631046 -0.05922092011501368  1.187761669538418 -0.05836550315710486  
55.44911033585985 2.811008169540743 -0.05889300962984943  1.187759830525918 -0.05804692149402806  
55.76326960121882 2.811020147437863 -0.05856871014340299  1.187758022507682 -0.05773179851202722  
56.0774288665778 2.81103192459021 -0.05824796122041072  1.18775624479111 -0.05742007710813656  
56.39158813193679 2.81104350545872 -0.05793070544879237  1.18775449670284 -0.05711170306460016  
56.70574739729576 2.811054894381103 -0.05761688610837352  1.187752777588112 -0.05680662278553245  
57.01990666265475 2.811066095575902 -0.05730644710797807  1.187751086810152 -0.05650478323714885  
57.33406592801373 2.811077113146399 -0.05699933512939988  1.187749423749585 -0.05620613403413361  
57.64822519337271 2.811087951084377 -0.05669549749008362  1.187747787803867 -0.05591062536358489  
57.96238445873168 2.811098613273735 -0.05639488143110798  1.187746178386738 -0.05561820729360632  
58.27654372409066 2.811109103493968 -0.05609743490792331  1.187744594927698 -0.05532883054336295  
58.59070298944964 2.811119425423515 -0.05580310896133292  1.1877430368715 -0.05504244879147981  
58.90486225480862 2.811129582642986 -0.05551185535300307  1.187741503677664 -0.05475901637774  
59.2190215201676 2.811139578638267 -0.05522362577756913  1.18773999482001 -0.05447848753736185  
59.53318078552658 2.811149416803513 -0.05493837253939707  1.187738509786202 -0.05420081706043313  
59.84734005088556 2.811159100444027 -0.0546560505817545  1.187737048077317 -0.05392596226860333  
60.16149931624453 2.811168632779036 -0.05437661546306745  1.187735609207426 -0.05365388104683991  
60.47565858160353 2.811178016944372 -0.05410002268259484  1.187734192703186 -0.05338453118771032  
60.7898178469625 2.811187255995043 -0.05382622829995008  1.187732798103456 -0.0531178709953368  
61.10397711232148 2.81119635290773 -0.05355519079271828  1.187731424958916 -0.05285386109588784  
61.41813637768045 2.811205310583174 -0.05328686920357983  1.187730072831711 -0.05259246263447523  
61.73229564303944 2.811214131848498 -0.0530212225229018  1.187728741295097 -0.05233363667442816  
62.04645490839842 2.811222819459431 -0.05275821024389181  1.187727429933108 -0.05207734473876335  
62.36061417375739 2.811231376102467 -0.05249779402723223  1.187726138340228 -0.05182355043339254  
62.67477343911637 2.811239804396934 -0.05223993604053934  1.187724866121078 -0.05157221783030084  
62.98893270447535 2.811248106897008 -0.05198459840504172  1.187723612890115 -0.05132331092888073  
63.30309196983433 2.811256286093639 -0.05173174370552903  1.18772237827134 -0.05107679415353602  
63.61725123519331 2.811264344416429 -0.05148133651949109  1.187721161898015 -0.05083263384546414  
63.9314105005523 2.811272284235428 -0.05123334189157217  1.187719963412388 -0.05059079677648645  
64.24556976591127 2.811280107862882 -0.05098772482521988  1.187718782465435 -0.05035124965389271  
64.55972903127025 2.811287817554915 -0.05074445071899068  1.187717618716603 -0.05011395954639569  
64.87388829662923 2.811295415513158 -0.05050348667481315  1.187716471833563 -0.04987889516103636  
65.18804756198821 2.811302903886314 -0.05026480019275299  1.187715341491977 -0.04964602557101082  
65.50220682734718 2.811310284771686 -0.05002835873609333  1.187714227375266 -0.04941531979184211  
65.81636609270616 2.811317560216642 -0.04979413021312448  1.187713129174386 -0.04918674725187577  
66.13052535806514 2.811324732220032 -0.04956208442206021  1.187712046587619 -0.04896027920311433  
66.44468462342412 2.811331802733566 -0.04933219160910667  1.187710979320362 -0.04873588731506019  
66.7588438887831 2.81133877366314 -0.04910442198791225  1.187709927084927 -0.04851354320612607  
67.07300315414209 2.811345646870118 -0.04887874574005838  1.187708889600347 -0.04829321844438652  
67.38716241950107 2.811352424172579 -0.04865513343787602  1.187707866592192 -0.048074884960704  
67.70132168486005 2.811359107346517 -0.04843355731249603  1.187706857792381 -0.04785851628752977  
68.01548095021903 2.811365698127002 -0.04821398998831827  1.187705862939012 -0.04764408632405456  
68.329640215578 2.811372198209315 -0.04799640406125284  1.187704881776188 -0.04743156892471147  
68.64379948093698 2.811378609250027 -0.04778077245754474  1.187703914053858 -0.04722093824993108  
68.95795874629596 2.811384932868064 -0.04756706950987243  1.187702959527649 -0.04701216981785779  
69.27211801165494 2.811391170645721 -0.04735526988336014  1.187702017958721 -0.0468052394559453  
69.58627727701392 2.811397324129659 -0.04714534821766832  1.18770108911361 -0.04660012295161167  
69.90043654237289 2.811403394831861 -0.04693727912736295  1.187700172764089 -0.04639679605280652  
70.21459580773187 2.81140938423056 -0.04673103760026954  1.187699268687025 -0.04619523485754783  
70.52875507309086 2.811415293771138 -0.04652660019230259  1.187698376664241 -0.04599541698220274  
70.84291433844984 2.811421124867003 -0.04632394383471605  1.18769749648239 -0.04579732039647876  
71.15707360380881 2.811426878900429 -0.04612304543655933  1.187696627932822 -0.04560092303513874  
71.47123286916779 2.811432557223377 -0.04592388188499218  1.187695770811465 -0.0454062027984849  
71.78539213452677 2.811438161158291 -0.04572643033987403  1.1876949249187 -0.04521313784059153  
72.09955139988575 2.811443691998865 -0.04553066911726194  1.187694090059248 -0.04502170743360651  
72.41371066524474 2.811449151010793 -0.0453365768074885  1.187693266042059 -0.04483189110592765  
72.7278699306037 2.81145453943249 -0.04514413198124995  1.187692452680199 -0.04464366835501737  
73.04202919596268 2.811459858475795 -0.04495331345924954  1.187691649790743 -0.04445701891132018  
73.35618846132166 2.811465109326654 -0.04476410112089146  1.18769085719468 -0.044271923529668  
73.67034772668065 2.811470293145783 -0.04457647509697846  1.187690074716802 -0.04408836320006459  
73.98450699203963 2.811475411069302 -0.04439041550066559  1.187689302185618 -0.04390631888469204  
74.29866625739861 2.811480464209366 -0.04420590242770132  1.18768853943325 -0.04372577151828291  
74.61282552275759 2.811485453654765 -0.04402291624252865  1.187687786295352 -0.04354670228824354  
74.92698478811657 2.811490380471509 -0.04384143843642759  1.187687042611011 -0.04336909347479416  
75.24114405347555 2.811495245703404 -0.04366145077071026  1.187686308222671 -0.0431929276129384  
75.55530331883452 2.811500050372595 -0.04348293499114966  1.187685582976042 -0.04301818721316109  
75.8694625841935 2.811504795480112 -0.04330587282818754  1.187684866720021 -0.04284485476174935  
76.18362184955248 2.811509482006388 -0.04313024624697238  1.187684159306618 -0.04267291296571057  
76.49778111491146 2.811514110911764 -0.04295603819732711  1.187683460590871 -0.04250234548731519  
76.81194038027044 2.811518683136983 -0.04278323186491458  1.187682770430779 -0.04233313621134221  
77.12609964562942 2.811523199603666 -0.04261181042165547  1.187682088687227 -0.04216526900086878  
77.4402589109884 2.811527661214781 -0.04244175702590858  1.187681415223916 -0.04199872769754871  
77.75441817634739 2.811532068855087 -0.0422730550411558  1.187680749907294 -0.04183349633590879  
78.06857744170637 2.811536423391581 -0.04210568869192349  1.187680092606492 -0.04166955978604144  
78.38273670706533 2.811540725673917 -0.04193964240882426  1.187679443193257 -0.04150690311243276  
78.69689597242431 2.811544976534825 -0.04177490061026615  1.187678801541891 -0.04134551136027894  
79.0110552377833 2.811549176790514 -0.04161144770260984  1.187678167529192 -0.04118536955572962  
79.32521450314228 2.81155332724106 -0.04144926831095566  1.187677541034391 -0.04102646293211449  
79.63937376850126 2.811557428670792 -0.04128834797142004  1.187676921939097 -0.04086877760850344  
79.95353303386023 2.811561481848658 -0.04112867243978643  1.187676310127238 -0.04071229991261351  
80.26769229921921 2.811565487528588 -0.0409702274610686  1.187675705485014 -0.04055701615512743  
80.5818515645782 2.811569446449847 -0.04081299876964624  1.187675107900833 -0.0404029126299039  
80.89601082993718 2.811573359337369 -0.04065697208939904  1.187674517265272 -0.04024997561418538  
81.21017009529615 2.811577226902096 -0.04050213333531281  1.187673933471014 -0.0400981915663098  
81.52432936065513 2.811581049841299 -0.04034846921822084  1.187673356412811 -0.0399475477187359  
81.83848862601411 2.811584828838886 -0.04019596664084203  1.187672785987428 -0.03979803148625195  
82.15264789137309 2.811588564565721 -0.0400446124964731  1.187672222093601 -0.03964963026872899  
82.46680715673207 2.811592257679909 -0.03989439366910495  1.187671664631993 -0.0395023314513015  
82.78096642209104 2.811595908827091 -0.03974529721254883  1.187671113505144 -0.03935612258009622  
83.09512568745002 2.81159951864073 -0.03959731088774646  1.187670568617438 -0.03921099188932042  
83.409284952809 2.811603087742377 -0.03945042262613003  1.187670029875053 -0.03906692777523513  
83.72344421816798 2.811606616741948 -0.0393046203507546  1.187669497185925 -0.03892391862082975  
84.03760348352696 2.811610106237976 -0.03915989197639939  1.187668970459706 -0.03878195279597921  
84.35176274888595 2.811613556817871 -0.03901622540966802  1.187668449607731 -0.03864101865759987  
84.66592201424493 2.811616969058167 -0.03887360871540908  1.187667934542973 -0.03850110471297861  
84.98008127960391 2.811620343524757 -0.03873203061592303  1.187667425180013 -0.038362200109682  
85.29424054496289 2.811623680773134 -0.03859147999234485  1.187666921435002 -0.03822429414658195  
85.60839981032186 2.811626981348617 -0.03845194571844738  1.187666423225625 -0.03808737611087654  
85.92255907568084 2.811630245786573 -0.03831341666072863  1.187665930471071 -0.03795143527822576  
86.23671834103982 2.811633474612638 -0.03817588182064527  1.187665443091997 -0.03781646105239102  
86.5508776063988 2.811636668342921 -0.03803933076125844  1.187664961010498 -0.03768244338407436  
86.86503687175778 2.811639827484218 -0.03790375318108308  1.187664484150076 -0.03754937235286465  
87.17919613711676 2.81164295253421 -0.03776913877204841  1.187664012435608 -0.03741723802790132  
87.49335540247574 2.811646043981659 -0.0376354772195745  1.187663545793316 -0.03728603046799357  
87.80751466783472 2.811649102306598 -0.03750275820264824  1.187663084150742 -0.03715573972173859  
88.1216739331937 2.81165212798052 -0.0373709715436977  1.187662627436715 -0.03702635597471108  
88.43583319855267 2.811655121466557 -0.03724010765818485  1.187662175581327 -0.03689786999098988  
88.74999246391165 2.81165808321966 -0.03711015710548889  1.187661728515907 -0.0367702726723878  
89.06415172927063 2.811661013686767 -0.03698111043920389  1.187661286172988 -0.03664355491153144  
89.37831099462962 2.811663913306981 -0.03685295820720456  1.187660848486291 -0.03651770759196381  
89.6924702599886 2.811666782511721 -0.03672569095171157  1.187660415390695 -0.03639272158824606  
90.00662952534756 2.811669621724898 -0.03659929933885177  1.187659986822212 -0.03626858789324423  
90.32078879070654 2.811672431363056 -0.03647377454730909  1.187659562717966 -0.03614529799994685  
90.63494805606554 2.811675211835536 -0.03634910788007296  1.187659143016169 -0.03602284352028216  
90.94910732142452 2.811677963544624 -0.03622529063502537  1.187658727656097 -0.03590121605806228  
91.26326658678349 2.811680686885688 -0.0361023141049979  1.187658316578071 -0.03578040720907217  
91.57742585214247 2.811683382247331 -0.03598016957782811  1.187657909723432 -0.0356604085611577  
91.89158511750145 2.811686050011522 -0.03585884845444903  1.187657507034525 -0.03554121181028331  
92.20574438286043 2.811688690553736 -0.03573834260313222  1.187657108454672 -0.03542280910866932  
92.51990364821941 2.811691304243081 -0.03561864400559291  1.187656713928158 -0.03530519271720865  
92.83406291357838 2.811693891442432 -0.03549974463902842  1.187656323400208 -0.03518835488960977  
93.14822217893736 2.811696452508556 -0.03538163647616759  1.187655936816969 -0.03507228787247391  
93.46238144429634 2.811698987792232 -0.03526431148531974  1.187655554125494 -0.03495698390537164  
93.77654070965532 2.811701497638375 -0.03514776173737576  1.187655175273718 -0.03484243532603747  
94.0906999750143 2.81170398238615 -0.03503197972678989  1.187654800210446 -0.03472863488592343  
94.40485924037328 2.811706442369089 -0.03491695805090075  1.187654428885332 -0.03461557543512762  
94.71901850573227 2.8117088779152 -0.03480268930304136  1.187654061248865 -0.03450324981737399  
95.03317777109125 2.811711289347082 -0.03468916607258201  1.187653697252349 -0.03439165087007953  
95.34733703645023 2.811713676982024 -0.03457638094497296  1.187653336847891 -0.03428077142442084  
95.66149630180919 2.811716041132118 -0.03446432659622076  1.187652979988383 -0.03417060439824648  
95.97565556716818 2.811718382104352 -0.03435299607629716  1.187652626627484 -0.03406114307478481  
96.28981483252716 2.811720700200717 -0.03424238252598934  1.187652276719611 -0.03395238082434882  
96.60397409788614 2.811722995718302 -0.03413247908251982  1.18765193021992 -0.03384431101157531  
96.91813336324512 2.811725268949386 -0.03402327887958397  1.187651587084292 -0.03373692699548356  
97.2322926286041 2.811727520181536 -0.03391477504738723  1.187651247269319 -0.03363022212953367  
97.54645189396308 2.811729749697696 -0.03380696080705259  1.187650910732293 -0.03352418985449727  
97.86061115932206 2.811731957776274 -0.03369982975383082  1.187650577431189 -0.03341882397705366  
98.17477042468104 2.811734144691232 -0.03359337557413209  1.187650247324653 -0.03331411839157931  
98.48892969004001 2.811736310712169 -0.03348759195120388  1.187649920371991 -0.03321006698741166  
98.80308895539899 2.811738456104405 -0.03338247256516364  1.187649596533153 -0.03310666364890009  
99.11724822075797 2.811740581129061 -0.03327801109303109  1.187649275768724 -0.03300390225545661  
99.43140748611695 2.811742686043141 -0.03317420120876028  1.18764895803991 -0.03290177668160614  
99.74556675147593 2.811744771099607 -0.03307103667803152  1.187648643308528 -0.03280028089026606  
100.0597260168349 2.811746836547456 -0.03296851164262324  1.187648331536993 -0.03269940921258088  
100.3738852821939 2.811748882631794 -0.03286662033626529  1.187648022688306 -0.03259915606844711  
100.6880445475529 2.811750909593911 -0.03276535698992191  1.187647716726046 -0.0324995158733517  
101.0022038129119 2.811752917671349 -0.03266471583181964  1.187647413614358 -0.03240048303841581  
101.3163630782708 2.811754907097972 -0.03256469108747486  1.187647113317938 -0.0323020519704381  
101.6305223436298 2.811756878104038 -0.03246527697972133  1.187646815802033 -0.0322042170719378  
101.9446816089888 2.811758830916259 -0.03236646780332113  1.187646521032419 -0.03210697281460153  
102.2588408743478 2.811760765757872 -0.0322682581487882  1.187646228975401 -0.03201031395961056  
102.5730001397067 2.811762682848701 -0.03217064267874099  1.187645939597796 -0.0319142353375948  
102.8871594050657 2.811764582405216 -0.03207361605335426  1.187645652866929 -0.03181873177528507  
103.2013186704247 2.811766464640601 -0.03197717293038325  1.187645368750622 -0.03172379809555111  
103.5154779357837 2.811768329764808 -0.0318813079651878  1.187645087217182 -0.03162942911743927  
103.8296372011427 2.811770177984617 -0.03178601587900605  1.187644808235397 -0.0315356197233996  
104.1437964665016 2.811772009503696 -0.03169129166376827  1.187644531774524 -0.03144236506095599  
104.4579557318606 2.811773824522653 -0.03159713037743817  1.187644257804282 -0.03134966034128379  
104.7721149972196 2.811775623239094 -0.03150352707579427  1.187643986294843 -0.03125750077206978  
105.0862742625786 2.811777405847673 -0.03141047681245104  1.187643717216825 -0.03116588155754552  
105.4004335279376 2.811779172540152 -0.03131797463887998  1.187643450541282 -0.03107479789852043  
105.7145927932965 2.811780923505445 -0.03122601560443049  1.187643186239698 -0.03098424499241454  
106.0287520586555 2.811782658929671 -0.03113459482381416  1.18764292428398 -0.03089421809972761  
106.3429113240145 2.811784378996206 -0.03104370767955387  1.187642664646446 -0.0308047127434414  
106.6570705893735 2.811786083885726 -0.03095334961967811  1.187642407299826 -0.03071572450984668  
106.9712298547325 2.811787773776262 -0.03086351609028534  1.187642152217246 -0.03062724898215111  
107.2853891200914 2.811789448843239 -0.03077420253556232  1.187641899372225 -0.03053928174050814  
107.5995483854504 2.811791109259527 -0.0306854043978024  1.187641648738671 -0.03045181836204571  
107.9137076508094 2.81179275519548 -0.03059711711742351  1.187641400290869 -0.03036485442089459  
108.2278669161684 2.811794386818987 -0.03050933619851249  1.187641154003476 -0.03027838555276492  
108.5420261815273 2.811796004295509 -0.03042205740545699  1.187640909851517 -0.03019240764867522  
108.8561854468863 2.811797607788124 -0.03033527656644453  1.187640667810375 -0.03010691666143311  
109.1703447122453 2.811799197457564 -0.03024898950796103  1.18764042785579 -0.03002190854112638  
109.4845039776043 2.811800773462262 -0.0301631920548066  1.187640189963846 -0.02993737923514792  
109.7986632429633 2.811802335958384 -0.03007788003011123  1.18763995411097 -0.02985332468822052  
110.1128225083223 2.811803885099875 -0.02999304925535044  1.187639720273925 -0.02976974084242138  
110.4269817736812 2.811805421038492 -0.0299086955503607  1.187639488429804 -0.02968662363720646  
110.7411410390402 2.811806943923841 -0.02982481479332462  1.187639258556025 -0.02960396906852908  
111.0553003043992 2.811808453903416 -0.02974140310072647  1.187639030630323 -0.02952177336619654  
111.3694595697582 2.811809951122635 -0.02965845664751061  1.187638804630748 -0.02944003281669598  
111.6836188351171 2.81181143572487 -0.02957597160713299  1.18763858053566 -0.029358743704134  
111.9977781004761 2.81181290785149 -0.02949394415157476  1.187638358323718 -0.02927790231025801  
112.3119373658351 2.811814367641885 -0.02941237045135574  1.187638137973883 -0.02919750491447746  
112.6260966311941 2.811815815233507 -0.02933124667554773  1.187637919465407 -0.0291175477938849  
112.9402558965531 2.811817250761896 -0.02925056903838728  1.18763770277783 -0.02903802726920888  
113.254415161912 2.811818674360717 -0.02917033393911021  1.187637487890976 -0.02895893984266763  
113.568574427271 2.811820086161787 -0.02909053782220575  1.187637274784948 -0.02888028206025748  
113.88273369263 2.811821486295111 -0.02901117713083487  1.187637063440122 -0.02880205046584898  
114.196892957989 2.811822874888902 -0.02893224830684211  1.187636853837145 -0.02872424160120575  
114.5110522233479 2.811824252069623 -0.02885374779076744  1.187636645956927 -0.02864685200600303  
114.8252114887069 2.811825617962005 -0.02877567202185792  1.187636439780642 -0.02856987821784618  
115.1393707540659 2.811826972689083 -0.02869801748630836  1.187636235289717 -0.02849331681983997  
115.4535300194249 2.811828316372217 -0.02862078086198252  1.187636032465834 -0.02841716458329611  
115.7676892847839 2.811829649131124 -0.02854395887377708  1.187635831290921 -0.02834141832516237  
116.0818485501429 2.811830971083905 -0.02846754824540895  1.187635631747152 -0.02826607486049743  
116.3960078155018 2.811832282347067 -0.02839154569942551  1.187635433816941 -0.02819113100248717  
116.7101670808608 2.811833583035551 -0.02831594795721494  1.187635237482937 -0.02811658356246097  
117.0243263462198 2.811834873262758 -0.02824075173901639  1.187635042728023 -0.02804242934990769  
117.3384856115788 2.811836153140575 -0.02816595376393011  1.187634849535311 -0.02796866517249177  
117.6526448769378 2.811837422779393 -0.02809155079642  1.187634657888137 -0.02789528788192148  
117.9668041422967 2.811838682288139 -0.02801753978582224  1.187634467770059 -0.02782229451155617  
118.2809634076557 2.811839931774292 -0.02794391772691402  1.187634279164853 -0.0277496821389232  
118.5951226730147 2.811841171343911 -0.0278706816134353  1.18763409205651 -0.02767744783988819  
118.9092819383737 2.811842401101657 -0.02779782843809774  1.187633906429233 -0.02760558868866913  
119.2234412037327 2.811843621150811 -0.02772535519259348  1.187633722267431 -0.02753410175785027  
119.5376004690916 2.811844831593302 -0.02765325886760403  1.187633539555718 -0.02746298411839613  
119.8517597344506 2.811846032529721 -0.02758153645280884  1.187633358278911 -0.02739223283966512  
120.1659189998096 2.811847224059349 -0.02751018497787956  1.187633178422024 -0.02732184502985588  
120.4800782651686 2.811848406280173 -0.02743920163546283  1.187632999970265 -0.02725181795734728  
120.7942375305275 2.811849579288907 -0.02736858365826318  1.187632822909036 -0.02718214892946393  
121.1083967958865 2.811850743181013 -0.02729832827806972  1.187632647223928 -0.02711283525206307  
121.4225560612455 2.811851898050721 -0.02722843272576395  1.187632472900716 -0.02704387422954678  
121.7367153266045 2.811853043991043 -0.02715889423132726  1.187632299925362 -0.02697526316487406  
122.0508745919634 2.811854181093799 -0.02708971002384868  1.187632128284005 -0.02690699935957287  
122.3650338573224 2.811855309449629 -0.02702087733153228  1.187631957962963 -0.02683908011375198  
122.6791931226814 2.811856429148018 -0.02695239341905616  1.187631788948729 -0.02677150276297048  
122.9933523880404 2.811857540277304 -0.0268842556996495  1.187631621227969 -0.0267042647888474  
123.3075116533994 2.811858642924706 -0.02681646162307281  1.187631454787517 -0.02663736370854414  
123.6216709187584 2.811859737176333 -0.02674900863827715  1.187631289614375 -0.02657079703792389  
123.9358301841173 2.811860823117207 -0.02668189419341081  1.18763112569571 -0.02650456229156214  
124.2499894494763 2.811861900831273 -0.02661511573582597  1.187630963018851 -0.02643865698275723  
124.5641487148353 2.811862970401422 -0.02654867071208521  1.187630801571285 -0.02637307862354074  
124.8783079801943 2.8118640319095 -0.02648255656796813  1.187630641340658 -0.02630782472468784  
125.1924672455533 2.811865085436332 -0.02641677078153196  1.187630482314771 -0.02624289282835311  
125.5066265109122 2.81186613106173 -0.02635131096229388  1.187630324481574 -0.02617828060597887  
125.8207857762712 2.811867168864509 -0.02628617475209767  1.187630167829173 -0.0261139857604656  
126.1349450416302 2.811868198922508 -0.02622135979206881  1.187630012345816 -0.026050005993561  
126.4491043069892 2.811869221312597 -0.0261568637226202  1.187629858019902 -0.02598633900586927  
126.7632635723482 2.811870236110697 -0.02609268418345799  1.18762970483997 -0.0259229824968602  
127.0774228377071 2.811871243391788 -0.0260288188135873  1.187629552794701 -0.02585993416487825  
127.3915821030661 2.811872243229931 -0.02596526525131786  1.187629401872918 -0.02579719170715159  
127.7057413684251 2.811873235698274 -0.02590202116648421  1.187629252063578 -0.02573475285160595  
128.0199006337841 2.811874220869071 -0.02583908435710692  1.187629103355775 -0.02567261545230822  
128.334059899143 2.81187519881369 -0.02577645265277641  1.187628955738736 -0.0256107773940953  
128.648219164502 2.811876169602632 -0.02571412388244665  1.187628809201819 -0.02554923656078232  
128.962378429861 2.811877133305536 -0.02565209587444021  1.187628663734513 -0.02548799083517064  
129.27653769522 2.811878089991201 -0.0255903664564533  1.187628519326433 -0.02542703809905575  
129.590696960579 2.811879039727588 -0.02552893345556072  1.18762837596732 -0.0253663762332352  
129.9048562259379 2.811879982581841 -0.02546779469822079  1.187628233647039 -0.02530600311751642  
130.2190154912969 2.811880918620294 -0.02540694801028027  1.187628092355578 -0.02524591663072447  
130.5331747566559 2.811881847908483 -0.02534639124845631  1.187627952083043 -0.02518611468179489  
130.8473340220149 2.811882770511157 -0.02528612239478397  1.187627812819661 -0.02512659530305507  
131.1614932873738 2.811883686492294 -0.02522613946221003  1.187627674555775 -0.02506735655700943  
131.4756525527328 2.811884595915106 -0.0251664404631232  1.187627537281844 -0.02500839650526591  
131.7898118180918 2.811885498842053 -0.02510702340935844  1.187627400988438 -0.02494971320854287  
132.1039710834508 2.811886395334854 -0.02504788631220125  1.187627265666243 -0.02489130472667589  
132.4181303488098 2.811887285454495 -0.02498902718239196  1.187627131306052 -0.02483316911862457  
132.7322896141688 2.811888169261242 -0.02493044403012997  1.187626997898769 -0.02477530444247925  
133.0464488795278 2.811889046814652 -0.02487213486507794  1.187626865435403 -0.02471770875546767  
133.3606081448867 2.811889918173578 -0.02481409772250301  1.187626733907071 -0.02466038013978001  
133.6747674102457 2.811890783396185 -0.02475633074170135  1.187626603304994 -0.02460331678004556  
133.9889266756047 2.811891642539956 -0.0246988320876071  1.187626473620493 -0.02454651688590998  
134.3030859409637 2.811892495661702 -0.02464159992466149  1.187626344844994 -0.02448997866622665  
134.6172452063226 2.811893342817573 -0.02458463241681654  1.187626216970022 -0.02443370032906268  
134.9314044716816 2.811894184063064 -0.02452792772753877  1.187626089987199 -0.02437768008170477  
135.2455637370406 2.811895019453029 -0.02447148401981299  1.187625963888246 -0.02432191613066512  
135.5597230023996 2.811895849041685 -0.02441529945614585  1.187625838664978 -0.02426640668168725  
135.8738822677586 2.811896672882624 -0.02435937222043073  1.187625714309306 -0.0242111499613511  
136.1880415331175 2.81189749102882 -0.02430370058354217  1.187625590813234 -0.02415614428188879  
136.5022007984765 2.811898303532639 -0.02424828283776893  1.187625468168858 -0.02410138797641321  
136.8163600638355 2.811899110445845 -0.02419311727495812  1.187625346368364 -0.02404687937732712  
137.1305193291945 2.81189991181961 -0.02413820218651842  1.187625225404027 -0.02399261681632826  
137.4446785945534 2.811900707704524 -0.02408353586342345  1.187625105268212 -0.02393859862441468  
137.7588378599124 2.811901498150598 -0.02402911659621493  1.187624985953369 -0.02388482313188984  
138.0729971252714 2.811902283207277 -0.02397494267500602  1.187624867452034 -0.02383128866836779  
138.3871563906304 2.811903062923442 -0.02392101238948443  1.18762474975683 -0.02377799356277828  
138.7013156559894 2.811903837347426 -0.02386732402891571  1.187624632860461 -0.0237249361433718  
139.0154749213484 2.811904606527013 -0.02381387591909992  1.187624516755713 -0.02367211477424543  
139.3296341867073 2.811905370509449 -0.02376066653324767  1.187624401435456 -0.02361952796492937  
139.6437934520663 2.81190612934145 -0.02370769438114322  1.187624286892638 -0.02356717426086357  
139.9579527174253 2.811906883069209 -0.02365495797219666  1.187624173120285 -0.02351505220688608  
140.2721119827843 2.8119076317384 -0.02360245581544667  1.187624060111504 -0.02346316034723743  
140.5862712481432 2.811908375394191 -0.02355018641956303  1.187623947859477 -0.02341149722556483  
140.9004305135022 2.811909114081242 -0.02349814829284946  1.187623836357463 -0.02336006138492642  
141.2145897788612 2.811909847843721 -0.02344633994324614  1.187623725598794 -0.02330885136779543  
141.5287490442202 2.811910576725305 -0.02339475987833239  1.187623615576877 -0.02325786571606443  
141.8429083095792 2.811911300769188 -0.02334340657698418  1.187623506285194 -0.02320710294302993  
142.1570675749381 2.811912020018085 -0.02329227840433259  1.187623397717295 -0.0231565614493238  
142.4712268402971 2.811912734514245 -0.02324137369678629  1.187623289866804 -0.02310623960695091  
142.7853861056561 2.811913444299448 -0.02319069079037726  1.187623182727414 -0.02305613578730952  
143.0995453710151 2.811914149415018 -0.02314022802076365  1.187623076292887 -0.02300624836119582  
143.4137046363741 2.81191484990183 -0.02308998372323251  1.187622970557054 -0.02295657569880837  
143.727863901733 2.811915545800307 -0.02303995623270269  1.187622865513813 -0.02290711616975255  
144.042023167092 2.811916237150434 -0.02299014388372747  1.187622761157128 -0.02285786814304496  
144.356182432451 2.811916923991765 -0.02294054501049741  1.187622657481029 -0.02280882998711782  
144.67034169781 2.811917606363418 -0.02289115812627193  1.18762255447961 -0.02276000024723005  
144.984500963169 2.811918284304094 -0.02284198246172271  1.187622452147031 -0.02271137817777933  
145.2986602285279 2.811918957852073 -0.0227930174267431  1.187622350477513 -0.02266296321023735  
145.6128194938869 2.811919627045222 -0.02274426243103372  1.18762224946534 -0.02261475477576651  
145.9269787592459 2.811920291921003 -0.02269571688410347  1.187622149104857 -0.02256675230522143  
146.2411380246049 2.811920952516474 -0.02264738019527041  1.187622049390471 -0.02251895522915043  
146.5552972899638 2.811921608868297 -0.02259925177366278  1.187621950316648 -0.02247136297779702  
146.8694565553228 2.811922261012744 -0.02255133102821985  1.187621851877912 -0.02242397498110138  
147.1836158206818 2.811922908985697 -0.02250361736769298  1.187621754068847 -0.0223767906687019  
147.4977750860408 2.811923552822659 -0.02245611020064646  1.187621656884094 -0.0223298094699366  
147.8119343513998 2.811924192558755 -0.02240880838149559  1.187621560318352 -0.02228303026599598  
148.1260936167587 2.811924828228738 -0.02236170854845953  1.187621464366374 -0.02223644974612053  
148.4402528821177 2.811925459866993 -0.02231480678517448  1.18762136902297 -0.02219006405070018  
148.7544121474767 2.811926087507544 -0.02226809917462245  1.187621274283004 -0.02214386931906758  
149.0685714128357 2.811926711184055 -0.02222158179913715  1.187621180141396 -0.02209786168950748  
149.3827306781947 2.811927330929837 -0.02217525074040963  1.187621086593115 -0.02205203729926591  
149.6968899435537 2.811927946777853 -0.02212910207949403  1.187620993633188 -0.02200639228455917  
150.0110492089126 2.81192855876072 -0.02208313189681293  1.187620901256691 -0.02196092278058264  
150.3252084742716 2.811929166910714 -0.02203733627216281  1.187620809458751 -0.0219156249215194  
150.6393677396306 2.811929771259777 -0.02199171128471933  1.187620718234547 -0.02187049484054864  
150.9535270049896 2.811930371839515 -0.02194625515941887  1.187620627579309 -0.02182553079301846  
151.2676862703485 2.811930968681212 -0.02190097470668638  1.187620537488314 -0.02178073952690905  
151.5818455357075 2.811931561815821 -0.02185587888434195  1.187620447956889 -0.02173612991501771  
151.8960048010665 2.811932151273983 -0.02181097665136131  1.187620358980411 -0.02169171083201627  
152.2101640664255 2.811932737086016 -0.02176627696786292  1.187620270554302 -0.02164749115443042  
152.5243233317845 2.811933319281931 -0.02172178879509453  1.187620182674032 -0.02160347976061801  
152.8384825971434 2.811933897891428 -0.02167752109541905  1.187620095335118 -0.02155968553074631  
153.1526418625024 2.811934472943905 -0.02163348283229984  1.187620008533123 -0.02151611734676831  
153.4668011278614 2.811935044468457 -0.02158968297028542  1.187619922263655 -0.02147278409239805  
153.7809603932204 2.811935612493885 -0.0215461304749935  1.187619836522367 -0.02142969465308484  
154.0951196585793 2.811936177048693 -0.02150282637825317  1.187619751304955 -0.02138685006526142  
154.4092789239383 2.811936738161099 -0.02145973997147845  1.187619666607161 -0.02134421996076009  
154.7234381892973 2.811937295859033 -0.02141683260656139  1.187619582424769 -0.02130176611310352  
155.0375974546563 2.811937850170141 -0.02137406563024575  1.187619498753605 -0.02125945028747144  
155.3517567200153 2.811938401121793 -0.02133140038417395  1.187619415589539 -0.02121723424077597  
155.6659159853743 2.81193894874108 -0.02128879820492244  1.18761933292848 -0.02117507972171855  
155.9800752507333 2.811939493054823 -0.02124622042402601  1.187619250766381 -0.0211329484708284  
156.2942345160922 2.811940034089572 -0.02120362836799028  1.187619169099233 -0.02109080222048242  
156.6083937814512 2.811940571871611 -0.02116098335829313  1.187619087923069 -0.02104860269490667  
156.9225530468102 2.811941106426963 -0.02111824671137452  1.187619007233962 -0.02100631161015931  
