Parallel start of bold_ctqmc on process 0 of 8
{
    "Delta": "../boldc_cache/Delta.inp",
    "Ms": 5000000.0,
    "NVrecompute": 5000000,
    "N_min_order": 2,
    "N_rescale_histogram": 1000000,
    "Nbath": 2,
    "Nbin": 512,
    "Ncout": 1000000,
    "Nd": 1,
    "Nitt": 100,
    "Norder": 4,
    "Nrecompute_fake": 50000,
    "Nt": 300,
    "Ntau": 512,
    "PPG": "PPG.",
    "PPSig": "PPSigma.",
    "P_v_P_percent": 0.05,
    "U": 7.0,
    "V0norm": 0.001,
    "beta": 2.7027027027027026,
    "cmpPhysG": false,
    "converge_OCA": true,
    "d_fraction": 3,
    "diff_stop": 0.01,
    "dos": "../python_src/DOS_3D.dat",
    "exe": "mpirun -np 8 ../boldc_cache/boldc",
    "fGf": "Gf.out",
    "fSig": "Sig.out",
    "fastFilesystem": true,
    "iseed": 0,
    "mix": 0.2,
    "mu": 3.5,
    "multiples_last_step": 5,
    "multiples_no_histogram": 3,
    "rescale": 0.4,
    "startGuessVolDiagrams": false,
    "svd_L": 10.0,
    "svd_Nw": 500,
    "svd_lmax": 13,
    "svd_x0": 0.01,
    "tNbin": 200,
    "tsample": 5,
    "warmup": 1
}
iseed=1698286042 in rank 0
Dlt[0,1,1,0]= 1
Dlt[0,1,3,2]= 1
Dlt[0,2,2,0]= 3
Dlt[0,2,3,1]= -3
Dlt[1,0,0,1]= 2
Dlt[1,0,2,3]= 2
Dlt[1,3,2,0]= -3
Dlt[1,3,3,1]= 3
Dlt[2,0,0,2]= 4
Dlt[2,0,1,3]= -4
Dlt[2,3,1,0]= 1
Dlt[2,3,3,2]= 1
Dlt[3,1,0,2]= -4
Dlt[3,1,1,3]= 4
Dlt[3,2,0,1]= 2
Dlt[3,2,2,3]= 2
# Read ../boldc_cache/Delta.inp with 500 entries
# Read PPSigma.0 with 512 entries
setup time=0.004281
svd time=0.080762
last and first singular value=3.12655e-06 0.169687
Final overlap is smaller than 5.0416e-14
log(Zatom)=10.1527 F_atom=-3.75649
WARNING: Iteration 1 to find ground state old:i_gs=1 and new i_gs=2 old_P=0.37324 new_P=0.416592
0) nf=0.999993 <<Sz>>=0.0420975 Pr(:)=[0.10975,0.369205,0.411302,0.109743]  Q=1.03509 lambda0=-4.9899 i_gs=2
Phi(order=1)=1.11293
t_dyson_laplace=0.0164487 t_nca=0.0424025 t_oca=0 t_ocap=0
Starting with V0=[0.001000,0.000608,0.000370] 
Read histogram.2.dat and set V0norm[2]=0.004 Vol_dig0[2]=2 Vol_diag1[2]=2
Read histogram.3.dat and set V0norm[3]=0.00060827625303 Vol_dig0[3]=5.33333333333 Vol_diag1[3]=5.33333333333
Read histogram.4.dat and set V0norm[4]=4.625e-05 Vol_dig0[4]=27 Vol_diag1[4]=36
From file diags.2 read 6 diagrams.
From file diags.3 read 24 diagrams.
From file diags.4 read 132 diagrams.
on rank=0 update_diags_first_time=0 diag_size=119
Read diagram is of too high/low order not(2<4<2) hence ignoring file status.0
Note: status file status.0 contains time outside 0...beta, hence aborting reading
Note: proper status file status.0 not read. Starting from random configuration.
[(0,1),(2,3)] is Reducible=1
[(0,2),(1,3)] should be skeleton
Starting with cdiag=[(0,2),(3,1)] and p=[0,2,3,1]  cDlt=[2,-4]  csgn_dlt=9059947 iseed_distance=1698286050
Note: sampled_data file contains dSml and it was read
Starting with diag=[(0,2),(3,1)] p=[0,2,3,1]  times=[0,0.824723276329,1.23420971082,2.1107953969,2.7027027027]  and dlt=[2,-4] 
P_tree[2..3]=[5.49166772414e-05,5.49166772414e-05] P_fake=[0.0274583386207,0.0274583386207]
   1M <Phi>=[0.1256,0.0253,0.001269]  <s>=[1,0.5906,0.04936]  P_v_P=[0.7851,0.6555,0.6652]  Ndiags=[2,2,2.91,]  Ph_acc=[8.306e+04,9.447e+04,1.347e+05]  Pnrm=[5291,1.211e+04,1.768e+05] 
   2M <Phi>=[0.1256,0.02533,0.001302]  <s>=[1,0.5919,0.05086]  P_v_P=[0.7853,0.6553,0.665]  Ndiags=[2,2,2.872,]  Ph_acc=[9.122e+04,1.015e+05,1.48e+05]  Pnrm=[5809,1.3e+04,1.893e+05] 
   3M <Phi>=[0.1256,0.02535,0.001293]  <s>=[1,0.5927,0.05053]  P_v_P=[0.7853,0.6547,0.6647]  Ndiags=[2,2,2.883,]  Ph_acc=[9.562e+04,1.079e+05,1.571e+05]  Pnrm=[6089,1.381e+04,2.023e+05] 
   4M <Phi>=[0.1256,0.02539,0.001269]  <s>=[1,0.5935,0.04945]  P_v_P=[0.7851,0.6549,0.6647]  Ndiags=[2,2,2.897,]  Ph_acc=[1.028e+05,1.163e+05,1.637e+05]  Pnrm=[6545,1.487e+04,2.147e+05] 
At the beginning of recalculate: Vol_diagrams0_read=[2,5.33333333333,27]  Vol_diagrams1_read=[2,5.33333333333,36] 
After combining diagrams from all nodes, we obtain the following volumes: Vol_diagrams0=[2,5.33333333333,27]  Vol_diagrams1=[2,5.33333333333,36] 
#stored diags:
#norder ndiag <weight>
 2       4 265.739579787
 3      17 254.391941997
 4      98 306.136476458
 diagVol1=[2,5.333333333,36]  diagVol0=[2,5.333333333,27] 
t acceptance_rate=0.773188 d acceptance=1 d/t=0.00864652
Quantities averaged over all cores:
 factor=[1.14716e-06,2.08653e-07,7.31994e-09] 
 factor2=[4.08157e-06,7.59044e-07,2.62121e-08] 
 V0norm=[0.004,0.000608276,4.625e-05] 
 Pnorm=[6973.73,15548,227461] 
 N_measure=[233478,445940,6.4962e+06] 
 <s>=[1,0.593884,0.0496305]  overlap=[0.964573,0.904958,-1.7871] 
 Phi_tot=[0.12555,0.0254421,0.00127374] 
t_changet=2.25293 t_diag_change=0.684335 t_measure=0.42062 t_Vrecmp=0 t_Fake_recmp=0.0549957
t_diag_change:skel=0.091354 t_diag_change:topol=0.520433 t_diag_change:choose=0.0424826 t_diag_change:numericv=0.0300624 t_diag_change:diff=0.220097 t_snext=0.117626
Phi=[1.03509,1.11293,0.12555,0.0254421,0.00127374]  log(Z)=2.30029 Fimp=-5.00266 -beta*Fimp=13.5207 lmbda0=-4.9899 U<nn>0.768199
0) nf=0.999993 <<S>>=0.0420975 Prb(:)=[0.10975,0.369205,0.411302,0.109743]  lambda0=-4.9899
0) Difference between previous and this step=0.00229319
This should be the last iteration
1) nf=0.999987 <<Sz>>=0.0420724 Pr(:)=[0.10972,0.36925,0.411322,0.109707]  Q=1.03507 lambda0=-4.98985 i_gs=2
Phi(order=1)=1.11287
t_dyson_laplace=0.0248395 t_nca=0.04251 t_oca=0 t_ocap=0
Starting with V0=[0.001000,0.000608,0.000370] 
Read histogram.2.dat and set V0norm[2]=0.004 Vol_dig0[2]=2 Vol_diag1[2]=2
Read histogram.3.dat and set V0norm[3]=0.00060827625303 Vol_dig0[3]=5.33333333333 Vol_diag1[3]=5.33333333333
Read histogram.4.dat and set V0norm[4]=4.625e-05 Vol_dig0[4]=27 Vol_diag1[4]=36
From file diags.2 read 6 diagrams.
From file diags.3 read 24 diagrams.
From file diags.4 read 132 diagrams.
on rank=0 update_diags_first_time=0 diag_size=119
Read diagram is of too high/low order not(2<4<2) hence ignoring file status.0
Note: status file status.0 contains time outside 0...beta, hence aborting reading
Note: proper status file status.0 not read. Starting from random configuration.
[(0,1),(2,3)] is Reducible=1
[(0,2),(1,3)] should be skeleton
Starting with cdiag=[(0,2),(3,1)] and p=[0,2,3,1]  cDlt=[2,-4]  csgn_dlt=9059947 iseed_distance=1713902666
Note: sampled_data file contains dSml and it was read
Starting with diag=[(0,2),(3,1)] p=[0,2,3,1]  times=[0,0.610358826257,2.32632380582,2.45102738722,2.7027027027]  and dlt=[2,-4] 
P_tree[2..3]=[0.000497179291533,0.000497179291533] P_fake=[0.248589645767,0.248589645767]
   1M <Phi>=[0.1252,0.02566,0.00126]  <s>=[1,0.5995,0.04898]  P_v_P=[0.7843,0.6554,0.6647]  Ndiags=[2,2,2.865,]  Ph_acc=[5.136e+04,5.624e+04,7.833e+04]  Pnrm=[3282,7110,1.035e+05] 
   2M <Phi>=[0.1254,0.0257,0.001235]  <s>=[1,0.6007,0.04785]  P_v_P=[0.7854,0.6545,0.6652]  Ndiags=[2,2,2.857,]  Ph_acc=[5.605e+04,6.274e+04,8.632e+04]  Pnrm=[3576,7920,1.164e+05] 
   3M <Phi>=[0.1255,0.02575,0.001215]  <s>=[1,0.602,0.04693]  P_v_P=[0.7846,0.6547,0.6653]  Ndiags=[2,2,2.872,]  Ph_acc=[6.088e+04,6.96e+04,9.431e+04]  Pnrm=[3881,8770,1.292e+05] 
   4M <Phi>=[0.1254,0.02555,0.001262]  <s>=[1,0.5973,0.04907]  P_v_P=[0.7843,0.655,0.6647]  Ndiags=[2,2,2.871,]  Ph_acc=[6.541e+04,7.584e+04,1.076e+05]  Pnrm=[4174,9629,1.421e+05] 
   5M <Phi>=[0.1255,0.02564,0.001251]  <s>=[1,0.5982,0.04861]  P_v_P=[0.785,0.6552,0.6649]  Ndiags=[2,2,2.867,]  Ph_acc=[7.095e+04,8.284e+04,1.163e+05]  Pnrm=[4521,1.048e+04,1.547e+05] 
   6M <Phi>=[0.1254,0.02557,0.001279]  <s>=[1,0.5961,0.04993]  P_v_P=[0.7848,0.6551,0.6649]  Ndiags=[2,2,2.863,]  Ph_acc=[7.654e+04,8.979e+04,1.286e+05]  Pnrm=[4881,1.139e+04,1.674e+05] 
   7M <Phi>=[0.1255,0.02581,0.001307]  <s>=[1,0.6003,0.05117]  P_v_P=[0.7851,0.6555,0.6649]  Ndiags=[2,2,2.858,]  Ph_acc=[8.385e+04,9.834e+04,1.411e+05]  Pnrm=[5344,1.236e+04,1.798e+05] 
   8M <Phi>=[0.1257,0.02581,0.001292]  <s>=[1,0.601,0.05047]  P_v_P=[0.7854,0.6551,0.6649]  Ndiags=[2,2,2.854,]  Ph_acc=[9.27e+04,1.058e+05,1.491e+05]  Pnrm=[5901,1.33e+04,1.921e+05] 
   9M <Phi>=[0.1257,0.02575,0.001291]  <s>=[1,0.6005,0.05042]  P_v_P=[0.7853,0.6544,0.6654]  Ndiags=[2,2,2.852,]  Ph_acc=[9.915e+04,1.114e+05,1.588e+05]  Pnrm=[6312,1.404e+04,2.048e+05] 
  10M <Phi>=[0.1257,0.02586,0.001309]  <s>=[1,0.6039,0.05122]  P_v_P=[0.7858,0.6537,0.6654]  Ndiags=[2,2,2.849,]  Ph_acc=[1.049e+05,1.194e+05,1.71e+05]  Pnrm=[6675,1.497e+04,2.174e+05] 
  11M <Phi>=[0.1258,0.02582,0.001351]  <s>=[1,0.6033,0.05313]  P_v_P=[0.786,0.6533,0.6655]  Ndiags=[2,2,2.853,]  Ph_acc=[1.125e+05,1.257e+05,1.867e+05]  Pnrm=[7157,1.579e+04,2.3e+05] 
  12M <Phi>=[0.1258,0.02559,0.001343]  <s>=[1,0.5985,0.0527]  P_v_P=[0.7864,0.6528,0.6654]  Ndiags=[2,2,2.852,]  Ph_acc=[1.183e+05,1.327e+05,1.956e+05]  Pnrm=[7519,1.682e+04,2.426e+05] 
  13M <Phi>=[0.1257,0.02568,0.00138]  <s>=[1,0.6004,0.05438]  P_v_P=[0.7858,0.653,0.6652]  Ndiags=[2,2,2.854,]  Ph_acc=[1.247e+05,1.395e+05,2.117e+05]  Pnrm=[7931,1.762e+04,2.553e+05] 
  14M <Phi>=[0.1258,0.02576,0.001377]  <s>=[1,0.6023,0.05428]  P_v_P=[0.786,0.653,0.6648]  Ndiags=[2,2,2.86,]  Ph_acc=[1.299e+05,1.457e+05,2.22e+05]  Pnrm=[8259,1.835e+04,2.684e+05] 
  15M <Phi>=[0.1259,0.02575,0.001374]  <s>=[1,0.6018,0.05418]  P_v_P=[0.787,0.6532,0.6644]  Ndiags=[2,2,2.863,]  Ph_acc=[1.367e+05,1.541e+05,2.319e+05]  Pnrm=[8685,1.942e+04,2.81e+05] 
  16M <Phi>=[0.1259,0.02582,0.001361]  <s>=[1,0.6026,0.0536]  P_v_P=[0.7868,0.6543,0.6644]  Ndiags=[2,2,2.862,]  Ph_acc=[1.426e+05,1.626e+05,2.399e+05]  Pnrm=[9060,2.043e+04,2.935e+05] 
  17M <Phi>=[0.1259,0.02579,0.001343]  <s>=[1,0.6016,0.05281]  P_v_P=[0.7869,0.6546,0.6641]  Ndiags=[2,2,2.865,]  Ph_acc=[1.5e+05,1.68e+05,2.471e+05]  Pnrm=[9527,2.114e+04,3.064e+05] 
  18M <Phi>=[0.1258,0.02573,0.001344]  <s>=[1,0.6005,0.05286]  P_v_P=[0.7862,0.6543,0.6643]  Ndiags=[2,2,2.864,]  Ph_acc=[1.567e+05,1.745e+05,2.575e+05]  Pnrm=[9963,2.201e+04,3.189e+05] 
  19M <Phi>=[0.1258,0.02569,0.001372]  <s>=[1,0.6003,0.05408]  P_v_P=[0.786,0.6536,0.6646]  Ndiags=[2,2,2.866,]  Ph_acc=[1.626e+05,1.812e+05,2.732e+05]  Pnrm=[1.034e+04,2.288e+04,3.315e+05] 
