Parallel start of bold_ctqmc on process 0 of 8
{
    "Delta": "../boldc_cache/Delta.inp",
    "Ms": 8000000.0,
    "NVrecompute": 5000000,
    "N_min_order": 2,
    "N_rescale_histogram": 1000000,
    "Nbath": 2,
    "Nbin": 512,
    "Ncout": 1000000,
    "Nd": 1,
    "Nitt": 100,
    "Norder": 4,
    "Nrecompute_fake": 50000,
    "Nt": 300,
    "Ntau": 512,
    "PPG": "PPG.",
    "PPSig": "PPSigma.",
    "P_v_P_percent": 0.05,
    "U": 7.0,
    "V0norm": 0.001,
    "beta": 2.5,
    "cmpPhysG": false,
    "converge_OCA": true,
    "d_fraction": 3,
    "diff_stop": 0.01,
    "dos": "../python_src/DOS_3D.dat",
    "exe": "mpirun -np 8 ../boldc_cache/boldc",
    "fGf": "Gf.out",
    "fSig": "Sig.out",
    "fastFilesystem": true,
    "iseed": 0,
    "mix": 0.2,
    "mu": 3.5,
    "multiples_last_step": 5,
    "multiples_no_histogram": 3,
    "rescale": 0.4,
    "startGuessVolDiagrams": false,
    "svd_L": 10.0,
    "svd_Nw": 500,
    "svd_lmax": 13,
    "svd_x0": 0.01,
    "tNbin": 200,
    "tsample": 5,
    "warmup": 1
}
iseed=1699267202 in rank 0
Dlt[0,1,1,0]= 1
Dlt[0,1,3,2]= 1
Dlt[0,2,2,0]= 3
Dlt[0,2,3,1]= -3
Dlt[1,0,0,1]= 2
Dlt[1,0,2,3]= 2
Dlt[1,3,2,0]= -3
Dlt[1,3,3,1]= 3
Dlt[2,0,0,2]= 4
Dlt[2,0,1,3]= -4
Dlt[2,3,1,0]= 1
Dlt[2,3,3,2]= 1
Dlt[3,1,0,2]= -4
Dlt[3,1,1,3]= 4
Dlt[3,2,0,1]= 2
Dlt[3,2,2,3]= 2
# Read ../boldc_cache/Delta.inp with 500 entries
# Read PPSigma.0 with 512 entries
setup time=0.004256
svd time=0.078723
last and first singular value=1.99219e-06 0.169534
Final overlap is smaller than 4.50253e-14
log(Zatom)=9.44331 F_atom=-3.77732
0) nf=1.00001 <<Sz>>=-0.000381507 Pr(:)=[0.105831,0.394357,0.393975,0.105837]  Q=1.12262 lambda0=-4.93566 i_gs=1
Phi(order=1)=1.18001
t_dyson_laplace=0.0167113 t_nca=0.000532916 t_oca=0 t_ocap=0
Starting with V0=[0.001000,0.000632,0.000400] 
Read histogram.2.dat and set V0norm[2]=0.004 Vol_dig0[2]=2 Vol_diag1[2]=2
Read histogram.3.dat and set V0norm[3]=0.000632455532034 Vol_dig0[3]=5.33333333333 Vol_diag1[3]=5.33333333333
Read histogram.4.dat and set V0norm[4]=5e-05 Vol_dig0[4]=27 Vol_diag1[4]=36
From file diags.2 read 22 diagrams.
From file diags.3 read 88 diagrams.
From file diags.4 read 484 diagrams.
on rank=0 update_diags_first_time=0 diag_size=264
Read diagram is of too high/low order not(2<4<2) hence ignoring file status.0
Note: proper status file status.0 not read. Starting from random configuration.
[(0,1),(2,3)] is Reducible=1
[(1,3),(0,2)] should be skeleton
Starting with cdiag=[(3,1),(0,2)] and p=[0,2,3,1]  cDlt=[-4,2]  csgn_dlt=14433899 iseed_distance=1699267218
Note: sampled_data file contains dSml and it was read
Starting with diag=[(3,1),(0,2)] p=[0,2,3,1]  times=[0,0.792871820385,0.79739158136,0.892114567185,2.5]  and dlt=[-4,2] 
P_tree[2..3]=[0.00182195903291,0.00182195903291] P_fake=[0.910979516455,0.910979516455]
   1M <Phi>=[0.127,0.024,0.001134]  <s>=[1,0.59,0.04899]  P_v_P=[0.7935,0.5982,0.5385]  Ndiags=[2,2,2.795,]  Ph_acc=[1.257e+05,1.448e+05,2.097e+05]  Pnrm=[7919,2.035e+04,3.327e+05] 
   2M <Phi>=[0.127,0.02397,0.001141]  <s>=[1,0.5898,0.0493]  P_v_P=[0.7937,0.5981,0.5386]  Ndiags=[2,2,2.831,]  Ph_acc=[1.311e+05,1.509e+05,2.207e+05]  Pnrm=[8261,2.123e+04,3.482e+05] 
   3M <Phi>=[0.127,0.02377,0.001151]  <s>=[1,0.585,0.04982]  P_v_P=[0.7938,0.598,0.5386]  Ndiags=[2,2,2.832,]  Ph_acc=[1.362e+05,1.558e+05,2.325e+05]  Pnrm=[8576,2.211e+04,3.637e+05] 
   4M <Phi>=[0.127,0.02374,0.001118]  <s>=[1,0.5847,0.04817]  P_v_P=[0.7938,0.5975,0.5384]  Ndiags=[2,2,2.863,]  Ph_acc=[1.41e+05,1.629e+05,2.356e+05]  Pnrm=[8883,2.315e+04,3.793e+05] 
   5M <Phi>=[0.1269,0.02374,0.001106]  <s>=[1,0.5854,0.04756]  P_v_P=[0.793,0.5969,0.5385]  Ndiags=[2,2,2.866,]  Ph_acc=[1.453e+05,1.702e+05,2.426e+05]  Pnrm=[9161,2.419e+04,3.947e+05] 
   6M <Phi>=[0.127,0.02368,0.001101]  <s>=[1,0.584,0.04734]  P_v_P=[0.7937,0.5967,0.5385]  Ndiags=[2,2,2.865,]  Ph_acc=[1.506e+05,1.766e+05,2.51e+05]  Pnrm=[9485,2.515e+04,4.102e+05] 
   7M <Phi>=[0.127,0.02364,0.001099]  <s>=[1,0.5829,0.04724]  P_v_P=[0.7934,0.5966,0.5384]  Ndiags=[2,2,2.864,]  Ph_acc=[1.543e+05,1.833e+05,2.6e+05]  Pnrm=[9722,2.616e+04,4.258e+05] 
At the beginning of recalculate: Vol_diagrams0_read=[2,5.33333333333,27]  Vol_diagrams1_read=[2,5.33333333333,36] 
After combining diagrams from all nodes, we obtain the following volumes: Vol_diagrams0=[2,5.33333333333,27]  Vol_diagrams1=[2,5.33333333333,36] 
#stored diags:
#norder ndiag <weight>
 2       5 258.053734792
 3      28 241.220345621
 4     231 209.270742075
 diagVol1=[2,5.333333333,36]  diagVol0=[2,5.333333333,27] 
t acceptance_rate=0.783773 d acceptance=1 d/t=0.00860313
Quantities averaged over all cores:
 factor=[7.57137e-07,1.25713e-07,4.0823e-09] 
 factor2=[2.81509e-06,4.56342e-07,1.45308e-08] 
 V0norm=[0.004,0.000632456,5e-05] 
 Pnorm=[10566.1,26831.7,440928] 
 N_measure=[357541,706889,1.03641e+07] 
 <s>=[1,0.589316,0.0474958]  overlap=[0.96415,0.902611,-1.75384] 
 Phi_tot=[0.126971,0.0239552,0.00110457] 
t_changet=4.61413 t_diag_change=1.43344 t_measure=1.49831 t_Vrecmp=0 t_Fake_recmp=0.124745
t_diag_change:skel=0.194037 t_diag_change:topol=1.07579 t_diag_change:choose=0.0978142 t_diag_change:numericv=0.0657798 t_diag_change:diff=0.277141 t_snext=0.236402
Phi=[1.12262,1.18001,0.126971,0.0239552,0.00110457]  log(Z)=2.45466 Fimp=-4.98192 -beta*Fimp=12.4548 lmbda0=-4.93566 U<nn>0.740859
0) nf=1.00001 <<S>>=-0.000381507 Prb(:)=[0.105831,0.394357,0.393975,0.105837]  lambda0=-4.93566
0) Difference between previous and this step=0.0014894
This should be the last iteration
1) nf=1.00001 <<Sz>>=-0.000259313 Pr(:)=[0.105806,0.39432,0.394061,0.105813]  Q=1.1228 lambda0=-4.9355 i_gs=1
Phi(order=1)=1.18021
t_dyson_laplace=0.0305867 t_nca=0.000739749 t_oca=0 t_ocap=0
Starting with V0=[0.001000,0.000632,0.000400] 
Read histogram.2.dat and set V0norm[2]=0.004 Vol_dig0[2]=2 Vol_diag1[2]=2
Read histogram.3.dat and set V0norm[3]=0.000632455532034 Vol_dig0[3]=5.33333333333 Vol_diag1[3]=5.33333333333
Read histogram.4.dat and set V0norm[4]=5e-05 Vol_dig0[4]=27 Vol_diag1[4]=36
From file diags.2 read 22 diagrams.
From file diags.3 read 88 diagrams.
From file diags.4 read 484 diagrams.
on rank=0 update_diags_first_time=0 diag_size=264
Read diagram is of too high/low order not(2<4<2) hence ignoring file status.0
Note: proper status file status.0 not read. Starting from random configuration.
[(0,1),(2,3)] is Reducible=1
[(1,3),(0,2)] should be skeleton
Starting with cdiag=[(3,1),(0,2)] and p=[0,2,3,1]  cDlt=[-4,2]  csgn_dlt=14433899 iseed_distance=1724250248
Note: sampled_data file contains dSml and it was read
Starting with diag=[(3,1),(0,2)] p=[0,2,3,1]  times=[0,0.153479543327,0.249335313869,2.03049195727,2.5]  and dlt=[-4,2] 
P_tree[2..3]=[0.0014962833586,0.0014962833586] P_fake=[0.748141679299,0.748141679299]
   1M <Phi>=[0.1267,0.02419,0.001085]  <s>=[1,0.5941,0.04651]  P_v_P=[0.7929,0.5974,0.5383]  Ndiags=[2,2,2.883,]  Ph_acc=[7.404e+04,8.339e+04,1.156e+05]  Pnrm=[4674,1.163e+04,1.917e+05] 
   2M <Phi>=[0.1269,0.02434,0.001054]  <s>=[1,0.5977,0.04492]  P_v_P=[0.7929,0.5975,0.5379]  Ndiags=[2,2,2.879,]  Ph_acc=[7.941e+04,8.957e+04,1.215e+05]  Pnrm=[5007,1.241e+04,2.075e+05] 
   3M <Phi>=[0.1268,0.0244,0.001028]  <s>=[1,0.5999,0.04349]  P_v_P=[0.7932,0.5973,0.5382]  Ndiags=[2,2,2.883,]  Ph_acc=[8.243e+04,9.607e+04,1.274e+05]  Pnrm=[5200,1.328e+04,2.231e+05] 
   4M <Phi>=[0.127,0.02439,0.001043]  <s>=[1,0.5992,0.04423]  P_v_P=[0.7934,0.5972,0.5384]  Ndiags=[2,2,2.878,]  Ph_acc=[8.752e+04,1.006e+05,1.383e+05]  Pnrm=[5513,1.391e+04,2.388e+05] 
   5M <Phi>=[0.1271,0.02434,0.001039]  <s>=[1,0.5985,0.04406]  P_v_P=[0.7939,0.597,0.5384]  Ndiags=[2,2,2.878,]  Ph_acc=[9.735e+04,1.083e+05,1.464e+05]  Pnrm=[6126,1.5e+04,2.537e+05] 
   6M <Phi>=[0.1271,0.0244,0.001076]  <s>=[1,0.6001,0.04596]  P_v_P=[0.794,0.5968,0.5383]  Ndiags=[2,2,2.879,]  Ph_acc=[1.019e+05,1.142e+05,1.61e+05]  Pnrm=[6412,1.578e+04,2.693e+05] 
   7M <Phi>=[0.127,0.02415,0.001044]  <s>=[1,0.595,0.04436]  P_v_P=[0.7935,0.5966,0.5381]  Ndiags=[2,2,2.882,]  Ph_acc=[1.086e+05,1.204e+05,1.651e+05]  Pnrm=[6842,1.682e+04,2.847e+05] 
   8M <Phi>=[0.1271,0.02416,0.001052]  <s>=[1,0.5958,0.04477]  P_v_P=[0.7935,0.5964,0.5383]  Ndiags=[2,2,2.889,]  Ph_acc=[1.144e+05,1.268e+05,1.754e+05]  Pnrm=[7199,1.77e+04,3.002e+05] 
   9M <Phi>=[0.127,0.02429,0.001067]  <s>=[1,0.5982,0.04552]  P_v_P=[0.7941,0.5966,0.5383]  Ndiags=[2,2,2.886,]  Ph_acc=[1.2e+05,1.344e+05,1.87e+05]  Pnrm=[7554,1.867e+04,3.155e+05] 
  10M <Phi>=[0.127,0.02422,0.001059]  <s>=[1,0.5971,0.04511]  P_v_P=[0.7935,0.5961,0.5382]  Ndiags=[2,2,2.89,]  Ph_acc=[1.261e+05,1.414e+05,1.947e+05]  Pnrm=[7943,1.97e+04,3.309e+05] 
  11M <Phi>=[0.127,0.02424,0.001062]  <s>=[1,0.5976,0.04526]  P_v_P=[0.7935,0.5961,0.5383]  Ndiags=[2,2,2.886,]  Ph_acc=[1.309e+05,1.481e+05,2.044e+05]  Pnrm=[8249,2.061e+04,3.464e+05] 
  12M <Phi>=[0.1269,0.02434,0.001079]  <s>=[1,0.5997,0.0461]  P_v_P=[0.7932,0.5962,0.5383]  Ndiags=[2,2,2.886,]  Ph_acc=[1.372e+05,1.553e+05,2.168e+05]  Pnrm=[8647,2.152e+04,3.617e+05] 
  13M <Phi>=[0.1269,0.02432,0.001064]  <s>=[1,0.5991,0.04532]  P_v_P=[0.7931,0.5964,0.5382]  Ndiags=[2,2,2.89,]  Ph_acc=[1.42e+05,1.61e+05,2.23e+05]  Pnrm=[8953,2.233e+04,3.775e+05] 
  14M <Phi>=[0.127,0.02436,0.001068]  <s>=[1,0.6006,0.04552]  P_v_P=[0.7935,0.5959,0.5382]  Ndiags=[2,2,2.888,]  Ph_acc=[1.49e+05,1.68e+05,2.33e+05]  Pnrm=[9387,2.326e+04,3.928e+05] 
  15M <Phi>=[0.127,0.02441,0.001043]  <s>=[1,0.6016,0.04427]  P_v_P=[0.7939,0.596,0.5382]  Ndiags=[2,2,2.889,]  Ph_acc=[1.553e+05,1.759e+05,2.365e+05]  Pnrm=[9779,2.431e+04,4.081e+05] 
  16M <Phi>=[0.127,0.02437,0.001045]  <s>=[1,0.6008,0.04441]  P_v_P=[0.7937,0.596,0.538]  Ndiags=[2,2,2.892,]  Ph_acc=[1.627e+05,1.828e+05,2.459e+05]  Pnrm=[1.025e+04,2.53e+04,4.235e+05] 
  17M <Phi>=[0.1271,0.02448,0.001043]  <s>=[1,0.6031,0.04426]  P_v_P=[0.7941,0.5962,0.5379]  Ndiags=[2,2,2.891,]  Ph_acc=[1.677e+05,1.904e+05,2.543e+05]  Pnrm=[1.056e+04,2.624e+04,4.391e+05] 
  18M <Phi>=[0.1271,0.02453,0.001046]  <s>=[1,0.6044,0.04451]  P_v_P=[0.7944,0.5962,0.5378]  Ndiags=[2,2,2.891,]  Ph_acc=[1.746e+05,1.977e+05,2.642e+05]  Pnrm=[1.099e+04,2.719e+04,4.545e+05] 
  19M <Phi>=[0.1271,0.02461,0.001052]  <s>=[1,0.6058,0.04482]  P_v_P=[0.7943,0.5968,0.5379]  Ndiags=[2,2,2.893,]  Ph_acc=[1.793e+05,2.053e+05,2.747e+05]  Pnrm=[1.129e+04,2.814e+04,4.7e+05] 
  20M <Phi>=[0.1271,0.02461,0.001044]  <s>=[1,0.6053,0.04444]  P_v_P=[0.7942,0.5972,0.5378]  Ndiags=[2,2,2.895,]  Ph_acc=[1.874e+05,2.123e+05,2.815e+05]  Pnrm=[1.18e+04,2.911e+04,4.852e+05] 
  21M <Phi>=[0.1271,0.0246,0.001052]  <s>=[1,0.6054,0.04481]  P_v_P=[0.7943,0.5971,0.5379]  Ndiags=[2,2,2.895,]  Ph_acc=[1.953e+05,2.201e+05,2.923e+05]  Pnrm=[1.229e+04,3.017e+04,5.003e+05] 
  22M <Phi>=[0.1272,0.02459,0.001054]  <s>=[1,0.6047,0.04496]  P_v_P=[0.7947,0.5975,0.5379]  Ndiags=[2,2,2.893,]  Ph_acc=[2.008e+05,2.268e+05,3.02e+05]  Pnrm=[1.263e+04,3.111e+04,5.157e+05] 
  23M <Phi>=[0.1271,0.02458,0.001066]  <s>=[1,0.6042,0.04555]  P_v_P=[0.7944,0.5976,0.538]  Ndiags=[2,2,2.891,]  Ph_acc=[2.063e+05,2.344e+05,3.144e+05]  Pnrm=[1.298e+04,3.218e+04,5.31e+05] 
  24M <Phi>=[0.1271,0.02452,0.001055]  <s>=[1,0.6027,0.045]  P_v_P=[0.7944,0.5976,0.5378]  Ndiags=[2,2,2.893,]  Ph_acc=[2.135e+05,2.415e+05,3.201e+05]  Pnrm=[1.344e+04,3.323e+04,5.463e+05] 
  25M <Phi>=[0.1271,0.02454,0.001055]  <s>=[1,0.6033,0.045]  P_v_P=[0.794,0.5976,0.5378]  Ndiags=[2,2,2.894,]  Ph_acc=[2.181e+05,2.479e+05,3.294e+05]  Pnrm=[1.373e+04,3.407e+04,5.62e+05] 
  26M <Phi>=[0.1271,0.02449,0.001069]  <s>=[1,0.6022,0.04567]  P_v_P=[0.7941,0.5976,0.538]  Ndiags=[2,2,2.89,]  Ph_acc=[2.241e+05,2.545e+05,3.427e+05]  Pnrm=[1.411e+04,3.505e+04,5.772e+05] 
  27M <Phi>=[0.1271,0.02451,0.001079]  <s>=[1,0.6024,0.04623]  P_v_P=[0.7942,0.5978,0.538]  Ndiags=[2,2,2.889,]  Ph_acc=[2.304e+05,2.632e+05,3.552e+05]  Pnrm=[1.45e+04,3.623e+04,5.923e+05] 
  28M <Phi>=[0.127,0.02455,0.001094]  <s>=[1,0.6035,0.04699]  P_v_P=[0.7938,0.5978,0.5382]  Ndiags=[2,2,2.889,]  Ph_acc=[2.354e+05,2.709e+05,3.694e+05]  Pnrm=[1.483e+04,3.722e+04,6.076e+05] 
  29M <Phi>=[0.127,0.02447,0.001095]  <s>=[1,0.602,0.04701]  P_v_P=[0.7935,0.5974,0.5379]  Ndiags=[2,2,2.891,]  Ph_acc=[2.411e+05,2.772e+05,3.79e+05]  Pnrm=[1.519e+04,3.82e+04,6.233e+05] 
  30M <Phi>=[0.127,0.02446,0.001101]  <s>=[1,0.6018,0.04733]  P_v_P=[0.7934,0.5973,0.538]  Ndiags=[2,2,2.889,]  Ph_acc=[2.464e+05,2.836e+05,3.908e+05]  Pnrm=[1.553e+04,3.911e+04,6.388e+05] 
  31M <Phi>=[0.127,0.0244,0.001097]  <s>=[1,0.6006,0.04712]  P_v_P=[0.7935,0.5971,0.538]  Ndiags=[2,2,2.89,]  Ph_acc=[2.553e+05,2.889e+05,3.987e+05]  Pnrm=[1.608e+04,3.993e+04,6.541e+05] 
  32M <Phi>=[0.1269,0.02434,0.001099]  <s>=[1,0.5992,0.04723]  P_v_P=[0.7933,0.5969,0.538]  Ndiags=[2,2,2.89,]  Ph_acc=[2.6e+05,2.954e+05,4.089e+05]  Pnrm=[1.638e+04,4.094e+04,6.696e+05] 
  33M <Phi>=[0.127,0.02431,0.001103]  <s>=[1,0.5981,0.04744]  P_v_P=[0.7937,0.5973,0.5379]  Ndiags=[2,2,2.889,]  Ph_acc=[2.663e+05,3.021e+05,4.197e+05]  Pnrm=[1.677e+04,4.191e+04,6.85e+05] 
  34M <Phi>=[0.127,0.0243,0.001091]  <s>=[1,0.5979,0.04684]  P_v_P=[0.7936,0.5974,0.538]  Ndiags=[2,2,2.889,]  Ph_acc=[2.717e+05,3.096e+05,4.246e+05]  Pnrm=[1.712e+04,4.297e+04,7.003e+05] 
  35M <Phi>=[0.127,0.02436,0.001081]  <s>=[1,0.5989,0.0463]  P_v_P=[0.7937,0.5977,0.5381]  Ndiags=[2,2,2.888,]  Ph_acc=[2.779e+05,3.184e+05,4.295e+05]  Pnrm=[1.75e+04,4.409e+04,7.154e+05] 
  36M <Phi>=[0.1271,0.02436,0.001083]  <s>=[1,0.5988,0.04643]  P_v_P=[0.7943,0.5978,0.538]  Ndiags=[2,2,2.888,]  Ph_acc=[2.859e+05,3.263e+05,4.395e+05]  Pnrm=[1.8e+04,4.519e+04,7.305e+05] 
  37M <Phi>=[0.1271,0.02434,0.001088]  <s>=[1,0.5983,0.04669]  P_v_P=[0.7945,0.5978,0.5381]  Ndiags=[2,2,2.887,]  Ph_acc=[2.947e+05,3.311e+05,4.508e+05]  Pnrm=[1.854e+04,4.589e+04,7.458e+05] 
  38M <Phi>=[0.1271,0.02433,0.001085]  <s>=[1,0.598,0.04651]  P_v_P=[0.7944,0.5978,0.538]  Ndiags=[2,2,2.887,]  Ph_acc=[3.032e+05,3.378e+05,4.587e+05]  Pnrm=[1.908e+04,4.684e+04,7.611e+05] 
  39M <Phi>=[0.1271,0.0243,0.001067]  <s>=[1,0.5973,0.04562]  P_v_P=[0.7945,0.598,0.538]  Ndiags=[2,2,2.887,]  Ph_acc=[3.104e+05,3.443e+05,4.603e+05]  Pnrm=[1.953e+04,4.779e+04,7.764e+05] 
At the beginning of recalculate: Vol_diagrams0_read=[2,5.33333333333,27]  Vol_diagrams1_read=[2,5.33333333333,36] 
After combining diagrams from all nodes, we obtain the following volumes: Vol_diagrams0=[2,5.33333333333,27]  Vol_diagrams1=[2,5.33333333333,36] 
#stored diags:
#norder ndiag <weight>
 2       5 1677.17110056
 3      28 1214.15488498
 4     231 1034.46331431
 diagVol1=[2,5.333333333,36]  diagVol0=[2,5.333333333,27] 
t acceptance_rate=0.782666 d acceptance=1 d/t=0.00860995
Quantities averaged over all cores:
 factor=[4.15392e-07,6.92352e-08,2.26966e-09] 
 factor2=[5.32182e-07,8.87967e-08,2.91877e-09] 
 V0norm=[0.004,0.000632456,5e-05] 
 Pnorm=[19258.9,48719.4,793069] 
 N_measure=[651789,1.2822e+06,1.86374e+07] 
 <s>=[1,0.593549,0.0456947]  overlap=[0.964097,0.902921,-1.83314] 
 Phi_tot=[0.126987,0.0241048,0.00106871] 
t_changet=19.0343 t_diag_change=7.47492 t_measure=17.385 t_Vrecmp=0 t_Fake_recmp=0.599666
t_diag_change:skel=1.0103 t_diag_change:topol=5.60365 t_diag_change:choose=0.513202 t_diag_change:numericv=0.347818 t_diag_change:diff=1.43556 t_snext=1.12376
Phi=[1.1228,1.18021,0.126987,0.0241048,0.00106871]  log(Z)=2.45517 Fimp=-4.98183 -beta*Fimp=12.4546 lmbda0=-4.9355 U<nn>0.740694
1) nf=1.00001 <<S>>=-0.000259313 Prb(:)=[0.105806,0.39432,0.394061,0.105813]  lambda0=-4.9355
1) Difference between previous and this step=0.00124349
