Parallel start of bold_ctqmc on process 0 of 8
{
    "Delta": "../boldc_cache/Delta.inp",
    "Ms": 8000000.0,
    "NVrecompute": 5000000,
    "N_min_order": 2,
    "N_rescale_histogram": 1000000,
    "Nbath": 2,
    "Nbin": 512,
    "Ncout": 1000000,
    "Nd": 1,
    "Nitt": 100,
    "Norder": 2,
    "Nrecompute_fake": 50000,
    "Nt": 300,
    "Ntau": 512,
    "PPG": "PPG.",
    "PPSig": "PPSigma.",
    "P_v_P_percent": 0.05,
    "U": 10.0,
    "V0norm": 0.001,
    "beta": 2.127659574468085,
    "cmpPhysG": false,
    "converge_OCA": true,
    "d_fraction": 3,
    "diff_stop": 0.01,
    "dos": "../python_src/DOS_3D.dat",
    "exe": "mpirun -np 8 ../boldc_cache/boldc",
    "fGf": "Gf.out",
    "fSig": "Sig.out",
    "fastFilesystem": true,
    "iseed": 0,
    "mix": 0.2,
    "mu": 5.0,
    "multiples_last_step": 5,
    "multiples_no_histogram": 3,
    "rescale": 0.4,
    "startGuessVolDiagrams": false,
    "svd_L": 10.0,
    "svd_Nw": 500,
    "svd_lmax": 13,
    "svd_x0": 0.01,
    "tNbin": 200,
    "tsample": 5,
    "warmup": 1
}
iseed=1699299285 in rank 0
Dlt[0,1,1,0]= 1
Dlt[0,1,3,2]= 1
Dlt[0,2,2,0]= 3
Dlt[0,2,3,1]= -3
Dlt[1,0,0,1]= 2
Dlt[1,0,2,3]= 2
Dlt[1,3,2,0]= -3
Dlt[1,3,3,1]= 3
Dlt[2,0,0,2]= 4
Dlt[2,0,1,3]= -4
Dlt[2,3,1,0]= 1
Dlt[2,3,3,2]= 1
Dlt[3,1,0,2]= -4
Dlt[3,1,1,3]= 4
Dlt[3,2,0,1]= 2
Dlt[3,2,2,3]= 2
# Read ../boldc_cache/Delta.inp with 500 entries
setup time=0.004272
svd time=0.074889
last and first singular value=7.2155e-07 0.169222
Final overlap is smaller than 5.52842e-14
log(Zatom)=11.3315 F_atom=-5.32579
0) nf=1 <<Sz>>=0 Pr(:)=[1.19896e-05,0.499988,0.499988,1.19896e-05]  Q=2.00005 lambda0=-5 i_gs=1
t_dyson_laplace=0 t_nca=0.0310728 t_oca=0
0) Difference between OCA steps=1.74522
WARNING: Iteration 1 to find ground state old:i_gs=1 and new i_gs=2 old_P=0.486956 new_P=0.499583
1) nf=1 <<Sz>>=0.0126385 Pr(:)=[0.00688989,0.486791,0.499429,0.00688989]  Q=1.97445 lambda0=-5.12906 i_gs=2
t_dyson_laplace=0 t_nca=0.0505034 t_oca=0
1) Difference between OCA steps=1.37707
2) nf=1 <<Sz>>=0.0222538 Pr(:)=[0.0124891,0.476384,0.498638,0.0124891]  Q=1.94759 lambda0=-5.23458 i_gs=2
t_dyson_laplace=0 t_nca=0.0614176 t_oca=0
2) Difference between OCA steps=1.08387
3) nf=1 <<Sz>>=0.0296156 Pr(:)=[0.0170194,0.468173,0.497788,0.0170194]  Q=1.92106 lambda0=-5.32077 i_gs=2
t_dyson_laplace=0 t_nca=0.0666935 t_oca=0
3) Difference between OCA steps=0.850883
4) nf=1 <<Sz>>=0.0352837 Pr(:)=[0.0206588,0.461699,0.496983,0.0206588]  Q=1.89588 lambda0=-5.39108 i_gs=2
t_dyson_laplace=0 t_nca=0.069016 t_oca=0
4) Difference between OCA steps=0.666186
5) nf=1 <<Sz>>=0.0396696 Pr(:)=[0.0235599,0.456605,0.496275,0.0235599]  Q=1.87265 lambda0=-5.44838 i_gs=2
t_dyson_laplace=0 t_nca=0.0693095 t_oca=0
5) Difference between OCA steps=0.520125
6) nf=1 <<Sz>>=0.0430786 Pr(:)=[0.0258541,0.452607,0.495685,0.0258541]  Q=1.85167 lambda0=-5.495 i_gs=2
t_dyson_laplace=0 t_nca=0.0700335 t_oca=0
6) Difference between OCA steps=0.404906
7) nf=1 <<Sz>>=0.0457387 Pr(:)=[0.0276533,0.449477,0.495216,0.0276533]  Q=1.83302 lambda0=-5.53288 i_gs=2
t_dyson_laplace=0 t_nca=0.0700811 t_oca=0
7) Difference between OCA steps=0.314251
8) nf=1 <<Sz>>=0.0478216 Pr(:)=[0.0290522,0.447037,0.494859,0.0290522]  Q=1.81666 lambda0=-5.56361 i_gs=2
t_dyson_laplace=0 t_nca=0.0702558 t_oca=0
8) Difference between OCA steps=0.243111
9) nf=1 <<Sz>>=0.0494576 Pr(:)=[0.0301304,0.445141,0.494598,0.0301304]  Q=1.80246 lambda0=-5.5885 i_gs=2
t_dyson_laplace=0 t_nca=0.0709784 t_oca=0
9) Difference between OCA steps=0.187438
10) nf=1 <<Sz>>=0.0507459 Pr(:)=[0.0309535,0.443674,0.494419,0.0309535]  Q=1.79026 lambda0=-5.60863 i_gs=2
t_dyson_laplace=0 t_nca=0.0713695 t_oca=0
10) Difference between OCA steps=0.143995
11) nf=1 <<Sz>>=0.0517627 Pr(:)=[0.0315757,0.442543,0.494306,0.0315757]  Q=1.77986 lambda0=-5.62489 i_gs=2
t_dyson_laplace=0 t_nca=0.0721379 t_oca=0
11) Difference between OCA steps=0.110196
12) nf=1 <<Sz>>=0.0525669 Pr(:)=[0.0320407,0.441676,0.494243,0.0320407]  Q=1.77105 lambda0=-5.63799 i_gs=2
t_dyson_laplace=0 t_nca=0.0730783 t_oca=0
12) Difference between OCA steps=0.0839814
13) nf=1 <<Sz>>=0.0532041 Pr(:)=[0.032384,0.441014,0.494218,0.032384]  Q=1.76364 lambda0=-5.64854 i_gs=2
t_dyson_laplace=0 t_nca=0.0754283 t_oca=0
13) Difference between OCA steps=0.0637172
14) nf=1 <<Sz>>=0.0537096 Pr(:)=[0.0326338,0.440511,0.494221,0.0326338]  Q=1.75745 lambda0=-5.65701 i_gs=2
t_dyson_laplace=0 t_nca=0.0779257 t_oca=0
14) Difference between OCA steps=0.0481072
15) nf=1 <<Sz>>=0.0541112 Pr(:)=[0.0328124,0.440132,0.494243,0.0328124]  Q=1.7523 lambda0=-5.66381 i_gs=2
t_dyson_laplace=0 t_nca=0.0781959 t_oca=0
15) Difference between OCA steps=0.0361274
16) nf=1 <<Sz>>=0.0544306 Pr(:)=[0.0329373,0.439847,0.494278,0.0329373]  Q=1.74803 lambda0=-5.66927 i_gs=2
t_dyson_laplace=0 t_nca=0.0782372 t_oca=0
16) Difference between OCA steps=0.0269701
17) nf=1 <<Sz>>=0.0546849 Pr(:)=[0.0330223,0.439635,0.49432,0.0330223]  Q=1.74453 lambda0=-5.67363 i_gs=2
t_dyson_laplace=0 t_nca=0.0788764 t_oca=0
17) Difference between OCA steps=0.0204554
18) nf=1 <<Sz>>=0.0548875 Pr(:)=[0.0330778,0.439478,0.494366,0.0330778]  Q=1.74165 lambda0=-5.67711 i_gs=2
t_dyson_laplace=0 t_nca=0.080107 t_oca=0
18) Difference between OCA steps=0.0165493
19) nf=1 <<Sz>>=0.0550491 Pr(:)=[0.0331119,0.439364,0.494413,0.0331119]  Q=1.73931 lambda0=-5.67989 i_gs=2
t_dyson_laplace=0 t_nca=0.0823285 t_oca=0
19) Difference between OCA steps=0.0135925
20) nf=1 <<Sz>>=0.055178 Pr(:)=[0.0331309,0.43928,0.494458,0.0331309]  Q=1.7374 lambda0=-5.6821 i_gs=2
t_dyson_laplace=0 t_nca=0.0828302 t_oca=0
20) Difference between OCA steps=0.0112208
21) nf=1 <<Sz>>=0.0552809 Pr(:)=[0.0331391,0.43922,0.494501,0.0331391]  Q=1.73586 lambda0=-5.68386 i_gs=2
t_dyson_laplace=0 t_nca=0.0863433 t_oca=0
21) Difference between OCA steps=0.00927989
22) nf=1 <<Sz>>=0.0553632 Pr(:)=[0.0331402,0.439178,0.494541,0.0331402]  Q=1.73462 lambda0=-5.68526 i_gs=2
t_dyson_laplace=0 t_nca=0.0905136 t_oca=0
22) Difference between OCA steps=0.00767764
23) nf=1 <<Sz>>=0.0554289 Pr(:)=[0.0331366,0.439149,0.494578,0.0331366]  Q=1.73363 lambda0=-5.68637 i_gs=2
t_dyson_laplace=0 t_nca=0.092913 t_oca=0
23) Difference between OCA steps=0.00634956
24) nf=1 <<Sz>>=0.0554815 Pr(:)=[0.0331302,0.439129,0.494611,0.0331302]  Q=1.73284 lambda0=-5.68725 i_gs=2
t_dyson_laplace=0 t_nca=0.0944259 t_oca=0
24) Difference between OCA steps=0.0052467
25) nf=1 <<Sz>>=0.0555235 Pr(:)=[0.0331222,0.439116,0.49464,0.0331222]  Q=1.73221 lambda0=-5.68794 i_gs=2
t_dyson_laplace=0 t_nca=0.0944994 t_oca=0
25) Difference between OCA steps=0.00433033
26) nf=1 <<Sz>>=0.0555572 Pr(:)=[0.0331135,0.439108,0.494665,0.0331135]  Q=1.73171 lambda0=-5.68849 i_gs=2
t_dyson_laplace=0 t_nca=0.100645 t_oca=0
26) Difference between OCA steps=0.00356902
27) nf=1 <<Sz>>=0.0555841 Pr(:)=[0.0331047,0.439103,0.494687,0.0331047]  Q=1.73132 lambda0=-5.68892 i_gs=2
t_dyson_laplace=0 t_nca=0.108618 t_oca=0
27) Difference between OCA steps=0.00293693
28) nf=1 <<Sz>>=0.0556057 Pr(:)=[0.0330963,0.439101,0.494707,0.0330963]  Q=1.73101 lambda0=-5.68926 i_gs=2
t_dyson_laplace=0 t_nca=0.110588 t_oca=0
28) Difference between OCA steps=0.00241266
29) nf=1 <<Sz>>=0.055623 Pr(:)=[0.0330884,0.4391,0.494723,0.0330884]  Q=1.73077 lambda0=-5.68953 i_gs=2
t_dyson_laplace=0 t_nca=0.113382 t_oca=0
29) Difference between OCA steps=0.00197836
30) nf=1 <<Sz>>=0.0556368 Pr(:)=[0.0330813,0.4391,0.494737,0.0330813]  Q=1.73058 lambda0=-5.68974 i_gs=2
t_dyson_laplace=0 t_nca=0.11775 t_oca=0
30) Difference between OCA steps=0.00161913
31) nf=1 <<Sz>>=0.0556479 Pr(:)=[0.0330749,0.439101,0.494749,0.0330749]  Q=1.73044 lambda0=-5.6899 i_gs=2
t_dyson_laplace=0 t_nca=0.119247 t_oca=0
31) Difference between OCA steps=0.00132247
32) nf=1 <<Sz>>=0.0556568 Pr(:)=[0.0330693,0.439102,0.494759,0.0330693]  Q=1.73033 lambda0=-5.69003 i_gs=2
t_dyson_laplace=0 t_nca=0.11972 t_oca=0
32) Difference between OCA steps=0.00107794
33) nf=1 <<Sz>>=0.0556639 Pr(:)=[0.0330644,0.439104,0.494768,0.0330644]  Q=1.73025 lambda0=-5.69013 i_gs=2
t_dyson_laplace=0 t_nca=0.1215 t_oca=0
33) Difference between OCA steps=0.000876755
34) nf=1 <<Sz>>=0.0556696 Pr(:)=[0.0330602,0.439105,0.494775,0.0330602]  Q=1.73018 lambda0=-5.69021 i_gs=2
t_dyson_laplace=0 t_nca=0.123871 t_oca=0
34) Difference between OCA steps=0.000711566
35) nf=1 <<Sz>>=0.0556742 Pr(:)=[0.0330566,0.439106,0.494781,0.0330566]  Q=1.73014 lambda0=-5.69027 i_gs=2
t_dyson_laplace=0 t_nca=0.123916 t_oca=0
35) Difference between OCA steps=0.000576589
36) nf=1 <<Sz>>=0.0556779 Pr(:)=[0.0330535,0.439108,0.494785,0.0330535]  Q=1.7301 lambda0=-5.69032 i_gs=2
t_dyson_laplace=0 t_nca=0.125625 t_oca=0
36) Difference between OCA steps=0.000467873
37) nf=1 <<Sz>>=0.0556809 Pr(:)=[0.0330509,0.439109,0.494789,0.0330509]  Q=1.73007 lambda0=-5.69036 i_gs=2
t_dyson_laplace=0 t_nca=0.131091 t_oca=0
37) Difference between OCA steps=0.000379588
38) nf=1 <<Sz>>=0.0556832 Pr(:)=[0.0330488,0.43911,0.494793,0.0330488]  Q=1.73006 lambda0=-5.69039 i_gs=2
t_dyson_laplace=0 t_nca=0.131133 t_oca=0
38) Difference between OCA steps=0.000307594
39) nf=1 <<Sz>>=0.0556851 Pr(:)=[0.033047,0.43911,0.494796,0.033047]  Q=1.73004 lambda0=-5.69041 i_gs=2
t_dyson_laplace=0 t_nca=0.133536 t_oca=0
39) Difference between OCA steps=0.00024884
40) nf=1 <<Sz>>=0.0556866 Pr(:)=[0.0330455,0.439111,0.494798,0.0330455]  Q=1.73003 lambda0=-5.69043 i_gs=2
t_dyson_laplace=0 t_nca=0.133564 t_oca=0
40) Difference between OCA steps=0.000200923
41) nf=1 <<Sz>>=0.0556879 Pr(:)=[0.0330443,0.439112,0.4948,0.0330443]  Q=1.73003 lambda0=-5.69044 i_gs=2
t_dyson_laplace=0 t_nca=0.137804 t_oca=0
41) Difference between OCA steps=0.000161898
42) nf=1 <<Sz>>=0.0556888 Pr(:)=[0.0330433,0.439112,0.494801,0.0330433]  Q=1.73002 lambda0=-5.69045 i_gs=2
t_dyson_laplace=0 t_nca=0.137999 t_oca=0
42) Difference between OCA steps=0.000130171
43) nf=1 <<Sz>>=0.0556896 Pr(:)=[0.0330425,0.439113,0.494802,0.0330425]  Q=1.73002 lambda0=-5.69046 i_gs=2
t_dyson_laplace=0 t_nca=0.140024 t_oca=0
43) Difference between OCA steps=0.000104427
44) nf=1 <<Sz>>=0.0556903 Pr(:)=[0.0330418,0.439113,0.494803,0.0330418]  Q=1.73002 lambda0=-5.69047 i_gs=2
t_dyson_laplace=0 t_nca=0.144797 t_oca=0
44) Difference between OCA steps=8.35826e-05
