Parallel start of bold_ctqmc on process 0 of 8
{
    "Delta": "../boldc_cache/Delta.inp",
    "Ms": 8000000.0,
    "NVrecompute": 5000000,
    "N_min_order": 2,
    "N_rescale_histogram": 1000000,
    "Nbath": 2,
    "Nbin": 512,
    "Ncout": 1000000,
    "Nd": 1,
    "Nitt": 100,
    "Norder": 2,
    "Nrecompute_fake": 50000,
    "Nt": 300,
    "Ntau": 512,
    "PPG": "PPG.",
    "PPSig": "PPSigma.",
    "P_v_P_percent": 0.05,
    "U": 10.0,
    "V0norm": 0.001,
    "beta": 2.1128248468201987,
    "cmpPhysG": false,
    "converge_OCA": true,
    "d_fraction": 3,
    "diff_stop": 0.01,
    "dos": "../python_src/DOS_3D.dat",
    "exe": "mpirun -np 8 ../boldc_cache/boldc",
    "fGf": "Gf.out",
    "fSig": "Sig.out",
    "fastFilesystem": true,
    "iseed": 0,
    "mix": 0.2,
    "mu": 5.0,
    "multiples_last_step": 5,
    "multiples_no_histogram": 3,
    "rescale": 0.4,
    "startGuessVolDiagrams": false,
    "svd_L": 10.0,
    "svd_Nw": 500,
    "svd_lmax": 13,
    "svd_x0": 0.01,
    "tNbin": 200,
    "tsample": 5,
    "warmup": 1
}
iseed=1699377254 in rank 0
Dlt[0,1,1,0]= 1
Dlt[0,1,3,2]= 1
Dlt[0,2,2,0]= 3
Dlt[0,2,3,1]= -3
Dlt[1,0,0,1]= 2
Dlt[1,0,2,3]= 2
Dlt[1,3,2,0]= -3
Dlt[1,3,3,1]= 3
Dlt[2,0,0,2]= 4
Dlt[2,0,1,3]= -4
Dlt[2,3,1,0]= 1
Dlt[2,3,3,2]= 1
Dlt[3,1,0,2]= -4
Dlt[3,1,1,3]= 4
Dlt[3,2,0,1]= 2
Dlt[3,2,2,3]= 2
# Read ../boldc_cache/Delta.inp with 500 entries
setup time=0.00427
svd time=0.083147
last and first singular value=6.88692e-07 0.169208
Final overlap is smaller than 4.33989e-14
log(Zatom)=11.2573 F_atom=-5.32808
0) nf=1 <<Sz>>=0 Pr(:)=[1.29127e-05,0.499987,0.499987,1.29127e-05]  Q=2.00005 lambda0=-5 i_gs=1
t_dyson_laplace=0 t_nca=0.0382252 t_oca=0
0) Difference between OCA steps=1.74599
1) nf=1 <<Sz>>=1.28588e-05 Pr(:)=[0.00682249,0.493171,0.493184,0.00682249]  Q=2.00075 lambda0=-5.12271 i_gs=1
t_dyson_laplace=0 t_nca=0.0483712 t_oca=0
1) Difference between OCA steps=1.38701
2) nf=1 <<Sz>>=2.2646e-05 Pr(:)=[0.012337,0.487652,0.487674,0.012337]  Q=1.99322 lambda0=-5.22336 i_gs=1
t_dyson_laplace=0 t_nca=0.051918 t_oca=0
2) Difference between OCA steps=1.09867
3) nf=1 <<Sz>>=3.01453e-05 Pr(:)=[0.0167961,0.483189,0.483219,0.0167961]  Q=1.98079 lambda0=-5.30585 i_gs=1
t_dyson_laplace=0 t_nca=0.0544553 t_oca=0
3) Difference between OCA steps=0.867722
4) nf=1 <<Sz>>=3.5924e-05 Pr(:)=[0.0203876,0.479594,0.47963,0.0203876]  Q=1.96581 lambda0=-5.37339 i_gs=1
t_dyson_laplace=0 t_nca=0.0544982 t_oca=0
4) Difference between OCA steps=0.683268
5) nf=1 <<Sz>>=4.03987e-05 Pr(:)=[0.0232645,0.476715,0.476756,0.0232645]  Q=1.9499 lambda0=-5.42863 i_gs=1
t_dyson_laplace=0 t_nca=0.0547916 t_oca=0
5) Difference between OCA steps=0.536375
6) nf=1 <<Sz>>=4.38784e-05 Pr(:)=[0.0255542,0.474424,0.474468,0.0255542]  Q=1.93412 lambda0=-5.47373 i_gs=1
t_dyson_laplace=0 t_nca=0.0552674 t_oca=0
6) Difference between OCA steps=0.419738
7) nf=1 <<Sz>>=4.65944e-05 Pr(:)=[0.0273637,0.472613,0.47266,0.0273637]  Q=1.91913 lambda0=-5.5105 i_gs=1
t_dyson_laplace=0 t_nca=0.0559517 t_oca=0
7) Difference between OCA steps=0.327398
8) nf=1 <<Sz>>=4.87212e-05 Pr(:)=[0.0287828,0.471193,0.471242,0.0287828]  Q=1.90531 lambda0=-5.54044 i_gs=1
t_dyson_laplace=0 t_nca=0.0560183 t_oca=0
8) Difference between OCA steps=0.254512
9) nf=1 <<Sz>>=5.03914e-05 Pr(:)=[0.0298868,0.470088,0.470138,0.0298868]  Q=1.89286 lambda0=-5.56477 i_gs=1
t_dyson_laplace=0 t_nca=0.0563125 t_oca=0
9) Difference between OCA steps=0.197158
10) nf=1 <<Sz>>=5.17062e-05 Pr(:)=[0.0307385,0.469236,0.469287,0.0307385]  Q=1.88182 lambda0=-5.58451 i_gs=1
t_dyson_laplace=0 t_nca=0.0565006 t_oca=0
10) Difference between OCA steps=0.152165
11) nf=1 <<Sz>>=5.27437e-05 Pr(:)=[0.0313895,0.468584,0.468637,0.0313895]  Q=1.87218 lambda0=-5.60049 i_gs=1
t_dyson_laplace=0 t_nca=0.0578207 t_oca=0
11) Difference between OCA steps=0.116982
12) nf=1 <<Sz>>=5.35637e-05 Pr(:)=[0.0318822,0.468091,0.468145,0.0318822]  Q=1.86385 lambda0=-5.61342 i_gs=1
t_dyson_laplace=0 t_nca=0.0584842 t_oca=0
12) Difference between OCA steps=0.0895618
13) nf=1 <<Sz>>=5.4213e-05 Pr(:)=[0.032251,0.467722,0.467776,0.032251]  Q=1.85672 lambda0=-5.62385 i_gs=1
t_dyson_laplace=0 t_nca=0.0586492 t_oca=0
13) Difference between OCA steps=0.0682645
14) nf=1 <<Sz>>=5.47279e-05 Pr(:)=[0.0325236,0.467449,0.467504,0.0325236]  Q=1.85067 lambda0=-5.63226 i_gs=1
t_dyson_laplace=0 t_nca=0.0592619 t_oca=0
14) Difference between OCA steps=0.0517825
15) nf=1 <<Sz>>=5.51367e-05 Pr(:)=[0.0327222,0.46725,0.467305,0.0327222]  Q=1.84557 lambda0=-5.63903 i_gs=1
t_dyson_laplace=0 t_nca=0.0632898 t_oca=0
15) Difference between OCA steps=0.0390755
16) nf=1 <<Sz>>=5.54616e-05 Pr(:)=[0.0328645,0.467108,0.467163,0.0328645]  Q=1.84132 lambda0=-5.64446 i_gs=1
t_dyson_laplace=0 t_nca=0.0633508 t_oca=0
16) Difference between OCA steps=0.0293184
17) nf=1 <<Sz>>=5.57202e-05 Pr(:)=[0.0329641,0.467008,0.467064,0.0329641]  Q=1.83778 lambda0=-5.64882 i_gs=1
t_dyson_laplace=0 t_nca=0.0642301 t_oca=0
17) Difference between OCA steps=0.0218585
18) nf=1 <<Sz>>=5.5926e-05 Pr(:)=[0.0330319,0.46694,0.466996,0.0330319]  Q=1.83485 lambda0=-5.65231 i_gs=1
t_dyson_laplace=0 t_nca=0.0642923 t_oca=0
18) Difference between OCA steps=0.0164817
19) nf=1 <<Sz>>=5.60901e-05 Pr(:)=[0.0330763,0.466896,0.466952,0.0330763]  Q=1.83245 lambda0=-5.65509 i_gs=1
t_dyson_laplace=0 t_nca=0.0643381 t_oca=0
19) Difference between OCA steps=0.0133465
20) nf=1 <<Sz>>=5.6221e-05 Pr(:)=[0.0331036,0.466868,0.466925,0.0331036]  Q=1.83048 lambda0=-5.65732 i_gs=1
t_dyson_laplace=0 t_nca=0.0645798 t_oca=0
20) Difference between OCA steps=0.0109827
21) nf=1 <<Sz>>=5.63254e-05 Pr(:)=[0.0331187,0.466853,0.466909,0.0331187]  Q=1.82889 lambda0=-5.65909 i_gs=1
t_dyson_laplace=0 t_nca=0.0646211 t_oca=0
21) Difference between OCA steps=0.00908477
22) nf=1 <<Sz>>=5.64088e-05 Pr(:)=[0.0331253,0.466846,0.466903,0.0331253]  Q=1.82759 lambda0=-5.6605 i_gs=1
t_dyson_laplace=0 t_nca=0.0652232 t_oca=0
22) Difference between OCA steps=0.00752836
23) nf=1 <<Sz>>=5.64754e-05 Pr(:)=[0.0331261,0.466846,0.466902,0.0331261]  Q=1.82655 lambda0=-5.66162 i_gs=1
t_dyson_laplace=0 t_nca=0.0654847 t_oca=0
23) Difference between OCA steps=0.00624038
24) nf=1 <<Sz>>=5.65286e-05 Pr(:)=[0.0331232,0.466849,0.466905,0.0331232]  Q=1.82572 lambda0=-5.6625 i_gs=1
t_dyson_laplace=0 t_nca=0.0657874 t_oca=0
24) Difference between OCA steps=0.00517003
25) nf=1 <<Sz>>=5.65712e-05 Pr(:)=[0.033118,0.466854,0.46691,0.033118]  Q=1.82505 lambda0=-5.66321 i_gs=1
t_dyson_laplace=0 t_nca=0.0663541 t_oca=0
25) Difference between OCA steps=0.0042789
26) nf=1 <<Sz>>=5.66052e-05 Pr(:)=[0.0331115,0.46686,0.466917,0.0331115]  Q=1.82453 lambda0=-5.66376 i_gs=1
t_dyson_laplace=0 t_nca=0.0675622 t_oca=0
26) Difference between OCA steps=0.0035366
27) nf=1 <<Sz>>=5.66325e-05 Pr(:)=[0.0331045,0.466867,0.466924,0.0331045]  Q=1.82411 lambda0=-5.6642 i_gs=1
t_dyson_laplace=0 t_nca=0.0677014 t_oca=0
27) Difference between OCA steps=0.00291841
28) nf=1 <<Sz>>=5.66543e-05 Pr(:)=[0.0330974,0.466874,0.466931,0.0330974]  Q=1.82378 lambda0=-5.66454 i_gs=1
t_dyson_laplace=0 t_nca=0.0680632 t_oca=0
28) Difference between OCA steps=0.00240401
29) nf=1 <<Sz>>=5.66718e-05 Pr(:)=[0.0330906,0.466881,0.466938,0.0330906]  Q=1.82353 lambda0=-5.66482 i_gs=1
t_dyson_laplace=0 t_nca=0.0681161 t_oca=0
29) Difference between OCA steps=0.00197647
30) nf=1 <<Sz>>=5.66858e-05 Pr(:)=[0.0330843,0.466887,0.466944,0.0330843]  Q=1.82333 lambda0=-5.66503 i_gs=1
t_dyson_laplace=0 t_nca=0.0687098 t_oca=0
30) Difference between OCA steps=0.00162165
31) nf=1 <<Sz>>=5.6697e-05 Pr(:)=[0.0330786,0.466893,0.46695,0.0330786]  Q=1.82317 lambda0=-5.6652 i_gs=1
t_dyson_laplace=0 t_nca=0.0690601 t_oca=0
31) Difference between OCA steps=0.00132768
32) nf=1 <<Sz>>=5.6706e-05 Pr(:)=[0.0330734,0.466898,0.466955,0.0330734]  Q=1.82306 lambda0=-5.66533 i_gs=1
t_dyson_laplace=0 t_nca=0.0692402 t_oca=0
32) Difference between OCA steps=0.00108458
33) nf=1 <<Sz>>=5.67132e-05 Pr(:)=[0.0330689,0.466903,0.466959,0.0330689]  Q=1.82297 lambda0=-5.66543 i_gs=1
t_dyson_laplace=0 t_nca=0.0693101 t_oca=0
33) Difference between OCA steps=0.000883959
34) nf=1 <<Sz>>=5.6719e-05 Pr(:)=[0.0330649,0.466907,0.466963,0.0330649]  Q=1.8229 lambda0=-5.66551 i_gs=1
t_dyson_laplace=0 t_nca=0.0694327 t_oca=0
34) Difference between OCA steps=0.000718752
35) nf=1 <<Sz>>=5.67236e-05 Pr(:)=[0.0330616,0.46691,0.466967,0.0330616]  Q=1.82285 lambda0=-5.66557 i_gs=1
t_dyson_laplace=0 t_nca=0.0695395 t_oca=0
35) Difference between OCA steps=0.000583013
36) nf=1 <<Sz>>=5.67273e-05 Pr(:)=[0.0330587,0.466913,0.46697,0.0330587]  Q=1.82281 lambda0=-5.66562 i_gs=1
t_dyson_laplace=0 t_nca=0.0704821 t_oca=0
36) Difference between OCA steps=0.000471745
37) nf=1 <<Sz>>=5.67303e-05 Pr(:)=[0.0330562,0.466915,0.466972,0.0330562]  Q=1.82278 lambda0=-5.66566 i_gs=1
t_dyson_laplace=0 t_nca=0.0705763 t_oca=0
37) Difference between OCA steps=0.00038145
38) nf=1 <<Sz>>=5.67327e-05 Pr(:)=[0.0330542,0.466917,0.466974,0.0330542]  Q=1.82276 lambda0=-5.66569 i_gs=1
t_dyson_laplace=0 t_nca=0.0709565 t_oca=0
38) Difference between OCA steps=0.000308743
39) nf=1 <<Sz>>=5.67346e-05 Pr(:)=[0.0330524,0.466919,0.466976,0.0330524]  Q=1.82275 lambda0=-5.66571 i_gs=1
t_dyson_laplace=0 t_nca=0.0711797 t_oca=0
39) Difference between OCA steps=0.000249679
40) nf=1 <<Sz>>=5.67362e-05 Pr(:)=[0.033051,0.466921,0.466977,0.033051]  Q=1.82274 lambda0=-5.66573 i_gs=1
t_dyson_laplace=0 t_nca=0.0714247 t_oca=0
40) Difference between OCA steps=0.000201584
41) nf=1 <<Sz>>=5.67374e-05 Pr(:)=[0.0330498,0.466922,0.466979,0.0330498]  Q=1.82273 lambda0=-5.66574 i_gs=1
t_dyson_laplace=0 t_nca=0.0718554 t_oca=0
41) Difference between OCA steps=0.000162424
42) nf=1 <<Sz>>=5.67384e-05 Pr(:)=[0.0330489,0.466923,0.46698,0.0330489]  Q=1.82273 lambda0=-5.66575 i_gs=1
t_dyson_laplace=0 t_nca=0.0721983 t_oca=0
42) Difference between OCA steps=0.000130578
43) nf=1 <<Sz>>=5.67392e-05 Pr(:)=[0.0330481,0.466924,0.46698,0.0330481]  Q=1.82272 lambda0=-5.66576 i_gs=1
t_dyson_laplace=0 t_nca=0.0723224 t_oca=0
43) Difference between OCA steps=0.000104727
44) nf=1 <<Sz>>=5.67398e-05 Pr(:)=[0.0330474,0.466924,0.466981,0.0330474]  Q=1.82272 lambda0=-5.66576 i_gs=1
t_dyson_laplace=0 t_nca=0.0726294 t_oca=0
44) Difference between OCA steps=8.37854e-05
