Parallel start of bold_ctqmc on process 0 of 8
{
    "Delta": "../boldc_cache/Delta.inp",
    "Ms": 5000000.0,
    "NVrecompute": 5000000,
    "N_min_order": 2,
    "N_rescale_histogram": 1000000,
    "Nbath": 2,
    "Nbin": 512,
    "Ncout": 1000000,
    "Nd": 1,
    "Nitt": 100,
    "Norder": 4,
    "Nrecompute_fake": 50000,
    "Nt": 300,
    "Ntau": 512,
    "PPG": "PPG.",
    "PPSig": "PPSigma.",
    "P_v_P_percent": 0.05,
    "U": 7.0,
    "V0norm": 0.001,
    "beta": 2.6315789473684212,
    "cmpPhysG": false,
    "converge_OCA": true,
    "d_fraction": 3,
    "diff_stop": 0.01,
    "dos": "../python_src/DOS_3D.dat",
    "exe": "mpirun -np 8 ../boldc_cache/boldc",
    "fGf": "Gf.out",
    "fSig": "Sig.out",
    "fastFilesystem": true,
    "iseed": 0,
    "mix": 0.2,
    "mu": 3.5,
    "multiples_last_step": 5,
    "multiples_no_histogram": 3,
    "rescale": 0.4,
    "startGuessVolDiagrams": false,
    "svd_L": 10.0,
    "svd_Nw": 500,
    "svd_lmax": 13,
    "svd_x0": 0.01,
    "tNbin": 200,
    "tsample": 5,
    "warmup": 1
}
iseed=1698375809 in rank 0
Dlt[0,1,1,0]= 1
Dlt[0,1,3,2]= 1
Dlt[0,2,2,0]= 3
Dlt[0,2,3,1]= -3
Dlt[1,0,0,1]= 2
Dlt[1,0,2,3]= 2
Dlt[1,3,2,0]= -3
Dlt[1,3,3,1]= 3
Dlt[2,0,0,2]= 4
Dlt[2,0,1,3]= -4
Dlt[2,3,1,0]= 1
Dlt[2,3,3,2]= 1
Dlt[3,1,0,2]= -4
Dlt[3,1,1,3]= 4
Dlt[3,2,0,1]= 2
Dlt[3,2,2,3]= 2
# Read ../boldc_cache/Delta.inp with 500 entries
# Read PPSigma.0 with 512 entries
setup time=0.00428
svd time=0.083677
last and first singular value=2.68772e-06 0.169635
Final overlap is smaller than 4.76061e-14
log(Zatom)=9.90377 F_atom=-3.76343
WARNING: Iteration 1 to find ground state old:i_gs=1 and new i_gs=2 old_P=0.381352 new_P=0.405769
0) nf=0.99999 <<Sz>>=0.0240235 Pr(:)=[0.109065,0.378928,0.402952,0.109055]  Q=1.06221 lambda0=-4.98078 i_gs=2
Phi(order=1)=1.13837
t_dyson_laplace=0.0244207 t_nca=0.000723125 t_oca=0 t_ocap=0
Starting with V0=[0.001000,0.000616,0.000380] 
Read histogram.2.dat and set V0norm[2]=0.004 Vol_dig0[2]=2 Vol_diag1[2]=2
Read histogram.3.dat and set V0norm[3]=0.000616441400297 Vol_dig0[3]=5.33333333333 Vol_diag1[3]=5.33333333333
Read histogram.4.dat and set V0norm[4]=4.75e-05 Vol_dig0[4]=27 Vol_diag1[4]=36
From file diags.2 read 8 diagrams.
From file diags.3 read 32 diagrams.
From file diags.4 read 176 diagrams.
on rank=0 update_diags_first_time=0 diag_size=157
Read diagram is of too high/low order not(2<4<2) hence ignoring file status.0
Note: proper status file status.0 not read. Starting from random configuration.
[(0,1),(2,3)] is Reducible=1
[(1,3),(0,2)] should be skeleton
Starting with cdiag=[(3,1),(0,2)] and p=[0,1,3,2]  cDlt=[2,-4]  csgn_dlt=34733675 iseed_distance=1698375817
Note: sampled_data file contains dSml and it was read
Starting with diag=[(3,1),(0,2)] p=[0,1,3,2]  times=[0,0.379599515256,2.02825922117,2.25285556428,2.63157894737]  and dlt=[2,-4] 
P_tree[2..3]=[0.000338483777661,0.000338483777661] P_fake=[0.169241888831,0.169241888831]
   1M <Phi>=[0.1275,0.02521,0.001336]  <s>=[1,0.5895,0.05348]  P_v_P=[0.7971,0.6461,0.6334]  Ndiags=[2,2,2.806,]  Ph_acc=[8.501e+04,9.576e+04,1.495e+05]  Pnrm=[5336,1.249e+04,1.914e+05] 
   2M <Phi>=[0.1273,0.02532,0.001343]  <s>=[1,0.5911,0.05382]  P_v_P=[0.7961,0.6467,0.6334]  Ndiags=[2,2,2.803,]  Ph_acc=[8.81e+04,1.024e+05,1.609e+05]  Pnrm=[5535,1.33e+04,2.048e+05] 
   3M <Phi>=[0.1274,0.02545,0.001335]  <s>=[1,0.5934,0.05346]  P_v_P=[0.7965,0.6476,0.6338]  Ndiags=[2,2,2.818,]  Ph_acc=[9.541e+04,1.108e+05,1.699e+05]  Pnrm=[5991,1.431e+04,2.177e+05] 
   4M <Phi>=[0.1275,0.02544,0.001315]  <s>=[1,0.5931,0.05259]  P_v_P=[0.7972,0.6476,0.6334]  Ndiags=[2,2,2.831,]  Ph_acc=[1.015e+05,1.177e+05,1.777e+05]  Pnrm=[6369,1.521e+04,2.311e+05] 
At the beginning of recalculate: Vol_diagrams0_read=[2,5.33333333333,27]  Vol_diagrams1_read=[2,5.33333333333,36] 
After combining diagrams from all nodes, we obtain the following volumes: Vol_diagrams0=[2,5.33333333333,27]  Vol_diagrams1=[2,5.33333333333,36] 
#stored diags:
#norder ndiag <weight>
 2       3 298.347192134
 3      20 208.698171027
 4     134 227.254284309
 diagVol1=[2,5.333333333,36]  diagVol0=[2,5.333333333,27] 
t acceptance_rate=0.777387 d acceptance=1 d/t=0.00863513
Quantities averaged over all cores:
 factor=[1.14711e-06,2.03823e-07,6.99579e-09] 
 factor2=[4.21922e-06,7.44059e-07,2.57535e-08] 
 V0norm=[0.004,0.000616441,4.75e-05] 
 Pnorm=[6974.02,16130.1,244433] 
 N_measure=[236687,456219,6.67113e+06] 
 <s>=[1,0.592027,0.0505097]  overlap=[0.965329,0.904593,-1.7004] 
 Phi_tot=[0.127371,0.0253218,0.00127025] 
t_changet=3.06468 t_diag_change=0.956944 t_measure=0.844223 t_Vrecmp=0 t_Fake_recmp=0.0705585
t_diag_change:skel=0.129618 t_diag_change:topol=0.71602 t_diag_change:choose=0.0665279 t_diag_change:numericv=0.0447722 t_diag_change:diff=0.255688 t_snext=0.157087
Phi=[1.06221,1.13837,0.127371,0.0253218,0.00127025]  log(Z)=2.35455 Fimp=-5.00371 -beta*Fimp=13.1677 lmbda0=-4.98078 U<nn>0.763385
0) nf=0.99999 <<S>>=0.0240235 Prb(:)=[0.109065,0.378928,0.402952,0.109055]  lambda0=-4.98078
0) Difference between previous and this step=0.00236464
This should be the last iteration
1) nf=0.999993 <<Sz>>=0.0237243 Pr(:)=[0.109025,0.379116,0.402841,0.109018]  Q=1.06245 lambda0=-4.98052 i_gs=2
Phi(order=1)=1.13864
t_dyson_laplace=0.0334809 t_nca=0.00211492 t_oca=0 t_ocap=0
Starting with V0=[0.001000,0.000616,0.000380] 
Read histogram.2.dat and set V0norm[2]=0.004 Vol_dig0[2]=2 Vol_diag1[2]=2
Read histogram.3.dat and set V0norm[3]=0.000616441400297 Vol_dig0[3]=5.33333333333 Vol_diag1[3]=5.33333333333
Read histogram.4.dat and set V0norm[4]=4.75e-05 Vol_dig0[4]=27 Vol_diag1[4]=36
From file diags.2 read 8 diagrams.
From file diags.3 read 32 diagrams.
From file diags.4 read 176 diagrams.
on rank=0 update_diags_first_time=0 diag_size=157
Read diagram is of too high/low order not(2<4<2) hence ignoring file status.0
Note: proper status file status.0 not read. Starting from random configuration.
[(0,1),(2,3)] is Reducible=1
[(0,2),(1,3)] should be skeleton
Starting with cdiag=[(0,2),(3,1)] and p=[0,2,3,1]  cDlt=[2,-4]  csgn_dlt=34733675 iseed_distance=1713996260
Note: sampled_data file contains dSml and it was read
Starting with diag=[(0,2),(3,1)] p=[0,2,3,1]  times=[0,0.844689184133,0.858898243947,0.965968430323,2.63157894737]  and dlt=[2,-4] 
P_tree[2..3]=[0.00132083650385,0.00132083650385] P_fake=[0.660418251925,0.660418251925]
   1M <Phi>=[0.1275,0.02526,0.001269]  <s>=[1,0.5909,0.05051]  P_v_P=[0.7962,0.645,0.6328]  Ndiags=[2,2,2.781,]  Ph_acc=[4.83e+04,5.643e+04,8.256e+04]  Pnrm=[3031,7344,1.112e+05] 
   2M <Phi>=[0.1271,0.02515,0.001223]  <s>=[1,0.5884,0.04838]  P_v_P=[0.7955,0.6457,0.6324]  Ndiags=[2,2,2.837,]  Ph_acc=[5.394e+04,6.154e+04,8.93e+04]  Pnrm=[3394,8045,1.249e+05] 
   3M <Phi>=[0.1272,0.0252,0.00117]  <s>=[1,0.5905,0.04591]  P_v_P=[0.7945,0.6457,0.6325]  Ndiags=[2,2,2.851,]  Ph_acc=[5.898e+04,6.906e+04,9.45e+04]  Pnrm=[3709,9009,1.381e+05] 
   4M <Phi>=[0.1272,0.02522,0.001166]  <s>=[1,0.5914,0.04572]  P_v_P=[0.7939,0.6454,0.6324]  Ndiags=[2,2,2.853,]  Ph_acc=[6.384e+04,7.519e+04,1.034e+05]  Pnrm=[4014,9801,1.517e+05] 
   5M <Phi>=[0.1275,0.02549,0.00114]  <s>=[1,0.5967,0.0446]  P_v_P=[0.7946,0.6457,0.6326]  Ndiags=[2,2,2.863,]  Ph_acc=[6.956e+04,8.242e+04,1.101e+05]  Pnrm=[4363,1.063e+04,1.652e+05] 
   6M <Phi>=[0.1274,0.02559,0.001159]  <s>=[1,0.5983,0.04545]  P_v_P=[0.7946,0.6455,0.6324]  Ndiags=[2,2,2.86,]  Ph_acc=[7.612e+04,8.909e+04,1.21e+05]  Pnrm=[4779,1.145e+04,1.785e+05] 
   7M <Phi>=[0.1275,0.02553,0.001152]  <s>=[1,0.597,0.04518]  P_v_P=[0.7946,0.6459,0.6324]  Ndiags=[2,2,2.868,]  Ph_acc=[8.08e+04,9.45e+04,1.295e+05]  Pnrm=[5071,1.217e+04,1.921e+05] 
   8M <Phi>=[0.1277,0.02568,0.001151]  <s>=[1,0.6,0.04509]  P_v_P=[0.7951,0.6465,0.6324]  Ndiags=[2,2,2.867,]  Ph_acc=[8.686e+04,1.013e+05,1.383e+05]  Pnrm=[5441,1.297e+04,2.054e+05] 
   9M <Phi>=[0.1278,0.02563,0.001116]  <s>=[1,0.5984,0.04353]  P_v_P=[0.7956,0.6467,0.6324]  Ndiags=[2,2,2.872,]  Ph_acc=[9.166e+04,1.071e+05,1.429e+05]  Pnrm=[5739,1.374e+04,2.189e+05] 
  10M <Phi>=[0.1278,0.02558,0.001106]  <s>=[1,0.5967,0.04304]  P_v_P=[0.796,0.6473,0.6325]  Ndiags=[2,2,2.875,]  Ph_acc=[9.607e+04,1.132e+05,1.503e+05]  Pnrm=[6012,1.455e+04,2.324e+05] 
  11M <Phi>=[0.1278,0.02559,0.0011]  <s>=[1,0.597,0.04272]  P_v_P=[0.7958,0.6472,0.6325]  Ndiags=[2,2,2.879,]  Ph_acc=[1.015e+05,1.202e+05,1.581e+05]  Pnrm=[6355,1.544e+04,2.457e+05] 
  12M <Phi>=[0.1276,0.02559,0.001123]  <s>=[1,0.5973,0.04374]  P_v_P=[0.795,0.6468,0.6325]  Ndiags=[2,2,2.879,]  Ph_acc=[1.059e+05,1.27e+05,1.701e+05]  Pnrm=[6642,1.631e+04,2.591e+05] 
