Parallel start of bold_ctqmc on process 0 of 8
{
    "Delta": "../boldc_cache/Delta.inp",
    "Ms": 5000000.0,
    "NVrecompute": 5000000,
    "N_min_order": 2,
    "N_rescale_histogram": 1000000,
    "Nbath": 2,
    "Nbin": 512,
    "Ncout": 1000000,
    "Nd": 1,
    "Nitt": 100,
    "Norder": 4,
    "Nrecompute_fake": 50000,
    "Nt": 300,
    "Ntau": 512,
    "PPG": "PPG.",
    "PPSig": "PPSigma.",
    "P_v_P_percent": 0.05,
    "U": 7.0,
    "V0norm": 0.001,
    "beta": 2.380952380952381,
    "cmpPhysG": false,
    "converge_OCA": true,
    "d_fraction": 3,
    "diff_stop": 0.01,
    "dos": "../python_src/DOS_3D.dat",
    "exe": "mpirun -np 8 ../boldc_cache/boldc",
    "fGf": "Gf.out",
    "fSig": "Sig.out",
    "fastFilesystem": true,
    "iseed": 0,
    "mix": 0.2,
    "mu": 3.5,
    "multiples_last_step": 5,
    "multiples_no_histogram": 3,
    "rescale": 0.4,
    "startGuessVolDiagrams": false,
    "svd_L": 10.0,
    "svd_Nw": 500,
    "svd_lmax": 13,
    "svd_x0": 0.01,
    "tNbin": 200,
    "tsample": 5,
    "warmup": 1
}
iseed=1698930775 in rank 0
Dlt[0,1,1,0]= 1
Dlt[0,1,3,2]= 1
Dlt[0,2,2,0]= 3
Dlt[0,2,3,1]= -3
Dlt[1,0,0,1]= 2
Dlt[1,0,2,3]= 2
Dlt[1,3,2,0]= -3
Dlt[1,3,3,1]= 3
Dlt[2,0,0,2]= 4
Dlt[2,0,1,3]= -4
Dlt[2,3,1,0]= 1
Dlt[2,3,3,2]= 1
Dlt[3,1,0,2]= -4
Dlt[3,1,1,3]= 4
Dlt[3,2,0,1]= 2
Dlt[3,2,2,3]= 2
# Read ../boldc_cache/Delta.inp with 500 entries
# Read PPSigma.0 with 512 entries
setup time=0.00429
svd time=0.080496
last and first singular value=1.48269e-06 0.169439
Final overlap is smaller than 5.40252e-14
log(Zatom)=9.02672 F_atom=-3.79122
WARNING: Iteration 1 to find ground state old:i_gs=1 and new i_gs=2 old_P=0.371569 new_P=0.386325
0) nf=0.999977 <<Sz>>=0.0145841 Pr(:)=[0.122618,0.370102,0.384686,0.122595]  Q=1.03337 lambda0=-5.21324 i_gs=2
Phi(order=1)=1.08345
t_dyson_laplace=0.0168929 t_nca=0.0704029 t_oca=0 t_ocap=0
Starting with V0=[0.001000,0.000648,0.000420] 
Read histogram.2.dat and set V0norm[2]=0.004 Vol_dig0[2]=2 Vol_diag1[2]=2
Read histogram.3.dat and set V0norm[3]=0.000648074069841 Vol_dig0[3]=5.33333333333 Vol_diag1[3]=5.33333333333
Read histogram.4.dat and set V0norm[4]=0.000105 Vol_dig0[4]=27 Vol_diag1[4]=36
From file diags.2 read 4 diagrams.
From file diags.3 read 16 diagrams.
From file diags.4 read 88 diagrams.
on rank=0 update_diags_first_time=0 diag_size=94
Read diagram is of too high/low order not(2<4<2) hence ignoring file status.0
Note: proper status file status.0 not read. Starting from random configuration.
[(0,1),(2,3)] is Reducible=1
[(1,3),(0,2)] should be skeleton
Starting with cdiag=[(3,1),(0,2)] and p=[0,2,3,1]  cDlt=[-4,2]  csgn_dlt=46562923 iseed_distance=1698930783
Note: sampled_data file contains dSml and it was read
Starting with diag=[(3,1),(0,2)] p=[0,2,3,1]  times=[0,0.352870926623,0.984353115719,1.44848650333,2.38095238095]  and dlt=[-4,2] 
P_tree[2..3]=[0.000129796243751,0.000129796243751] P_fake=[0.0648981218756,0.0648981218756]
   1M <Phi>=[0.1483,0.03147,0.0009497]  <s>=[1,0.5816,0.0215]  P_v_P=[0.9154,0.7648,0.385]  Ndiags=[2,2,2.997,]  Ph_acc=[4.943e+04,6.501e+04,6.649e+04]  Pnrm=[2667,7140,2.646e+05] 
   2M <Phi>=[0.1443,0.03002,0.0009198]  <s>=[1,0.5832,0.02176]  P_v_P=[0.8954,0.73,0.3634]  Ndiags=[2,2,2.957,]  Ph_acc=[5.357e+04,7.121e+04,7.321e+04]  Pnrm=[2969,8199,3.009e+05] 
   3M <Phi>=[0.1393,0.02898,0.0009343]  <s>=[1,0.5839,0.02353]  P_v_P=[0.8656,0.7051,0.3473]  Ndiags=[2,2,2.938,]  Ph_acc=[6.127e+04,7.705e+04,8.3e+04]  Pnrm=[3519,9191,3.358e+05] 
   4M <Phi>=[0.1369,0.02815,0.0009221]  <s>=[1,0.5876,0.02404]  P_v_P=[0.8517,0.682,0.3336]  Ndiags=[2,2,2.932,]  Ph_acc=[6.586e+04,8.359e+04,9.066e+04]  Pnrm=[3848,1.026e+04,3.716e+05] 
At the beginning of recalculate: Vol_diagrams0_read=[2,5.33333333333,27]  Vol_diagrams1_read=[2,5.33333333333,36] 
After combining diagrams from all nodes, we obtain the following volumes: Vol_diagrams0=[2,5.33333333333,27]  Vol_diagrams1=[2,5.33333333333,36] 
#stored diags:
#norder ndiag <weight>
 2       3 323.006530793
 3      14 283.732470408
 4      77 391.799137633
 diagVol1=[2,5.333333333,36]  diagVol0=[2,5.333333333,27] 
t acceptance_rate=0.811513 d acceptance=1 d/t=0.00857307
Quantities averaged over all cores:
 factor=[1.88215e-06,2.9631e-07,9.29155e-09] 
 factor2=[4.17297e-06,6.60002e-07,2.10782e-08] 
 V0norm=[0.004,0.000648074,0.000105] 
 Pnorm=[4250.47,11664.8,406821] 
 N_measure=[151563,339827,6.04191e+06] 
 <s>=[1,0.579089,0.0237069]  overlap=[0.973761,0.920684,-2.66901] 
 Phi_tot=[0.134148,0.0267724,0.000893315] 
t_changet=2.33321 t_diag_change=0.690476 t_measure=0.418013 t_Vrecmp=0 t_Fake_recmp=0.0533653
t_diag_change:skel=0.0916415 t_diag_change:topol=0.524376 t_diag_change:choose=0.0434944 t_diag_change:numericv=0.0309609 t_diag_change:diff=0.255353 t_snext=0.117578
Phi=[1.03337,1.08345,0.134148,0.0267724,0.000893315]  log(Z)=2.27864 Fimp=-5.22702 -beta*Fimp=12.4453 lmbda0=-5.21324 U<nn>0.858162
0) nf=0.999977 <<S>>=0.0145841 Prb(:)=[0.122618,0.370102,0.384686,0.122595]  lambda0=-5.21324
0) Difference between previous and this step=0.390034
1) nf=0.999979 <<Sz>>=0.01443 Pr(:)=[0.118474,0.374322,0.388752,0.118452]  Q=1.03865 lambda0=-5.17228 i_gs=2
Phi(order=1)=1.08968
t_dyson_laplace=0.0270035 t_nca=0.070456 t_oca=0 t_ocap=0
Starting with V0=[0.001000,0.000648,0.000420] 
Read histogram.2.dat and set V0norm[2]=0.004 Vol_dig0[2]=2 Vol_diag1[2]=2
Read histogram.3.dat and set V0norm[3]=0.000648074069841 Vol_dig0[3]=5.33333333333 Vol_diag1[3]=5.33333333333
Read histogram.4.dat and set V0norm[4]=0.000105 Vol_dig0[4]=27 Vol_diag1[4]=36
From file diags.2 read 4 diagrams.
From file diags.3 read 16 diagrams.
From file diags.4 read 88 diagrams.
on rank=0 update_diags_first_time=0 diag_size=94
Read diagram is of too high/low order not(2<4<2) hence ignoring file status.0
Note: proper status file status.0 not read. Starting from random configuration.
[(0,1),(2,3)] is Reducible=1
[(0,2),(1,3)] should be skeleton
Starting with cdiag=[(0,2),(3,1)] and p=[0,1,3,2]  cDlt=[-4,2]  csgn_dlt=46562923 iseed_distance=1714542328
Note: sampled_data file contains dSml and it was read
Starting with diag=[(0,2),(3,1)] p=[0,1,3,2]  times=[0,0.110261352834,0.265941073318,1.71142470216,2.38095238095]  and dlt=[-4,2] 
P_tree[2..3]=[0.000830838790261,0.000830838790261] P_fake=[0.41541939513,0.41541939513]
   1M <Phi>=[0.1298,0.02586,0.0008043]  <s>=[1,0.5859,0.02127]  P_v_P=[0.8134,0.6345,0.3029]  Ndiags=[2,2,2.921,]  Ph_acc=[3.48e+04,4.289e+04,4.191e+04]  Pnrm=[2144,5732,1.97e+05] 
   2M <Phi>=[0.1275,0.02546,0.0008398]  <s>=[1,0.5935,0.02398]  P_v_P=[0.8005,0.6144,0.2898]  Ndiags=[2,2,2.894,]  Ph_acc=[3.944e+04,4.883e+04,5.151e+04]  Pnrm=[2475,6629,2.319e+05] 
   3M <Phi>=[0.1249,0.02488,0.0008535]  <s>=[1,0.5959,0.02539]  P_v_P=[0.7832,0.5983,0.2801]  Ndiags=[2,2,2.901,]  Ph_acc=[4.578e+04,5.542e+04,6.01e+04]  Pnrm=[2932,7699,2.662e+05] 
   4M <Phi>=[0.1236,0.02435,0.0008916]  <s>=[1,0.5935,0.02809]  P_v_P=[0.7748,0.588,0.2724]  Ndiags=[2,2,2.889,]  Ph_acc=[5.037e+04,6.052e+04,7.105e+04]  Pnrm=[3259,8591,3.012e+05] 
At the beginning of recalculate: Vol_diagrams0_read=[2,5.33333333333,27]  Vol_diagrams1_read=[2,5.33333333333,36] 
After combining diagrams from all nodes, we obtain the following volumes: Vol_diagrams0=[2,5.33333333333,27]  Vol_diagrams1=[2,5.33333333333,36] 
#stored diags:
#norder ndiag <weight>
 2       3 292.617350173
 3      14 279.724122417
 4      77 395.498787425
 diagVol1=[2,5.333333333,36]  diagVol0=[2,5.333333333,27] 
t acceptance_rate=0.809185 d acceptance=1 d/t=0.0085747
Quantities averaged over all cores:
 factor=[2.28692e-06,3.65443e-07,1.12181e-08] 
 factor2=[4.44946e-06,7.21258e-07,2.1696e-08] 
 V0norm=[0.004,0.000648074,0.000105] 
 Pnorm=[3498.16,9458.09,336954] 
 N_measure=[114894,243667,4.25476e+06] 
 <s>=[1,0.58529,0.0229367]  overlap=[0.971143,0.91789,-2.44091] 
 Phi_tot=[0.122961,0.023714,0.000776461] 
t_changet=2.45656 t_diag_change=0.733893 t_measure=0.41991 t_Vrecmp=0 t_Fake_recmp=0.0577912
t_diag_change:skel=0.097706 t_diag_change:topol=0.556919 t_diag_change:choose=0.0465182 t_diag_change:numericv=0.0327455 t_diag_change:diff=0.26241 t_snext=0.121654
Phi=[1.03865,1.08968,0.122961,0.023714,0.000776461]  log(Z)=2.27578 Fimp=-5.18821 -beta*Fimp=12.3529 lmbda0=-5.17228 U<nn>0.829166
1) nf=0.999979 <<S>>=0.01443 Prb(:)=[0.118474,0.374322,0.388752,0.118452]  lambda0=-5.17228
1) Difference between previous and this step=0.343108
2) nf=0.99997 <<Sz>>=0.0143653 Pr(:)=[0.114736,0.378096,0.392461,0.114706]  Q=1.04766 lambda0=-5.13249 i_gs=2
Phi(order=1)=1.10156
t_dyson_laplace=0.0360123 t_nca=0.0709362 t_oca=0 t_ocap=0
Starting with V0=[0.001000,0.000648,0.000420] 
Read histogram.2.dat and set V0norm[2]=0.004 Vol_dig0[2]=2 Vol_diag1[2]=2
Read histogram.3.dat and set V0norm[3]=0.000648074069841 Vol_dig0[3]=5.33333333333 Vol_diag1[3]=5.33333333333
Read histogram.4.dat and set V0norm[4]=0.000105 Vol_dig0[4]=27 Vol_diag1[4]=36
From file diags.2 read 4 diagrams.
From file diags.3 read 16 diagrams.
From file diags.4 read 88 diagrams.
on rank=0 update_diags_first_time=0 diag_size=94
Read diagram is of too high/low order not(2<4<2) hence ignoring file status.0
Note: proper status file status.0 not read. Starting from random configuration.
[(0,1),(2,3)] is Reducible=1
[(1,3),(0,2)] should be skeleton
Starting with cdiag=[(3,1),(0,2)] and p=[0,1,3,2]  cDlt=[2,-4]  csgn_dlt=46562923 iseed_distance=1730154827
Note: sampled_data file contains dSml and it was read
Starting with diag=[(3,1),(0,2)] p=[0,1,3,2]  times=[0,0.944859214266,1.45033614595,2.0356977064,2.38095238095]  and dlt=[2,-4] 
P_tree[2..3]=[0.000111769311636,0.000111769311636] P_fake=[0.0558846558182,0.0558846558182]
   1M <Phi>=[0.122,0.02291,0.0007831]  <s>=[1,0.5801,0.02404]  P_v_P=[0.7604,0.5701,0.2575]  Ndiags=[2,2,2.977,]  Ph_acc=[2.731e+04,3.143e+04,3.484e+04]  Pnrm=[1791,4743,1.682e+05] 
   2M <Phi>=[0.1207,0.02294,0.0007672]  <s>=[1,0.5877,0.02372]  P_v_P=[0.7525,0.5615,0.2523]  Ndiags=[2,2,2.968,]  Ph_acc=[3.298e+04,3.703e+04,4.097e+04]  Pnrm=[2187,5578,2.019e+05] 
   3M <Phi>=[0.1199,0.02203,0.0007438]  <s>=[1,0.5739,0.02278]  P_v_P=[0.7481,0.5517,0.2484]  Ndiags=[2,2,2.958,]  Ph_acc=[3.997e+04,4.199e+04,4.623e+04]  Pnrm=[2666,6587,2.35e+05] 
   4M <Phi>=[0.1197,0.02168,0.0008164]  <s>=[1,0.5686,0.02694]  P_v_P=[0.7468,0.5478,0.2455]  Ndiags=[2,2,2.928,]  Ph_acc=[4.457e+04,4.696e+04,5.799e+04]  Pnrm=[2979,7488,2.685e+05] 
At the beginning of recalculate: Vol_diagrams0_read=[2,5.33333333333,27]  Vol_diagrams1_read=[2,5.33333333333,36] 
After combining diagrams from all nodes, we obtain the following volumes: Vol_diagrams0=[2,5.33333333333,27]  Vol_diagrams1=[2,5.33333333333,36] 
#stored diags:
#norder ndiag <weight>
 2       3 290.654937824
 3      14 283.670410331
 4      77 396.52226082
 diagVol1=[2,5.333333333,36]  diagVol0=[2,5.333333333,27] 
t acceptance_rate=0.808382 d acceptance=1 d/t=0.00860013
Quantities averaged over all cores:
 factor=[2.50401e-06,4.07853e-07,1.25127e-08] 
 factor2=[4.45532e-06,7.36754e-07,2.25926e-08] 
 V0norm=[0.004,0.000648074,0.000105] 
 Pnorm=[3194.87,8474.62,302093] 
 N_measure=[101710,206177,3.53744e+06] 
 <s>=[1,0.574708,0.02301]  overlap=[0.969833,0.912146,-2.32743] 
 Phi_tot=[0.118951,0.021897,0.000738878] 
t_changet=2.42358 t_diag_change=0.732877 t_measure=0.427801 t_Vrecmp=0 t_Fake_recmp=0.0539582
t_diag_change:skel=0.0977474 t_diag_change:topol=0.55592 t_diag_change:choose=0.0467915 t_diag_change:numericv=0.0324103 t_diag_change:diff=0.265217 t_snext=0.123613
Phi=[1.04766,1.10156,0.118951,0.021897,0.000738878]  log(Z)=2.29081 Fimp=-5.15204 -beta*Fimp=12.2668 lmbda0=-5.13249 U<nn>0.802942
2) nf=0.99997 <<S>>=0.0143653 Prb(:)=[0.114736,0.378096,0.392461,0.114706]  lambda0=-5.13249
2) Difference between previous and this step=0.275476
3) nf=0.999966 <<Sz>>=0.0142873 Pr(:)=[0.111695,0.381178,0.395465,0.111661]  Q=1.05858 lambda0=-5.09714 i_gs=2
Phi(order=1)=1.1163
t_dyson_laplace=0.0449908 t_nca=0.0710204 t_oca=0 t_ocap=0
Starting with V0=[0.001000,0.000648,0.000420] 
Read histogram.2.dat and set V0norm[2]=0.004 Vol_dig0[2]=2 Vol_diag1[2]=2
Read histogram.3.dat and set V0norm[3]=0.000648074069841 Vol_dig0[3]=5.33333333333 Vol_diag1[3]=5.33333333333
Read histogram.4.dat and set V0norm[4]=0.000105 Vol_dig0[4]=27 Vol_diag1[4]=36
From file diags.2 read 4 diagrams.
From file diags.3 read 16 diagrams.
From file diags.4 read 88 diagrams.
on rank=0 update_diags_first_time=0 diag_size=94
Read diagram is of too high/low order not(2<4<2) hence ignoring file status.0
Note: proper status file status.0 not read. Starting from random configuration.
[(0,1),(2,3)] is Reducible=1
[(0,2),(1,3)] should be skeleton
Starting with cdiag=[(0,2),(3,1)] and p=[0,2,3,1]  cDlt=[2,-4]  csgn_dlt=46562923 iseed_distance=1745770940
Note: sampled_data file contains dSml and it was read
Starting with diag=[(0,2),(3,1)] p=[0,2,3,1]  times=[0,1.0976430096,1.74274348036,2.33771419262,2.38095238095]  and dlt=[2,-4] 
P_tree[2..3]=[0.000362743003251,0.000362743003251] P_fake=[0.181371501626,0.181371501626]
   1M <Phi>=[0.1188,0.02161,0.0007767]  <s>=[1,0.5679,0.02529]  P_v_P=[0.7444,0.5449,0.2414]  Ndiags=[2,2,2.941,]  Ph_acc=[2.514e+04,2.678e+04,3.143e+04]  Pnrm=[1692,4285,1.53e+05] 
   2M <Phi>=[0.1186,0.02185,0.0007408]  <s>=[1,0.572,0.02306]  P_v_P=[0.7424,0.5467,0.2404]  Ndiags=[2,2,2.934,]  Ph_acc=[3.185e+04,3.199e+04,3.625e+04]  Pnrm=[2147,5061,1.85e+05] 
   3M <Phi>=[0.1189,0.02242,0.0007581]  <s>=[1,0.5897,0.02419]  P_v_P=[0.7437,0.5444,0.2398]  Ndiags=[2,2,2.905,]  Ph_acc=[3.584e+04,4.031e+04,4.348e+04]  Pnrm=[2412,6213,2.168e+05] 
   4M <Phi>=[0.1186,0.02241,0.0006742]  <s>=[1,0.5909,0.01954]  P_v_P=[0.7418,0.543,0.2389]  Ndiags=[2,2,2.915,]  Ph_acc=[4.027e+04,4.671e+04,4.447e+04]  Pnrm=[2716,7205,2.493e+05] 
At the beginning of recalculate: Vol_diagrams0_read=[2,5.33333333333,27]  Vol_diagrams1_read=[2,5.33333333333,36] 
After combining diagrams from all nodes, we obtain the following volumes: Vol_diagrams0=[2,5.33333333333,27]  Vol_diagrams1=[2,5.33333333333,36] 
#stored diags:
#norder ndiag <weight>
 2       3 284.013448763
 3      14 288.340915812
 4      77 391.969951107
 diagVol1=[2,5.333333333,36]  diagVol0=[2,5.333333333,27] 
t acceptance_rate=0.806337 d acceptance=1 d/t=0.00859566
Quantities averaged over all cores:
 factor=[2.6684e-06,4.29585e-07,1.3437e-08] 
 factor2=[4.65088e-06,7.42346e-07,2.35549e-08] 
 V0norm=[0.004,0.000648074,0.000105] 
 Pnorm=[2998.05,8045.89,281313] 
 N_measure=[95413.5,194452,3.24826e+06] 
 <s>=[1,0.582889,0.0258951]  overlap=[0.96858,0.912936,-2.0912] 
 Phi_tot=[0.118915,0.0220568,0.000786324] 
t_changet=2.44143 t_diag_change=0.740707 t_measure=0.478337 t_Vrecmp=0 t_Fake_recmp=0.0595555
t_diag_change:skel=0.0975675 t_diag_change:topol=0.560762 t_diag_change:choose=0.0501356 t_diag_change:numericv=0.0322338 t_diag_change:diff=0.273221 t_snext=0.12127
Phi=[1.05858,1.1163,0.118915,0.0220568,0.000786324]  log(Z)=2.31665 Fimp=-5.12105 -beta*Fimp=12.193 lmbda0=-5.09714 U<nn>0.781628
3) nf=0.999966 <<S>>=0.0142873 Prb(:)=[0.111695,0.381178,0.395465,0.111661]  lambda0=-5.09714
3) Difference between previous and this step=0.201275
4) nf=0.999976 <<Sz>>=0.0141935 Pr(:)=[0.109495,0.383421,0.397614,0.10947]  Q=1.06965 lambda0=-5.06809 i_gs=2
Phi(order=1)=1.13135
t_dyson_laplace=0.0535955 t_nca=0.0715827 t_oca=0 t_ocap=0
Starting with V0=[0.001000,0.000648,0.000420] 
Read histogram.2.dat and set V0norm[2]=0.004 Vol_dig0[2]=2 Vol_diag1[2]=2
Read histogram.3.dat and set V0norm[3]=0.000648074069841 Vol_dig0[3]=5.33333333333 Vol_diag1[3]=5.33333333333
Read histogram.4.dat and set V0norm[4]=0.000105 Vol_dig0[4]=27 Vol_diag1[4]=36
From file diags.2 read 4 diagrams.
From file diags.3 read 16 diagrams.
From file diags.4 read 88 diagrams.
on rank=0 update_diags_first_time=0 diag_size=94
Read diagram is of too high/low order not(2<4<2) hence ignoring file status.0
Note: proper status file status.0 not read. Starting from random configuration.
[(0,1),(2,3)] is Reducible=1
[(0,2),(1,3)] should be skeleton
Starting with cdiag=[(0,2),(3,1)] and p=[0,1,3,2]  cDlt=[-4,2]  csgn_dlt=46562923 iseed_distance=1761384341
Note: sampled_data file contains dSml and it was read
Starting with diag=[(0,2),(3,1)] p=[0,1,3,2]  times=[0,0.0134046755032,0.551072705676,1.41018137894,2.38095238095]  and dlt=[-4,2] 
P_tree[2..3]=[0.000391190707341,0.000391190707341] P_fake=[0.19559535367,0.19559535367]
   1M <Phi>=[0.1197,0.02173,0.0009947]  <s>=[1,0.5691,0.03704]  P_v_P=[0.7484,0.5462,0.2408]  Ndiags=[2,2,2.849,]  Ph_acc=[2.148e+04,2.537e+04,3.778e+04]  Pnrm=[1435,4034,1.436e+05] 
   2M <Phi>=[0.1203,0.02185,0.001072]  <s>=[1,0.57,0.04134]  P_v_P=[0.751,0.5485,0.2417]  Ndiags=[2,2,2.861,]  Ph_acc=[2.729e+04,3.168e+04,4.943e+04]  Pnrm=[1814,5010,1.742e+05] 
   3M <Phi>=[0.1207,0.02161,0.001035]  <s>=[1,0.5644,0.03926]  P_v_P=[0.7538,0.5482,0.2425]  Ndiags=[2,2,2.867,]  Ph_acc=[3.412e+04,3.739e+04,5.607e+04]  Pnrm=[2260,5981,2.047e+05] 
   4M <Phi>=[0.1211,0.02146,0.001017]  <s>=[1,0.5607,0.03815]  P_v_P=[0.7562,0.5483,0.2427]  Ndiags=[2,2,2.879,]  Ph_acc=[3.829e+04,4.28e+04,6.351e+04]  Pnrm=[2529,6893,2.361e+05] 
At the beginning of recalculate: Vol_diagrams0_read=[2,5.33333333333,27]  Vol_diagrams1_read=[2,5.33333333333,36] 
After combining diagrams from all nodes, we obtain the following volumes: Vol_diagrams0=[2,5.33333333333,27]  Vol_diagrams1=[2,5.33333333333,36] 
#stored diags:
#norder ndiag <weight>
 2       3 269.788256881
 3      14 289.512225823
 4      77 393.652381773
 diagVol1=[2,5.333333333,36]  diagVol0=[2,5.333333333,27] 
t acceptance_rate=0.805406 d acceptance=1 d/t=0.00858691
Quantities averaged over all cores:
 factor=[2.80167e-06,4.45243e-07,1.41216e-08] 
 factor2=[4.83027e-06,7.60554e-07,2.43637e-08] 
 V0norm=[0.004,0.000648074,0.000105] 
 Pnorm=[2855.44,7762.93,267674] 
 N_measure=[91951,190463,3.13284e+06] 
 <s>=[1,0.581449,0.0257684]  overlap=[0.967974,0.910231,-2.1396] 
 Phi_tot=[0.120427,0.0223727,0.0007962] 
t_changet=2.41539 t_diag_change=0.717845 t_measure=0.422412 t_Vrecmp=0 t_Fake_recmp=0.0568352
t_diag_change:skel=0.0958073 t_diag_change:topol=0.545833 t_diag_change:choose=0.044963 t_diag_change:numericv=0.0312385 t_diag_change:diff=0.261923 t_snext=0.120878
Phi=[1.06965,1.13135,0.120427,0.0223727,0.0007962]  log(Z)=2.3446 Fimp=-5.09637 -beta*Fimp=12.1342 lmbda0=-5.06809 U<nn>0.766293
4) nf=0.999976 <<S>>=0.0141935 Prb(:)=[0.109495,0.383421,0.397614,0.10947]  lambda0=-5.06809
4) Difference between previous and this step=0.139095
5) nf=0.999974 <<Sz>>=0.0141575 Pr(:)=[0.108029,0.384905,0.399063,0.108003]  Q=1.08002 lambda0=-5.04503 i_gs=2
Phi(order=1)=1.14551
t_dyson_laplace=0.0616665 t_nca=0.0716807 t_oca=0 t_ocap=0
Starting with V0=[0.001000,0.000648,0.000420] 
Read histogram.2.dat and set V0norm[2]=0.004 Vol_dig0[2]=2 Vol_diag1[2]=2
Read histogram.3.dat and set V0norm[3]=0.000648074069841 Vol_dig0[3]=5.33333333333 Vol_diag1[3]=5.33333333333
Read histogram.4.dat and set V0norm[4]=0.000105 Vol_dig0[4]=27 Vol_diag1[4]=36
From file diags.2 read 4 diagrams.
From file diags.3 read 16 diagrams.
From file diags.4 read 88 diagrams.
on rank=0 update_diags_first_time=0 diag_size=94
Read diagram is of too high/low order not(2<4<2) hence ignoring file status.0
Note: proper status file status.0 not read. Starting from random configuration.
[(0,1),(2,3)] is Reducible=1
[(1,3),(0,2)] should be skeleton
Starting with cdiag=[(3,1),(0,2)] and p=[0,2,3,1]  cDlt=[-4,2]  csgn_dlt=46562923 iseed_distance=1776995309
Note: sampled_data file contains dSml and it was read
Starting with diag=[(3,1),(0,2)] p=[0,2,3,1]  times=[0,2.07427907952,2.12256665019,2.20437568091,2.38095238095]  and dlt=[-4,2] 
P_tree[2..3]=[0.00901833197457,0.00901833197457] P_fake=[4.50916598728,4.50916598728]
   1M <Phi>=[0.1211,0.0219,0.000898]  <s>=[1,0.5669,0.03081]  P_v_P=[0.7574,0.5552,0.2454]  Ndiags=[2,2,2.905,]  Ph_acc=[2.192e+04,2.415e+04,3.266e+04]  Pnrm=[1448,3813,1.375e+05] 
   2M <Phi>=[0.1215,0.02254,0.0009157]  <s>=[1,0.5777,0.03159]  P_v_P=[0.7604,0.5608,0.247]  Ndiags=[2,2,2.909,]  Ph_acc=[2.432e+04,2.87e+04,4.088e+04]  Pnrm=[1602,4401,1.688e+05] 
   3M <Phi>=[0.1222,0.02256,0.0009241]  <s>=[1,0.5759,0.0318]  P_v_P=[0.7644,0.563,0.2481]  Ndiags=[2,2,2.916,]  Ph_acc=[2.962e+04,3.378e+04,4.869e+04]  Pnrm=[1940,5176,1.992e+05] 
   4M <Phi>=[0.1226,0.02261,0.0008391]  <s>=[1,0.5749,0.02721]  P_v_P=[0.7668,0.5649,0.2485]  Ndiags=[2,2,2.935,]  Ph_acc=[3.584e+04,3.92e+04,5.095e+04]  Pnrm=[2339,5993,2.295e+05] 
At the beginning of recalculate: Vol_diagrams0_read=[2,5.33333333333,27]  Vol_diagrams1_read=[2,5.33333333333,36] 
After combining diagrams from all nodes, we obtain the following volumes: Vol_diagrams0=[2,5.33333333333,27]  Vol_diagrams1=[2,5.33333333333,36] 
#stored diags:
#norder ndiag <weight>
 2       3 272.677947379
 3      14 270.845300483
 4      77 398.374797992
 diagVol1=[2,5.333333333,36]  diagVol0=[2,5.333333333,27] 
t acceptance_rate=0.803723 d acceptance=1 d/t=0.00858121
Quantities averaged over all cores:
 factor=[2.99382e-06,4.66017e-07,1.46429e-08] 
 factor2=[5.22879e-06,8.0163e-07,2.50204e-08] 
 V0norm=[0.004,0.000648074,0.000105] 
 Pnorm=[2672.17,7416.88,258146] 
 N_measure=[87670.5,185956,3.09247e+06] 
 <s>=[1,0.57831,0.026157]  overlap=[0.967685,0.911258,-2.14034] 
 Phi_tot=[0.122837,0.0227737,0.000818191] 
t_changet=2.45155 t_diag_change=0.731976 t_measure=0.483654 t_Vrecmp=0 t_Fake_recmp=0.0580696
t_diag_change:skel=0.0952755 t_diag_change:topol=0.557878 t_diag_change:choose=0.046954 t_diag_change:numericv=0.0318677 t_diag_change:diff=0.264387 t_snext=0.120236
Phi=[1.08002,1.14551,0.122837,0.0227737,0.000818191]  log(Z)=2.37196 Fimp=-5.07737 -beta*Fimp=12.089 lmbda0=-5.04503 U<nn>0.756019
5) nf=0.999974 <<S>>=0.0141575 Prb(:)=[0.108029,0.384905,0.399063,0.108003]  lambda0=-5.04503
5) Difference between previous and this step=0.091271
6) nf=1.00001 <<Sz>>=0.0141277 Pr(:)=[0.107134,0.385795,0.399923,0.107147]  Q=1.08915 lambda0=-5.02735 i_gs=2
Phi(order=1)=1.15803
t_dyson_laplace=0.0697913 t_nca=0.0719786 t_oca=0 t_ocap=0
Starting with V0=[0.001000,0.000648,0.000420] 
Read histogram.2.dat and set V0norm[2]=0.004 Vol_dig0[2]=2 Vol_diag1[2]=2
Read histogram.3.dat and set V0norm[3]=0.000648074069841 Vol_dig0[3]=5.33333333333 Vol_diag1[3]=5.33333333333
Read histogram.4.dat and set V0norm[4]=0.000105 Vol_dig0[4]=27 Vol_diag1[4]=36
From file diags.2 read 4 diagrams.
From file diags.3 read 16 diagrams.
From file diags.4 read 88 diagrams.
on rank=0 update_diags_first_time=0 diag_size=94
Read diagram is of too high/low order not(2<4<2) hence ignoring file status.0
Note: proper status file status.0 not read. Starting from random configuration.
[(0,1),(2,3)] is Reducible=1
[(1,3),(0,2)] should be skeleton
Starting with cdiag=[(3,1),(0,2)] and p=[0,2,3,1]  cDlt=[-4,2]  csgn_dlt=46562923 iseed_distance=1792608185
Note: sampled_data file contains dSml and it was read
Starting with diag=[(3,1),(0,2)] p=[0,2,3,1]  times=[0,0.64331601596,1.65256884232,2.27991237636,2.38095238095]  and dlt=[-4,2] 
P_tree[2..3]=[0.000239606740475,0.000239606740475] P_fake=[0.119803370237,0.119803370237]
   1M <Phi>=[0.1236,0.02358,0.00062]  <s>=[1,0.5941,0.01569]  P_v_P=[0.7721,0.5701,0.2522]  Ndiags=[2,2,2.919,]  Ph_acc=[2.28e+04,2.536e+04,2.179e+04]  Pnrm=[1476,3717,1.329e+05] 
   2M <Phi>=[0.1245,0.02361,0.0006949]  <s>=[1,0.5915,0.01935]  P_v_P=[0.7786,0.572,0.2539]  Ndiags=[2,2,2.907,]  Ph_acc=[2.896e+04,3.171e+04,2.979e+04]  Pnrm=[1862,4643,1.62e+05] 
   3M <Phi>=[0.1247,0.02388,0.0006683]  <s>=[1,0.5945,0.01796]  P_v_P=[0.7801,0.5758,0.2551]  Ndiags=[2,2,2.915,]  Ph_acc=[3.592e+04,3.751e+04,3.382e+04]  Pnrm=[2304,5430,1.913e+05] 
   4M <Phi>=[0.1248,0.02404,0.000761]  <s>=[1,0.5965,0.02265]  P_v_P=[0.7804,0.5776,0.256]  Ndiags=[2,2,2.898,]  Ph_acc=[4.037e+04,4.307e+04,4.45e+04]  Pnrm=[2588,6191,2.211e+05] 
At the beginning of recalculate: Vol_diagrams0_read=[2,5.33333333333,27]  Vol_diagrams1_read=[2,5.33333333333,36] 
After combining diagrams from all nodes, we obtain the following volumes: Vol_diagrams0=[2,5.33333333333,27]  Vol_diagrams1=[2,5.33333333333,36] 
#stored diags:
#norder ndiag <weight>
 2       3 325.547043299
 3      14 275.508329501
 4      77 393.430007243
 diagVol1=[2,5.333333333,36]  diagVol0=[2,5.333333333,27] 
t acceptance_rate=0.802059 d acceptance=1 d/t=0.00853483
Quantities averaged over all cores:
 factor=[3.02876e-06,4.93341e-07,1.5044e-08] 
 factor2=[5.08751e-06,8.55682e-07,2.55396e-08] 
 V0norm=[0.004,0.000648074,0.000105] 
 Pnorm=[2641.35,7006.1,251264] 
 N_measure=[88083,179103,3.07925e+06] 
 <s>=[1,0.580089,0.0296408]  overlap=[0.967253,0.912415,-1.9543] 
 Phi_tot=[0.124993,0.0233203,0.000901941] 
t_changet=2.42842 t_diag_change=0.720618 t_measure=0.46813 t_Vrecmp=0 t_Fake_recmp=0.0533735
t_diag_change:skel=0.0952695 t_diag_change:topol=0.54579 t_diag_change:choose=0.0464772 t_diag_change:numericv=0.0330796 t_diag_change:diff=0.258376 t_snext=0.120609
Phi=[1.08915,1.15803,0.124993,0.0233203,0.000901941]  log(Z)=2.3964 Fimp=-5.06321 -beta*Fimp=12.0553 lmbda0=-5.02735 U<nn>0.750031
6) nf=1.00001 <<S>>=0.0141277 Prb(:)=[0.107134,0.385795,0.399923,0.107147]  lambda0=-5.02735
6) Difference between previous and this step=0.0574277
7) nf=1.00003 <<Sz>>=0.0141317 Pr(:)=[0.106703,0.386214,0.400346,0.106736]  Q=1.09677 lambda0=-5.01414 i_gs=2
Phi(order=1)=1.1686
t_dyson_laplace=0.0778398 t_nca=0.0720665 t_oca=0 t_ocap=0
Starting with V0=[0.001000,0.000648,0.000420] 
Read histogram.2.dat and set V0norm[2]=0.004 Vol_dig0[2]=2 Vol_diag1[2]=2
Read histogram.3.dat and set V0norm[3]=0.000648074069841 Vol_dig0[3]=5.33333333333 Vol_diag1[3]=5.33333333333
Read histogram.4.dat and set V0norm[4]=0.000105 Vol_dig0[4]=27 Vol_diag1[4]=36
From file diags.2 read 4 diagrams.
From file diags.3 read 16 diagrams.
From file diags.4 read 88 diagrams.
on rank=0 update_diags_first_time=0 diag_size=94
Read diagram is of too high/low order not(2<4<2) hence ignoring file status.0
Note: proper status file status.0 not read. Starting from random configuration.
[(0,1),(2,3)] is Reducible=1
[(1,3),(0,2)] should be skeleton
Starting with cdiag=[(3,1),(0,2)] and p=[0,1,3,2]  cDlt=[2,-4]  csgn_dlt=46562923 iseed_distance=1808217631
Note: sampled_data file contains dSml and it was read
Starting with diag=[(3,1),(0,2)] p=[0,1,3,2]  times=[0,0.0554059072657,1.4433655025,1.6811446419,2.38095238095]  and dlt=[2,-4] 
P_tree[2..3]=[0.000877918437406,0.000877918437406] P_fake=[0.438959218703,0.438959218703]
   1M <Phi>=[0.126,0.02348,0.0009041]  <s>=[1,0.5791,0.0296]  P_v_P=[0.7874,0.5838,0.2593]  Ndiags=[2,2,2.914,]  Ph_acc=[2.256e+04,2.441e+04,3.093e+04]  Pnrm=[1433,3593,1.293e+05] 
   2M <Phi>=[0.1268,0.02408,0.0009551]  <s>=[1,0.5884,0.03201]  P_v_P=[0.7925,0.5854,0.2606]  Ndiags=[2,2,2.904,]  Ph_acc=[2.6e+04,3.084e+04,4.006e+04]  Pnrm=[1641,4428,1.585e+05] 
   3M <Phi>=[0.1269,0.02462,0.0009374]  <s>=[1,0.6002,0.0311]  P_v_P=[0.7931,0.5871,0.2614]  Ndiags=[2,2,2.917,]  Ph_acc=[2.977e+04,3.723e+04,4.66e+04]  Pnrm=[1877,5225,1.879e+05] 
   4M <Phi>=[0.1267,0.02372,0.0008539]  <s>=[1,0.5773,0.02678]  P_v_P=[0.7921,0.588,0.2618]  Ndiags=[2,2,2.922,]  Ph_acc=[3.656e+04,4.201e+04,4.897e+04]  Pnrm=[2308,6121,2.168e+05] 
At the beginning of recalculate: Vol_diagrams0_read=[2,5.33333333333,27]  Vol_diagrams1_read=[2,5.33333333333,36] 
After combining diagrams from all nodes, we obtain the following volumes: Vol_diagrams0=[2,5.33333333333,27]  Vol_diagrams1=[2,5.33333333333,36] 
#stored diags:
#norder ndiag <weight>
 2       3 291.486273313
 3      14 277.852245952
 4      77 392.482754977
 diagVol1=[2,5.333333333,36]  diagVol0=[2,5.333333333,27] 
t acceptance_rate=0.802216 d acceptance=1 d/t=0.00858915
Quantities averaged over all cores:
 factor=[3.00795e-06,4.94667e-07,1.54017e-08] 
 factor2=[4.99039e-06,8.25925e-07,2.60831e-08] 
 V0norm=[0.004,0.000648074,0.000105] 
 Pnorm=[2659.62,6987.31,245427] 
 N_measure=[90364.3,182228,3.06598e+06] 
 <s>=[1,0.58051,0.028397]  overlap=[0.967657,0.912233,-2.0763] 
 Phi_tot=[0.127492,0.0238648,0.000893641] 
t_changet=2.44201 t_diag_change=0.731521 t_measure=0.407551 t_Vrecmp=0 t_Fake_recmp=0.0579923
t_diag_change:skel=0.0966446 t_diag_change:topol=0.55644 t_diag_change:choose=0.0457066 t_diag_change:numericv=0.0327273 t_diag_change:diff=0.268184 t_snext=0.121105
Phi=[1.09677,1.1686,0.127492,0.0238648,0.000893641]  log(Z)=2.41762 Fimp=-5.05293 -beta*Fimp=12.0308 lmbda0=-5.01414 U<nn>0.747153
7) nf=1.00003 <<S>>=0.0141317 Prb(:)=[0.106703,0.386214,0.400346,0.106736]  lambda0=-5.01414
7) Difference between previous and this step=0.0467825
8) nf=1.00004 <<Sz>>=0.0141175 Pr(:)=[0.106596,0.386327,0.400445,0.106632]  Q=1.10289 lambda0=-5.00468 i_gs=2
Phi(order=1)=1.17708
t_dyson_laplace=0.0869095 t_nca=0.0722105 t_oca=0 t_ocap=0
Starting with V0=[0.001000,0.000648,0.000420] 
Read histogram.2.dat and set V0norm[2]=0.004 Vol_dig0[2]=2 Vol_diag1[2]=2
Read histogram.3.dat and set V0norm[3]=0.000648074069841 Vol_dig0[3]=5.33333333333 Vol_diag1[3]=5.33333333333
Read histogram.4.dat and set V0norm[4]=0.000105 Vol_dig0[4]=27 Vol_diag1[4]=36
From file diags.2 read 4 diagrams.
From file diags.3 read 16 diagrams.
From file diags.4 read 88 diagrams.
on rank=0 update_diags_first_time=0 diag_size=94
Read diagram is of too high/low order not(2<4<2) hence ignoring file status.0
Note: proper status file status.0 not read. Starting from random configuration.
[(0,1),(2,3)] is Reducible=1
[(1,3),(0,2)] should be skeleton
Starting with cdiag=[(3,1),(0,2)] and p=[0,1,3,2]  cDlt=[2,-4]  csgn_dlt=46562923 iseed_distance=1823829249
Note: sampled_data file contains dSml and it was read
Starting with diag=[(3,1),(0,2)] p=[0,1,3,2]  times=[0,0.405844325197,1.5152905904,1.6345890529,2.38095238095]  and dlt=[2,-4] 
P_tree[2..3]=[0.000295714537524,0.000295714537524] P_fake=[0.147857268762,0.147857268762]
   1M <Phi>=[0.1279,0.02476,0.0009865]  <s>=[1,0.5977,0.03292]  P_v_P=[0.8019,0.5932,0.2648]  Ndiags=[2,2,2.88,]  Ph_acc=[2.381e+04,2.676e+04,3.287e+04]  Pnrm=[1489,3735,1.259e+05] 
   2M <Phi>=[0.1283,0.02517,0.0009101]  <s>=[1,0.6026,0.02895]  P_v_P=[0.8039,0.5961,0.2652]  Ndiags=[2,2,2.937,]  Ph_acc=[2.696e+04,3.194e+04,3.745e+04]  Pnrm=[1681,4386,1.556e+05] 
   3M <Phi>=[0.1285,0.02485,0.0009299]  <s>=[1,0.5952,0.02997]  P_v_P=[0.8049,0.5962,0.2666]  Ndiags=[2,2,2.924,]  Ph_acc=[3.016e+04,3.627e+04,4.541e+04]  Pnrm=[1878,5043,1.846e+05] 
   4M <Phi>=[0.1287,0.02523,0.0008351]  <s>=[1,0.6036,0.02522]  P_v_P=[0.8062,0.597,0.2667]  Ndiags=[2,2,2.919,]  Ph_acc=[3.587e+04,4.231e+04,4.718e+04]  Pnrm=[2229,5796,2.136e+05] 
At the beginning of recalculate: Vol_diagrams0_read=[2,5.33333333333,27]  Vol_diagrams1_read=[2,5.33333333333,36] 
After combining diagrams from all nodes, we obtain the following volumes: Vol_diagrams0=[2,5.33333333333,27]  Vol_diagrams1=[2,5.33333333333,36] 
#stored diags:
#norder ndiag <weight>
 2       3 254.384218029
 3      14 266.61915988
 4      77 396.184356353
 diagVol1=[2,5.333333333,36]  diagVol0=[2,5.333333333,27] 
t acceptance_rate=0.802429 d acceptance=1 d/t=0.00856371
Quantities averaged over all cores:
 factor=[2.98354e-06,5.02673e-07,1.56491e-08] 
 factor2=[4.9458e-06,8.46926e-07,2.63641e-08] 
 V0norm=[0.004,0.000648074,0.000105] 
 Pnorm=[2681.38,6876.03,241548] 
 N_measure=[92207.3,182407,3.06081e+06] 
 <s>=[1,0.58186,0.0271123]  overlap=[0.967892,0.913768,-2.18837] 
 Phi_tot=[0.129144,0.0243532,0.000876595] 
t_changet=2.70472 t_diag_change=0.817628 t_measure=0.623365 t_Vrecmp=0 t_Fake_recmp=0.0668403
t_diag_change:skel=0.107154 t_diag_change:topol=0.627102 t_diag_change:choose=0.0488402 t_diag_change:numericv=0.0345302 t_diag_change:diff=0.287943 t_snext=0.133655
Phi=[1.10289,1.17708,0.129144,0.0243532,0.000876595]  log(Z)=2.43435 Fimp=-5.04581 -beta*Fimp=12.0138 lmbda0=-5.00468 U<nn>0.746427
8) nf=1.00004 <<S>>=0.0141175 Prb(:)=[0.106596,0.386327,0.400445,0.106632]  lambda0=-5.00468
8) Difference between previous and this step=0.040573
9) nf=1.00003 <<Sz>>=0.0141445 Pr(:)=[0.106686,0.386226,0.40037,0.106718]  Q=1.10764 lambda0=-4.99798 i_gs=2
Phi(order=1)=1.18372
t_dyson_laplace=0.0961649 t_nca=0.0724578 t_oca=0 t_ocap=0
Starting with V0=[0.001000,0.000648,0.000420] 
Read histogram.2.dat and set V0norm[2]=0.004 Vol_dig0[2]=2 Vol_diag1[2]=2
Read histogram.3.dat and set V0norm[3]=0.000648074069841 Vol_dig0[3]=5.33333333333 Vol_diag1[3]=5.33333333333
Read histogram.4.dat and set V0norm[4]=0.000105 Vol_dig0[4]=27 Vol_diag1[4]=36
From file diags.2 read 4 diagrams.
From file diags.3 read 16 diagrams.
From file diags.4 read 88 diagrams.
on rank=0 update_diags_first_time=0 diag_size=94
Read diagram is of too high/low order not(2<4<2) hence ignoring file status.0
Note: proper status file status.0 not read. Starting from random configuration.
[(0,1),(2,3)] is Reducible=1
[(0,2),(1,3)] should be skeleton
Starting with cdiag=[(0,2),(3,1)] and p=[0,2,3,1]  cDlt=[2,-4]  csgn_dlt=46562923 iseed_distance=1839444427
Note: sampled_data file contains dSml and it was read
Starting with diag=[(0,2),(3,1)] p=[0,2,3,1]  times=[0,0.978666689456,1.24259954127,1.72954246101,2.38095238095]  and dlt=[2,-4] 
P_tree[2..3]=[0.000144525931278,0.000144525931278] P_fake=[0.0722629656389,0.0722629656389]
   1M <Phi>=[0.1289,0.02431,0.0006954]  <s>=[1,0.5764,0.01813]  P_v_P=[0.8099,0.6042,0.2685]  Ndiags=[2,2,2.946,]  Ph_acc=[2.177e+04,2.479e+04,2.307e+04]  Pnrm=[1352,3525,1.254e+05] 
   2M <Phi>=[0.1295,0.02375,0.0006475]  <s>=[1,0.563,0.01573]  P_v_P=[0.8124,0.6051,0.2698]  Ndiags=[2,2,2.924,]  Ph_acc=[2.641e+04,3.043e+04,2.634e+04]  Pnrm=[1632,4429,1.538e+05] 
   3M <Phi>=[0.1295,0.02404,0.0007894]  <s>=[1,0.5698,0.02262]  P_v_P=[0.8123,0.6053,0.2707]  Ndiags=[2,2,2.903,]  Ph_acc=[3.024e+04,3.646e+04,3.806e+04]  Pnrm=[1868,5242,1.823e+05] 
   4M <Phi>=[0.1299,0.02428,0.0007826]  <s>=[1,0.5732,0.02221]  P_v_P=[0.8139,0.6074,0.2709]  Ndiags=[2,2,2.911,]  Ph_acc=[3.756e+04,4.382e+04,4.347e+04]  Pnrm=[2313,6240,2.1e+05] 
At the beginning of recalculate: Vol_diagrams0_read=[2,5.33333333333,27]  Vol_diagrams1_read=[2,5.33333333333,36] 
After combining diagrams from all nodes, we obtain the following volumes: Vol_diagrams0=[2,5.33333333333,27]  Vol_diagrams1=[2,5.33333333333,36] 
#stored diags:
#norder ndiag <weight>
 2       3 305.240346282
 3      14 285.710260464
 4      77 389.653140558
 diagVol1=[2,5.333333333,36]  diagVol0=[2,5.333333333,27] 
t acceptance_rate=0.800894 d acceptance=1 d/t=0.00853808
Quantities averaged over all cores:
 factor=[3.04692e-06,4.97805e-07,1.58383e-08] 
 factor2=[5.15116e-06,8.24352e-07,2.66117e-08] 
 V0norm=[0.004,0.000648074,0.000105] 
 Pnorm=[2625.6,6943.27,238662] 
 N_measure=[90783.4,185763,3.05762e+06] 
 <s>=[1,0.587797,0.0221048]  overlap=[0.967223,0.913826,-2.62914] 
 Phi_tot=[0.129883,0.0248453,0.000780525] 
t_changet=2.36575 t_diag_change=0.701319 t_measure=0.432767 t_Vrecmp=0 t_Fake_recmp=0.0582953
t_diag_change:skel=0.0923981 t_diag_change:topol=0.533386 t_diag_change:choose=0.0444179 t_diag_change:numericv=0.0311082 t_diag_change:diff=0.256888 t_snext=0.118634
Phi=[1.10764,1.18372,0.129883,0.0248453,0.000780525]  log(Z)=2.44687 Fimp=-5.04092 -beta*Fimp=12.0022 lmbda0=-4.99798 U<nn>0.747026
9) nf=1.00003 <<S>>=0.0141445 Prb(:)=[0.106686,0.386226,0.40037,0.106718]  lambda0=-4.99798
9) Difference between previous and this step=0.0358914
10) nf=1 <<Sz>>=0.0141151 Pr(:)=[0.10689,0.386051,0.400166,0.106894]  Q=1.1113 lambda0=-4.99317 i_gs=2
Phi(order=1)=1.18893
t_dyson_laplace=0.104412 t_nca=0.0725352 t_oca=0 t_ocap=0
Starting with V0=[0.001000,0.000648,0.000420] 
Read histogram.2.dat and set V0norm[2]=0.004 Vol_dig0[2]=2 Vol_diag1[2]=2
Read histogram.3.dat and set V0norm[3]=0.000648074069841 Vol_dig0[3]=5.33333333333 Vol_diag1[3]=5.33333333333
Read histogram.4.dat and set V0norm[4]=0.000105 Vol_dig0[4]=27 Vol_diag1[4]=36
From file diags.2 read 4 diagrams.
From file diags.3 read 16 diagrams.
From file diags.4 read 88 diagrams.
on rank=0 update_diags_first_time=0 diag_size=94
Read diagram is of too high/low order not(2<3<2) hence ignoring file status.0
Note: proper status file status.0 not read. Starting from random configuration.
[(0,1),(2,3)] is Reducible=1
[(0,2),(1,3)] should be skeleton
Starting with cdiag=[(0,2),(3,1)] and p=[0,1,3,2]  cDlt=[-4,2]  csgn_dlt=46562923 iseed_distance=1855051378
Note: sampled_data file contains dSml and it was read
Starting with diag=[(0,2),(3,1)] p=[0,1,3,2]  times=[0,0.205740573761,0.694281691659,1.78109895393,2.38095238095]  and dlt=[-4,2] 
P_tree[2..3]=[0.000193615041843,0.000193615041843] P_fake=[0.0968075209217,0.0968075209217]
   1M <Phi>=[0.1311,0.02538,0.000915]  <s>=[1,0.595,0.02856]  P_v_P=[0.8161,0.609,0.2721]  Ndiags=[2,2,2.908,]  Ph_acc=[2.472e+04,2.62e+04,2.978e+04]  Pnrm=[1509,3568,1.23e+05] 
   2M <Phi>=[0.1312,0.02528,0.0008753]  <s>=[1,0.5922,0.02669]  P_v_P=[0.8157,0.61,0.2726]  Ndiags=[2,2,2.921,]  Ph_acc=[2.735e+04,3.169e+04,3.519e+04]  Pnrm=[1668,4332,1.52e+05] 
   3M <Phi>=[0.1313,0.02484,0.0007816]  <s>=[1,0.5817,0.02204]  P_v_P=[0.8169,0.6103,0.2727]  Ndiags=[2,2,2.94,]  Ph_acc=[3.279e+04,3.729e+04,3.727e+04]  Pnrm=[1998,5189,1.802e+05] 
   4M <Phi>=[0.1314,0.02474,0.0007952]  <s>=[1,0.5778,0.02253]  P_v_P=[0.8183,0.612,0.2732]  Ndiags=[2,2,2.941,]  Ph_acc=[3.765e+04,4.29e+04,4.385e+04]  Pnrm=[2292,5994,2.085e+05] 
At the beginning of recalculate: Vol_diagrams0_read=[2,5.33333333333,27]  Vol_diagrams1_read=[2,5.33333333333,36] 
After combining diagrams from all nodes, we obtain the following volumes: Vol_diagrams0=[2,5.33333333333,27]  Vol_diagrams1=[2,5.33333333333,36] 
#stored diags:
#norder ndiag <weight>
 2       3 289.789895617
 3      14 282.162481964
 4      77 397.461423213
 diagVol1=[2,5.333333333,36]  diagVol0=[2,5.333333333,27] 
t acceptance_rate=0.801375 d acceptance=1 d/t=0.00856656
Quantities averaged over all cores:
 factor=[3.14279e-06,5.02846e-07,1.59933e-08] 
 factor2=[5.3502e-06,8.43773e-07,2.68305e-08] 
 V0norm=[0.004,0.000648074,0.000105] 
 Pnorm=[2545.51,6873.67,236349] 
 N_measure=[88887.9,185924,3.05885e+06] 
 <s>=[1,0.582313,0.0248444]  overlap=[0.967771,0.912012,-2.38164] 
 Phi_tot=[0.131255,0.0249046,0.000844326] 
t_changet=2.4039 t_diag_change=0.726896 t_measure=0.409023 t_Vrecmp=0 t_Fake_recmp=0.0586208
t_diag_change:skel=0.0948723 t_diag_change:topol=0.551773 t_diag_change:choose=0.0452476 t_diag_change:numericv=0.0349988 t_diag_change:diff=0.264233 t_snext=0.120177
Phi=[1.1113,1.18893,0.131255,0.0249046,0.000844326]  log(Z)=2.45723 Fimp=-5.0375 -beta*Fimp=11.994 lmbda0=-4.99317 U<nn>0.748255
10) nf=1 <<S>>=0.0141151 Prb(:)=[0.10689,0.386051,0.400166,0.106894]  lambda0=-4.99317
10) Difference between previous and this step=0.0313454
11) nf=0.999981 <<Sz>>=0.0141417 Pr(:)=[0.107154,0.385785,0.399927,0.107134]  Q=1.11393 lambda0=-4.99005 i_gs=2
Phi(order=1)=1.19268
t_dyson_laplace=0.112968 t_nca=0.0726526 t_oca=0 t_ocap=0
Starting with V0=[0.001000,0.000648,0.000420] 
Read histogram.2.dat and set V0norm[2]=0.004 Vol_dig0[2]=2 Vol_diag1[2]=2
Read histogram.3.dat and set V0norm[3]=0.000648074069841 Vol_dig0[3]=5.33333333333 Vol_diag1[3]=5.33333333333
Read histogram.4.dat and set V0norm[4]=0.000105 Vol_dig0[4]=27 Vol_diag1[4]=36
From file diags.2 read 4 diagrams.
From file diags.3 read 16 diagrams.
From file diags.4 read 88 diagrams.
on rank=0 update_diags_first_time=0 diag_size=94
Read diagram is of too high/low order not(2<4<2) hence ignoring file status.0
Note: proper status file status.0 not read. Starting from random configuration.
[(0,1),(2,3)] is Reducible=1
[(1,3),(0,2)] should be skeleton
Starting with cdiag=[(3,1),(0,2)] and p=[0,2,3,1]  cDlt=[-4,2]  csgn_dlt=46562923 iseed_distance=1870659157
Note: sampled_data file contains dSml and it was read
Starting with diag=[(3,1),(0,2)] p=[0,2,3,1]  times=[0,0.703494801597,0.834949406177,1.99679969093,2.38095238095]  and dlt=[-4,2] 
P_tree[2..3]=[0.000326916449656,0.000326916449656] P_fake=[0.163458224828,0.163458224828]
   1M <Phi>=[0.1315,0.02544,0.0009461]  <s>=[1,0.59,0.02969]  P_v_P=[0.8201,0.6163,0.2749]  Ndiags=[2,2,2.865,]  Ph_acc=[2.066e+04,2.549e+04,3.073e+04]  Pnrm=[1257,3464,1.228e+05] 
   2M <Phi>=[0.1314,0.02559,0.001054]  <s>=[1,0.5944,0.03487]  P_v_P=[0.8214,0.6168,0.2755]  Ndiags=[2,2,2.849,]  Ph_acc=[2.723e+04,3.23e+04,4.191e+04]  Pnrm=[1658,4362,1.503e+05] 
   3M <Phi>=[0.1316,0.02583,0.0009172]  <s>=[1,0.6,0.02823]  P_v_P=[0.8224,0.6166,0.2751]  Ndiags=[2,2,2.889,]  Ph_acc=[3.244e+04,3.86e+04,4.338e+04]  Pnrm=[1972,5165,1.788e+05] 
   4M <Phi>=[0.1319,0.02578,0.0009907]  <s>=[1,0.5983,0.03151]  P_v_P=[0.8241,0.6175,0.2758]  Ndiags=[2,2,2.882,]  Ph_acc=[3.839e+04,4.501e+04,5.408e+04]  Pnrm=[2329,6035,2.063e+05] 
At the beginning of recalculate: Vol_diagrams0_read=[2,5.33333333333,27]  Vol_diagrams1_read=[2,5.33333333333,36] 
After combining diagrams from all nodes, we obtain the following volumes: Vol_diagrams0=[2,5.33333333333,27]  Vol_diagrams1=[2,5.33333333333,36] 
#stored diags:
#norder ndiag <weight>
 2       3 303.873564731
 3      14 281.942380749
 4      77 392.707621499
 diagVol1=[2,5.333333333,36]  diagVol0=[2,5.333333333,27] 
t acceptance_rate=0.800633 d acceptance=1 d/t=0.00858202
Quantities averaged over all cores:
 factor=[3.13891e-06,5.11678e-07,1.60714e-08] 
 factor2=[5.22721e-06,8.62902e-07,2.68733e-08] 
 V0norm=[0.004,0.000648074,0.000105] 
 Pnorm=[2548.66,6755.02,235200] 
 N_measure=[89240.9,183883,3.06034e+06] 
 <s>=[1,0.585826,0.0292253]  overlap=[0.96755,0.913199,-2.07108] 
 Phi_tot=[0.13165,0.0252139,0.000940257] 
t_changet=2.29321 t_diag_change=0.692678 t_measure=0.433946 t_Vrecmp=0 t_Fake_recmp=0.0542145
t_diag_change:skel=0.0929358 t_diag_change:topol=0.525354 t_diag_change:choose=0.0429411 t_diag_change:numericv=0.0314397 t_diag_change:diff=0.246984 t_snext=0.11659
Phi=[1.11393,1.19268,0.13165,0.0252139,0.000940257]  log(Z)=2.46441 Fimp=-5.03536 -beta*Fimp=11.989 lmbda0=-4.99005 U<nn>0.749941
11) nf=0.999981 <<S>>=0.0141417 Prb(:)=[0.107154,0.385785,0.399927,0.107134]  lambda0=-4.99005
11) Difference between previous and this step=0.0273263
12) nf=0.999963 <<Sz>>=0.0140001 Pr(:)=[0.107438,0.385581,0.399581,0.107401]  Q=1.11589 lambda0=-4.98793 i_gs=2
Phi(order=1)=1.19549
t_dyson_laplace=0.121194 t_nca=0.0728771 t_oca=0 t_ocap=0
Starting with V0=[0.001000,0.000648,0.000420] 
Read histogram.2.dat and set V0norm[2]=0.004 Vol_dig0[2]=2 Vol_diag1[2]=2
Read histogram.3.dat and set V0norm[3]=0.000648074069841 Vol_dig0[3]=5.33333333333 Vol_diag1[3]=5.33333333333
Read histogram.4.dat and set V0norm[4]=0.000105 Vol_dig0[4]=27 Vol_diag1[4]=36
From file diags.2 read 4 diagrams.
From file diags.3 read 16 diagrams.
From file diags.4 read 88 diagrams.
on rank=0 update_diags_first_time=0 diag_size=94
Read diagram is of too high/low order not(2<4<2) hence ignoring file status.0
Note: proper status file status.0 not read. Starting from random configuration.
[(0,1),(2,3)] is Reducible=1
[(0,2),(1,3)] should be skeleton
Starting with cdiag=[(0,2),(3,1)] and p=[0,2,3,1]  cDlt=[2,-4]  csgn_dlt=46562923 iseed_distance=1886273700
Note: sampled_data file contains dSml and it was read
Starting with diag=[(0,2),(3,1)] p=[0,2,3,1]  times=[0,0.320409255193,1.69712523039,1.85978546011,2.38095238095]  and dlt=[2,-4] 
P_tree[2..3]=[0.00044960741074,0.00044960741074] P_fake=[0.22480370537,0.22480370537]
   1M <Phi>=[0.1307,0.0256,0.0009731]  <s>=[1,0.5937,0.03088]  P_v_P=[0.8221,0.6193,0.276]  Ndiags=[2,2,2.921,]  Ph_acc=[2.494e+04,2.617e+04,3.127e+04]  Pnrm=[1527,3534,1.215e+05] 
   2M <Phi>=[0.1305,0.02493,0.001099]  <s>=[1,0.5793,0.03669]  P_v_P=[0.8226,0.6179,0.2762]  Ndiags=[2,2,2.898,]  Ph_acc=[2.957e+04,3.058e+04,4.355e+04]  Pnrm=[1813,4239,1.498e+05] 
   3M <Phi>=[0.1305,0.02482,0.001166]  <s>=[1,0.5787,0.03984]  P_v_P=[0.8216,0.6163,0.2769]  Ndiags=[2,2,2.877,]  Ph_acc=[3.415e+04,3.576e+04,5.486e+04]  Pnrm=[2094,4980,1.778e+05] 
   4M <Phi>=[0.1302,0.02477,0.001125]  <s>=[1,0.5777,0.03794]  P_v_P=[0.8191,0.6155,0.2767]  Ndiags=[2,2,2.907,]  Ph_acc=[3.9e+04,4.126e+04,6.136e+04]  Pnrm=[2396,5759,2.062e+05] 
At the beginning of recalculate: Vol_diagrams0_read=[2,5.33333333333,27]  Vol_diagrams1_read=[2,5.33333333333,36] 
After combining diagrams from all nodes, we obtain the following volumes: Vol_diagrams0=[2,5.33333333333,27]  Vol_diagrams1=[2,5.33333333333,36] 
#stored diags:
#norder ndiag <weight>
 2       3 273.913976605
 3      14 272.733094995
 4      77 395.300875621
 diagVol1=[2,5.333333333,36]  diagVol0=[2,5.333333333,27] 
t acceptance_rate=0.801271 d acceptance=1 d/t=0.00852872
Quantities averaged over all cores:
 factor=[3.12232e-06,5.15764e-07,1.6127e-08] 
 factor2=[5.1856e-06,8.64207e-07,2.69404e-08] 
 V0norm=[0.004,0.000648074,0.000105] 
 Pnorm=[2562.2,6701.51,234389] 
 N_measure=[89777.2,182911,3.0607e+06] 
 <s>=[1,0.589375,0.0271277]  overlap=[0.967407,0.914474,-2.2265] 
 Phi_tot=[0.13174,0.0254395,0.00089857] 
t_changet=2.40852 t_diag_change=0.729389 t_measure=0.420283 t_Vrecmp=0 t_Fake_recmp=0.0575342
t_diag_change:skel=0.0978112 t_diag_change:topol=0.552001 t_diag_change:choose=0.0471682 t_diag_change:numericv=0.032405 t_diag_change:diff=0.277579 t_snext=0.120306
Phi=[1.11589,1.19549,0.13174,0.0254395,0.00089857]  log(Z)=2.46946 Fimp=-5.03399 -beta*Fimp=11.9857 lmbda0=-4.98793 U<nn>0.751807
12) nf=0.999963 <<S>>=0.0140001 Prb(:)=[0.107438,0.385581,0.399581,0.107401]  lambda0=-4.98793
12) Difference between previous and this step=0.0240319
13) nf=0.999968 <<Sz>>=0.0139674 Pr(:)=[0.107722,0.38531,0.399277,0.107691]  Q=1.11721 lambda0=-4.98655 i_gs=2
Phi(order=1)=1.19747
t_dyson_laplace=0.129359 t_nca=0.0753153 t_oca=0 t_ocap=0
Starting with V0=[0.001000,0.000648,0.000420] 
Read histogram.2.dat and set V0norm[2]=0.004 Vol_dig0[2]=2 Vol_diag1[2]=2
Read histogram.3.dat and set V0norm[3]=0.000648074069841 Vol_dig0[3]=5.33333333333 Vol_diag1[3]=5.33333333333
Read histogram.4.dat and set V0norm[4]=0.000105 Vol_dig0[4]=27 Vol_diag1[4]=36
From file diags.2 read 4 diagrams.
From file diags.3 read 16 diagrams.
From file diags.4 read 88 diagrams.
on rank=0 update_diags_first_time=0 diag_size=94
Read diagram is of too high/low order not(2<4<2) hence ignoring file status.0
Note: proper status file status.0 not read. Starting from random configuration.
[(0,1),(2,3)] is Reducible=1
[(1,3),(0,2)] should be skeleton
Starting with cdiag=[(3,1),(0,2)] and p=[0,1,3,2]  cDlt=[2,-4]  csgn_dlt=46562923 iseed_distance=1901881238
Note: sampled_data file contains dSml and it was read
Starting with diag=[(3,1),(0,2)] p=[0,1,3,2]  times=[0,0.769986798736,0.802895298242,1.79958498121,2.38095238095]  and dlt=[2,-4] 
P_tree[2..3]=[0.000383611117264,0.000383611117264] P_fake=[0.191805558632,0.191805558632]
   1M <Phi>=[0.1319,0.02546,0.0009234]  <s>=[1,0.5906,0.02833]  P_v_P=[0.8247,0.6187,0.2773]  Ndiags=[2,2,2.859,]  Ph_acc=[2.254e+04,2.665e+04,2.961e+04]  Pnrm=[1367,3618,1.212e+05] 
   2M <Phi>=[0.1324,0.0253,0.000937]  <s>=[1,0.5879,0.02892]  P_v_P=[0.8257,0.6186,0.2777]  Ndiags=[2,2,2.894,]  Ph_acc=[2.661e+04,3.242e+04,3.701e+04]  Pnrm=[1609,4428,1.493e+05] 
   3M <Phi>=[0.1327,0.02551,0.001087]  <s>=[1,0.5916,0.03591]  P_v_P=[0.8279,0.6195,0.2784]  Ndiags=[2,2,2.889,]  Ph_acc=[3.142e+04,3.872e+04,5.089e+04]  Pnrm=[1895,5247,1.77e+05] 
   4M <Phi>=[0.1327,0.02554,0.00111]  <s>=[1,0.5932,0.03698]  P_v_P=[0.8285,0.6182,0.2785]  Ndiags=[2,2,2.898,]  Ph_acc=[3.549e+04,4.437e+04,6.026e+04]  Pnrm=[2139,6004,2.052e+05] 
At the beginning of recalculate: Vol_diagrams0_read=[2,5.33333333333,27]  Vol_diagrams1_read=[2,5.33333333333,36] 
After combining diagrams from all nodes, we obtain the following volumes: Vol_diagrams0=[2,5.33333333333,27]  Vol_diagrams1=[2,5.33333333333,36] 
#stored diags:
#norder ndiag <weight>
 2       3 257.925809557
 3      14 272.811733411
 4      77 396.533294945
 diagVol1=[2,5.333333333,36]  diagVol0=[2,5.333333333,27] 
t acceptance_rate=0.80126 d acceptance=1 d/t=0.00860054
Quantities averaged over all cores:
 factor=[3.13751e-06,5.21948e-07,1.61713e-08] 
 factor2=[5.2462e-06,8.76922e-07,2.70017e-08] 
 V0norm=[0.004,0.000648074,0.000105] 
 Pnorm=[2549.79,6622.11,233747] 
 N_measure=[89659.4,181466,3.06223e+06] 
 <s>=[1,0.589451,0.029515]  overlap=[0.96773,0.913532,-2.06712] 
 Phi_tot=[0.13224,0.0255634,0.000950053] 
t_changet=2.37659 t_diag_change=0.711977 t_measure=0.409565 t_Vrecmp=0 t_Fake_recmp=0.055711
t_diag_change:skel=0.0947723 t_diag_change:topol=0.539487 t_diag_change:choose=0.0462182 t_diag_change:numericv=0.0314928 t_diag_change:diff=0.261093 t_snext=0.119897
Phi=[1.11721,1.19747,0.13224,0.0255634,0.000950053]  log(Z)=2.47344 Fimp=-5.0331 -beta*Fimp=11.9836 lmbda0=-4.98655 U<nn>0.753835
13) nf=0.999968 <<S>>=0.0139674 Prb(:)=[0.107722,0.38531,0.399277,0.107691]  lambda0=-4.98655
13) Difference between previous and this step=0.0194629
14) nf=0.999972 <<Sz>>=0.0139525 Pr(:)=[0.107984,0.385054,0.399006,0.107956]  Q=1.11792 lambda0=-4.98589 i_gs=2
Phi(order=1)=1.19858
t_dyson_laplace=0.137679 t_nca=0.0753791 t_oca=0 t_ocap=0
Starting with V0=[0.001000,0.000648,0.000420] 
Read histogram.2.dat and set V0norm[2]=0.004 Vol_dig0[2]=2 Vol_diag1[2]=2
Read histogram.3.dat and set V0norm[3]=0.000648074069841 Vol_dig0[3]=5.33333333333 Vol_diag1[3]=5.33333333333
Read histogram.4.dat and set V0norm[4]=0.000105 Vol_dig0[4]=27 Vol_diag1[4]=36
From file diags.2 read 4 diagrams.
From file diags.3 read 16 diagrams.
From file diags.4 read 88 diagrams.
on rank=0 update_diags_first_time=0 diag_size=94
Read diagram is of too high/low order not(2<4<2) hence ignoring file status.0
Note: proper status file status.0 not read. Starting from random configuration.
[(0,1),(2,3)] is Reducible=1
[(0,2),(1,3)] should be skeleton
Starting with cdiag=[(0,2),(3,1)] and p=[0,1,3,2]  cDlt=[-4,2]  csgn_dlt=46562923 iseed_distance=1917497246
Note: sampled_data file contains dSml and it was read
Starting with diag=[(0,2),(3,1)] p=[0,1,3,2]  times=[0,0.814502669979,0.943730203388,1.71747237226,2.38095238095]  and dlt=[-4,2] 
P_tree[2..3]=[0.000206274964763,0.000206274964763] P_fake=[0.103137482382,0.103137482382]
   1M <Phi>=[0.1329,0.02542,0.0009645]  <s>=[1,0.5838,0.03005]  P_v_P=[0.8298,0.6226,0.2781]  Ndiags=[2,2,2.937,]  Ph_acc=[2.442e+04,2.628e+04,3.076e+04]  Pnrm=[1470,3574,1.206e+05] 
   2M <Phi>=[0.1331,0.02588,0.0008516]  <s>=[1,0.5939,0.02491]  P_v_P=[0.8306,0.6239,0.2787]  Ndiags=[2,2,2.889,]  Ph_acc=[2.895e+04,3.3e+04,3.341e+04]  Pnrm=[1740,4408,1.483e+05] 
   3M <Phi>=[0.133,0.02553,0.0007716]  <s>=[1,0.5843,0.02107]  P_v_P=[0.8297,0.6259,0.279]  Ndiags=[2,2,2.885,]  Ph_acc=[3.244e+04,3.744e+04,3.605e+04]  Pnrm=[1952,5069,1.766e+05] 
   4M <Phi>=[0.1332,0.02527,0.0007719]  <s>=[1,0.581,0.02097]  P_v_P=[0.8317,0.6234,0.2788]  Ndiags=[2,2,2.907,]  Ph_acc=[3.931e+04,4.299e+04,4.173e+04]  Pnrm=[2360,5880,2.044e+05] 
At the beginning of recalculate: Vol_diagrams0_read=[2,5.33333333333,27]  Vol_diagrams1_read=[2,5.33333333333,36] 
After combining diagrams from all nodes, we obtain the following volumes: Vol_diagrams0=[2,5.33333333333,27]  Vol_diagrams1=[2,5.33333333333,36] 
#stored diags:
#norder ndiag <weight>
 2       3 294.24935831
 3      14 284.384566618
 4      77 389.407204098
 diagVol1=[2,5.333333333,36]  diagVol0=[2,5.333333333,27] 
t acceptance_rate=0.800813 d acceptance=1 d/t=0.00856921
Quantities averaged over all cores:
 factor=[3.18904e-06,5.18057e-07,1.62085e-08] 
 factor2=[5.3739e-06,8.59159e-07,2.70556e-08] 
 V0norm=[0.004,0.000648074,0.000105] 
 Pnorm=[2508.59,6671.84,233211] 
 N_measure=[88654.8,183430,3.06125e+06] 
 <s>=[1,0.589869,0.0281543]  overlap=[0.968218,0.913446,-2.16225] 
 Phi_tot=[0.132927,0.0256777,0.0009248] 
t_changet=2.55586 t_diag_change=0.766209 t_measure=0.455773 t_Vrecmp=0 t_Fake_recmp=0.0595443
t_diag_change:skel=0.097493 t_diag_change:topol=0.578178 t_diag_change:choose=0.0574359 t_diag_change:numericv=0.0331001 t_diag_change:diff=0.283596 t_snext=0.124068
Phi=[1.11792,1.19858,0.132927,0.0256777,0.0009248]  log(Z)=2.47603 Fimp=-5.0327 -beta*Fimp=11.9826 lmbda0=-4.98589 U<nn>0.755692
14) nf=0.999972 <<S>>=0.0139525 Prb(:)=[0.107984,0.385054,0.399006,0.107956]  lambda0=-4.98589
14) Difference between previous and this step=0.0160131
15) nf=0.999969 <<Sz>>=0.0139325 Pr(:)=[0.108223,0.384826,0.398759,0.108192]  Q=1.11815 lambda0=-4.98581 i_gs=2
Phi(order=1)=1.19898
t_dyson_laplace=0.146316 t_nca=0.0755463 t_oca=0 t_ocap=0
Starting with V0=[0.001000,0.000648,0.000420] 
Read histogram.2.dat and set V0norm[2]=0.004 Vol_dig0[2]=2 Vol_diag1[2]=2
Read histogram.3.dat and set V0norm[3]=0.000648074069841 Vol_dig0[3]=5.33333333333 Vol_diag1[3]=5.33333333333
Read histogram.4.dat and set V0norm[4]=0.000105 Vol_dig0[4]=27 Vol_diag1[4]=36
From file diags.2 read 4 diagrams.
From file diags.3 read 16 diagrams.
From file diags.4 read 88 diagrams.
on rank=0 update_diags_first_time=0 diag_size=94
Note: status file status.0 succesfully read. Starting from configuration read.
Note: sampled_data file contains dSml and it was read
Starting with diag=[(0,2),(3,1)] p=[0,1,3,2]  times=[0,0.0704400337779,2.18644144158,2.34135574289,2.38095238095]  and dlt=[-4,2] 
P_tree[2..3]=[0.010390979174,0.010390979174] P_fake=[5.19548958702,5.19548958702]
   1M <Phi>=[0.1325,0.02537,0.0008463]  <s>=[1,0.585,0.02471]  P_v_P=[0.8299,0.6218,0.2788]  Ndiags=[2,2,2.935,]  Ph_acc=[2.062e+04,2.502e+04,2.722e+04]  Pnrm=[1244,3408,1.216e+05] 
   2M <Phi>=[0.1331,0.02527,0.0008619]  <s>=[1,0.5855,0.0254]  P_v_P=[0.8333,0.6212,0.279]  Ndiags=[2,2,2.939,]  Ph_acc=[2.412e+04,2.946e+04,3.424e+04]  Pnrm=[1450,4030,1.501e+05] 
   3M <Phi>=[0.1326,0.02531,0.0008443]  <s>=[1,0.5851,0.02454]  P_v_P=[0.8297,0.6222,0.279]  Ndiags=[2,2,2.936,]  Ph_acc=[3.063e+04,3.594e+04,3.968e+04]  Pnrm=[1849,4908,1.777e+05] 
   4M <Phi>=[0.1324,0.02555,0.0008385]  <s>=[1,0.5883,0.02453]  P_v_P=[0.8284,0.6243,0.2787]  Ndiags=[2,2,2.93,]  Ph_acc=[3.675e+04,4.165e+04,4.565e+04]  Pnrm=[2221,5635,2.058e+05] 
At the beginning of recalculate: Vol_diagrams0_read=[2,5.33333333333,27]  Vol_diagrams1_read=[2,5.33333333333,36] 
After combining diagrams from all nodes, we obtain the following volumes: Vol_diagrams0=[2,5.33333333333,27]  Vol_diagrams1=[2,5.33333333333,36] 
#stored diags:
#norder ndiag <weight>
 2       3 269.69322239
 3      14 264.007677648
 4      77 395.954912539
 diagVol1=[2,5.333333333,36]  diagVol0=[2,5.333333333,27] 
t acceptance_rate=0.801585 d acceptance=1 d/t=0.00855049
Quantities averaged over all cores:
 factor=[3.236e-06,5.24248e-07,1.62018e-08] 
 factor2=[5.44679e-06,8.80764e-07,2.69956e-08] 
 V0norm=[0.004,0.000648074,0.000105] 
 Pnorm=[2472.19,6593.05,233307] 
 N_measure=[87337,181072,3.06492e+06] 
 <s>=[1,0.580333,0.028122]  overlap=[0.968141,0.913263,-2.16396] 
 Phi_tot=[0.13288,0.0252154,0.00092206] 
t_changet=2.4361 t_diag_change=0.731636 t_measure=0.558198 t_Vrecmp=0 t_Fake_recmp=0.0667972
t_diag_change:skel=0.102254 t_diag_change:topol=0.551544 t_diag_change:choose=0.045966 t_diag_change:numericv=0.0318694 t_diag_change:diff=0.264703 t_snext=0.120933
Phi=[1.11815,1.19898,0.13288,0.0252154,0.00092206]  log(Z)=2.47614 Fimp=-5.03271 -beta*Fimp=11.9826 lmbda0=-4.98581 U<nn>0.757341
15) nf=0.999969 <<S>>=0.0139325 Prb(:)=[0.108223,0.384826,0.398759,0.108192]  lambda0=-4.98581
15) Difference between previous and this step=0.0111348
16) nf=0.999968 <<Sz>>=0.0139267 Pr(:)=[0.108379,0.384674,0.398601,0.108347]  Q=1.11843 lambda0=-4.98556 i_gs=2
Phi(order=1)=1.19941
t_dyson_laplace=0.154591 t_nca=0.0756169 t_oca=0 t_ocap=0
Starting with V0=[0.001000,0.000648,0.000420] 
Read histogram.2.dat and set V0norm[2]=0.004 Vol_dig0[2]=2 Vol_diag1[2]=2
Read histogram.3.dat and set V0norm[3]=0.000648074069841 Vol_dig0[3]=5.33333333333 Vol_diag1[3]=5.33333333333
Read histogram.4.dat and set V0norm[4]=0.000105 Vol_dig0[4]=27 Vol_diag1[4]=36
From file diags.2 read 4 diagrams.
From file diags.3 read 16 diagrams.
From file diags.4 read 88 diagrams.
on rank=0 update_diags_first_time=0 diag_size=94
Read diagram is of too high/low order not(2<4<2) hence ignoring file status.0
Note: proper status file status.0 not read. Starting from random configuration.
[(0,1),(2,3)] is Reducible=1
[(0,2),(1,3)] should be skeleton
Starting with cdiag=[(0,2),(3,1)] and p=[0,1,3,2]  cDlt=[-4,2]  csgn_dlt=46562923 iseed_distance=1948720405
Note: sampled_data file contains dSml and it was read
Starting with diag=[(0,2),(3,1)] p=[0,1,3,2]  times=[0,1.31522536694,1.62855811695,2.2662948552,2.38095238095]  and dlt=[-4,2] 
P_tree[2..3]=[0.000460583993358,0.000460583993358] P_fake=[0.230291996679,0.230291996679]
   1M <Phi>=[0.133,0.02544,0.0009574]  <s>=[1,0.5871,0.02978]  P_v_P=[0.8309,0.6218,0.2791]  Ndiags=[2,2,2.921,]  Ph_acc=[2.336e+04,2.508e+04,3.065e+04]  Pnrm=[1405,3407,1.21e+05] 
   2M <Phi>=[0.133,0.02578,0.0009278]  <s>=[1,0.595,0.02811]  P_v_P=[0.8316,0.6217,0.2787]  Ndiags=[2,2,2.937,]  Ph_acc=[2.937e+04,3.268e+04,3.646e+04]  Pnrm=[1767,4382,1.486e+05] 
   3M <Phi>=[0.1331,0.02612,0.001034]  <s>=[1,0.6018,0.03295]  P_v_P=[0.8324,0.6227,0.2795]  Ndiags=[2,2,2.92,]  Ph_acc=[3.613e+04,4.003e+04,4.803e+04]  Pnrm=[2171,5296,1.756e+05] 
   4M <Phi>=[0.1332,0.02542,0.0009801]  <s>=[1,0.5874,0.03039]  P_v_P=[0.8326,0.6208,0.2792]  Ndiags=[2,2,2.939,]  Ph_acc=[4.225e+04,4.498e+04,5.276e+04]  Pnrm=[2538,6116,2.035e+05] 
At the beginning of recalculate: Vol_diagrams0_read=[2,5.33333333333,27]  Vol_diagrams1_read=[2,5.33333333333,36] 
After combining diagrams from all nodes, we obtain the following volumes: Vol_diagrams0=[2,5.33333333333,27]  Vol_diagrams1=[2,5.33333333333,36] 
#stored diags:
#norder ndiag <weight>
 2       3 326.669378782
 3      14 293.009274368
 4      77 387.987782273
 diagVol1=[2,5.333333333,36]  diagVol0=[2,5.333333333,27] 
t acceptance_rate=0.800025 d acceptance=1 d/t=0.0085983
Quantities averaged over all cores:
 factor=[3.0985e-06,5.14697e-07,1.62512e-08] 
 factor2=[5.02191e-06,8.47533e-07,2.71405e-08] 
 V0norm=[0.004,0.000648074,0.000105] 
 Pnorm=[2581.9,6715.4,232598] 
 N_measure=[91256.6,184807,3.05727e+06] 
 <s>=[1,0.580701,0.0287606]  overlap=[0.967967,0.912903,-2.11815] 
 Phi_tot=[0.132949,0.0252976,0.000937061] 
t_changet=2.38551 t_diag_change=0.723299 t_measure=0.456817 t_Vrecmp=0 t_Fake_recmp=0.0561984
t_diag_change:skel=0.0943556 t_diag_change:topol=0.551274 t_diag_change:choose=0.0459449 t_diag_change:numericv=0.0317234 t_diag_change:diff=0.262606 t_snext=0.121366
Phi=[1.11843,1.19941,0.132949,0.0252976,0.000937061]  log(Z)=2.47703 Fimp=-5.03256 -beta*Fimp=11.9823 lmbda0=-4.98556 U<nn>0.758426
16) nf=0.999968 <<S>>=0.0139267 Prb(:)=[0.108379,0.384674,0.398601,0.108347]  lambda0=-4.98556
16) Difference between previous and this step=0.00969718
This should be the last iteration
17) nf=0.999952 <<Sz>>=0.0139513 Pr(:)=[0.10853,0.384518,0.398469,0.108483]  Q=1.11849 lambda0=-4.98549 i_gs=2
Phi(order=1)=1.19961
t_dyson_laplace=0.163275 t_nca=0.0757965 t_oca=0 t_ocap=0
Starting with V0=[0.001000,0.000648,0.000420] 
Read histogram.2.dat and set V0norm[2]=0.004 Vol_dig0[2]=2 Vol_diag1[2]=2
Read histogram.3.dat and set V0norm[3]=0.000648074069841 Vol_dig0[3]=5.33333333333 Vol_diag1[3]=5.33333333333
Read histogram.4.dat and set V0norm[4]=0.000105 Vol_dig0[4]=27 Vol_diag1[4]=36
From file diags.2 read 4 diagrams.
From file diags.3 read 16 diagrams.
From file diags.4 read 88 diagrams.
on rank=0 update_diags_first_time=0 diag_size=94
Read diagram is of too high/low order not(2<4<2) hence ignoring file status.0
Note: proper status file status.0 not read. Starting from random configuration.
[(0,1),(2,3)] is Reducible=1
[(1,3),(0,2)] should be skeleton
Starting with cdiag=[(3,1),(0,2)] and p=[0,1,3,2]  cDlt=[2,-4]  csgn_dlt=46562923 iseed_distance=1964328648
Note: sampled_data file contains dSml and it was read
Starting with diag=[(3,1),(0,2)] p=[0,1,3,2]  times=[0,0.1863851717,1.32689911327,1.43097921305,2.38095238095]  and dlt=[2,-4] 
P_tree[2..3]=[0.000612921628689,0.000612921628689] P_fake=[0.306460814345,0.306460814345]
0.8   M V0[4] reduced to 5.25e-05    P_v_P[4]=[0.831224582368,0.625000812857,0.278972131438] 
   1M <Phi>=[0.1326,0.02499,0.001241]  <s>=[1,0.5748,0.05105]  P_v_P=[0.8318,0.6252,0.5584]  Ndiags=[2,2,2.909,]  Ph_acc=[2.231e+04,2.411e+04,2002]  Pnrm=[1346,3335,3049] 
   2M <Phi>=[0.1322,0.02516,0.001485]  <s>=[1,0.5783,0.06144]  P_v_P=[0.8315,0.6252,0.5585]  Ndiags=[2,2,2.871,]  Ph_acc=[2.489e+04,2.965e+04,1.437e+04]  Pnrm=[1506,4073,1.83e+04] 
   3M <Phi>=[0.1329,0.025,0.001191]  <s>=[1,0.577,0.04807]  P_v_P=[0.8324,0.6245,0.5578]  Ndiags=[2,2,2.885,]  Ph_acc=[3.211e+04,3.62e+04,2.087e+04]  Pnrm=[1933,5004,3.312e+04] 
   4M <Phi>=[0.1331,0.02497,0.001069]  <s>=[1,0.5746,0.04239]  P_v_P=[0.8324,0.6246,0.5584]  Ndiags=[2,2,2.892,]  Ph_acc=[3.756e+04,4.35e+04,2.713e+04]  Pnrm=[2257,6022,4.795e+04] 
   5M <Phi>=[0.1331,0.02515,0.001193]  <s>=[1,0.5774,0.04795]  P_v_P=[0.832,0.6261,0.5584]  Ndiags=[2,2,2.886,]  Ph_acc=[4.414e+04,5.044e+04,3.949e+04]  Pnrm=[2654,6932,6.257e+04] 
   6M <Phi>=[0.1333,0.02495,0.001083]  <s>=[1,0.5724,0.04289]  P_v_P=[0.8326,0.6242,0.5585]  Ndiags=[2,2,2.899,]  Ph_acc=[4.821e+04,5.581e+04,4.458e+04]  Pnrm=[2894,7731,7.783e+04] 
   7M <Phi>=[0.1334,0.02496,0.0009215]  <s>=[1,0.5726,0.03516]  P_v_P=[0.8322,0.624,0.5584]  Ndiags=[2,2,2.903,]  Ph_acc=[5.308e+04,6.239e+04,4.529e+04]  Pnrm=[3184,8639,9.29e+04] 
   8M <Phi>=[0.133,0.02468,0.0009641]  <s>=[1,0.5683,0.03717]  P_v_P=[0.8311,0.6229,0.5583]  Ndiags=[2,2,2.896,]  Ph_acc=[5.999e+04,6.72e+04,5.502e+04]  Pnrm=[3608,9412,1.079e+05] 
   9M <Phi>=[0.1333,0.02491,0.0009046]  <s>=[1,0.5721,0.03443]  P_v_P=[0.8329,0.6247,0.5583]  Ndiags=[2,2,2.898,]  Ph_acc=[6.533e+04,7.362e+04,5.884e+04]  Pnrm=[3920,1.021e+04,1.229e+05] 
  10M <Phi>=[0.1332,0.02483,0.0008674]  <s>=[1,0.5705,0.03268]  P_v_P=[0.8322,0.6245,0.558]  Ndiags=[2,2,2.896,]  Ph_acc=[7.093e+04,7.927e+04,6.337e+04]  Pnrm=[4260,1.104e+04,1.381e+05] 
  11M <Phi>=[0.1333,0.02491,0.0008118]  <s>=[1,0.5723,0.03007]  P_v_P=[0.833,0.6245,0.5576]  Ndiags=[2,2,2.898,]  Ph_acc=[7.597e+04,8.564e+04,6.583e+04]  Pnrm=[4559,1.189e+04,1.533e+05] 
  12M <Phi>=[0.1333,0.02486,0.0008574]  <s>=[1,0.5714,0.03226]  P_v_P=[0.8328,0.6245,0.5576]  Ndiags=[2,2,2.898,]  Ph_acc=[8.124e+04,9.17e+04,7.635e+04]  Pnrm=[4876,1.275e+04,1.683e+05] 
  13M <Phi>=[0.1334,0.02481,0.0008723]  <s>=[1,0.5708,0.03293]  P_v_P=[0.8333,0.6239,0.5576]  Ndiags=[2,2,2.898,]  Ph_acc=[8.542e+04,9.704e+04,8.472e+04]  Pnrm=[5123,1.352e+04,1.836e+05] 
  14M <Phi>=[0.1332,0.02467,0.0008959]  <s>=[1,0.5678,0.0341]  P_v_P=[0.8321,0.6235,0.5576]  Ndiags=[2,2,2.898,]  Ph_acc=[9.211e+04,1.028e+05,9.408e+04]  Pnrm=[5533,1.44e+04,1.985e+05] 
  15M <Phi>=[0.1332,0.02473,0.0008879]  <s>=[1,0.569,0.03366]  P_v_P=[0.832,0.6234,0.5578]  Ndiags=[2,2,2.9,]  Ph_acc=[9.646e+04,1.087e+05,1.003e+05]  Pnrm=[5795,1.519e+04,2.136e+05] 
  16M <Phi>=[0.1331,0.02481,0.0008859]  <s>=[1,0.5709,0.03356]  P_v_P=[0.8314,0.6236,0.558]  Ndiags=[2,2,2.901,]  Ph_acc=[1.013e+05,1.158e+05,1.071e+05]  Pnrm=[6092,1.613e+04,2.285e+05] 
  17M <Phi>=[0.1331,0.02502,0.0008288]  <s>=[1,0.5759,0.03087]  P_v_P=[0.8317,0.6232,0.5577]  Ndiags=[2,2,2.904,]  Ph_acc=[1.069e+05,1.224e+05,1.069e+05]  Pnrm=[6427,1.691e+04,2.437e+05] 
  18M <Phi>=[0.1332,0.02506,0.0008367]  <s>=[1,0.5772,0.03125]  P_v_P=[0.8321,0.6229,0.5576]  Ndiags=[2,2,2.901,]  Ph_acc=[1.117e+05,1.281e+05,1.147e+05]  Pnrm=[6713,1.766e+04,2.59e+05] 
  19M <Phi>=[0.1332,0.02508,0.0008416]  <s>=[1,0.5776,0.03147]  P_v_P=[0.8324,0.6229,0.5576]  Ndiags=[2,2,2.902,]  Ph_acc=[1.174e+05,1.344e+05,1.22e+05]  Pnrm=[7051,1.853e+04,2.74e+05] 
  20M <Phi>=[0.1333,0.02505,0.0008534]  <s>=[1,0.5772,0.03202]  P_v_P=[0.833,0.6225,0.5575]  Ndiags=[2,2,2.903,]  Ph_acc=[1.223e+05,1.402e+05,1.306e+05]  Pnrm=[7338,1.934e+04,2.892e+05] 
  21M <Phi>=[0.1333,0.02506,0.0008573]  <s>=[1,0.5776,0.0322]  P_v_P=[0.8332,0.6223,0.5575]  Ndiags=[2,2,2.902,]  Ph_acc=[1.268e+05,1.452e+05,1.381e+05]  Pnrm=[7604,2.003e+04,3.045e+05] 
  22M <Phi>=[0.1333,0.02493,0.0008763]  <s>=[1,0.5752,0.03312]  P_v_P=[0.8331,0.6217,0.5575]  Ndiags=[2,2,2.899,]  Ph_acc=[1.333e+05,1.505e+05,1.481e+05]  Pnrm=[7997,2.087e+04,3.195e+05] 
  23M <Phi>=[0.1334,0.02502,0.0008717]  <s>=[1,0.5767,0.03292]  P_v_P=[0.8333,0.6224,0.5576]  Ndiags=[2,2,2.897,]  Ph_acc=[1.388e+05,1.577e+05,1.542e+05]  Pnrm=[8328,2.179e+04,3.344e+05] 
  24M <Phi>=[0.1334,0.02499,0.0008555]  <s>=[1,0.576,0.03218]  P_v_P=[0.8337,0.6223,0.5574]  Ndiags=[2,2,2.897,]  Ph_acc=[1.439e+05,1.64e+05,1.582e+05]  Pnrm=[8630,2.269e+04,3.495e+05] 
At the beginning of recalculate: Vol_diagrams0_read=[2,5.33333333333,27]  Vol_diagrams1_read=[2,5.33333333333,36] 
After combining diagrams from all nodes, we obtain the following volumes: Vol_diagrams0=[2,5.33333333333,27]  Vol_diagrams1=[2,5.33333333333,36] 
#stored diags:
#norder ndiag <weight>
 2       3 1456.7979496
 3      14 1406.93249547
 4      77 1958.13382022
 diagVol1=[2,5.333333333,36]  diagVol0=[2,5.333333333,27] 
t acceptance_rate=0.790425 d acceptance=1 d/t=0.00857263
Quantities averaged over all cores:
 factor=[8.86598e-07,1.43511e-07,5.19525e-09] 
 factor2=[1.00119e-06,1.61526e-07,5.19525e-09] 
 V0norm=[0.004,0.000648074,5.25e-05] 
 Pnorm=[9023.25,24084.6,363794] 
 N_measure=[319597,661139,8.83704e+06] 
 <s>=[1,0.583078,0.0371658]  overlap=[0.968381,0.912887,-2.29997] 
 Phi_tot=[0.133238,0.0253525,0.000962359] 
t_changet=11.0583 t_diag_change=3.64139 t_measure=8.64741 t_Vrecmp=0 t_Fake_recmp=0.302597
t_diag_change:skel=0.482083 t_diag_change:topol=2.76399 t_diag_change:choose=0.233016 t_diag_change:numericv=0.162299 t_diag_change:diff=1.34644 t_snext=0.557177
Phi=[1.11849,1.19961,0.133238,0.0253525,0.000962359]  log(Z)=2.47765 Fimp=-5.03252 -beta*Fimp=11.9822 lmbda0=-4.98549 U<nn>0.759378
17) nf=0.999952 <<S>>=0.0139513 Prb(:)=[0.10853,0.384518,0.398469,0.108483]  lambda0=-4.98549
17) Difference between previous and this step=0.00779002
