Parallel start of bold_ctqmc on process 0 of 8
{
    "Delta": "../boldc_cache/Delta.inp",
    "Ms": 5000000.0,
    "NVrecompute": 5000000,
    "N_min_order": 2,
    "N_rescale_histogram": 1000000,
    "Nbath": 2,
    "Nbin": 512,
    "Ncout": 1000000,
    "Nd": 1,
    "Nitt": 100,
    "Norder": 4,
    "Nrecompute_fake": 50000,
    "Nt": 300,
    "Ntau": 512,
    "PPG": "PPG.",
    "PPSig": "PPSigma.",
    "P_v_P_percent": 0.05,
    "U": 6.0,
    "V0norm": 0.001,
    "beta": 2.941176470588235,
    "cmpPhysG": false,
    "converge_OCA": true,
    "d_fraction": 3,
    "diff_stop": 0.01,
    "dos": "../python_src/DOS_3D.dat",
    "exe": "mpirun -np 8 ../boldc_cache/boldc",
    "fGf": "Gf.out",
    "fSig": "Sig.out",
    "fastFilesystem": true,
    "iseed": 0,
    "mix": 0.2,
    "mu": 3.0,
    "multiples_last_step": 5,
    "multiples_no_histogram": 3,
    "rescale": 0.4,
    "startGuessVolDiagrams": false,
    "svd_L": 10.0,
    "svd_Nw": 500,
    "svd_lmax": 13,
    "svd_x0": 0.01,
    "tNbin": 200,
    "tsample": 5,
    "warmup": 1
}
iseed=1697944008 in rank 0
Dlt[0,1,1,0]= 1
Dlt[0,1,3,2]= 1
Dlt[0,2,2,0]= 3
Dlt[0,2,3,1]= -3
Dlt[1,0,0,1]= 2
Dlt[1,0,2,3]= 2
Dlt[1,3,2,0]= -3
Dlt[1,3,3,1]= 3
Dlt[2,0,0,2]= 4
Dlt[2,0,1,3]= -4
Dlt[2,3,1,0]= 1
Dlt[2,3,3,2]= 1
Dlt[3,1,0,2]= -4
Dlt[3,1,1,3]= 4
Dlt[3,2,0,1]= 2
Dlt[3,2,2,3]= 2
# Read ../boldc_cache/Delta.inp with 500 entries
# Read PPSigma.0 with 512 entries
setup time=0.005176
svd time=0.085005
last and first singular value=4.9508e-06 0.169855
Final overlap is smaller than 4.15914e-14
log(Zatom)=9.51682 F_atom=-3.23572
WARNING: Iteration 1 to find ground state old:i_gs=1 and new i_gs=2 old_P=0.256507 new_P=0.547752
0) nf=1.00065 <<Sz>>=0.234859 Pr(:)=[0.129046,0.253198,0.488057,0.129699]  Q=0.870714 lambda0=-4.73595 i_gs=2
Phi(order=1)=1.03204
t_dyson_laplace=0.0163265 t_nca=0.0150982 t_oca=0 t_ocap=0
Starting with V0=[0.001000,0.000583,0.000340] 
Read histogram.2.dat and set V0norm[2]=0.004 Vol_dig0[2]=2 Vol_diag1[2]=2
Read histogram.3.dat and set V0norm[3]=0.000583095189485 Vol_dig0[3]=5.33333333333 Vol_diag1[3]=5.33333333333
Read histogram.4.dat and set V0norm[4]=8.5e-05 Vol_dig0[4]=27 Vol_diag1[4]=36
From file diags.2 read 12 diagrams.
From file diags.3 read 48 diagrams.
From file diags.4 read 264 diagrams.
on rank=0 update_diags_first_time=0 diag_size=193
Read diagram is of too high/low order not(2<4<2) hence ignoring file status.0
Note: proper status file status.0 not read. Starting from random configuration.
[(0,1),(2,3)] is Reducible=1
[(1,3),(0,2)] should be skeleton
Starting with cdiag=[(3,1),(0,2)] and p=[0,1,3,2]  cDlt=[2,-4]  csgn_dlt=10747499 iseed_distance=1697944016
Note: sampled_data file contains dSml and it was read
Starting with diag=[(3,1),(0,2)] p=[0,1,3,2]  times=[0,0.860454890829,2.28304055172,2.87216997872,2.94117647059]  and dlt=[2,-4] 
P_tree[2..3]=[0.000132284044206,0.000132284044206] P_fake=[0.0661420221029,0.0661420221029]
   1M <Phi>=[0.1253,0.02637,0.001361]  <s>=[1,0.5935,0.04271]  P_v_P=[0.7833,0.7086,0.4073]  Ndiags=[2,2,2.893,]  Ph_acc=[7.746e+04,8.171e+04,1.097e+05]  Pnrm=[4944,9637,2.467e+05] 
   2M <Phi>=[0.1252,0.02604,0.001367]  <s>=[1,0.5871,0.04295]  P_v_P=[0.7822,0.7076,0.4071]  Ndiags=[2,2,2.874,]  Ph_acc=[8.413e+04,8.754e+04,1.19e+05]  Pnrm=[5377,1.045e+04,2.664e+05] 
   3M <Phi>=[0.1253,0.02602,0.001407]  <s>=[1,0.5867,0.04454]  P_v_P=[0.7832,0.7073,0.4074]  Ndiags=[2,2,2.855,]  Ph_acc=[8.921e+04,9.402e+04,1.316e+05]  Pnrm=[5696,1.124e+04,2.862e+05] 
   4M <Phi>=[0.1253,0.02616,0.001411]  <s>=[1,0.5879,0.04466]  P_v_P=[0.7833,0.7095,0.4075]  Ndiags=[2,2,2.861,]  Ph_acc=[9.527e+04,1.004e+05,1.412e+05]  Pnrm=[6081,1.193e+04,3.061e+05] 
At the beginning of recalculate: Vol_diagrams0_read=[2,5.33333333333,27]  Vol_diagrams1_read=[2,5.33333333333,36] 
After combining diagrams from all nodes, we obtain the following volumes: Vol_diagrams0=[2,5.33333333333,27]  Vol_diagrams1=[2,5.33333333333,36] 
#stored diags:
#norder ndiag <weight>
 2       6 167.186725906
 3      24 170.794082353
 4     163 177.316539635
 diagVol1=[2,5.333333333,36]  diagVol0=[2,5.333333333,27] 
t acceptance_rate=0.789072 d acceptance=1 d/t=0.00861153
Quantities averaged over all cores:
 factor=[1.23856e-06,2.46542e-07,9.37282e-09] 
 factor2=[3.85387e-06,8.01139e-07,3.08605e-08] 
 V0norm=[0.004,0.000583095,8.5e-05] 
 Pnorm=[6459.14,12613.8,326476] 
 N_measure=[215885,389215,5.96626e+06] 
 <s>=[0.999998,0.589216,0.0447095]  overlap=[0.960462,0.90551,-1.59063] 
 Phi_tot=[0.125357,0.0261548,0.00141211] 
t_changet=2.80763 t_diag_change=0.846771 t_measure=0.578855 t_Vrecmp=0 t_Fake_recmp=0.0670352
t_diag_change:skel=0.115452 t_diag_change:topol=0.634913 t_diag_change:choose=0.0590331 t_diag_change:numericv=0.0373654 t_diag_change:diff=0.210562 t_snext=0.146988
Phi=[0.870714,1.03204,0.125357,0.0261548,0.00141211]  log(Z)=2.05568 Fimp=-4.68888 -beta*Fimp=13.7908 lmbda0=-4.73595 U<nn>0.778196
0) nf=1.00065 <<S>>=0.234859 Prb(:)=[0.129046,0.253198,0.488057,0.129699]  lambda0=-4.73595
0) Difference between previous and this step=0.0170022
1) nf=1.00069 <<Sz>>=0.235671 Pr(:)=[0.129039,0.252781,0.488452,0.129729]  Q=0.87036 lambda0=-4.73644 i_gs=2
Phi(order=1)=1.03158
t_dyson_laplace=0.0311653 t_nca=0.0153289 t_oca=0 t_ocap=0
Starting with V0=[0.001000,0.000583,0.000340] 
Read histogram.2.dat and set V0norm[2]=0.004 Vol_dig0[2]=2 Vol_diag1[2]=2
Read histogram.3.dat and set V0norm[3]=0.000583095189485 Vol_dig0[3]=5.33333333333 Vol_diag1[3]=5.33333333333
Read histogram.4.dat and set V0norm[4]=8.5e-05 Vol_dig0[4]=27 Vol_diag1[4]=36
From file diags.2 read 12 diagrams.
From file diags.3 read 48 diagrams.
From file diags.4 read 264 diagrams.
on rank=0 update_diags_first_time=0 diag_size=193
Read diagram is of too high/low order not(2<4<2) hence ignoring file status.0
Note: proper status file status.0 not read. Starting from random configuration.
[(0,1),(2,3)] is Reducible=1
[(1,3),(0,2)] should be skeleton
Starting with cdiag=[(3,1),(0,2)] and p=[0,2,3,1]  cDlt=[-4,2]  csgn_dlt=10747499 iseed_distance=1713566077
Note: sampled_data file contains dSml and it was read
Starting with diag=[(3,1),(0,2)] p=[0,2,3,1]  times=[0,0.81828682159,1.65778082501,2.04971078598,2.94117647059]  and dlt=[-4,2] 
P_tree[2..3]=[3.02813031477e-05,3.02813031477e-05] P_fake=[0.0151406515739,0.0151406515739]
   1M <Phi>=[0.1252,0.02623,0.001431]  <s>=[1,0.5901,0.04538]  P_v_P=[0.7831,0.7088,0.4073]  Ndiags=[2,2,2.931,]  Ph_acc=[4.79e+04,4.856e+04,7.042e+04]  Pnrm=[3062,5758,1.506e+05] 
   2M <Phi>=[0.1247,0.02616,0.001327]  <s>=[1,0.5875,0.04112]  P_v_P=[0.7826,0.7086,0.4064]  Ndiags=[2,2,2.966,]  Ph_acc=[5.576e+04,5.539e+04,7.4e+04]  Pnrm=[3578,6585,1.707e+05] 
   3M <Phi>=[0.1246,0.0262,0.001303]  <s>=[1,0.5884,0.04024]  P_v_P=[0.7817,0.7088,0.4058]  Ndiags=[2,2,2.956,]  Ph_acc=[6.305e+04,6.232e+04,8.119e+04]  Pnrm=[4049,7396,1.906e+05] 
   4M <Phi>=[0.1246,0.02609,0.001319]  <s>=[1,0.5848,0.04099]  P_v_P=[0.7812,0.7104,0.4062]  Ndiags=[2,2,2.934,]  Ph_acc=[6.996e+04,6.812e+04,9.068e+04]  Pnrm=[4493,8119,2.103e+05] 
At the beginning of recalculate: Vol_diagrams0_read=[2,5.33333333333,27]  Vol_diagrams1_read=[2,5.33333333333,36] 
After combining diagrams from all nodes, we obtain the following volumes: Vol_diagrams0=[2,5.33333333333,27]  Vol_diagrams1=[2,5.33333333333,36] 
#stored diags:
#norder ndiag <weight>
 2       6 175.890213124
 3      24 171.069308316
 4     163 176.932093111
 diagVol1=[2,5.333333333,36]  diagVol0=[2,5.333333333,27] 
t acceptance_rate=0.788621 d acceptance=1 d/t=0.00861844
Quantities averaged over all cores:
 factor=[1.78082e-06,3.49107e-07,1.32941e-08] 
 factor2=[4.1914e-06,8.05146e-07,3.07268e-08] 
 V0norm=[0.004,0.000583095,8.5e-05] 
 Pnorm=[4492.32,8907.99,230178] 
 N_measure=[150271,275223,4.20305e+06] 
 <s>=[0.999998,0.595101,0.0429217]  overlap=[0.960386,0.906776,-1.6873] 
 Phi_tot=[0.125461,0.0264552,0.00136612] 
t_changet=2.72748 t_diag_change=0.817662 t_measure=0.961266 t_Vrecmp=0 t_Fake_recmp=0.064449
t_diag_change:skel=0.109823 t_diag_change:topol=0.619654 t_diag_change:choose=0.050666 t_diag_change:numericv=0.0375205 t_diag_change:diff=0.201456 t_snext=0.141946
Phi=[0.87036,1.03158,0.125461,0.0264552,0.00136612]  log(Z)=2.05523 Fimp=-4.68923 -beta*Fimp=13.7919 lmbda0=-4.73644 U<nn>0.778373
1) nf=1.00069 <<S>>=0.235671 Prb(:)=[0.129039,0.252781,0.488452,0.129729]  lambda0=-4.73644
1) Difference between previous and this step=0.0143761
2) nf=1.00071 <<Sz>>=0.236333 Pr(:)=[0.12905,0.252429,0.488761,0.12976]  Q=0.87004 lambda0=-4.73694 i_gs=2
Phi(order=1)=1.03114
t_dyson_laplace=0.0434689 t_nca=0.028842 t_oca=0 t_ocap=0
Starting with V0=[0.001000,0.000583,0.000340] 
Read histogram.2.dat and set V0norm[2]=0.004 Vol_dig0[2]=2 Vol_diag1[2]=2
Read histogram.3.dat and set V0norm[3]=0.000583095189485 Vol_dig0[3]=5.33333333333 Vol_diag1[3]=5.33333333333
Read histogram.4.dat and set V0norm[4]=8.5e-05 Vol_dig0[4]=27 Vol_diag1[4]=36
From file diags.2 read 12 diagrams.
From file diags.3 read 48 diagrams.
From file diags.4 read 264 diagrams.
on rank=0 update_diags_first_time=0 diag_size=193
Read diagram is of too high/low order not(2<4<2) hence ignoring file status.0
Note: proper status file status.0 not read. Starting from random configuration.
[(0,1),(2,3)] is Reducible=1
[(0,2),(1,3)] should be skeleton
Starting with cdiag=[(0,2),(3,1)] and p=[0,1,3,2]  cDlt=[-4,2]  csgn_dlt=10747499 iseed_distance=1729182500
Note: sampled_data file contains dSml and it was read
Starting with diag=[(0,2),(3,1)] p=[0,1,3,2]  times=[0,1.67719452037,2.10499099984,2.55302417633,2.94117647059]  and dlt=[-4,2] 
P_tree[2..3]=[0.000105604847392,0.000105604847392] P_fake=[0.0528024236962,0.0528024236962]
   1M <Phi>=[0.1255,0.02574,0.00137]  <s>=[1,0.5823,0.04329]  P_v_P=[0.7837,0.708,0.4068]  Ndiags=[2,2,2.887,]  Ph_acc=[3.531e+04,3.601e+04,5.011e+04]  Pnrm=[2250,4352,1.119e+05] 
   2M <Phi>=[0.1259,0.02586,0.001559]  <s>=[1,0.5858,0.05088]  P_v_P=[0.7853,0.7064,0.4071]  Ndiags=[2,2,2.894,]  Ph_acc=[4.108e+04,4.231e+04,6.717e+04]  Pnrm=[2611,5088,1.318e+05] 
   3M <Phi>=[0.1256,0.02595,0.001415]  <s>=[1,0.5856,0.04499]  P_v_P=[0.7835,0.7086,0.4068]  Ndiags=[2,2,2.901,]  Ph_acc=[4.598e+04,4.965e+04,7.015e+04]  Pnrm=[2930,5950,1.517e+05] 
   4M <Phi>=[0.1251,0.02589,0.001356]  <s>=[1,0.5838,0.04275]  P_v_P=[0.7809,0.7089,0.4064]  Ndiags=[2,2,2.903,]  Ph_acc=[5.179e+04,5.526e+04,7.623e+04]  Pnrm=[3311,6638,1.72e+05] 
At the beginning of recalculate: Vol_diagrams0_read=[2,5.33333333333,27]  Vol_diagrams1_read=[2,5.33333333333,36] 
After combining diagrams from all nodes, we obtain the following volumes: Vol_diagrams0=[2,5.33333333333,27]  Vol_diagrams1=[2,5.33333333333,36] 
#stored diags:
#norder ndiag <weight>
 2       6 152.169201946
 3      24 168.645288111
 4     163 179.44991286
 diagVol1=[2,5.333333333,36]  diagVol0=[2,5.333333333,27] 
t acceptance_rate=0.789502 d acceptance=1 d/t=0.00857938
Quantities averaged over all cores:
 factor=[2.19265e-06,4.2347e-07,1.59391e-08] 
 factor2=[4.32054e-06,8.22596e-07,3.06278e-08] 
 V0norm=[0.004,0.000583095,8.5e-05] 
 Pnorm=[3648.55,7343.72,191980] 
 N_measure=[122197,226636,3.50258e+06] 
 <s>=[0.999997,0.595885,0.043106]  overlap=[0.960566,0.905477,-1.6591] 
 Phi_tot=[0.125626,0.0264556,0.00136663] 
t_changet=2.63988 t_diag_change=0.81015 t_measure=0.750957 t_Vrecmp=0 t_Fake_recmp=0.0590141
t_diag_change:skel=0.108539 t_diag_change:topol=0.611734 t_diag_change:choose=0.0546529 t_diag_change:numericv=0.0352229 t_diag_change:diff=0.198739 t_snext=0.139375
Phi=[0.87004,1.03114,0.125626,0.0264556,0.00136663]  log(Z)=2.05463 Fimp=-4.6896 -beta*Fimp=13.793 lmbda0=-4.73694 U<nn>0.77856
2) nf=1.00071 <<S>>=0.236333 Prb(:)=[0.12905,0.252429,0.488761,0.12976]  lambda0=-4.73694
2) Difference between previous and this step=0.0124687
3) nf=1.00071 <<Sz>>=0.236884 Pr(:)=[0.129076,0.252126,0.489011,0.129788]  Q=0.869764 lambda0=-4.73737 i_gs=2
Phi(order=1)=1.03076
t_dyson_laplace=0.0571662 t_nca=0.0291083 t_oca=0 t_ocap=0
Starting with V0=[0.001000,0.000583,0.000340] 
Read histogram.2.dat and set V0norm[2]=0.004 Vol_dig0[2]=2 Vol_diag1[2]=2
Read histogram.3.dat and set V0norm[3]=0.000583095189485 Vol_dig0[3]=5.33333333333 Vol_diag1[3]=5.33333333333
Read histogram.4.dat and set V0norm[4]=8.5e-05 Vol_dig0[4]=27 Vol_diag1[4]=36
From file diags.2 read 12 diagrams.
From file diags.3 read 48 diagrams.
From file diags.4 read 264 diagrams.
on rank=0 update_diags_first_time=0 diag_size=193
Read diagram is of too high/low order not(2<4<2) hence ignoring file status.0
Note: proper status file status.0 not read. Starting from random configuration.
[(0,1),(2,3)] is Reducible=1
[(1,3),(0,2)] should be skeleton
Starting with cdiag=[(3,1),(0,2)] and p=[0,1,3,2]  cDlt=[2,-4]  csgn_dlt=10747499 iseed_distance=1744793762
Note: sampled_data file contains dSml and it was read
Starting with diag=[(3,1),(0,2)] p=[0,1,3,2]  times=[0,0.356836082905,0.463601238758,2.24024479778,2.94117647059]  and dlt=[2,-4] 
P_tree[2..3]=[0.000258404890656,0.000258404890656] P_fake=[0.129202445328,0.129202445328]
   1M <Phi>=[0.1258,0.02594,0.001341]  <s>=[1,0.584,0.0419]  P_v_P=[0.7881,0.7083,0.4064]  Ndiags=[2,2,2.867,]  Ph_acc=[2.92e+04,3.074e+04,4.229e+04]  Pnrm=[1857,3685,9.652e+04] 
   2M <Phi>=[0.125,0.02532,0.001441]  <s>=[1,0.5728,0.04605]  P_v_P=[0.7815,0.7079,0.4063]  Ndiags=[2,2,2.837,]  Ph_acc=[3.563e+04,3.61e+04,5.484e+04]  Pnrm=[2280,4434,1.164e+05] 
   3M <Phi>=[0.125,0.02545,0.001514]  <s>=[1,0.5776,0.04896]  P_v_P=[0.7814,0.705,0.4062]  Ndiags=[2,2,2.848,]  Ph_acc=[4.145e+04,4.317e+04,6.745e+04]  Pnrm=[2652,5275,1.363e+05] 
   4M <Phi>=[0.1252,0.02554,0.001543]  <s>=[1,0.5783,0.04996]  P_v_P=[0.7822,0.7064,0.4066]  Ndiags=[2,2,2.846,]  Ph_acc=[5.087e+04,4.941e+04,7.852e+04]  Pnrm=[3252,6017,1.557e+05] 
At the beginning of recalculate: Vol_diagrams0_read=[2,5.33333333333,27]  Vol_diagrams1_read=[2,5.33333333333,36] 
After combining diagrams from all nodes, we obtain the following volumes: Vol_diagrams0=[2,5.33333333333,27]  Vol_diagrams1=[2,5.33333333333,36] 
#stored diags:
#norder ndiag <weight>
 2       6 180.917635963
 3      24 172.475320856
 4     163 177.953269147
 diagVol1=[2,5.333333333,36]  diagVol0=[2,5.333333333,27] 
t acceptance_rate=0.788701 d acceptance=1 d/t=0.00863655
Quantities averaged over all cores:
 factor=[2.30277e-06,4.53431e-07,1.73402e-08] 
 factor2=[3.9709e-06,7.93129e-07,3.06993e-08] 
 V0norm=[0.004,0.000583095,8.5e-05] 
 Pnorm=[3474.08,6858.46,176469] 
 N_measure=[116018,211261,3.21329e+06] 
 <s>=[0.999997,0.598633,0.0457095]  overlap=[0.959898,0.909978,-1.5443] 
 Phi_tot=[0.125247,0.0265203,0.00143094] 
t_changet=2.8623 t_diag_change=0.865287 t_measure=0.555486 t_Vrecmp=0 t_Fake_recmp=0.0662788
t_diag_change:skel=0.117187 t_diag_change:topol=0.647661 t_diag_change:choose=0.0601175 t_diag_change:numericv=0.0403194 t_diag_change:diff=0.213062 t_snext=0.154401
Phi=[0.869764,1.03076,0.125247,0.0265203,0.00143094]  log(Z)=2.05372 Fimp=-4.68993 -beta*Fimp=13.7939 lmbda0=-4.73737 U<nn>0.778725
3) nf=1.00071 <<S>>=0.236884 Prb(:)=[0.129076,0.252126,0.489011,0.129788]  lambda0=-4.73737
3) Difference between previous and this step=0.0101265
4) nf=1.00074 <<Sz>>=0.237341 Pr(:)=[0.129065,0.251894,0.489235,0.129806]  Q=0.869625 lambda0=-4.73753 i_gs=2
Phi(order=1)=1.03057
t_dyson_laplace=0.065656 t_nca=0.0300618 t_oca=0 t_ocap=0
Starting with V0=[0.001000,0.000583,0.000340] 
Read histogram.2.dat and set V0norm[2]=0.004 Vol_dig0[2]=2 Vol_diag1[2]=2
Read histogram.3.dat and set V0norm[3]=0.000583095189485 Vol_dig0[3]=5.33333333333 Vol_diag1[3]=5.33333333333
Read histogram.4.dat and set V0norm[4]=8.5e-05 Vol_dig0[4]=27 Vol_diag1[4]=36
From file diags.2 read 12 diagrams.
From file diags.3 read 48 diagrams.
From file diags.4 read 264 diagrams.
on rank=0 update_diags_first_time=0 diag_size=193
Read diagram is of too high/low order not(2<4<2) hence ignoring file status.0
Note: proper status file status.0 not read. Starting from random configuration.
[(0,1),(2,3)] is Reducible=1
[(1,3),(0,2)] should be skeleton
Starting with cdiag=[(3,1),(0,2)] and p=[0,2,3,1]  cDlt=[-4,2]  csgn_dlt=10747499 iseed_distance=1760411660
Note: sampled_data file contains dSml and it was read
Starting with diag=[(3,1),(0,2)] p=[0,2,3,1]  times=[0,0.96529623789,1.09055487818,2.46350017167,2.94117647059]  and dlt=[-4,2] 
P_tree[2..3]=[0.000112793445436,0.000112793445436] P_fake=[0.056396722718,0.056396722718]
   1M <Phi>=[0.1251,0.0268,0.001314]  <s>=[1,0.6024,0.04096]  P_v_P=[0.7847,0.708,0.4059]  Ndiags=[2,2,2.944,]  Ph_acc=[2.694e+04,2.884e+04,3.905e+04]  Pnrm=[1723,3346,9.098e+04] 
   2M <Phi>=[0.1262,0.02707,0.001261]  <s>=[1,0.6046,0.03879]  P_v_P=[0.7888,0.7095,0.405]  Ndiags=[2,2,2.926,]  Ph_acc=[3.432e+04,3.565e+04,4.57e+04]  Pnrm=[2176,4095,1.109e+05] 
   3M <Phi>=[0.1264,0.02757,0.001421]  <s>=[1,0.6164,0.04516]  P_v_P=[0.7899,0.7096,0.4059]  Ndiags=[2,2,2.902,]  Ph_acc=[4.106e+04,4.31e+04,6.062e+04]  Pnrm=[2600,4862,1.305e+05] 
   4M <Phi>=[0.1258,0.02726,0.001384]  <s>=[1,0.61,0.04382]  P_v_P=[0.7865,0.7094,0.4053]  Ndiags=[2,2,2.896,]  Ph_acc=[5.063e+04,5.034e+04,6.788e+04]  Pnrm=[3220,5742,1.501e+05] 
At the beginning of recalculate: Vol_diagrams0_read=[2,5.33333333333,27]  Vol_diagrams1_read=[2,5.33333333333,36] 
After combining diagrams from all nodes, we obtain the following volumes: Vol_diagrams0=[2,5.33333333333,27]  Vol_diagrams1=[2,5.33333333333,36] 
#stored diags:
#norder ndiag <weight>
 2       6 198.873686565
 3      24 171.406200499
 4     163 176.10578639
 diagVol1=[2,5.333333333,36]  diagVol0=[2,5.333333333,27] 
t acceptance_rate=0.787655 d acceptance=1 d/t=0.00858406
Quantities averaged over all cores:
 factor=[2.31543e-06,4.62684e-07,1.79889e-08] 
 factor2=[3.87324e-06,7.81776e-07,3.07485e-08] 
 V0norm=[0.004,0.000583095,8.5e-05] 
 Pnorm=[3455.09,6721.3,170104] 
 N_measure=[115255,206877,3.09409e+06] 
 <s>=[0.999995,0.59759,0.0421357]  overlap=[0.959912,0.906923,-1.70588] 
 Phi_tot=[0.125097,0.026473,0.00134155] 
t_changet=2.55695 t_diag_change=0.762715 t_measure=0.933447 t_Vrecmp=0 t_Fake_recmp=0.0613105
t_diag_change:skel=0.104057 t_diag_change:topol=0.573857 t_diag_change:choose=0.0512214 t_diag_change:numericv=0.0335787 t_diag_change:diff=0.187505 t_snext=0.1336
Phi=[0.869625,1.03057,0.125097,0.026473,0.00134155]  log(Z)=2.05311 Fimp=-4.69003 -beta*Fimp=13.7942 lmbda0=-4.73753 U<nn>0.778839
4) nf=1.00074 <<S>>=0.237341 Prb(:)=[0.129065,0.251894,0.489235,0.129806]  lambda0=-4.73753
4) Difference between previous and this step=0.00889672
This should be the last iteration
5) nf=1.00075 <<Sz>>=0.237743 Pr(:)=[0.129039,0.251717,0.48946,0.129784]  Q=0.869568 lambda0=-4.7375 i_gs=2
Phi(order=1)=1.03051
t_dyson_laplace=0.0741261 t_nca=0.0448953 t_oca=0 t_ocap=0
Starting with V0=[0.001000,0.000583,0.000340] 
Read histogram.2.dat and set V0norm[2]=0.004 Vol_dig0[2]=2 Vol_diag1[2]=2
Read histogram.3.dat and set V0norm[3]=0.000583095189485 Vol_dig0[3]=5.33333333333 Vol_diag1[3]=5.33333333333
Read histogram.4.dat and set V0norm[4]=8.5e-05 Vol_dig0[4]=27 Vol_diag1[4]=36
From file diags.2 read 12 diagrams.
From file diags.3 read 48 diagrams.
From file diags.4 read 264 diagrams.
on rank=0 update_diags_first_time=0 diag_size=193
Read diagram is of too high/low order not(2<4<2) hence ignoring file status.0
Note: proper status file status.0 not read. Starting from random configuration.
[(0,1),(2,3)] is Reducible=1
[(0,2),(1,3)] should be skeleton
Starting with cdiag=[(0,2),(3,1)] and p=[0,2,3,1]  cDlt=[2,-4]  csgn_dlt=10747499 iseed_distance=1776026759
Note: sampled_data file contains dSml and it was read
Starting with diag=[(0,2),(3,1)] p=[0,2,3,1]  times=[0,0.143723877675,1.60227052483,2.14377715683,2.94117647059]  and dlt=[2,-4] 
P_tree[2..3]=[0.000113356961241,0.000113356961241] P_fake=[0.0566784806207,0.0566784806207]
   1M <Phi>=[0.1259,0.02575,0.001377]  <s>=[1,0.5826,0.04338]  P_v_P=[0.7844,0.7039,0.4057]  Ndiags=[2,2,2.895,]  Ph_acc=[2.96e+04,2.899e+04,3.943e+04]  Pnrm=[1882,3502,8.761e+04] 
   2M <Phi>=[0.1262,0.02564,0.001226]  <s>=[1,0.578,0.03731]  P_v_P=[0.7864,0.7049,0.4053]  Ndiags=[2,2,2.909,]  Ph_acc=[3.349e+04,3.468e+04,4.32e+04]  Pnrm=[2122,4206,1.079e+05] 
   3M <Phi>=[0.1264,0.02582,0.001221]  <s>=[1,0.5804,0.0371]  P_v_P=[0.7849,0.7078,0.4054]  Ndiags=[2,2,2.902,]  Ph_acc=[4.028e+04,4.164e+04,5.094e+04]  Pnrm=[2550,5015,1.277e+05] 
   4M <Phi>=[0.1266,0.02552,0.00121]  <s>=[1,0.5752,0.03658]  P_v_P=[0.7849,0.7078,0.4053]  Ndiags=[2,2,2.913,]  Ph_acc=[4.474e+04,4.748e+04,5.85e+04]  Pnrm=[2828,5786,1.48e+05] 
   5M <Phi>=[0.1264,0.02572,0.001118]  <s>=[1,0.5798,0.03291]  P_v_P=[0.7833,0.7081,0.4053]  Ndiags=[2,2,2.926,]  Ph_acc=[5.193e+04,5.455e+04,6.138e+04]  Pnrm=[3286,6596,1.68e+05] 
