Parallel start of bold_ctqmc on process 0 of 8
{
    "Delta": "../boldc_cache/Delta.inp",
    "Ms": 8000000.0,
    "NVrecompute": 5000000,
    "N_min_order": 2,
    "N_rescale_histogram": 1000000,
    "Nbath": 2,
    "Nbin": 512,
    "Ncout": 1000000,
    "Nd": 1,
    "Nitt": 100,
    "Norder": 2,
    "Nrecompute_fake": 50000,
    "Nt": 300,
    "Ntau": 512,
    "PPG": "PPG.",
    "PPSig": "PPSigma.",
    "P_v_P_percent": 0.05,
    "U": 10.0,
    "V0norm": 0.001,
    "beta": 2.1141649048625792,
    "cmpPhysG": false,
    "converge_OCA": true,
    "d_fraction": 3,
    "diff_stop": 0.01,
    "dos": "../python_src/DOS_3D.dat",
    "exe": "mpirun -np 8 ../boldc_cache/boldc",
    "fGf": "Gf.out",
    "fSig": "Sig.out",
    "fastFilesystem": true,
    "iseed": 0,
    "mix": 0.2,
    "mu": 5.0,
    "multiples_last_step": 5,
    "multiples_no_histogram": 3,
    "rescale": 0.4,
    "startGuessVolDiagrams": false,
    "svd_L": 10.0,
    "svd_Nw": 500,
    "svd_lmax": 13,
    "svd_x0": 0.01,
    "tNbin": 200,
    "tsample": 5,
    "warmup": 1
}
iseed=1699318066 in rank 0
Dlt[0,1,1,0]= 1
Dlt[0,1,3,2]= 1
Dlt[0,2,2,0]= 3
Dlt[0,2,3,1]= -3
Dlt[1,0,0,1]= 2
Dlt[1,0,2,3]= 2
Dlt[1,3,2,0]= -3
Dlt[1,3,3,1]= 3
Dlt[2,0,0,2]= 4
Dlt[2,0,1,3]= -4
Dlt[2,3,1,0]= 1
Dlt[2,3,3,2]= 1
Dlt[3,1,0,2]= -4
Dlt[3,1,1,3]= 4
Dlt[3,2,0,1]= 2
Dlt[3,2,2,3]= 2
# Read ../boldc_cache/Delta.inp with 500 entries
setup time=0.004232
svd time=0.074397
last and first singular value=6.91613e-07 0.16921
Final overlap is smaller than 5.25146e-14
log(Zatom)=11.264 F_atom=-5.32787
0) nf=1 <<Sz>>=0 Pr(:)=[1.28265e-05,0.499987,0.499987,1.28265e-05]  Q=2.00005 lambda0=-5 i_gs=1
t_dyson_laplace=0 t_nca=0.0218777 t_oca=0
0) Difference between OCA steps=1.7453
WARNING: Iteration 1 to find ground state old:i_gs=1 and new i_gs=2 old_P=0.488906 new_P=0.497564
1) nf=1 <<Sz>>=0.00866334 Pr(:)=[0.00687387,0.488794,0.497458,0.00687387]  Q=1.98264 lambda0=-5.12712 i_gs=2
t_dyson_laplace=0 t_nca=0.0415657 t_oca=0
1) Difference between OCA steps=1.37998
2) nf=1 <<Sz>>=0.0152555 Pr(:)=[0.0124501,0.479922,0.495178,0.0124501]  Q=1.96172 lambda0=-5.23115 i_gs=2
t_dyson_laplace=0 t_nca=0.0511279 t_oca=0
2) Difference between OCA steps=1.08826
3) nf=1 <<Sz>>=0.0203041 Pr(:)=[0.0169607,0.472887,0.493191,0.0169607]  Q=1.93948 lambda0=-5.31621 i_gs=2
t_dyson_laplace=0 t_nca=0.0544643 t_oca=0
3) Difference between OCA steps=0.855897
4) nf=1 <<Sz>>=0.0241924 Pr(:)=[0.020587,0.467317,0.491509,0.020587]  Q=1.91739 lambda0=-5.38569 i_gs=2
t_dyson_laplace=0 t_nca=0.0545686 t_oca=0
4) Difference between OCA steps=0.671274
5) nf=1 <<Sz>>=0.027202 Pr(:)=[0.0234819,0.462917,0.490119,0.0234819]  Q=1.89636 lambda0=-5.44237 i_gs=2
t_dyson_laplace=0 t_nca=0.0547203 t_oca=0
5) Difference between OCA steps=0.524964
6) nf=1 <<Sz>>=0.0295417 Pr(:)=[0.0257756,0.459454,0.488995,0.0257756]  Q=1.87694 lambda0=-5.48853 i_gs=2
t_dyson_laplace=0 t_nca=0.0549887 t_oca=0
6) Difference between OCA steps=0.409321
7) nf=1 <<Sz>>=0.0313676 Pr(:)=[0.0275784,0.456738,0.488105,0.0275784]  Q=1.85939 lambda0=-5.52608 i_gs=2
t_dyson_laplace=0 t_nca=0.0551639 t_oca=0
7) Difference between OCA steps=0.318164
8) nf=1 <<Sz>>=0.0327975 Pr(:)=[0.0289839,0.454617,0.487415,0.0289839]  Q=1.8438 lambda0=-5.55658 i_gs=2
t_dyson_laplace=0 t_nca=0.0554285 t_oca=0
8) Difference between OCA steps=0.246504
9) nf=1 <<Sz>>=0.0339205 Pr(:)=[0.0300702,0.45297,0.48689,0.0300702]  Q=1.83013 lambda0=-5.5813 i_gs=2
t_dyson_laplace=0 t_nca=0.0556571 t_oca=0
9) Difference between OCA steps=0.190332
10) nf=1 <<Sz>>=0.0348047 Pr(:)=[0.0309021,0.451695,0.4865,0.0309021]  Q=1.81828 lambda0=-5.60132 i_gs=2
t_dyson_laplace=0 t_nca=0.0557057 t_oca=0
10) Difference between OCA steps=0.146429
11) nf=1 <<Sz>>=0.0355026 Pr(:)=[0.0315331,0.450716,0.486218,0.0315331]  Q=1.80811 lambda0=-5.6175 i_gs=2
t_dyson_laplace=0 t_nca=0.0559404 t_oca=0
11) Difference between OCA steps=0.112219
12) nf=1 <<Sz>>=0.0360545 Pr(:)=[0.0320066,0.449966,0.486021,0.0320066]  Q=1.79945 lambda0=-5.63055 i_gs=2
t_dyson_laplace=0 t_nca=0.0559872 t_oca=0
12) Difference between OCA steps=0.0856466
13) nf=1 <<Sz>>=0.0364916 Pr(:)=[0.0323577,0.449396,0.485888,0.0323577]  Q=1.79213 lambda0=-5.64107 i_gs=2
t_dyson_laplace=0 t_nca=0.0560354 t_oca=0
13) Difference between OCA steps=0.0650758
14) nf=1 <<Sz>>=0.0368384 Pr(:)=[0.0326144,0.448966,0.485805,0.0326144]  Q=1.78599 lambda0=-5.64952 i_gs=2
t_dyson_laplace=0 t_nca=0.0566408 t_oca=0
14) Difference between OCA steps=0.0492071
15) nf=1 <<Sz>>=0.0371138 Pr(:)=[0.0327991,0.448644,0.485758,0.0327991]  Q=1.78086 lambda0=-5.65632 i_gs=2
t_dyson_laplace=0 t_nca=0.0568183 t_oca=0
15) Difference between OCA steps=0.0370112
16) nf=1 <<Sz>>=0.0373328 Pr(:)=[0.0329293,0.448404,0.485737,0.0329293]  Q=1.7766 lambda0=-5.66176 i_gs=2
t_dyson_laplace=0 t_nca=0.0573022 t_oca=0
16) Difference between OCA steps=0.0276757
17) nf=1 <<Sz>>=0.0375072 Pr(:)=[0.0330187,0.448228,0.485735,0.0330187]  Q=1.77309 lambda0=-5.66612 i_gs=2
t_dyson_laplace=0 t_nca=0.0574002 t_oca=0
17) Difference between OCA steps=0.0206217
18) nf=1 <<Sz>>=0.037646 Pr(:)=[0.033078,0.448099,0.485745,0.033078]  Q=1.7702 lambda0=-5.66961 i_gs=2
t_dyson_laplace=0 t_nca=0.0577854 t_oca=0
18) Difference between OCA steps=0.0164988
19) nf=1 <<Sz>>=0.0377568 Pr(:)=[0.0331153,0.448006,0.485763,0.0331153]  Q=1.76785 lambda0=-5.67239 i_gs=2
t_dyson_laplace=0 t_nca=0.0581531 t_oca=0
19) Difference between OCA steps=0.0135163
20) nf=1 <<Sz>>=0.0378451 Pr(:)=[0.0331367,0.447941,0.485786,0.0331367]  Q=1.76593 lambda0=-5.67461 i_gs=2
t_dyson_laplace=0 t_nca=0.0584265 t_oca=0
20) Difference between OCA steps=0.0111507
21) nf=1 <<Sz>>=0.0379156 Pr(:)=[0.0331471,0.447895,0.485811,0.0331471]  Q=1.76437 lambda0=-5.67637 i_gs=2
t_dyson_laplace=0 t_nca=0.0584852 t_oca=0
21) Difference between OCA steps=0.00922279
22) nf=1 <<Sz>>=0.0379719 Pr(:)=[0.0331499,0.447864,0.485836,0.0331499]  Q=1.76312 lambda0=-5.67778 i_gs=2
t_dyson_laplace=0 t_nca=0.0588213 t_oca=0
22) Difference between OCA steps=0.00763378
23) nf=1 <<Sz>>=0.0380169 Pr(:)=[0.0331477,0.447844,0.485861,0.0331477]  Q=1.76211 lambda0=-5.67889 i_gs=2
t_dyson_laplace=0 t_nca=0.0589115 t_oca=0
23) Difference between OCA steps=0.00631721
24) nf=1 <<Sz>>=0.0380529 Pr(:)=[0.0331423,0.447831,0.485884,0.0331423]  Q=1.76131 lambda0=-5.67977 i_gs=2
t_dyson_laplace=0 t_nca=0.0591481 t_oca=0
24) Difference between OCA steps=0.00522373
25) nf=1 <<Sz>>=0.0380817 Pr(:)=[0.0331352,0.447824,0.485906,0.0331352]  Q=1.76067 lambda0=-5.68047 i_gs=2
t_dyson_laplace=0 t_nca=0.0593824 t_oca=0
25) Difference between OCA steps=0.00431469
26) nf=1 <<Sz>>=0.0381048 Pr(:)=[0.0331271,0.44782,0.485925,0.0331271]  Q=1.76016 lambda0=-5.68102 i_gs=2
t_dyson_laplace=0 t_nca=0.0597719 t_oca=0
26) Difference between OCA steps=0.00355895
27) nf=1 <<Sz>>=0.0381232 Pr(:)=[0.0331189,0.447819,0.485943,0.0331189]  Q=1.75976 lambda0=-5.68145 i_gs=2
t_dyson_laplace=0 t_nca=0.0598921 t_oca=0
27) Difference between OCA steps=0.00293097
28) nf=1 <<Sz>>=0.038138 Pr(:)=[0.0331109,0.44782,0.485958,0.0331109]  Q=1.75945 lambda0=-5.68179 i_gs=2
t_dyson_laplace=0 t_nca=0.059958 t_oca=0
28) Difference between OCA steps=0.00240965
29) nf=1 <<Sz>>=0.0381498 Pr(:)=[0.0331034,0.447822,0.485971,0.0331034]  Q=1.75921 lambda0=-5.68206 i_gs=2
t_dyson_laplace=0 t_nca=0.0600058 t_oca=0
29) Difference between OCA steps=0.00197741
30) nf=1 <<Sz>>=0.0381593 Pr(:)=[0.0330965,0.447824,0.485983,0.0330965]  Q=1.75902 lambda0=-5.68227 i_gs=2
t_dyson_laplace=0 t_nca=0.0602741 t_oca=0
30) Difference between OCA steps=0.00161955
31) nf=1 <<Sz>>=0.0381668 Pr(:)=[0.0330903,0.447826,0.485993,0.0330903]  Q=1.75887 lambda0=-5.68244 i_gs=2
t_dyson_laplace=0 t_nca=0.0603492 t_oca=0
31) Difference between OCA steps=0.00132375
32) nf=1 <<Sz>>=0.0381729 Pr(:)=[0.0330849,0.447829,0.486002,0.0330849]  Q=1.75876 lambda0=-5.68257 i_gs=2
t_dyson_laplace=0 t_nca=0.060444 t_oca=0
32) Difference between OCA steps=0.00107971
33) nf=1 <<Sz>>=0.0381778 Pr(:)=[0.0330801,0.447831,0.486009,0.0330801]  Q=1.75867 lambda0=-5.68267 i_gs=2
t_dyson_laplace=0 t_nca=0.0605041 t_oca=0
33) Difference between OCA steps=0.000878744
34) nf=1 <<Sz>>=0.0381817 Pr(:)=[0.033076,0.447833,0.486015,0.033076]  Q=1.75861 lambda0=-5.68275 i_gs=2
t_dyson_laplace=0 t_nca=0.0607344 t_oca=0
34) Difference between OCA steps=0.000713598
35) nf=1 <<Sz>>=0.0381849 Pr(:)=[0.0330724,0.447835,0.48602,0.0330724]  Q=1.75856 lambda0=-5.68281 i_gs=2
t_dyson_laplace=0 t_nca=0.0609453 t_oca=0
35) Difference between OCA steps=0.000578173
36) nf=1 <<Sz>>=0.0381874 Pr(:)=[0.0330694,0.447837,0.486024,0.0330694]  Q=1.75852 lambda0=-5.68286 i_gs=2
t_dyson_laplace=0 t_nca=0.0611708 t_oca=0
36) Difference between OCA steps=0.000468469
37) nf=1 <<Sz>>=0.0381894 Pr(:)=[0.0330669,0.447838,0.486028,0.0330669]  Q=1.7585 lambda0=-5.6829 i_gs=2
t_dyson_laplace=0 t_nca=0.0612447 t_oca=0
37) Difference between OCA steps=0.000379894
38) nf=1 <<Sz>>=0.038191 Pr(:)=[0.0330648,0.44784,0.486031,0.0330648]  Q=1.75848 lambda0=-5.68292 i_gs=2
t_dyson_laplace=0 t_nca=0.0613252 t_oca=0
38) Difference between OCA steps=0.000307811
39) nf=1 <<Sz>>=0.0381923 Pr(:)=[0.033063,0.447841,0.486033,0.033063]  Q=1.75846 lambda0=-5.68295 i_gs=2
t_dyson_laplace=0 t_nca=0.0629738 t_oca=0
39) Difference between OCA steps=0.000249026
40) nf=1 <<Sz>>=0.0381933 Pr(:)=[0.0330615,0.447842,0.486035,0.0330615]  Q=1.75845 lambda0=-5.68296 i_gs=2
t_dyson_laplace=0 t_nca=0.0633747 t_oca=0
40) Difference between OCA steps=0.000201093
41) nf=1 <<Sz>>=0.0381942 Pr(:)=[0.0330603,0.447843,0.486037,0.0330603]  Q=1.75845 lambda0=-5.68298 i_gs=2
t_dyson_laplace=0 t_nca=0.0634501 t_oca=0
41) Difference between OCA steps=0.000162051
42) nf=1 <<Sz>>=0.0381948 Pr(:)=[0.0330593,0.447843,0.486038,0.0330593]  Q=1.75844 lambda0=-5.68299 i_gs=2
t_dyson_laplace=0 t_nca=0.0637438 t_oca=0
42) Difference between OCA steps=0.000130304
43) nf=1 <<Sz>>=0.0381954 Pr(:)=[0.0330585,0.447844,0.486039,0.0330585]  Q=1.75844 lambda0=-5.683 i_gs=2
t_dyson_laplace=0 t_nca=0.0639095 t_oca=0
43) Difference between OCA steps=0.000104539
44) nf=1 <<Sz>>=0.0381958 Pr(:)=[0.0330579,0.447844,0.48604,0.0330579]  Q=1.75844 lambda0=-5.683 i_gs=2
t_dyson_laplace=0 t_nca=0.0640348 t_oca=0
44) Difference between OCA steps=8.3672e-05
