Parallel start of bold_ctqmc on process 0 of 8
{
    "Delta": "../boldc_cache/Delta.inp",
    "Ms": 8000000.0,
    "NVrecompute": 5000000,
    "N_min_order": 2,
    "N_rescale_histogram": 1000000,
    "Nbath": 2,
    "Nbin": 512,
    "Ncout": 1000000,
    "Nd": 1,
    "Nitt": 100,
    "Norder": 2,
    "Nrecompute_fake": 50000,
    "Nt": 300,
    "Ntau": 512,
    "PPG": "PPG.",
    "PPSig": "PPSigma.",
    "P_v_P_percent": 0.05,
    "U": 10.0,
    "V0norm": 0.001,
    "beta": 2.1141649048625792,
    "cmpPhysG": false,
    "converge_OCA": true,
    "d_fraction": 3,
    "diff_stop": 0.01,
    "dos": "../python_src/DOS_3D.dat",
    "exe": "mpirun -np 8 ../boldc_cache/boldc",
    "fGf": "Gf.out",
    "fSig": "Sig.out",
    "fastFilesystem": true,
    "iseed": 0,
    "mix": 0.2,
    "mu": 5.0,
    "multiples_last_step": 5,
    "multiples_no_histogram": 3,
    "rescale": 0.4,
    "startGuessVolDiagrams": false,
    "svd_L": 10.0,
    "svd_Nw": 500,
    "svd_lmax": 13,
    "svd_x0": 0.01,
    "tNbin": 200,
    "tsample": 5,
    "warmup": 1
}
iseed=1699359999 in rank 0
Dlt[0,1,1,0]= 1
Dlt[0,1,3,2]= 1
Dlt[0,2,2,0]= 3
Dlt[0,2,3,1]= -3
Dlt[1,0,0,1]= 2
Dlt[1,0,2,3]= 2
Dlt[1,3,2,0]= -3
Dlt[1,3,3,1]= 3
Dlt[2,0,0,2]= 4
Dlt[2,0,1,3]= -4
Dlt[2,3,1,0]= 1
Dlt[2,3,3,2]= 1
Dlt[3,1,0,2]= -4
Dlt[3,1,1,3]= 4
Dlt[3,2,0,1]= 2
Dlt[3,2,2,3]= 2
# Read ../boldc_cache/Delta.inp with 500 entries
setup time=0.004291
svd time=0.081905
last and first singular value=6.91613e-07 0.16921
Final overlap is smaller than 5.25146e-14
log(Zatom)=11.264 F_atom=-5.32787
0) nf=1 <<Sz>>=0 Pr(:)=[1.28265e-05,0.499987,0.499987,1.28265e-05]  Q=2.00005 lambda0=-5 i_gs=1
t_dyson_laplace=0 t_nca=0.000518167 t_oca=0
0) Difference between OCA steps=1.74606
WARNING: Iteration 1 to find ground state old:i_gs=1 and new i_gs=2 old_P=0.49306 new_P=0.4933
1) nf=1 <<Sz>>=0.00023996 Pr(:)=[0.00682347,0.493057,0.493297,0.00682347]  Q=2.00021 lambda0=-5.12284 i_gs=2
t_dyson_laplace=0 t_nca=0.00364058 t_oca=0
1) Difference between OCA steps=1.38687
2) nf=1 <<Sz>>=0.0004226 Pr(:)=[0.0123393,0.487449,0.487872,0.0123393]  Q=1.99228 lambda0=-5.22358 i_gs=2
t_dyson_laplace=0 t_nca=0.00896762 t_oca=0
2) Difference between OCA steps=1.09841
3) nf=1 <<Sz>>=0.000562544 Pr(:)=[0.0167996,0.482919,0.483482,0.0167996]  Q=1.97955 lambda0=-5.30615 i_gs=2
t_dyson_laplace=0 t_nca=0.00915904 t_oca=0
3) Difference between OCA steps=0.867404
4) nf=1 <<Sz>>=0.000670381 Pr(:)=[0.0203918,0.479273,0.479943,0.0203918]  Q=1.96434 lambda0=-5.37375 i_gs=2
t_dyson_laplace=0 t_nca=0.00923237 t_oca=0
4) Difference between OCA steps=0.682932
5) nf=1 <<Sz>>=0.000753883 Pr(:)=[0.023269,0.476354,0.477108,0.023269]  Q=1.94827 lambda0=-5.42902 i_gs=2
t_dyson_laplace=0 t_nca=0.00962883 t_oca=0
5) Difference between OCA steps=0.536046
6) nf=1 <<Sz>>=0.000818818 Pr(:)=[0.0255586,0.474032,0.474851,0.0255586]  Q=1.93237 lambda0=-5.47415 i_gs=2
t_dyson_laplace=0 t_nca=0.00973787 t_oca=0
6) Difference between OCA steps=0.419431
7) nf=1 <<Sz>>=0.0008695 Pr(:)=[0.0273677,0.472198,0.473067,0.0273677]  Q=1.91729 lambda0=-5.51095 i_gs=2
t_dyson_laplace=0 t_nca=0.00976679 t_oca=0
7) Difference between OCA steps=0.327121
8) nf=1 <<Sz>>=0.000909189 Pr(:)=[0.0287863,0.470759,0.471668,0.0287863]  Q=1.90341 lambda0=-5.5409 i_gs=2
t_dyson_laplace=0 t_nca=0.00992033 t_oca=0
8) Difference between OCA steps=0.254268
9) nf=1 <<Sz>>=0.000940357 Pr(:)=[0.0298897,0.46964,0.47058,0.0298897]  Q=1.89092 lambda0=-5.56524 i_gs=2
t_dyson_laplace=0 t_nca=0.0101653 t_oca=0
9) Difference between OCA steps=0.196947
10) nf=1 <<Sz>>=0.000964894 Pr(:)=[0.0307407,0.468777,0.469742,0.0307407]  Q=1.87985 lambda0=-5.58498 i_gs=2
t_dyson_laplace=0 t_nca=0.0102361 t_oca=0
10) Difference between OCA steps=0.151986
11) nf=1 <<Sz>>=0.000984254 Pr(:)=[0.031391,0.468117,0.469101,0.031391]  Q=1.87019 lambda0=-5.60097 i_gs=2
t_dyson_laplace=0 t_nca=0.0108475 t_oca=0
11) Difference between OCA steps=0.116832
12) nf=1 <<Sz>>=0.000999559 Pr(:)=[0.031883,0.467617,0.468617,0.031883]  Q=1.86184 lambda0=-5.6139 i_gs=2
t_dyson_laplace=0 t_nca=0.0112479 t_oca=0
12) Difference between OCA steps=0.0894367
13) nf=1 <<Sz>>=0.00101168 Pr(:)=[0.0322512,0.467243,0.468255,0.0322512]  Q=1.85471 lambda0=-5.62434 i_gs=2
t_dyson_laplace=0 t_nca=0.0115481 t_oca=0
13) Difference between OCA steps=0.0681614
14) nf=1 <<Sz>>=0.00102129 Pr(:)=[0.0325233,0.466966,0.467987,0.0325233]  Q=1.84865 lambda0=-5.63275 i_gs=2
t_dyson_laplace=0 t_nca=0.0118237 t_oca=0
14) Difference between OCA steps=0.0516983
15) nf=1 <<Sz>>=0.00102892 Pr(:)=[0.0327214,0.466764,0.467793,0.0327214]  Q=1.84355 lambda0=-5.63951 i_gs=2
t_dyson_laplace=0 t_nca=0.0122002 t_oca=0
15) Difference between OCA steps=0.0390073
16) nf=1 <<Sz>>=0.00103498 Pr(:)=[0.0328632,0.466619,0.467654,0.0328632]  Q=1.83929 lambda0=-5.64495 i_gs=2
t_dyson_laplace=0 t_nca=0.0125869 t_oca=0
16) Difference between OCA steps=0.0292635
17) nf=1 <<Sz>>=0.00103981 Pr(:)=[0.0329625,0.466518,0.467557,0.0329625]  Q=1.83575 lambda0=-5.6493 i_gs=2
t_dyson_laplace=0 t_nca=0.0129254 t_oca=0
17) Difference between OCA steps=0.0218146
18) nf=1 <<Sz>>=0.00104365 Pr(:)=[0.03303,0.466448,0.467492,0.03303]  Q=1.83283 lambda0=-5.65279 i_gs=2
t_dyson_laplace=0 t_nca=0.0131777 t_oca=0
18) Difference between OCA steps=0.0164791
19) nf=1 <<Sz>>=0.00104671 Pr(:)=[0.0330741,0.466403,0.467449,0.0330741]  Q=1.83043 lambda0=-5.65558 i_gs=2
t_dyson_laplace=0 t_nca=0.0133103 t_oca=0
19) Difference between OCA steps=0.0133539
20) nf=1 <<Sz>>=0.00104915 Pr(:)=[0.0331012,0.466374,0.467423,0.0331012]  Q=1.82846 lambda0=-5.6578 i_gs=2
t_dyson_laplace=0 t_nca=0.01364 t_oca=0
20) Difference between OCA steps=0.0109906
21) nf=1 <<Sz>>=0.0010511 Pr(:)=[0.0331162,0.466358,0.467409,0.0331162]  Q=1.82687 lambda0=-5.65957 i_gs=2
t_dyson_laplace=0 t_nca=0.0139887 t_oca=0
21) Difference between OCA steps=0.00909156
22) nf=1 <<Sz>>=0.00105266 Pr(:)=[0.0331227,0.466351,0.467404,0.0331227]  Q=1.82557 lambda0=-5.66098 i_gs=2
t_dyson_laplace=0 t_nca=0.0144442 t_oca=0
22) Difference between OCA steps=0.00753382
23) nf=1 <<Sz>>=0.0010539 Pr(:)=[0.0331234,0.46635,0.467404,0.0331234]  Q=1.82453 lambda0=-5.6621 i_gs=2
t_dyson_laplace=0 t_nca=0.0150126 t_oca=0
23) Difference between OCA steps=0.00624461
24) nf=1 <<Sz>>=0.00105489 Pr(:)=[0.0331204,0.466352,0.467407,0.0331204]  Q=1.8237 lambda0=-5.66299 i_gs=2
t_dyson_laplace=0 t_nca=0.0153327 t_oca=0
24) Difference between OCA steps=0.00517323
25) nf=1 <<Sz>>=0.00105569 Pr(:)=[0.0331151,0.466357,0.467413,0.0331151]  Q=1.82304 lambda0=-5.66369 i_gs=2
t_dyson_laplace=0 t_nca=0.0156568 t_oca=0
25) Difference between OCA steps=0.00428127
26) nf=1 <<Sz>>=0.00105633 Pr(:)=[0.0331085,0.466363,0.46742,0.0331085]  Q=1.82251 lambda0=-5.66424 i_gs=2
t_dyson_laplace=0 t_nca=0.0160221 t_oca=0
26) Difference between OCA steps=0.00353831
27) nf=1 <<Sz>>=0.00105683 Pr(:)=[0.0331015,0.46637,0.467427,0.0331015]  Q=1.82209 lambda0=-5.66468 i_gs=2
t_dyson_laplace=0 t_nca=0.0162604 t_oca=0
27) Difference between OCA steps=0.00291962
28) nf=1 <<Sz>>=0.00105724 Pr(:)=[0.0330944,0.466377,0.467434,0.0330944]  Q=1.82177 lambda0=-5.66502 i_gs=2
t_dyson_laplace=0 t_nca=0.0165027 t_oca=0
28) Difference between OCA steps=0.00240483
29) nf=1 <<Sz>>=0.00105757 Pr(:)=[0.0330876,0.466384,0.467441,0.0330876]  Q=1.82151 lambda0=-5.6653 i_gs=2
t_dyson_laplace=0 t_nca=0.0165968 t_oca=0
29) Difference between OCA steps=0.00197701
30) nf=1 <<Sz>>=0.00105783 Pr(:)=[0.0330812,0.46639,0.467448,0.0330812]  Q=1.82131 lambda0=-5.66551 i_gs=2
t_dyson_laplace=0 t_nca=0.0167874 t_oca=0
30) Difference between OCA steps=0.00162198
31) nf=1 <<Sz>>=0.00105804 Pr(:)=[0.0330754,0.466396,0.467454,0.0330754]  Q=1.82116 lambda0=-5.66568 i_gs=2
t_dyson_laplace=0 t_nca=0.0168734 t_oca=0
31) Difference between OCA steps=0.00132786
32) nf=1 <<Sz>>=0.00105821 Pr(:)=[0.0330703,0.466401,0.467459,0.0330703]  Q=1.82104 lambda0=-5.66581 i_gs=2
t_dyson_laplace=0 t_nca=0.0170551 t_oca=0
32) Difference between OCA steps=0.00108466
33) nf=1 <<Sz>>=0.00105834 Pr(:)=[0.0330657,0.466405,0.467463,0.0330657]  Q=1.82095 lambda0=-5.66591 i_gs=2
t_dyson_laplace=0 t_nca=0.0173077 t_oca=0
33) Difference between OCA steps=0.000883968
34) nf=1 <<Sz>>=0.00105845 Pr(:)=[0.0330618,0.466409,0.467467,0.0330618]  Q=1.82089 lambda0=-5.66599 i_gs=2
t_dyson_laplace=0 t_nca=0.017722 t_oca=0
34) Difference between OCA steps=0.000718716
35) nf=1 <<Sz>>=0.00105854 Pr(:)=[0.0330584,0.466412,0.467471,0.0330584]  Q=1.82084 lambda0=-5.66605 i_gs=2
t_dyson_laplace=0 t_nca=0.0198152 t_oca=0
35) Difference between OCA steps=0.000582951
36) nf=1 <<Sz>>=0.0010586 Pr(:)=[0.0330555,0.466415,0.467474,0.0330555]  Q=1.8208 lambda0=-5.6661 i_gs=2
t_dyson_laplace=0 t_nca=0.0212363 t_oca=0
36) Difference between OCA steps=0.000471672
37) nf=1 <<Sz>>=0.00105866 Pr(:)=[0.033053,0.466418,0.467476,0.033053]  Q=1.82077 lambda0=-5.66614 i_gs=2
t_dyson_laplace=0 t_nca=0.0213644 t_oca=0
37) Difference between OCA steps=0.000381437
38) nf=1 <<Sz>>=0.0010587 Pr(:)=[0.033051,0.46642,0.467478,0.033051]  Q=1.82075 lambda0=-5.66617 i_gs=2
t_dyson_laplace=0 t_nca=0.021416 t_oca=0
38) Difference between OCA steps=0.000308748
39) nf=1 <<Sz>>=0.00105874 Pr(:)=[0.0330493,0.466421,0.46748,0.0330493]  Q=1.82074 lambda0=-5.66619 i_gs=2
t_dyson_laplace=0 t_nca=0.0219572 t_oca=0
39) Difference between OCA steps=0.000249685
40) nf=1 <<Sz>>=0.00105877 Pr(:)=[0.0330478,0.466423,0.467482,0.0330478]  Q=1.82073 lambda0=-5.66621 i_gs=2
t_dyson_laplace=0 t_nca=0.0222596 t_oca=0
40) Difference between OCA steps=0.000201587
41) nf=1 <<Sz>>=0.00105879 Pr(:)=[0.0330466,0.466424,0.467483,0.0330466]  Q=1.82072 lambda0=-5.66622 i_gs=2
t_dyson_laplace=0 t_nca=0.0223066 t_oca=0
41) Difference between OCA steps=0.000162424
42) nf=1 <<Sz>>=0.00105881 Pr(:)=[0.0330457,0.466425,0.467484,0.0330457]  Q=1.82072 lambda0=-5.66623 i_gs=2
t_dyson_laplace=0 t_nca=0.0224734 t_oca=0
42) Difference between OCA steps=0.000130576
43) nf=1 <<Sz>>=0.00105883 Pr(:)=[0.0330449,0.466426,0.467485,0.0330449]  Q=1.82071 lambda0=-5.66624 i_gs=2
t_dyson_laplace=0 t_nca=0.0225177 t_oca=0
43) Difference between OCA steps=0.000104723
44) nf=1 <<Sz>>=0.00105884 Pr(:)=[0.0330442,0.466426,0.467485,0.0330442]  Q=1.82071 lambda0=-5.66624 i_gs=2
t_dyson_laplace=0 t_nca=0.0227012 t_oca=0
44) Difference between OCA steps=8.37807e-05
