Parallel start of bold_ctqmc on process 0 of 8
{
    "Delta": "../boldc_cache/Delta.inp",
    "Ms": 8000000.0,
    "NVrecompute": 5000000,
    "N_min_order": 2,
    "N_rescale_histogram": 1000000,
    "Nbath": 2,
    "Nbin": 512,
    "Ncout": 1000000,
    "Nd": 1,
    "Nitt": 100,
    "Norder": 2,
    "Nrecompute_fake": 50000,
    "Nt": 300,
    "Ntau": 512,
    "PPG": "PPG.",
    "PPSig": "PPSigma.",
    "P_v_P_percent": 0.05,
    "U": 10.0,
    "V0norm": 0.001,
    "beta": 2.1128248468201987,
    "cmpPhysG": false,
    "converge_OCA": true,
    "d_fraction": 3,
    "diff_stop": 0.01,
    "dos": "../python_src/DOS_3D.dat",
    "exe": "mpirun -np 8 ../boldc_cache/boldc",
    "fGf": "Gf.out",
    "fSig": "Sig.out",
    "fastFilesystem": true,
    "iseed": 0,
    "mix": 0.2,
    "mu": 5.0,
    "multiples_last_step": 5,
    "multiples_no_histogram": 3,
    "rescale": 0.4,
    "startGuessVolDiagrams": false,
    "svd_L": 10.0,
    "svd_Nw": 500,
    "svd_lmax": 13,
    "svd_x0": 0.01,
    "tNbin": 200,
    "tsample": 5,
    "warmup": 1
}
iseed=1699384674 in rank 0
Dlt[0,1,1,0]= 1
Dlt[0,1,3,2]= 1
Dlt[0,2,2,0]= 3
Dlt[0,2,3,1]= -3
Dlt[1,0,0,1]= 2
Dlt[1,0,2,3]= 2
Dlt[1,3,2,0]= -3
Dlt[1,3,3,1]= 3
Dlt[2,0,0,2]= 4
Dlt[2,0,1,3]= -4
Dlt[2,3,1,0]= 1
Dlt[2,3,3,2]= 1
Dlt[3,1,0,2]= -4
Dlt[3,1,1,3]= 4
Dlt[3,2,0,1]= 2
Dlt[3,2,2,3]= 2
# Read ../boldc_cache/Delta.inp with 500 entries
setup time=0.004483
svd time=0.075742
last and first singular value=6.88692e-07 0.169208
Final overlap is smaller than 4.33989e-14
log(Zatom)=11.2573 F_atom=-5.32808
0) nf=1 <<Sz>>=0 Pr(:)=[1.29127e-05,0.499987,0.499987,1.29127e-05]  Q=2.00005 lambda0=-5 i_gs=1
t_dyson_laplace=0 t_nca=0.0276944 t_oca=0
0) Difference between OCA steps=2.23303
1) nf=1 <<Sz>>=1.56546e-06 Pr(:)=[0.00855887,0.49144,0.491442,0.00855887]  Q=2.00172 lambda0=-5.13206 i_gs=1
t_dyson_laplace=0 t_nca=0.0378658 t_oca=0
1) Difference between OCA steps=1.77331
2) nf=1 <<Sz>>=2.74021e-06 Pr(:)=[0.0157522,0.484246,0.484249,0.0157522]  Q=1.98857 lambda0=-5.24306 i_gs=1
t_dyson_laplace=0 t_nca=0.047754 t_oca=0
2) Difference between OCA steps=1.40007
3) nf=1 <<Sz>>=3.62496e-06 Pr(:)=[0.0217457,0.478253,0.478256,0.0217457]  Q=1.96639 lambda0=-5.3362 i_gs=1
t_dyson_laplace=0 t_nca=0.0574123 t_oca=0
3) Difference between OCA steps=1.0987
4) nf=1 <<Sz>>=4.29373e-06 Pr(:)=[0.0266773,0.473321,0.473325,0.0266773]  Q=1.93955 lambda0=-5.41413 i_gs=1
t_dyson_laplace=0 t_nca=0.0611353 t_oca=0
4) Difference between OCA steps=0.856823
5) nf=1 <<Sz>>=4.80123e-06 Pr(:)=[0.0306796,0.469318,0.469323,0.0306796]  Q=1.91113 lambda0=-5.47911 i_gs=1
t_dyson_laplace=0 t_nca=0.0613579 t_oca=0
5) Difference between OCA steps=0.663883
6) nf=1 <<Sz>>=5.18794e-06 Pr(:)=[0.0338812,0.466116,0.466121,0.0338812]  Q=1.88317 lambda0=-5.53306 i_gs=1
t_dyson_laplace=0 t_nca=0.0615576 t_oca=0
6) Difference between OCA steps=0.510944
7) nf=1 <<Sz>>=5.48392e-06 Pr(:)=[0.0364043,0.463593,0.463598,0.0364043]  Q=1.8569 lambda0=-5.57768 i_gs=1
t_dyson_laplace=0 t_nca=0.061749 t_oca=0
7) Difference between OCA steps=0.390472
8) nf=1 <<Sz>>=5.7115e-06 Pr(:)=[0.0383621,0.461635,0.461641,0.0383621]  Q=1.833 lambda0=-5.61441 i_gs=1
t_dyson_laplace=0 t_nca=0.0621245 t_oca=0
8) Difference between OCA steps=0.296171
9) nf=1 <<Sz>>=5.8873e-06 Pr(:)=[0.0398569,0.46014,0.460146,0.0398569]  Q=1.81177 lambda0=-5.64452 i_gs=1
t_dyson_laplace=0 t_nca=0.0624277 t_oca=0
9) Difference between OCA steps=0.222826
10) nf=1 <<Sz>>=6.02375e-06 Pr(:)=[0.0409783,0.459019,0.459025,0.0409783]  Q=1.79325 lambda0=-5.66911 i_gs=1
t_dyson_laplace=0 t_nca=0.0627454 t_oca=0
10) Difference between OCA steps=0.166151
11) nf=1 <<Sz>>=6.13013e-06 Pr(:)=[0.0418034,0.458194,0.4582,0.0418034]  Q=1.77732 lambda0=-5.68909 i_gs=1
t_dyson_laplace=0 t_nca=0.062817 t_oca=0
11) Difference between OCA steps=0.122657
12) nf=1 <<Sz>>=6.21345e-06 Pr(:)=[0.0423969,0.4576,0.457606,0.0423969]  Q=1.7638 lambda0=-5.70528 i_gs=1
t_dyson_laplace=0 t_nca=0.0629394 t_oca=0
12) Difference between OCA steps=0.0895163
13) nf=1 <<Sz>>=6.27898e-06 Pr(:)=[0.042812,0.457185,0.457191,0.042812]  Q=1.75244 lambda0=-5.71833 i_gs=1
t_dyson_laplace=0 t_nca=0.0629896 t_oca=0
13) Difference between OCA steps=0.0644607
14) nf=1 <<Sz>>=6.33073e-06 Pr(:)=[0.0430922,0.456905,0.456911,0.0430922]  Q=1.74299 lambda0=-5.72882 i_gs=1
t_dyson_laplace=0 t_nca=0.0633681 t_oca=0
14) Difference between OCA steps=0.0491375
15) nf=1 <<Sz>>=6.37175e-06 Pr(:)=[0.0432717,0.456725,0.456731,0.0432717]  Q=1.73519 lambda0=-5.73722 i_gs=1
t_dyson_laplace=0 t_nca=0.0634198 t_oca=0
15) Difference between OCA steps=0.0402509
16) nf=1 <<Sz>>=6.40437e-06 Pr(:)=[0.0433779,0.456619,0.456625,0.0433779]  Q=1.72881 lambda0=-5.74391 i_gs=1
t_dyson_laplace=0 t_nca=0.0638379 t_oca=0
16) Difference between OCA steps=0.0335808
17) nf=1 <<Sz>>=6.4304e-06 Pr(:)=[0.0434317,0.456565,0.456572,0.0434317]  Q=1.72364 lambda0=-5.74924 i_gs=1
t_dyson_laplace=0 t_nca=0.0642302 t_oca=0
17) Difference between OCA steps=0.0282453
18) nf=1 <<Sz>>=6.45123e-06 Pr(:)=[0.0434491,0.456548,0.456554,0.0434491]  Q=1.71947 lambda0=-5.75345 i_gs=1
t_dyson_laplace=0 t_nca=0.064673 t_oca=0
18) Difference between OCA steps=0.0238305
19) nf=1 <<Sz>>=6.46794e-06 Pr(:)=[0.0434422,0.456555,0.456561,0.0434422]  Q=1.71615 lambda0=-5.75678 i_gs=1
t_dyson_laplace=0 t_nca=0.0651465 t_oca=0
19) Difference between OCA steps=0.0201073
20) nf=1 <<Sz>>=6.48137e-06 Pr(:)=[0.0434199,0.456577,0.456583,0.0434199]  Q=1.71351 lambda0=-5.75939 i_gs=1
t_dyson_laplace=0 t_nca=0.0652135 t_oca=0
20) Difference between OCA steps=0.0169358
21) nf=1 <<Sz>>=6.4922e-06 Pr(:)=[0.0433886,0.456608,0.456615,0.0433886]  Q=1.71144 lambda0=-5.76144 i_gs=1
t_dyson_laplace=0 t_nca=0.065277 t_oca=0
21) Difference between OCA steps=0.0142228
22) nf=1 <<Sz>>=6.50093e-06 Pr(:)=[0.043353,0.456644,0.45665,0.043353]  Q=1.70982 lambda0=-5.76304 i_gs=1
t_dyson_laplace=0 t_nca=0.0653609 t_oca=0
22) Difference between OCA steps=0.0119007
23) nf=1 <<Sz>>=6.50799e-06 Pr(:)=[0.0433163,0.45668,0.456687,0.0433163]  Q=1.70857 lambda0=-5.76429 i_gs=1
t_dyson_laplace=0 t_nca=0.0655563 t_oca=0
23) Difference between OCA steps=0.00991665
24) nf=1 <<Sz>>=6.51371e-06 Pr(:)=[0.0432804,0.456716,0.456723,0.0432804]  Q=1.70762 lambda0=-5.76525 i_gs=1
t_dyson_laplace=0 t_nca=0.0656225 t_oca=0
24) Difference between OCA steps=0.00822701
25) nf=1 <<Sz>>=6.51834e-06 Pr(:)=[0.0432467,0.45675,0.456757,0.0432467]  Q=1.70689 lambda0=-5.766 i_gs=1
t_dyson_laplace=0 t_nca=0.0658436 t_oca=0
25) Difference between OCA steps=0.00679398
26) nf=1 <<Sz>>=6.5221e-06 Pr(:)=[0.043216,0.456781,0.456787,0.043216]  Q=1.70635 lambda0=-5.76657 i_gs=1
t_dyson_laplace=0 t_nca=0.0661719 t_oca=0
26) Difference between OCA steps=0.00558425
27) nf=1 <<Sz>>=6.52515e-06 Pr(:)=[0.0431885,0.456808,0.456815,0.0431885]  Q=1.70596 lambda0=-5.76701 i_gs=1
t_dyson_laplace=0 t_nca=0.0664044 t_oca=0
27) Difference between OCA steps=0.0045681
28) nf=1 <<Sz>>=6.52762e-06 Pr(:)=[0.0431644,0.456832,0.456839,0.0431644]  Q=1.70567 lambda0=-5.76735 i_gs=1
t_dyson_laplace=0 t_nca=0.066783 t_oca=0
28) Difference between OCA steps=0.00372075
29) nf=1 <<Sz>>=6.52963e-06 Pr(:)=[0.0431436,0.456853,0.45686,0.0431436]  Q=1.70546 lambda0=-5.7676 i_gs=1
t_dyson_laplace=0 t_nca=0.0670308 t_oca=0
29) Difference between OCA steps=0.00303226
30) nf=1 <<Sz>>=6.53126e-06 Pr(:)=[0.0431257,0.456871,0.456878,0.0431257]  Q=1.70532 lambda0=-5.7678 i_gs=1
t_dyson_laplace=0 t_nca=0.0670936 t_oca=0
30) Difference between OCA steps=0.00246763
31) nf=1 <<Sz>>=6.53259e-06 Pr(:)=[0.0431107,0.456886,0.456893,0.0431107]  Q=1.70522 lambda0=-5.76794 i_gs=1
t_dyson_laplace=0 t_nca=0.0674189 t_oca=0
31) Difference between OCA steps=0.0020019
32) nf=1 <<Sz>>=6.53366e-06 Pr(:)=[0.043098,0.456899,0.456905,0.043098]  Q=1.70516 lambda0=-5.76805 i_gs=1
t_dyson_laplace=0 t_nca=0.0674832 t_oca=0
32) Difference between OCA steps=0.0016179
33) nf=1 <<Sz>>=6.53453e-06 Pr(:)=[0.0430876,0.456909,0.456916,0.0430876]  Q=1.70513 lambda0=-5.76814 i_gs=1
t_dyson_laplace=0 t_nca=0.0677887 t_oca=0
33) Difference between OCA steps=0.00130212
34) nf=1 <<Sz>>=6.53524e-06 Pr(:)=[0.043079,0.456918,0.456924,0.043079]  Q=1.70511 lambda0=-5.7682 i_gs=1
t_dyson_laplace=0 t_nca=0.0680615 t_oca=0
34) Difference between OCA steps=0.00104339
35) nf=1 <<Sz>>=6.53582e-06 Pr(:)=[0.0430719,0.456925,0.456931,0.0430719]  Q=1.7051 lambda0=-5.76824 i_gs=1
t_dyson_laplace=0 t_nca=0.0681253 t_oca=0
35) Difference between OCA steps=0.000832276
36) nf=1 <<Sz>>=6.53628e-06 Pr(:)=[0.0430662,0.456931,0.456937,0.0430662]  Q=1.70511 lambda0=-5.76828 i_gs=1
t_dyson_laplace=0 t_nca=0.0683901 t_oca=0
36) Difference between OCA steps=0.000660766
37) nf=1 <<Sz>>=6.53666e-06 Pr(:)=[0.0430616,0.456935,0.456942,0.0430616]  Q=1.70511 lambda0=-5.7683 i_gs=1
t_dyson_laplace=0 t_nca=0.0685134 t_oca=0
37) Difference between OCA steps=0.000522069
38) nf=1 <<Sz>>=6.53696e-06 Pr(:)=[0.043058,0.456939,0.456945,0.043058]  Q=1.70512 lambda0=-5.76832 i_gs=1
t_dyson_laplace=0 t_nca=0.0686802 t_oca=0
38) Difference between OCA steps=0.000410426
39) nf=1 <<Sz>>=6.53721e-06 Pr(:)=[0.0430551,0.456942,0.456948,0.0430551]  Q=1.70514 lambda0=-5.76833 i_gs=1
t_dyson_laplace=0 t_nca=0.0693359 t_oca=0
39) Difference between OCA steps=0.000320989
40) nf=1 <<Sz>>=6.5374e-06 Pr(:)=[0.0430528,0.456944,0.45695,0.0430528]  Q=1.70515 lambda0=-5.76834 i_gs=1
t_dyson_laplace=0 t_nca=0.0694025 t_oca=0
40) Difference between OCA steps=0.000249689
41) nf=1 <<Sz>>=6.53756e-06 Pr(:)=[0.043051,0.456946,0.456952,0.043051]  Q=1.70516 lambda0=-5.76835 i_gs=1
t_dyson_laplace=0 t_nca=0.0695775 t_oca=0
41) Difference between OCA steps=0.000193128
42) nf=1 <<Sz>>=6.53769e-06 Pr(:)=[0.0430496,0.456947,0.456954,0.0430496]  Q=1.70517 lambda0=-5.76836 i_gs=1
t_dyson_laplace=0 t_nca=0.0699426 t_oca=0
42) Difference between OCA steps=0.000148487
43) nf=1 <<Sz>>=6.5378e-06 Pr(:)=[0.0430486,0.456948,0.456955,0.0430486]  Q=1.70518 lambda0=-5.76836 i_gs=1
t_dyson_laplace=0 t_nca=0.0702491 t_oca=0
43) Difference between OCA steps=0.000113438
44) nf=1 <<Sz>>=6.53788e-06 Pr(:)=[0.0430478,0.456949,0.456956,0.0430478]  Q=1.70519 lambda0=-5.76836 i_gs=1
t_dyson_laplace=0 t_nca=0.070774 t_oca=0
44) Difference between OCA steps=8.60694e-05
