Parallel start of bold_ctqmc on process 0 of 8
{
    "Delta": "../boldc_cache/Delta.inp",
    "Ms": 8000000.0,
    "NVrecompute": 5000000,
    "N_min_order": 2,
    "N_rescale_histogram": 1000000,
    "Nbath": 2,
    "Nbin": 512,
    "Ncout": 1000000,
    "Nd": 1,
    "Nitt": 100,
    "Norder": 2,
    "Nrecompute_fake": 50000,
    "Nt": 300,
    "Ntau": 512,
    "PPG": "PPG.",
    "PPSig": "PPSigma.",
    "P_v_P_percent": 0.05,
    "U": 10.0,
    "V0norm": 0.001,
    "beta": 2.1128248468201987,
    "cmpPhysG": false,
    "converge_OCA": true,
    "d_fraction": 3,
    "diff_stop": 0.01,
    "dos": "../python_src/DOS_3D.dat",
    "exe": "mpirun -np 8 ../boldc_cache/boldc",
    "fGf": "Gf.out",
    "fSig": "Sig.out",
    "fastFilesystem": true,
    "iseed": 0,
    "mix": 0.2,
    "mu": 5.0,
    "multiples_last_step": 5,
    "multiples_no_histogram": 3,
    "rescale": 0.4,
    "startGuessVolDiagrams": false,
    "svd_L": 10.0,
    "svd_Nw": 500,
    "svd_lmax": 13,
    "svd_x0": 0.01,
    "tNbin": 200,
    "tsample": 5,
    "warmup": 1
}
iseed=1699378512 in rank 0
Dlt[0,1,1,0]= 1
Dlt[0,1,3,2]= 1
Dlt[0,2,2,0]= 3
Dlt[0,2,3,1]= -3
Dlt[1,0,0,1]= 2
Dlt[1,0,2,3]= 2
Dlt[1,3,2,0]= -3
Dlt[1,3,3,1]= 3
Dlt[2,0,0,2]= 4
Dlt[2,0,1,3]= -4
Dlt[2,3,1,0]= 1
Dlt[2,3,3,2]= 1
Dlt[3,1,0,2]= -4
Dlt[3,1,1,3]= 4
Dlt[3,2,0,1]= 2
Dlt[3,2,2,3]= 2
# Read ../boldc_cache/Delta.inp with 500 entries
setup time=0.004324
svd time=0.080677
last and first singular value=6.88692e-07 0.169208
Final overlap is smaller than 4.33989e-14
log(Zatom)=11.2573 F_atom=-5.32808
0) nf=1 <<Sz>>=0 Pr(:)=[1.29127e-05,0.499987,0.499987,1.29127e-05]  Q=2.00005 lambda0=-5 i_gs=1
t_dyson_laplace=0 t_nca=0.0420991 t_oca=0
0) Difference between OCA steps=1.74418
WARNING: Iteration 1 to find ground state old:i_gs=1 and new i_gs=2 old_P=0.486587 new_P=0.499949
1) nf=1 <<Sz>>=0.0133747 Pr(:)=[0.00690037,0.486412,0.499787,0.00690037]  Q=1.97294 lambda0=-5.1295 i_gs=2
t_dyson_laplace=0 t_nca=0.0620769 t_oca=0
1) Difference between OCA steps=1.37575
2) nf=1 <<Sz>>=0.0235494 Pr(:)=[0.0125096,0.475716,0.499265,0.0125096]  Q=1.94503 lambda0=-5.23536 i_gs=2
t_dyson_laplace=0 t_nca=0.0644084 t_oca=0
2) Difference between OCA steps=1.08247
3) nf=1 <<Sz>>=0.0313384 Pr(:)=[0.0170483,0.467282,0.498621,0.0170483]  Q=1.9178 lambda0=-5.32181 i_gs=2
t_dyson_laplace=0 t_nca=0.0644538 t_oca=0
3) Difference between OCA steps=0.849541
4) nf=1 <<Sz>>=0.0373346 Pr(:)=[0.0206939,0.460639,0.497973,0.0206939]  Q=1.89215 lambda0=-5.39234 i_gs=2
t_dyson_laplace=0 t_nca=0.0649934 t_oca=0
4) Difference between OCA steps=0.664964
5) nf=1 <<Sz>>=0.0419739 Pr(:)=[0.0235992,0.455414,0.497388,0.0235992]  Q=1.86861 lambda0=-5.44979 i_gs=2
t_dyson_laplace=0 t_nca=0.0653105 t_oca=0
5) Difference between OCA steps=0.519052
6) nf=1 <<Sz>>=0.0455794 Pr(:)=[0.0258958,0.451314,0.496894,0.0258958]  Q=1.84743 lambda0=-5.49653 i_gs=2
t_dyson_laplace=0 t_nca=0.065792 t_oca=0
6) Difference between OCA steps=0.403989
7) nf=1 <<Sz>>=0.0483926 Pr(:)=[0.0276962,0.448108,0.4965,0.0276962]  Q=1.82866 lambda0=-5.5345 i_gs=2
t_dyson_laplace=0 t_nca=0.0661135 t_oca=0
7) Difference between OCA steps=0.313483
8) nf=1 <<Sz>>=0.0505952 Pr(:)=[0.0290955,0.445607,0.496202,0.0290955]  Q=1.81223 lambda0=-5.5653 i_gs=2
t_dyson_laplace=0 t_nca=0.0665472 t_oca=0
8) Difference between OCA steps=0.24248
9) nf=1 <<Sz>>=0.0523251 Pr(:)=[0.0301734,0.443664,0.495989,0.0301734]  Q=1.798 lambda0=-5.59025 i_gs=2
t_dyson_laplace=0 t_nca=0.0669558 t_oca=0
9) Difference between OCA steps=0.186928
10) nf=1 <<Sz>>=0.0536873 Pr(:)=[0.030996,0.44216,0.495848,0.030996]  Q=1.78579 lambda0=-5.61041 i_gs=2
t_dyson_laplace=0 t_nca=0.0671533 t_oca=0
10) Difference between OCA steps=0.143587
11) nf=1 <<Sz>>=0.0547624 Pr(:)=[0.0316175,0.441001,0.495764,0.0316175]  Q=1.77539 lambda0=-5.6267 i_gs=2
t_dyson_laplace=0 t_nca=0.0674343 t_oca=0
11) Difference between OCA steps=0.109873
12) nf=1 <<Sz>>=0.0556126 Pr(:)=[0.0320819,0.440112,0.495724,0.0320819]  Q=1.76659 lambda0=-5.63982 i_gs=2
t_dyson_laplace=0 t_nca=0.0678006 t_oca=0
12) Difference between OCA steps=0.0837302
13) nf=1 <<Sz>>=0.0562862 Pr(:)=[0.0324245,0.439432,0.495719,0.0324245]  Q=1.75919 lambda0=-5.65039 i_gs=2
t_dyson_laplace=0 t_nca=0.06816 t_oca=0
13) Difference between OCA steps=0.0635236
14) nf=1 <<Sz>>=0.0568206 Pr(:)=[0.0326737,0.438916,0.495737,0.0326737]  Q=1.75301 lambda0=-5.65887 i_gs=2
t_dyson_laplace=0 t_nca=0.0682318 t_oca=0
14) Difference between OCA steps=0.0479598
15) nf=1 <<Sz>>=0.0572452 Pr(:)=[0.0328518,0.438526,0.495771,0.0328518]  Q=1.74788 lambda0=-5.66569 i_gs=2
t_dyson_laplace=0 t_nca=0.068371 t_oca=0
15) Difference between OCA steps=0.0360165
16) nf=1 <<Sz>>=0.0575828 Pr(:)=[0.0329764,0.438232,0.495815,0.0329764]  Q=1.74363 lambda0=-5.67114 i_gs=2
t_dyson_laplace=0 t_nca=0.0685613 t_oca=0
16) Difference between OCA steps=0.0268879
17) nf=1 <<Sz>>=0.0578516 Pr(:)=[0.033061,0.438013,0.495865,0.033061]  Q=1.74013 lambda0=-5.67551 i_gs=2
t_dyson_laplace=0 t_nca=0.0686461 t_oca=0
17) Difference between OCA steps=0.0204254
18) nf=1 <<Sz>>=0.0580658 Pr(:)=[0.0331163,0.437851,0.495917,0.0331163]  Q=1.73727 lambda0=-5.679 i_gs=2
t_dyson_laplace=0 t_nca=0.0688547 t_oca=0
18) Difference between OCA steps=0.0165296
19) nf=1 <<Sz>>=0.0582365 Pr(:)=[0.0331502,0.437732,0.495968,0.0331502]  Q=1.73494 lambda0=-5.68178 i_gs=2
t_dyson_laplace=0 t_nca=0.06922 t_oca=0
19) Difference between OCA steps=0.0135748
20) nf=1 <<Sz>>=0.0583728 Pr(:)=[0.033169,0.437645,0.496017,0.033169]  Q=1.73304 lambda0=-5.68399 i_gs=2
t_dyson_laplace=0 t_nca=0.0697004 t_oca=0
20) Difference between OCA steps=0.0112042
21) nf=1 <<Sz>>=0.0584816 Pr(:)=[0.0331772,0.437582,0.496064,0.0331772]  Q=1.73151 lambda0=-5.68576 i_gs=2
t_dyson_laplace=0 t_nca=0.0698204 t_oca=0
21) Difference between OCA steps=0.00926437
22) nf=1 <<Sz>>=0.0585685 Pr(:)=[0.0331782,0.437538,0.496106,0.0331782]  Q=1.73027 lambda0=-5.68716 i_gs=2
t_dyson_laplace=0 t_nca=0.0700955 t_oca=0
22) Difference between OCA steps=0.00766342
23) nf=1 <<Sz>>=0.0586379 Pr(:)=[0.0331746,0.437506,0.496144,0.0331746]  Q=1.72928 lambda0=-5.68826 i_gs=2
t_dyson_laplace=0 t_nca=0.0702166 t_oca=0
23) Difference between OCA steps=0.00633678
24) nf=1 <<Sz>>=0.0586935 Pr(:)=[0.0331681,0.437485,0.496179,0.0331681]  Q=1.7285 lambda0=-5.68914 i_gs=2
t_dyson_laplace=0 t_nca=0.0704554 t_oca=0
24) Difference between OCA steps=0.00523542
25) nf=1 <<Sz>>=0.0587379 Pr(:)=[0.0331601,0.437471,0.496209,0.0331601]  Q=1.72787 lambda0=-5.68984 i_gs=2
t_dyson_laplace=0 t_nca=0.0705154 t_oca=0
25) Difference between OCA steps=0.00432051
26) nf=1 <<Sz>>=0.0587735 Pr(:)=[0.0331514,0.437462,0.496235,0.0331514]  Q=1.72737 lambda0=-5.69039 i_gs=2
t_dyson_laplace=0 t_nca=0.0708106 t_oca=0
26) Difference between OCA steps=0.0035606
27) nf=1 <<Sz>>=0.0588019 Pr(:)=[0.0331426,0.437456,0.496258,0.0331426]  Q=1.72698 lambda0=-5.69082 i_gs=2
t_dyson_laplace=0 t_nca=0.07097 t_oca=0
27) Difference between OCA steps=0.00292979
28) nf=1 <<Sz>>=0.0588247 Pr(:)=[0.0331342,0.437453,0.496278,0.0331342]  Q=1.72667 lambda0=-5.69116 i_gs=2
t_dyson_laplace=0 t_nca=0.0713383 t_oca=0
28) Difference between OCA steps=0.00240668
29) nf=1 <<Sz>>=0.058843 Pr(:)=[0.0331264,0.437452,0.496295,0.0331264]  Q=1.72644 lambda0=-5.69143 i_gs=2
t_dyson_laplace=0 t_nca=0.0715303 t_oca=0
29) Difference between OCA steps=0.00197341
30) nf=1 <<Sz>>=0.0588576 Pr(:)=[0.0331192,0.437452,0.49631,0.0331192]  Q=1.72625 lambda0=-5.69164 i_gs=2
t_dyson_laplace=0 t_nca=0.0718756 t_oca=0
30) Difference between OCA steps=0.00161507
31) nf=1 <<Sz>>=0.0588693 Pr(:)=[0.0331129,0.437452,0.496322,0.0331129]  Q=1.72611 lambda0=-5.6918 i_gs=2
t_dyson_laplace=0 t_nca=0.0724121 t_oca=0
31) Difference between OCA steps=0.00131919
32) nf=1 <<Sz>>=0.0588787 Pr(:)=[0.0331072,0.437453,0.496332,0.0331072]  Q=1.726 lambda0=-5.69193 i_gs=2
t_dyson_laplace=0 t_nca=0.0730139 t_oca=0
32) Difference between OCA steps=0.00107531
33) nf=1 <<Sz>>=0.0588863 Pr(:)=[0.0331024,0.437455,0.496341,0.0331024]  Q=1.72591 lambda0=-5.69203 i_gs=2
t_dyson_laplace=0 t_nca=0.0733167 t_oca=0
33) Difference between OCA steps=0.00087467
34) nf=1 <<Sz>>=0.0588923 Pr(:)=[0.0330981,0.437456,0.496348,0.0330981]  Q=1.72585 lambda0=-5.69211 i_gs=2
t_dyson_laplace=0 t_nca=0.0736938 t_oca=0
34) Difference between OCA steps=0.000709936
35) nf=1 <<Sz>>=0.0588972 Pr(:)=[0.0330945,0.437457,0.496354,0.0330945]  Q=1.7258 lambda0=-5.69217 i_gs=2
t_dyson_laplace=0 t_nca=0.0738552 t_oca=0
35) Difference between OCA steps=0.000575347
36) nf=1 <<Sz>>=0.058901 Pr(:)=[0.0330915,0.437458,0.496359,0.0330915]  Q=1.72577 lambda0=-5.69222 i_gs=2
t_dyson_laplace=0 t_nca=0.0747238 t_oca=0
36) Difference between OCA steps=0.000466932
37) nf=1 <<Sz>>=0.0589042 Pr(:)=[0.0330889,0.437459,0.496363,0.0330889]  Q=1.72574 lambda0=-5.69226 i_gs=2
t_dyson_laplace=0 t_nca=0.0757411 t_oca=0
37) Difference between OCA steps=0.000378883
38) nf=1 <<Sz>>=0.0589067 Pr(:)=[0.0330868,0.43746,0.496367,0.0330868]  Q=1.72572 lambda0=-5.69229 i_gs=2
t_dyson_laplace=0 t_nca=0.0759681 t_oca=0
38) Difference between OCA steps=0.000307076
39) nf=1 <<Sz>>=0.0589087 Pr(:)=[0.033085,0.437461,0.496369,0.033085]  Q=1.72571 lambda0=-5.69231 i_gs=2
t_dyson_laplace=0 t_nca=0.076291 t_oca=0
39) Difference between OCA steps=0.000248471
40) nf=1 <<Sz>>=0.0589103 Pr(:)=[0.0330835,0.437461,0.496372,0.0330835]  Q=1.7257 lambda0=-5.69233 i_gs=2
t_dyson_laplace=0 t_nca=0.0765098 t_oca=0
40) Difference between OCA steps=0.000200671
41) nf=1 <<Sz>>=0.0589116 Pr(:)=[0.0330823,0.437462,0.496373,0.0330823]  Q=1.72569 lambda0=-5.69234 i_gs=2
t_dyson_laplace=0 t_nca=0.0769903 t_oca=0
41) Difference between OCA steps=0.000161737
42) nf=1 <<Sz>>=0.0589126 Pr(:)=[0.0330813,0.437462,0.496375,0.0330813]  Q=1.72569 lambda0=-5.69235 i_gs=2
t_dyson_laplace=0 t_nca=0.0772473 t_oca=0
42) Difference between OCA steps=0.000130078
43) nf=1 <<Sz>>=0.0589134 Pr(:)=[0.0330805,0.437463,0.496376,0.0330805]  Q=1.72568 lambda0=-5.69236 i_gs=2
t_dyson_laplace=0 t_nca=0.0774918 t_oca=0
43) Difference between OCA steps=0.000104386
44) nf=1 <<Sz>>=0.0589141 Pr(:)=[0.0330798,0.437463,0.496377,0.0330798]  Q=1.72568 lambda0=-5.69237 i_gs=2
t_dyson_laplace=0 t_nca=0.0775368 t_oca=0
44) Difference between OCA steps=8.35786e-05
