Parallel start of bold_ctqmc on process 0 of 8
{
    "Delta": "../boldc_cache/Delta.inp",
    "Ms": 3000000.0,
    "NVrecompute": 5000000,
    "N_min_order": 2,
    "N_rescale_histogram": 1000000,
    "Nbath": 2,
    "Nbin": 512,
    "Ncout": 1000000,
    "Nd": 1,
    "Nitt": 100,
    "Norder": 4,
    "Nrecompute_fake": 50000,
    "Nt": 300,
    "Ntau": 512,
    "PPG": "PPG.",
    "PPSig": "PPSigma.",
    "P_v_P_percent": 0.05,
    "U": 6.0,
    "V0norm": 0.001,
    "beta": 2.941176470588235,
    "cmpPhysG": false,
    "converge_OCA": true,
    "d_fraction": 3,
    "diff_stop": 0.01,
    "dos": "../python_src/DOS_3D.dat",
    "exe": "mpirun -np 8 ../boldc_cache/boldc",
    "fGf": "Gf.out",
    "fSig": "Sig.out",
    "fastFilesystem": true,
    "iseed": 0,
    "mix": 0.2,
    "mu": 3.0,
    "multiples_last_step": 5,
    "multiples_no_histogram": 3,
    "rescale": 0.4,
    "startGuessVolDiagrams": false,
    "svd_L": 10.0,
    "svd_Nw": 500,
    "svd_lmax": 13,
    "svd_x0": 0.01,
    "tNbin": 200,
    "tsample": 5,
    "warmup": 1
}
iseed=1697044649 in rank 0
Dlt[0,1,1,0]= 1
Dlt[0,1,3,2]= 1
Dlt[0,2,2,0]= 3
Dlt[0,2,3,1]= -3
Dlt[1,0,0,1]= 2
Dlt[1,0,2,3]= 2
Dlt[1,3,2,0]= -3
Dlt[1,3,3,1]= 3
Dlt[2,0,0,2]= 4
Dlt[2,0,1,3]= -4
Dlt[2,3,1,0]= 1
Dlt[2,3,3,2]= 1
Dlt[3,1,0,2]= -4
Dlt[3,1,1,3]= 4
Dlt[3,2,0,1]= 2
Dlt[3,2,2,3]= 2
# Read ../boldc_cache/Delta.inp with 500 entries
# Read PPSigma.0 with 512 entries
setup time=0.005428
svd time=0.079329
last and first singular value=4.9508e-06 0.169855
Final overlap is smaller than 4.15914e-14
log(Zatom)=9.51682 F_atom=-3.23572
WARNING: Iteration 1 to find ground state old:i_gs=1 and new i_gs=2 old_P=0.357654 new_P=0.380418
0) nf=1.00005 <<Sz>>=0.0222478 Pr(:)=[0.133617,0.355234,0.377482,0.133667]  Q=0.934784 lambda0=-4.73396 i_gs=2
Phi(order=1)=1.10316
t_dyson_laplace=0.0332896 t_nca=0.000460416 t_oca=0 t_ocap=0
Starting with V0=[0.001000,0.000583,0.000340] 
Read histogram.2.dat and set V0norm[2]=0.004 Vol_dig0[2]=2 Vol_diag1[2]=2
Read histogram.3.dat and set V0norm[3]=0.000583095189485 Vol_dig0[3]=5.33333333333 Vol_diag1[3]=5.33333333333
Read histogram.4.dat and set V0norm[4]=8.5e-05 Vol_dig0[4]=27 Vol_diag1[4]=36
From file diags.2 read 8 diagrams.
From file diags.3 read 32 diagrams.
From file diags.4 read 176 diagrams.
on rank=0 update_diags_first_time=0 diag_size=154
Read diagram is of too high/low order not(2<4<2) hence ignoring file status.0
Note: proper status file status.0 not read. Starting from random configuration.
[(0,1),(2,3)] is Reducible=1
[(1,3),(0,2)] should be skeleton
Starting with cdiag=[(3,1),(0,2)] and p=[0,1,3,2]  cDlt=[2,-4]  csgn_dlt=2113131 iseed_distance=1697044657
Note: sampled_data file contains dSml and it was read
Starting with diag=[(3,1),(0,2)] p=[0,1,3,2]  times=[0,0.192944892491,1.73098708948,1.74448720766,2.94117647059]  and dlt=[2,-4] 
P_tree[2..3]=[0.000564695865621,0.000564695865621] P_fake=[0.28234793281,0.28234793281]
   1M <Phi>=[0.1406,0.03308,0.001797]  <s>=[1,0.6038,0.04532]  P_v_P=[0.879,0.8723,0.5355]  Ndiags=[2,2,2.845,]  Ph_acc=[4.539e+04,5.66e+04,7.997e+04]  Pnrm=[2582,5321,1.362e+05] 
   2M <Phi>=[0.1406,0.03326,0.001758]  <s>=[1,0.6071,0.04412]  P_v_P=[0.8787,0.8723,0.5356]  Ndiags=[2,2,2.872,]  Ph_acc=[5.112e+04,6.376e+04,8.719e+04]  Pnrm=[2910,5962,1.517e+05] 
At the beginning of recalculate: Vol_diagrams0_read=[2,5.33333333333,27]  Vol_diagrams1_read=[2,5.33333333333,36] 
After combining diagrams from all nodes, we obtain the following volumes: Vol_diagrams0=[2,5.33333333333,27]  Vol_diagrams1=[2,5.33333333333,36] 
#stored diags:
#norder ndiag <weight>
 2       4 144.55723995
 3      15 154.925829487
 4     135 133.561581658
 diagVol1=[2,5.333333333,36]  diagVol0=[2,5.333333333,27] 
t acceptance_rate=0.794159 d acceptance=1 d/t=0.00856677
Quantities averaged over all cores:
 factor=[2.44822e-06,4.73847e-07,1.82659e-08] 
 factor2=[8.56741e-06,1.65859e-06,6.52682e-08] 
 V0norm=[0.004,0.000583095,8.5e-05] 
 Pnorm=[3267.68,6562.96,167525] 
 N_measure=[121686,246103,3.91792e+06] 
 <s>=[1,0.59477,0.0455216]  overlap=[0.977623,0.928923,-1.88379] 
 Phi_tot=[0.140526,0.0324218,0.00180111] 
t_changet=1.77034 t_diag_change=0.550934 t_measure=0.399112 t_Vrecmp=0 t_Fake_recmp=0.0407737
t_diag_change:skel=0.0742902 t_diag_change:topol=0.414607 t_diag_change:choose=0.0370717 t_diag_change:numericv=0.024967 t_diag_change:diff=0.152195 t_snext=0.088978
Phi=[0.934784,1.10316,0.140526,0.0324218,0.00180111]  log(Z)=2.21269 Fimp=-4.71103 -beta*Fimp=13.856 lmbda0=-4.73396 U<nn>0.802005
0) nf=1.00005 <<S>>=0.0222478 Prb(:)=[0.133617,0.355234,0.377482,0.133667]  lambda0=-4.73396
0) Difference between previous and this step=0.00351977
This should be the last iteration
1) nf=1.00006 <<Sz>>=0.022109 Pr(:)=[0.133561,0.355356,0.377465,0.133618]  Q=0.934752 lambda0=-4.73384 i_gs=2
Phi(order=1)=1.10305
t_dyson_laplace=0.0462255 t_nca=0.000900416 t_oca=0 t_ocap=0
Starting with V0=[0.001000,0.000583,0.000340] 
Read histogram.2.dat and set V0norm[2]=0.004 Vol_dig0[2]=2 Vol_diag1[2]=2
Read histogram.3.dat and set V0norm[3]=0.000583095189485 Vol_dig0[3]=5.33333333333 Vol_diag1[3]=5.33333333333
Read histogram.4.dat and set V0norm[4]=8.5e-05 Vol_dig0[4]=27 Vol_diag1[4]=36
From file diags.2 read 8 diagrams.
From file diags.3 read 32 diagrams.
From file diags.4 read 176 diagrams.
on rank=0 update_diags_first_time=0 diag_size=154
Read diagram is of too high/low order not(2<4<2) hence ignoring file status.0
Note: proper status file status.0 not read. Starting from random configuration.
[(0,1),(2,3)] is Reducible=1
[(1,3),(0,2)] should be skeleton
Starting with cdiag=[(3,1),(0,2)] and p=[0,1,3,2]  cDlt=[2,-4]  csgn_dlt=2113131 iseed_distance=1706414107
Note: sampled_data file contains dSml and it was read
Starting with diag=[(3,1),(0,2)] p=[0,1,3,2]  times=[0,1.9652836042,2.62206228316,2.67414626833,2.94117647059]  and dlt=[2,-4] 
P_tree[2..3]=[0.000645276118404,0.000645276118404] P_fake=[0.322638059202,0.322638059202]
   1M <Phi>=[0.1412,0.03289,0.001998]  <s>=[1,0.6042,0.05138]  P_v_P=[0.8783,0.8698,0.5359]  Ndiags=[2,2,2.833,]  Ph_acc=[2.773e+04,3.467e+04,5.388e+04]  Pnrm=[1571,3278,8.253e+04] 
   2M <Phi>=[0.1411,0.03251,0.001944]  <s>=[1,0.5973,0.04974]  P_v_P=[0.8782,0.8702,0.5354]  Ndiags=[2,2,2.865,]  Ph_acc=[3.525e+04,4.052e+04,6.229e+04]  Pnrm=[2000,3876,9.807e+04] 
   3M <Phi>=[0.1411,0.03251,0.002015]  <s>=[1,0.5948,0.05197]  P_v_P=[0.8781,0.8718,0.5353]  Ndiags=[2,2,2.864,]  Ph_acc=[4.06e+04,4.858e+04,7.467e+04]  Pnrm=[2302,4647,1.134e+05] 
   4M <Phi>=[0.1411,0.03262,0.002092]  <s>=[1,0.5967,0.05436]  P_v_P=[0.8781,0.8711,0.5351]  Ndiags=[2,2,2.864,]  Ph_acc=[4.681e+04,5.521e+04,8.814e+04]  Pnrm=[2653,5262,1.29e+05] 
   5M <Phi>=[0.1411,0.0325,0.002104]  <s>=[1,0.5946,0.05473]  P_v_P=[0.8776,0.8704,0.5344]  Ndiags=[2,2,2.868,]  Ph_acc=[5.071e+04,6.055e+04,9.966e+04]  Pnrm=[2876,5795,1.449e+05] 
   6M <Phi>=[0.1411,0.03277,0.002234]  <s>=[1,0.5988,0.05868]  P_v_P=[0.8785,0.8716,0.5351]  Ndiags=[2,2,2.867,]  Ph_acc=[5.611e+04,6.83e+04,1.17e+05]  Pnrm=[3181,6482,1.603e+05] 
   7M <Phi>=[0.1411,0.0327,0.002198]  <s>=[1,0.5983,0.05761]  P_v_P=[0.8785,0.8709,0.5348]  Ndiags=[2,2,2.863,]  Ph_acc=[6.186e+04,7.459e+04,1.264e+05]  Pnrm=[3507,7094,1.76e+05] 
   8M <Phi>=[0.1411,0.03261,0.002239]  <s>=[1,0.5978,0.05877]  P_v_P=[0.8786,0.8695,0.5348]  Ndiags=[2,2,2.866,]  Ph_acc=[6.726e+04,8.103e+04,1.402e+05]  Pnrm=[3814,7728,1.916e+05] 
   9M <Phi>=[0.141,0.0325,0.002201]  <s>=[1,0.5965,0.05761]  P_v_P=[0.8785,0.8686,0.5351]  Ndiags=[2,2,2.868,]  Ph_acc=[7.248e+04,8.8e+04,1.489e+05]  Pnrm=[4112,8419,2.071e+05] 
  10M <Phi>=[0.1409,0.03238,0.002206]  <s>=[1,0.595,0.05779]  P_v_P=[0.8782,0.8676,0.5349]  Ndiags=[2,2,2.867,]  Ph_acc=[7.667e+04,9.297e+04,1.608e+05]  Pnrm=[4352,8928,2.231e+05] 
  11M <Phi>=[0.141,0.03247,0.00212]  <s>=[1,0.5956,0.05521]  P_v_P=[0.8785,0.8693,0.5344]  Ndiags=[2,2,2.871,]  Ph_acc=[8.15e+04,1.005e+05,1.655e+05]  Pnrm=[4625,9625,2.388e+05] 
  12M <Phi>=[0.1408,0.03229,0.002053]  <s>=[1,0.5929,0.05314]  P_v_P=[0.8777,0.8684,0.5345]  Ndiags=[2,2,2.869,]  Ph_acc=[8.62e+04,1.065e+05,1.707e+05]  Pnrm=[4897,1.026e+04,2.545e+05] 
  13M <Phi>=[0.1407,0.03238,0.002063]  <s>=[1,0.5952,0.05345]  P_v_P=[0.8771,0.8677,0.5349]  Ndiags=[2,2,2.868,]  Ph_acc=[9.08e+04,1.129e+05,1.821e+05]  Pnrm=[5163,1.084e+04,2.701e+05] 
  14M <Phi>=[0.1408,0.03236,0.002063]  <s>=[1,0.5953,0.05343]  P_v_P=[0.8778,0.8668,0.5348]  Ndiags=[2,2,2.869,]  Ph_acc=[9.494e+04,1.188e+05,1.928e+05]  Pnrm=[5394,1.142e+04,2.86e+05] 
At the beginning of recalculate: Vol_diagrams0_read=[2,5.33333333333,27]  Vol_diagrams1_read=[2,5.33333333333,36] 
After combining diagrams from all nodes, we obtain the following volumes: Vol_diagrams0=[2,5.33333333333,27]  Vol_diagrams1=[2,5.33333333333,36] 
#stored diags:
#norder ndiag <weight>
 2       4 652.449429014
 3      15 791.747339755
 4     135 670.171827974
 diagVol1=[2,5.333333333,36]  diagVol0=[2,5.333333333,27] 
t acceptance_rate=0.794832 d acceptance=1 d/t=0.0086059
Quantities averaged over all cores:
 factor=[1.34319e-06,2.60078e-07,1.014e-08] 
 factor2=[1.72084e-06,3.33239e-07,1.30344e-08] 
 V0norm=[0.004,0.000583095,8.5e-05] 
 Pnorm=[5955.96,11957.4,301774] 
 N_measure=[221456,448090,7.04474e+06] 
 <s>=[1,0.591001,0.0477534]  overlap=[0.977712,0.928183,-1.77177] 
 Phi_tot=[0.140294,0.0321976,0.00187185] 
t_changet=8.95684 t_diag_change=2.76755 t_measure=7.51892 t_Vrecmp=0 t_Fake_recmp=0.206986
t_diag_change:skel=0.377663 t_diag_change:topol=2.06811 t_diag_change:choose=0.191888 t_diag_change:numericv=0.129852 t_diag_change:diff=0.774641 t_snext=0.423343
Phi=[0.934752,1.10305,0.140294,0.0321976,0.00187185]  log(Z)=2.21217 Fimp=-4.7109 -beta*Fimp=13.8556 lmbda0=-4.73384 U<nn>0.801706
1) nf=1.00006 <<S>>=0.022109 Prb(:)=[0.133561,0.355356,0.377465,0.133618]  lambda0=-4.73384
1) Difference between previous and this step=0.00407101
