Parallel start of bold_ctqmc on process 0 of 8
{
    "Delta": "../boldc_cache/Delta.inp",
    "Ms": 5000000.0,
    "NVrecompute": 5000000,
    "N_min_order": 2,
    "N_rescale_histogram": 1000000,
    "Nbath": 2,
    "Nbin": 512,
    "Ncout": 1000000,
    "Nd": 1,
    "Nitt": 100,
    "Norder": 4,
    "Nrecompute_fake": 50000,
    "Nt": 300,
    "Ntau": 512,
    "PPG": "PPG.",
    "PPSig": "PPSigma.",
    "P_v_P_percent": 0.05,
    "U": 5.0,
    "V0norm": 0.001,
    "beta": 3.571428571428571,
    "cmpPhysG": false,
    "converge_OCA": true,
    "d_fraction": 3,
    "diff_stop": 0.01,
    "dos": "../python_src/DOS_3D.dat",
    "exe": "mpirun -np 8 ../boldc_cache/boldc",
    "fGf": "Gf.out",
    "fSig": "Sig.out",
    "fastFilesystem": true,
    "iseed": 0,
    "mix": 0.2,
    "mu": 2.5,
    "multiples_last_step": 5,
    "multiples_no_histogram": 3,
    "rescale": 0.4,
    "startGuessVolDiagrams": false,
    "svd_L": 10.0,
    "svd_Nw": 500,
    "svd_lmax": 13,
    "svd_x0": 0.01,
    "tNbin": 200,
    "tsample": 5,
    "warmup": 1
}
iseed=1699196227 in rank 0
Dlt[0,1,1,0]= 1
Dlt[0,1,3,2]= 1
Dlt[0,2,2,0]= 3
Dlt[0,2,3,1]= -3
Dlt[1,0,0,1]= 2
Dlt[1,0,2,3]= 2
Dlt[1,3,2,0]= -3
Dlt[1,3,3,1]= 3
Dlt[2,0,0,2]= 4
Dlt[2,0,1,3]= -4
Dlt[2,3,1,0]= 1
Dlt[2,3,3,2]= 1
Dlt[3,1,0,2]= -4
Dlt[3,1,1,3]= 4
Dlt[3,2,0,1]= 2
Dlt[3,2,2,3]= 2
# Read ../boldc_cache/Delta.inp with 500 entries
# Read PPSigma.0 with 512 entries
setup time=0.004282
svd time=0.082707
last and first singular value=1.27372e-05 0.170238
Final overlap is smaller than 5.79484e-14
log(Zatom)=9.62185 F_atom=-2.69412
WARNING: Iteration 1 to find ground state old:i_gs=1 and new i_gs=2 old_P=0.343107 new_P=0.352569
0) nf=1.00001 <<Sz>>=0.00933391 Pr(:)=[0.153325,0.342002,0.351336,0.153338]  Q=0.827621 lambda0=-4.40541 i_gs=2
Phi(order=1)=1.02154
t_dyson_laplace=0.0162358 t_nca=0.0257616 t_oca=0 t_ocap=0
Starting with V0=[0.001000,0.000529,0.000280] 
Read histogram.2.dat and set V0norm[2]=0.004 Vol_dig0[2]=2 Vol_diag1[2]=2
Read histogram.3.dat and set V0norm[3]=0.00105830052443 Vol_dig0[3]=5.33333333333 Vol_diag1[3]=5.33333333333
Read histogram.4.dat and set V0norm[4]=7e-05 Vol_dig0[4]=27 Vol_diag1[4]=36
From file diags.2 read 8 diagrams.
From file diags.3 read 32 diagrams.
From file diags.4 read 176 diagrams.
on rank=0 update_diags_first_time=0 diag_size=151
Read diagram is of too high/low order not(2<4<2) hence ignoring file status.0
Note: proper status file status.0 not read. Starting from random configuration.
[(0,1),(2,3)] is Reducible=1
[(0,2),(1,3)] should be skeleton
Starting with cdiag=[(0,2),(3,1)] and p=[0,1,3,2]  cDlt=[-4,2]  csgn_dlt=3473003 iseed_distance=1699196235
Note: sampled_data file contains dSml and it was read
Starting with diag=[(0,2),(3,1)] p=[0,1,3,2]  times=[0,1.64530080929,2.19143608624,3.21876216491,3.57142857143]  and dlt=[-4,2] 
P_tree[2..3]=[3.70550126997e-05,3.70550126997e-05] P_fake=[0.0185275063498,0.0185275063498]
   1M <Phi>=[0.1388,0.0353,0.002937]  <s>=[1,0.5952,0.06556]  P_v_P=[0.8659,0.5212,0.8034]  Ndiags=[2,2,2.795,]  Ph_acc=[9.255e+04,9.492e+04,1.707e+05]  Pnrm=[5336,1.518e+04,1.464e+05] 
   2M <Phi>=[0.1386,0.03538,0.00293]  <s>=[1,0.5963,0.06538]  P_v_P=[0.8663,0.5221,0.8036]  Ndiags=[2,2,2.815,]  Ph_acc=[9.691e+04,1.025e+05,1.826e+05]  Pnrm=[5595,1.635e+04,1.57e+05] 
   3M <Phi>=[0.1385,0.03536,0.002883]  <s>=[1,0.5962,0.06425]  P_v_P=[0.8657,0.5218,0.8032]  Ndiags=[2,2,2.844,]  Ph_acc=[1.068e+05,1.09e+05,1.916e+05]  Pnrm=[6172,1.741e+04,1.675e+05] 
   4M <Phi>=[0.1385,0.03546,0.002904]  <s>=[1,0.5977,0.06473]  P_v_P=[0.866,0.522,0.8033]  Ndiags=[2,2,2.848,]  Ph_acc=[1.152e+05,1.169e+05,2.05e+05]  Pnrm=[6650,1.861e+04,1.779e+05] 
At the beginning of recalculate: Vol_diagrams0_read=[2,5.33333333333,27]  Vol_diagrams1_read=[2,5.33333333333,36] 
After combining diagrams from all nodes, we obtain the following volumes: Vol_diagrams0=[2,5.33333333333,27]  Vol_diagrams1=[2,5.33333333333,36] 
#stored diags:
#norder ndiag <weight>
 2       4 305.548714146
 3      22 193.348808737
 4     125 238.946724977
 diagVol1=[2,5.333333333,36]  diagVol0=[2,5.333333333,27] 
t acceptance_rate=0.794709 d acceptance=1 d/t=0.00863431
Quantities averaged over all cores:
 factor=[1.207e-06,2.8906e-07,1.33448e-08] 
 factor2=[4.29501e-06,1.03632e-06,4.78743e-08] 
 V0norm=[0.004,0.0010583,7e-05] 
 Pnorm=[6627.98,19526.3,188838] 
 N_measure=[243678,453791,6.44539e+06] 
 <s>=[1,0.596988,0.0629754]  overlap=[0.981642,0.915484,-1.47082] 
 Phi_tot=[0.138671,0.0354762,0.00283449] 
t_changet=2.26693 t_diag_change=0.675998 t_measure=0.354607 t_Vrecmp=0 t_Fake_recmp=0.0535951
t_diag_change:skel=0.0938104 t_diag_change:topol=0.509731 t_diag_change:choose=0.0429999 t_diag_change:numericv=0.0294568 t_diag_change:diff=0.192479 t_snext=0.116012
Phi=[0.827621,1.02154,0.138671,0.0354762,0.00283449]  log(Z)=2.02614 Fimp=-4.35243 -beta*Fimp=15.5444 lmbda0=-4.40541 U<nn>0.766689
0) nf=1.00001 <<S>>=0.00933391 Prb(:)=[0.153325,0.342002,0.351336,0.153338]  lambda0=-4.40541
0) Difference between previous and this step=0.00444758
This should be the last iteration
1) nf=1.00002 <<Sz>>=0.00984743 Pr(:)=[0.153404,0.341661,0.351509,0.153426]  Q=0.827318 lambda0=-4.40587 i_gs=2
Phi(order=1)=1.02114
t_dyson_laplace=0.0245647 t_nca=0.0263252 t_oca=0 t_ocap=0
Starting with V0=[0.001000,0.000529,0.000280] 
Read histogram.2.dat and set V0norm[2]=0.004 Vol_dig0[2]=2 Vol_diag1[2]=2
Read histogram.3.dat and set V0norm[3]=0.00105830052443 Vol_dig0[3]=5.33333333333 Vol_diag1[3]=5.33333333333
Read histogram.4.dat and set V0norm[4]=7e-05 Vol_dig0[4]=27 Vol_diag1[4]=36
From file diags.2 read 8 diagrams.
From file diags.3 read 32 diagrams.
From file diags.4 read 176 diagrams.
on rank=0 update_diags_first_time=0 diag_size=151
Read diagram is of too high/low order not(2<4<2) hence ignoring file status.0
Note: proper status file status.0 not read. Starting from random configuration.
[(0,1),(2,3)] is Reducible=1
[(0,2),(1,3)] should be skeleton
Starting with cdiag=[(0,2),(3,1)] and p=[0,2,3,1]  cDlt=[2,-4]  csgn_dlt=3473003 iseed_distance=1714817790
Note: sampled_data file contains dSml and it was read
Starting with diag=[(0,2),(3,1)] p=[0,2,3,1]  times=[0,2.53327486373,2.78819425663,3.28014938369,3.57142857143]  and dlt=[2,-4] 
P_tree[2..3]=[0.000281436372679,0.000281436372679] P_fake=[0.140718186339,0.140718186339]
   1M <Phi>=[0.1386,0.03594,0.003052]  <s>=[1,0.6031,0.06823]  P_v_P=[0.8665,0.5217,0.8051]  Ndiags=[2,2,2.795,]  Ph_acc=[5.152e+04,5.626e+04,1.042e+05]  Pnrm=[2973,8836,8.609e+04] 
   2M <Phi>=[0.1386,0.03618,0.003057]  <s>=[1,0.607,0.06836]  P_v_P=[0.8669,0.5217,0.805]  Ndiags=[2,2,2.822,]  Ph_acc=[5.847e+04,6.372e+04,1.171e+05]  Pnrm=[3374,9940,9.653e+04] 
   3M <Phi>=[0.1387,0.03653,0.00308]  <s>=[1,0.6122,0.06884]  P_v_P=[0.867,0.522,0.8057]  Ndiags=[2,2,2.805,]  Ph_acc=[6.449e+04,7.131e+04,1.308e+05]  Pnrm=[3720,1.102e+04,1.07e+05] 
   4M <Phi>=[0.1386,0.0365,0.003005]  <s>=[1,0.6111,0.06699]  P_v_P=[0.8665,0.5218,0.8054]  Ndiags=[2,2,2.805,]  Ph_acc=[7.046e+04,7.816e+04,1.401e+05]  Pnrm=[4068,1.209e+04,1.175e+05] 
   5M <Phi>=[0.1385,0.03642,0.003009]  <s>=[1,0.6089,0.06704]  P_v_P=[0.8664,0.522,0.8055]  Ndiags=[2,2,2.808,]  Ph_acc=[7.568e+04,8.449e+04,1.53e+05]  Pnrm=[4372,1.31e+04,1.281e+05] 
   6M <Phi>=[0.1386,0.03649,0.003024]  <s>=[1,0.6099,0.0674]  P_v_P=[0.8665,0.522,0.8058]  Ndiags=[2,2,2.828,]  Ph_acc=[8.354e+04,9.271e+04,1.661e+05]  Pnrm=[4823,1.434e+04,1.384e+05] 
   7M <Phi>=[0.1387,0.03652,0.002945]  <s>=[1,0.6095,0.06546]  P_v_P=[0.8665,0.5224,0.8057]  Ndiags=[2,2,2.831,]  Ph_acc=[9.536e+04,9.968e+04,1.737e+05]  Pnrm=[5500,1.541e+04,1.486e+05] 
   8M <Phi>=[0.1388,0.03632,0.002926]  <s>=[1,0.6071,0.06496]  P_v_P=[0.8671,0.5219,0.8058]  Ndiags=[2,2,2.831,]  Ph_acc=[1.006e+05,1.06e+05,1.849e+05]  Pnrm=[5802,1.647e+04,1.593e+05] 
   9M <Phi>=[0.1387,0.03635,0.002918]  <s>=[1,0.6082,0.06481]  P_v_P=[0.8667,0.5217,0.8055]  Ndiags=[2,2,2.834,]  Ph_acc=[1.088e+05,1.147e+05,1.964e+05]  Pnrm=[6275,1.782e+04,1.696e+05] 
  10M <Phi>=[0.1386,0.03642,0.002909]  <s>=[1,0.6094,0.06461]  P_v_P=[0.8659,0.5218,0.8054]  Ndiags=[2,2,2.836,]  Ph_acc=[1.129e+05,1.219e+05,2.082e+05]  Pnrm=[6516,1.89e+04,1.804e+05] 
  11M <Phi>=[0.1385,0.03632,0.002911]  <s>=[1,0.6073,0.06465]  P_v_P=[0.8657,0.5224,0.8057]  Ndiags=[2,2,2.838,]  Ph_acc=[1.172e+05,1.285e+05,2.206e+05]  Pnrm=[6765,1.997e+04,1.91e+05] 
  12M <Phi>=[0.1387,0.03632,0.002895]  <s>=[1,0.6067,0.06424]  P_v_P=[0.8666,0.5231,0.8058]  Ndiags=[2,2,2.839,]  Ph_acc=[1.233e+05,1.35e+05,2.316e+05]  Pnrm=[7113,2.098e+04,2.016e+05] 
  13M <Phi>=[0.1388,0.03625,0.002907]  <s>=[1,0.6056,0.06455]  P_v_P=[0.8674,0.5232,0.8058]  Ndiags=[2,2,2.84,]  Ph_acc=[1.304e+05,1.411e+05,2.448e+05]  Pnrm=[7517,2.198e+04,2.122e+05] 
  14M <Phi>=[0.1388,0.03636,0.002929]  <s>=[1,0.6077,0.06507]  P_v_P=[0.8676,0.523,0.806]  Ndiags=[2,2,2.843,]  Ph_acc=[1.363e+05,1.479e+05,2.589e+05]  Pnrm=[7857,2.297e+04,2.228e+05] 
  15M <Phi>=[0.1388,0.03623,0.002971]  <s>=[1,0.6061,0.06609]  P_v_P=[0.8671,0.5227,0.8067]  Ndiags=[2,2,2.841,]  Ph_acc=[1.431e+05,1.542e+05,2.749e+05]  Pnrm=[8252,2.402e+04,2.331e+05] 
  16M <Phi>=[0.1388,0.03609,0.003046]  <s>=[1,0.6035,0.0679]  P_v_P=[0.8673,0.523,0.8069]  Ndiags=[2,2,2.838,]  Ph_acc=[1.516e+05,1.623e+05,2.941e+05]  Pnrm=[8740,2.539e+04,2.433e+05] 
  17M <Phi>=[0.1389,0.03595,0.003034]  <s>=[1,0.6014,0.06764]  P_v_P=[0.8679,0.5229,0.8066]  Ndiags=[2,2,2.84,]  Ph_acc=[1.565e+05,1.703e+05,3.057e+05]  Pnrm=[9015,2.673e+04,2.539e+05] 
  18M <Phi>=[0.1388,0.03593,0.00301]  <s>=[1,0.6013,0.06708]  P_v_P=[0.8677,0.5228,0.8062]  Ndiags=[2,2,2.841,]  Ph_acc=[1.621e+05,1.766e+05,3.161e+05]  Pnrm=[9342,2.773e+04,2.646e+05] 
  19M <Phi>=[0.1389,0.03598,0.003011]  <s>=[1,0.6021,0.0671]  P_v_P=[0.8683,0.5228,0.8063]  Ndiags=[2,2,2.842,]  Ph_acc=[1.673e+05,1.839e+05,3.289e+05]  Pnrm=[9633,2.886e+04,2.752e+05] 
  20M <Phi>=[0.1389,0.03596,0.002933]  <s>=[1,0.6026,0.06523]  P_v_P=[0.8683,0.5221,0.8056]  Ndiags=[2,2,2.847,]  Ph_acc=[1.736e+05,1.9e+05,3.33e+05]  Pnrm=[9992,2.983e+04,2.861e+05] 
  21M <Phi>=[0.139,0.03586,0.002908]  <s>=[1,0.6013,0.06465]  P_v_P=[0.8689,0.5219,0.8053]  Ndiags=[2,2,2.85,]  Ph_acc=[1.811e+05,1.959e+05,3.425e+05]  Pnrm=[1.042e+04,3.083e+04,2.968e+05] 
  22M <Phi>=[0.139,0.03587,0.002938]  <s>=[1,0.6014,0.06538]  P_v_P=[0.8688,0.5221,0.8056]  Ndiags=[2,2,2.85,]  Ph_acc=[1.884e+05,2.03e+05,3.582e+05]  Pnrm=[1.084e+04,3.194e+04,3.072e+05] 
  23M <Phi>=[0.1391,0.03592,0.002924]  <s>=[1,0.602,0.06502]  P_v_P=[0.8691,0.5223,0.8058]  Ndiags=[2,2,2.851,]  Ph_acc=[1.932e+05,2.089e+05,3.689e+05]  Pnrm=[1.111e+04,3.282e+04,3.179e+05] 
  24M <Phi>=[0.139,0.03594,0.00292]  <s>=[1,0.6022,0.06493]  P_v_P=[0.8688,0.5225,0.8058]  Ndiags=[2,2,2.851,]  Ph_acc=[1.982e+05,2.156e+05,3.807e+05]  Pnrm=[1.141e+04,3.386e+04,3.286e+05] 
At the beginning of recalculate: Vol_diagrams0_read=[2,5.33333333333,27]  Vol_diagrams1_read=[2,5.33333333333,36] 
After combining diagrams from all nodes, we obtain the following volumes: Vol_diagrams0=[2,5.33333333333,27]  Vol_diagrams1=[2,5.33333333333,36] 
#stored diags:
#norder ndiag <weight>
 2       4 1324.51299648
 3      22 946.622389902
 4     125 1191.088196
 diagVol1=[2,5.333333333,36]  diagVol0=[2,5.333333333,27] 
t acceptance_rate=0.795393 d acceptance=1 d/t=0.00859663
Quantities averaged over all cores:
 factor=[6.79999e-07,1.60793e-07,7.41748e-09] 
 factor2=[8.77816e-07,2.06808e-07,9.53813e-09] 
 V0norm=[0.004,0.0010583,7e-05] 
 Pnorm=[11764.7,35102.8,339738] 
 N_measure=[432961,816208,1.1608e+07] 
 <s>=[1,0.597446,0.0625985]  overlap=[0.981638,0.915605,-1.4925] 
 Phi_tot=[0.138811,0.0355231,0.00282215] 
t_changet=10.7259 t_diag_change=3.49673 t_measure=8.19346 t_Vrecmp=0 t_Fake_recmp=0.312402
t_diag_change:skel=0.477611 t_diag_change:topol=2.64628 t_diag_change:choose=0.218609 t_diag_change:numericv=0.154235 t_diag_change:diff=1.00325 t_snext=0.547892
Phi=[0.827318,1.02114,0.138811,0.0355231,0.00282215]  log(Z)=2.02561 Fimp=-4.3528 -beta*Fimp=15.5457 lmbda0=-4.40587 U<nn>0.767132
1) nf=1.00002 <<S>>=0.00984743 Prb(:)=[0.153404,0.341661,0.351509,0.153426]  lambda0=-4.40587
1) Difference between previous and this step=0.00372872
