1.0681415022205 -0.033373394141947 -0.30193800282387 0.033394550003552 -0.3021324968792 
3.2044245066616 -0.011248011667761 -0.18866269416363 0.011233558587163 -0.18866435786088 
5.3407075111026 -0.0059129390684295 -0.14043718272203 0.0060010170570789 -0.1404187278683 
7.4769905155437 -0.003603182971903 -0.11092031403528 0.0035472560778689 -0.11091025101867 
9.6132735199848 -0.0024869332759301 -0.091506592891216 0.002420224127962 -0.091512308403182 
11.749556524426 -0.0018076045923338 -0.077657115241478 0.001780693672968 -0.0776643022441 
13.885839528867 -0.0013523002286495 -0.067274593372345 0.0013627635407133 -0.067278996311573 
16.022122533308 -0.0010362248807459 -0.059229350183815 0.0010708142003769 -0.059231237187796 
18.158405537749 -0.00081193164825264 -0.052835113908243 0.0008594365104589 -0.052835539869039 
20.29468854219 -0.00064943449527404 -0.047645778718506 0.00070247498328871 -0.047645562982156 
22.430971546631 -0.0005292302990491 -0.043359008526827 0.00058342139029849 -0.043358636424637 
24.567254551072 -0.00043848890488272 -0.039763508966509 0.00049139516609172 -0.039763228551083 
26.703537555513 -0.00036866487175948 -0.036707803056278 0.00041903246511376 -0.036707721942619 
28.839820559954 -0.00031397849106693 -0.034080855886345 0.00036124365727108 -0.034081005961106 
30.976103564395 -0.00027045269862716 -0.031799651047191 0.00031444357790542 -0.031800026455952 
33.112386568836 -0.00023530140100723 -0.029801010072308 0.00027606145833893 -0.029801588134524 
35.248669573277 -0.00020653788425248 -0.028036078941598 0.00024422272791478 -0.028036831144855 
37.384952577719 -0.00018272103600549 -0.026466533135938 0.00021753879507789 -0.026467430625179 
39.52123558216 -0.00016278845907701 -0.025061914844682 0.00019496584333308 -0.025062930946148 
41.657518586601 -0.00014594498763745 -0.023797731282955 0.00017570844629329 -0.023798842474956 
43.793801591042 -0.00013158701456807 -0.022654074341044 0.00015915274371446 -0.022655260441249 
45.930084595483 -0.00011925031088226 -0.021614603566072 0.00014481941617452 -0.021615847548167 
48.066367599924 -0.00010857349212835 -0.020665786457986 0.00013233011877745 -0.020667074114923 
50.202650604365 -9.9272064756744e-05 -0.019796323728792 0.00012138319734113 -0.019797643293634 
52.338933608806 -9.1119732216357e-05 -0.018996709365037 0.00011173589573173 -0.018998051143206 
54.475216613247 -8.3934753462859e-05 -0.018258890203044 0.0001031911626714 -0.018260246239547 
56.611499617688 -7.7569865485167e-05 -0.017575999845079 9.5587758702776e-05 -0.017577363634529 
58.747782622129 -7.1904752407622e-05 -0.016942148730523 8.8792759269751e-05 -0.016943514970056 
60.88406562657 -6.6840356413008e-05 -0.016352257065172 8.2695817133939e-05 -0.016353621446769 
63.020348631011 -6.2294536151485e-05 -0.015801920777057 7.7204730312253e-05 -0.015803279814471 
65.156631635452 -5.8198721740219e-05 -0.015287303152878 7.2241988475499e-05 -0.015288654038154 
67.292914639893 -5.4495314386538e-05 -0.01480504661221 6.7742059652695e-05 -0.014806387097087 
69.429197644334 -5.1135647795419e-05 -0.014352200398427 6.3649242013764e-05 -0.014353528696469 
71.565480648775 -4.8078377272625e-05 -0.013926160943933 5.9915950644651e-05 -0.013927475649809 
73.701763653217 -4.5288197245307e-05 -0.01352462239862 5.6501341845365e-05 -0.013525922421516 
75.838046657658 -4.273481314116e-05 -0.013145535361854 5.3370201151269e-05 -0.013146819870515 
77.974329662099 -4.0392111445975e-05 -0.012787072277495 5.0492039295249e-05 -0.012788340654817 
80.11061266654 -3.8237485827088e-05 -0.012447598272608 4.7840352583634e-05 -0.01244885007809 
82.246895670981 -3.6251286507231e-05 -0.012125646468512 4.5392014710947e-05 -0.012126881407159 
84.383178675422 -3.4416367888732e-05 -0.011819896985506 4.3126773948795e-05 -0.011821114882055 
86.519461679863 -3.2717714902774e-05 -0.011529159013522 4.1026835399567e-05 -0.011530359791043 
88.655744684304 -3.1142132818933e-05 -0.011252355439744 3.90765122893e-05 -0.011253539101858 
90.792027688745 -2.9677988496186e-05 -0.010988509618368 3.7261933582705e-05 -0.010989676234454 
92.928310693186 -2.8314993554917e-05 -0.010736733942747 3.5570797778094e-05 -0.010737883635626 
95.064593697627 -2.704402189256e-05 -0.010496219940261 3.3992164734306e-05 -0.010497352875934 
97.200876702068 -2.585695545286e-05 -0.010266229658705 3.2516278984968e-05 -0.01026734603779 
99.337159706509 -2.4746553376581e-05 -0.010046088152183 3.113441919664e-05 -0.010047188202781 
101.47344271095 -2.3706340546452e-05 -0.0098351769064214 2.9838769473075e-05 -0.0098362608781568 
103.60972571539 -2.2730512339887e-05 -0.0096329280694438 2.8622308923587e-05 -0.0096339962285008 
105.74600871983 -2.1813852882558e-05 -0.0094388193749691 2.7478716676419e-05 -0.0094398719999486 
107.88229172427 -2.0951664771562e-05 -0.0092523696635234 2.6402289782807e-05 -0.0092534070419936 
110.01857472871 -2.0139708358289e-05 -0.0090731349208268 2.538787218155e-05 -0.0090741573464534 
112.15485773316 -1.9374149068991e-05 -0.0089007047651564 2.4430793130634e-05 -0.0089017125353175 
114.2911407376 -1.865151222953e-05 -0.008734699325511 2.3526812896238e-05 -0.0087356927393254 
116.42742374204 -1.7968642594329e-05 -0.0085747664607639 2.2672076689784e-05 -0.0085757458174563 
118.56370674648 -1.7322670110358e-05 -0.0084205792772555 2.1863073008739e-05 -0.0084215448748159 
120.69998975092 -1.6710979405577e-05 -0.0082718339080886 2.1096597726246e-05 -0.0082727860421723 
122.83627275536 -1.6131183110328e-05 -0.0081282475225565 2.0369722378428e-05 -0.0081291864855906 
124.9725557598 -1.5581098389822e-05 -0.0079895565383613 1.9679766197707e-05 -0.0079904826188227 
127.10883876424 -1.505872624813e-05 -0.0078555150129563 1.9024271401159e-05 -0.0078564284947954 
129.24512176868 -1.45622332362e-05 -0.0077258931934276 1.8400981307435e-05 -0.007726794355614 
131.38140477313 -1.4089935150372e-05 -0.0076004762069938 1.7807821038731e-05 -0.0076013653231648 
133.51768777757 -1.3640283058559e-05 -0.0074790628765028 1.7242879763811e-05 -0.0074799402147004 
135.65397078201 -1.3211849900536e-05 -0.0073614646471858 1.6704396051898e-05 -0.0073623304696629 
137.79025378645 -1.2803319501911e-05 -0.0072475046127353 1.6190743648864e-05 -0.0072483591758248 
139.92653679089 -1.2413476298356e-05 -0.0071370166301054 1.5700419322421e-05 -0.0071378601841402 
142.06281979533 -1.2041196235919e-05 -0.0070298445137771 1.5232031865596e-05 -0.0070306773030519 
144.19910279977 -1.1685438618008e-05 -0.0069258413012842 1.478429222957e-05 -0.0069266635640526 
146.33538580421 -1.1345238791326e-05 -0.0068248685827652 1.4356004651569e-05 -0.0068256805512665 
148.47166880865 -1.1019701565317e-05 -0.006726795888122 1.3946058674559e-05 -0.0067275977886317 
150.60795181309 -1.0707995290186e-05 -0.0066315001260955 1.3553421948308e-05 -0.0066322921789947 
152.74423481754 -1.0409346428534e-05 -0.0065388650702069 1.317713383484e-05 -0.0065396474900687 
154.88051782198 -1.0123035081892e-05 -0.0064487808870641 1.2816299108145e-05 -0.0064495538827528 
157.01680082642 -9.8483900973359e-06 -0.0063611437029941 1.2470083270284e-05 -0.0063619074777732 
159.15308383086 -9.5847854695375e-06 -0.0062758552054546 1.213770729737e-05 -0.0062766099571036 
161.2893668353 -9.3316366670883e-06 -0.0061928222759878 1.1818443363258e-05 -0.0061935681969248 
163.42564983974 -9.0883973736867e-06 -0.006111956651852 1.1511610857463e-05 -0.0061126939292603 
165.56193284418 -8.8545565264868e-06 -0.0060331746137492 1.1216572756954e-05 -0.006033903429707 
167.69821584862 -8.6296356204474e-06 -0.0059563966973375 1.0932732317497e-05 -0.0059571172289497 
169.83449885306 -8.4131862470956e-06 -0.005881547426434 1.0659530058357e-05 -0.0058822598459641 
171.97078185751 -8.2047877728735e-06 -0.0058085550660361 1.039644109687e-05 -0.0058092595410386 
174.10706486195 -8.0040455957568e-06 -0.0057373513934691 1.0142972254197e-05 -0.0057380480869217 
176.24334786639 -7.8105888034813e-06 -0.0056678714861088 9.8986603052806e-06 -0.0056685605565426 
178.37963087083 -7.6240687636597e-06 -0.0056000535243214 9.6630694872559e-06 -0.0056007351259496 
180.51591387527 -7.4441574662217e-06 -0.0055338386083465 9.4357896527657e-06 -0.0055345128911916 
182.65219687971 -7.2705460811495e-06 -0.0054691705879923 9.2164344777776e-06 -0.0054698376980104 
184.78847988415 -7.102943621622e-06 -0.0054059959041053 9.0046398271866e-06 -0.0054066559833087 
186.92476288859 -6.9410757230658e-06 -0.0053442634408837 8.8000622394122e-06 -0.0053449166274599 
189.06104589303 -6.7846835153795e-06 -0.0052839243881703 8.6023775345332e-06 -0.0052845708165989 
191.19732889747 -6.6335225820984e-06 -0.0052249321129527 8.4112795320653e-06 -0.0052255719141188 
193.33361190192 -6.4873619373116e-06 -0.0051672420393597 8.2264789431449e-06 -0.0051678753406643 
195.46989490636 -6.3459834116661e-06 -0.0051108115365114 8.0477019480183e-06 -0.0051114384619799 
197.6061779108 -6.2091804215096e-06 -0.0050555998136101 7.8746896803827e-06 -0.0050562204839964 
199.74246091524 -6.0767574902417e-06 -0.0050015678217607 7.7071969541647e-06 -0.0050021823546483 
201.87874391968 -5.9485294759533e-06 -0.0049486781620021 7.5449914813772e-06 -0.0049492866719027 
204.01502692412 -5.8243209233778e-06 -0.0048968949991056 7.3878530647643e-06 -0.0048974975975551 
206.15130992856 -5.7039654621456e-06 -0.0048461839807158 7.2355728500457e-06 -0.0048467807763661 
208.287592933 -5.5873052461344e-06 -0.0047965121614627 7.0879526339139e-06 -0.0047971032601716 
210.42387593744 -5.474190436131e-06 -0.0047478479316766 6.9448042167463e-06 -0.0047484334365947 
212.56015894189 -5.3644786526844e-06 -0.0047001609503986 6.8059488802295e-06 -0.0047007409620521 
214.69644194633 -5.2580347801239e-06 -0.0046534220823859 6.6712165243868e-06 -0.0046539966987595 
216.83272495077 -5.1547301689095e-06 -0.0046076033388136 6.5404456046634e-06 -0.0046081726554273 
218.96900795521 -5.0544425005923e-06 -0.0045626778214663 6.413482340638e-06 -0.0045632419314522 
221.10529095965 -4.9570553589005e-06 -0.0045186196701384 6.2901803430957e-06 -0.0045191786643136 
223.24157396409 -4.8624578931758e-06 -0.0044754040130571 6.170400189459e-06 -0.0044759579799946 
225.37785696853 -4.7705445008307e-06 -0.0044330069201172 6.054009030584e-06 -0.0044335559462146 
227.51413997297 -4.6812145311559e-06 -0.0043914053587447 5.9408802238461e-06 -0.0043919495282899 
229.65042297741 -4.5943720164889e-06 -0.0043505771522226 5.8308929791396e-06 -0.0043511165474583 
231.78670598185 -4.5099253956415e-06 -0.0043105009403101 5.7239320581091e-06 -0.0043110356414948 
233.9229889863 -4.4277872338982e-06 -0.0042711561420246 5.6198875184605e-06 -0.0042716862274932 
236.05927199074 -4.3478742170316e-06 -0.0042325229204328 5.5186541651294e-06 -0.0042330484666535 
238.19555499518 -4.2701065958753e-06 -0.0041945821493365 5.4201316982776e-06 -0.0041951032309665 
240.33183799962 -4.1944082148925e-06 -0.0041573153817327 5.3242241900194e-06 -0.0041578320716724 
242.46812100406 -4.120706270549e-06 -0.004120704819937 5.2308399169864e-06 -0.0041212171893813 
244.6044040085 -4.0489311344823e-06 -0.0040847332872704 5.1398911425252e-06 -0.0040852414057594 
246.74068701294 -3.9790161897325e-06 -0.0040493842012156 5.0512939094056e-06 -0.0040498881366833 
248.87697001738 -3.9108976741686e-06 -0.0040146415479481 4.9649678479142e-06 -0.0040151413667683 
251.01325302182 -3.8445145358785e-06 -0.0039804898581736 4.8808359922351e-06 -0.003980985625206 
253.14953602627 -3.7798082434089e-06 -0.0039469141841819 4.7988246723981e-06 -0.0039474059628152 
255.28581903071 -3.7167228667658e-06 -0.0039139000780534 4.7188630995192e-06 -0.0039143879302484 
257.42210203515 -3.6552046417437e-06 -0.0038814335709454 4.6408835920103e-06 -0.0038819175572752 
259.55838503959 -3.5952020605809e-06 -0.0038495011534045 4.5648211848216e-06 -0.003849981333094 
261.69466804403 -3.5366657193405e-06 -0.0038180897566394 4.4906135479498e-06 -0.0038185661876036 
263.83095104847 -3.4795482069256e-06 -0.0037871867347008 4.4182008693992e-06 -0.0037876594735814 
265.96723405291 -3.4238040223821e-06 -0.003756779847527 4.3475257185837e-06 -0.0037572489497291 
268.10351705735 -3.3693894628414e-06 -0.0037268572447811 4.2785329580008e-06 -0.0037273227645063 
270.23980006179 -3.3162625627235e-06 -0.0036974074504759 4.2111696056293e-06 -0.0036978694407564 
272.37608306624 -3.2643829423308e-06 -0.0036684193483048 4.1453848176697e-06 -0.0036688778610356 
274.51236607068 -3.2137119407744e-06 -0.0036398821676662 4.0811295400363e-06 -0.0036403372536363 
276.64864907512 -3.1642122421118e-06 -0.0036117854703258 4.0183567804144e-06 -0.0036122371792483 
278.78493207956 -3.1158480071775e-06 -0.0035841191377015 3.9570212804133e-06 -0.0035845675182428 
280.921215084 -3.0685847560834e-06 -0.0035568733587206 3.8970794974061e-06 -0.0035573184585289 
283.05749808844 -3.0223893093891e-06 -0.003530038618227 3.8384895238966e-06 -0.0035304804839594 
285.19378109288 -2.9772297287854e-06 -0.003503605685912 3.7812110153495e-06 -0.0035040443632609 
287.33006409732 -2.9330752595921e-06 -0.0034775656057363 3.7252051234843e-06 -0.0034780011394557 
289.46634710176 -2.8898962836016e-06 -0.0034519096858152 3.6704344239757e-06 -0.0034523421197443 
291.6026301062 -2.8476642628651e-06 -0.0034266294887616 3.6168628617619e-06 -0.0034270588658503 
293.73891311065 -2.8063516527106e-06 -0.0034017168224302 3.5644557396263e-06 -0.003402143184761 
295.87519611509 -2.7659320351594e-06 -0.0033771637310828 3.5131794469949e-06 -0.0033775871198945 
298.01147911953 -2.7263798039167e-06 -0.0033529624869152 3.4630017340992e-06 -0.003353382942624 
300.14776212397 -2.6876703076281e-06 -0.0033291055819553 3.4138914420392e-06 -0.0033295231441762 
302.28404512841 -2.6497797630777e-06 -0.0033055857203104 3.3658185055675e-06 -0.0033060004278782 
304.42032813285 -2.6126852263601e-06 -0.0032823958107069 3.3187539180725e-06 -0.0032828077016942 
306.55661113729 -2.5763645332877e-06 -0.003259528959441 3.2726696613984e-06 -0.0032599380711826 
308.69289414173 -2.540796333388e-06 -0.0032369784633467 3.2275387312635e-06 -0.003237384832445 
310.82917714617 -2.5059598956624e-06 -0.0032147378037712 3.1833349251659e-06 -0.0032151414661464 
312.96546015062 -2.4718354087646e-06 -0.003192800639038 3.1400332758307e-06 -0.0031932016298738 
315.10174315506 -2.4384033052962e-06 -0.0031711608012936 3.0976088557739e-06 -0.0031715591552057 
317.2380261595 -2.4056456812258e-06 -0.0031498122845116 3.056039083829e-06 -0.0031502080352629 
319.37430916394 -2.3735431055605e-06 -0.0031287492516661 3.0152994123882e-06 -0.003129142432746 
321.51059216838 -2.3420806630407e-06 -0.0031079660048645 2.9753710163392e-06 -0.0031083566485205 
323.64687517282 -2.3112375101636e-06 -0.003087457024675 2.9362272869287e-06 -0.0030878451635251 
325.78315817726 -2.2810032792595e-06 -0.0030672168899325 2.8978557595163e-06 -0.0030676025545875 
327.9194411817 -2.2513543726207e-06 -0.0030472403916426 2.8602252340362e-06 -0.0030476236139922 
330.05572418614 -2.2222846775767e-06 -0.0030275223556395 2.8233302452084e-06 -0.0030279031648419 
332.19200719058 -2.1937706375891e-06 -0.0030080578689144 2.7871377876375e-06 -0.0030084362957572 
334.32829019503 -2.1658039154247e-06 -0.002988841996396 2.7516410360976e-06 -0.0029892180693501 
336.46457319947 -2.1383703086668e-06 -0.0029698700777092 2.7168189427158e-06 -0.0029702438257277 
338.60085620391 -2.1114496358044e-06 -0.002951137441158 2.6826464935288e-06 -0.0029515088925331 
340.73713920835 -2.0850421180659e-06 -0.002932639621599 2.6491274641831e-06 -0.0029330088037892 
342.87342221279 -2.0591192746539e-06 -0.0029143722200563 2.6162183001099e-06 -0.0029147391600622 
345.00970521723 -2.0336819780531e-06 -0.0028963309605871 2.5839293277047e-06 -0.0028966956859737 
347.14598822167 -2.0087128261298e-06 -0.0028785116641442 2.5522319677136e-06 -0.0028788741997464 
349.28227122611 -1.9841977797982e-06 -0.0028609102747984 2.5211080193983e-06 -0.0028612706476233 
351.41855423055 -1.9601326760838e-06 -0.0028435228068314 2.4905604775438e-06 -0.0028438810419663 
353.554837235 -1.9365011022423e-06 -0.0028263453787364 2.4605571560176e-06 -0.0028267015000379 
355.69112023944 -1.9132938825189e-06 -0.002809374239142 2.4310928853838e-06 -0.0028097282727161 
357.82740324388 -1.8905024377712e-06 -0.0027926056561319 2.4021607316339e-06 -0.0027929576250474 
359.96368624832 -1.868116331897e-06 -0.0027760360370115 2.3737357266107e-06 -0.0027763859644211 
362.09996925276 -1.846124651776e-06 -0.0027596618941511 2.3458136445076e-06 -0.0027600098047899 
364.2362522572 -1.8245183351996e-06 -0.0027434797375165 2.3183846467422e-06 -0.0027438256531666 
366.37253526164 -1.803292008053e-06 -0.0027274862305815 2.2914304441911e-06 -0.0027278301733645 
368.50881826608 -1.7824325220012e-06 -0.00271167813045 2.2649439217415e-06 -0.0027120201237627 
370.64510127052 -1.7619302672591e-06 -0.0026960521752617 2.2389156276189e-06 -0.002696392240054 
372.78138427496 -1.7417844062455e-06 -0.0026806052475796 2.2133326947402e-06 -0.0026809434047131 
374.91766727941 -1.7219816913036e-06 -0.0026653343377707 2.1881853449859e-06 -0.0026656706093343 
377.05395028385 -1.702509522634e-06 -0.0026502364029846 2.1634636831396e-06 -0.0026505708093762 
379.19023328829 -1.6833703638833e-06 -0.0026353085086718 2.1391597789783e-06 -0.0026356410695515 
381.32651629273 -1.6645553198895e-06 -0.0026205478596668 2.1152637702715e-06 -0.0026208785957009 
383.46279929717 -1.6460468774696e-06 -0.0026059516347514 2.0917632350541e-06 -0.0026062805658474 
385.59908230161 -1.627846180367e-06 -0.0025915170565503 2.0686526823856e-06 -0.0025918442015124 
387.73536530605 -1.6099532012126e-06 -0.0025772415062893 2.0459265349989e-06 -0.0025775668843113 
389.87164831049 -1.5923491881263e-06 -0.0025631223896479 2.0235702685832e-06 -0.0025634460198815 
392.00793131493 -1.5750264131294e-06 -0.0025491570899466 2.0015751156751e-06 -0.0025494789906849 
394.14421431938 -1.5579919548836e-06 -0.0025353431139105 1.9799411351909e-06 -0.0025356633031898 
396.28049732382 -1.5412360153971e-06 -0.0025216780713125 1.9586581163823e-06 -0.0025219965671837 
398.41678032826 -1.5247403115633e-06 -0.0025081595411713 1.9377104695307e-06 -0.0025084763613226 
400.5530633327 -1.5085068526594e-06 -0.0024947851335236 1.9170963374614e-06 -0.002495100295313 
402.68934633714 -1.4925404353279e-06 -0.0024815525933729 1.8968161246144e-06 -0.0024818661138875 
404.82562934158 -1.4768253881354e-06 -0.0024684597116676 1.8768552402912e-06 -0.0024687716076357 
406.96191234602 -1.4613481262238e-06 -0.0024555042459605 1.8572005706503e-06 -0.0024558145340093 
409.09819535046 -1.4461150501976e-06 -0.0024426840167896 1.8378548426125e-06 -0.0024429927134794 
411.2344783549 -1.4311277896159e-06 -0.0024299969630565 1.8188171393096e-06 -0.0024303040843958 
413.37076135935 -1.4163693897583e-06 -0.0024174410423695 1.8000711247562e-06 -0.0024177466038969 
415.50704436379 -1.4018294776646e-06 -0.0024050141873858 1.7816057873067e-06 -0.002405318204841 
417.64332736823 -1.3875153246302e-06 -0.0023927143992315 1.7634258821549e-06 -0.0023930168883914 
419.77961037267 -1.3734278229755e-06 -0.002380539782062 1.7455305625151e-06 -0.0023808407579424 
421.91589337711 -1.3595511154225e-06 -0.0023684884540977 1.7279036385197e-06 -0.0023687879311695 
424.05217638155 -1.3458751050967e-06 -0.0023565585120572 1.7105341937323e-06 -0.0023568565051653 
426.18845938599 -1.3324061505089e-06 -0.0023447481099384 1.6934270760105e-06 -0.0023450446341197 
428.32474239043 -1.3191468388736e-06 -0.0023330554959818 1.6765836466125e-06 -0.0023333505654618 
430.46102539487 -1.306083986461e-06 -0.002321478941973 1.6599896604821e-06 -0.0023217725702532 
432.59730839931 -1.2932058788148e-06 -0.0023100166984156 1.6436322362257e-06 -0.0023103088993479 
434.73359140376 -1.2805159980802e-06 -0.0022986670512924 1.627514149306e-06 -0.0022989578391783 
436.8698744082 -1.2680196602283e-06 -0.0022874283721729 1.6116400500446e-06 -0.0022877177606882 
439.00615741264 -1.2557084066755e-06 -0.0022762990747209 1.5960002621061e-06 -0.0022765870765814 
441.14244041708 -1.2435690173878e-06 -0.0022652775571604 1.5805797841084e-06 -0.0022655641851294 
443.27872342152 -1.231599862815e-06 -0.0022543622264591 1.5653762374294e-06 -0.0022546474939617 
445.41500642596 -1.2198072635788e-06 -0.0022435515568265 1.5503961958931e-06 -0.0022438354771356 
447.5512894304 -1.2081894057709e-06 -0.0022328440838407 1.5356371935737e-06 -0.0022331266692201 
449.68757243484 -1.1967345373426e-06 -0.0022222383474571 1.5210853144398e-06 -0.0022225196096691 
451.82385543928 -1.1854350026702e-06 -0.0022117328766796 1.5067312578847e-06 -0.0022120128280147 
453.96013844373 -1.1742939342005e-06 -0.0022013262353807 1.4925785537171e-06 -0.0022016048885616 
456.09642144817 -1.1633151996816e-06 -0.0021910170532868 1.4786315628181e-06 -0.0021912944204422 
458.23270445261 -1.1524930154758e-06 -0.0021808039954389 1.4648831846089e-06 -0.0021810800877627 
460.36898745705 -1.1418169493601e-06 -0.0021706857195558 1.4513203810997e-06 -0.0021709605481432 
462.50527046149 -1.1312832891015e-06 -0.0021606608841032 1.4379384043706e-06 -0.0021609344606688 
464.64155346593 -1.1208958956842e-06 -0.0021507281905952 1.4247422006901e-06 -0.0021510005270297 
466.77783647037 -1.110656331289e-06 -0.0021408863960722 1.4117339168584e-06 -0.0021411575035433 
468.91411947481 -1.1005581585765e-06 -0.0021311342796037 1.3989052446693e-06 -0.0021314041685097 
471.05040247925 -1.0905928640498e-06 -0.0021214706123242 1.3862449636712e-06 -0.0021217392931196 
473.18668548369 -1.0807581550309e-06 -0.00211189417129 1.3737501189944e-06 -0.0021121616549926 
475.32296848814 -1.0710571937099e-06 -0.0021024037743171 1.3614253729341e-06 -0.0021026700720281 
477.45925149258 -1.061490854426e-06 -0.0020929982868088 1.3492721510144e-06 -0.0020932634089609 
479.59553449702 -1.0520535997402e-06 -0.0020836765929763 1.337283088327e-06 -0.0020839405493267 
481.73181750146 -1.0427382473555e-06 -0.0020744375711178 1.3254482144902e-06 -0.0020747003714441 
483.8681005059 -1.0335423367741e-06 -0.0020652801040382 1.3137642815832e-06 -0.0020655417585953 
486.00438351034 -1.0244680411532e-06 -0.002056203108134 1.3022349394446e-06 -0.0020564636273094 
488.14066651478 -1.0155164049448e-06 -0.0020472055426407 1.2908623181353e-06 -0.002047464936308 
490.27694951922 -1.0066835899616e-06 -0.0020382863884232 1.279641167916e-06 -0.0020385446658177 
492.41323252366 -9.9796345117148e-07 -0.0020294446240694 1.2685625140055e-06 -0.0020297017942979 
494.54951552811 -9.8935262004071e-07 -0.0020206792280087 1.2576216539872e-06 -0.0020209353005294 
496.68579853255 -9.8085197191514e-07 -0.0020119892018086 1.2468203966814e-06 -0.0020122441863171 
498.82208153699 -9.7246286378514e-07 -0.0020033735850949 1.2361617731171e-06 -0.0020036274910023 
500.95836454143 -9.6418345575994e-07 -0.0019948314448403 1.2256435439024e-06 -0.0019950842809897 
503.09464754587 -9.5600896406488e-07 -0.0019863618527113 1.2152584569145e-06 -0.0019866136276325 
505.23093055031 -9.4793527228225e-07 -0.0019779638768155 1.205000164982e-06 -0.0019782145991839 
507.36721355475 -9.3996143748935e-07 -0.001969636595771 1.1948677568942e-06 -0.0019698862745437 
509.50349655919 -9.3208852275841e-07 -0.0019613791175245 1.1848639537622e-06 -0.0019616277616362 
511.63977956363 -9.2431642048175e-07 -0.0019531905815028 1.1749895464229e-06 -0.0019534381994997 
513.77606256807 -9.1664231620158e-07 -0.0019450701425169 1.1652403964095e-06 -0.0019453167425264 
515.91234557252 -9.0906218570272e-07 -0.0019370169546315 1.1556100027364e-06 -0.001937262544666 
518.04862857696 -9.0157350844976e-07 -0.0019290301718596 1.1460942842053e-06 -0.0019292747601053 
520.1849115814 -8.9417599719221e-07 -0.0019211089635232 1.1366937034619e-06 -0.0019213525583183 
522.32119458584 -8.8687017316151e-07 -0.0019132525270692 1.1274103877783e-06 -0.0019134951366306 
524.45747759028 -8.7965523552045e-07 -0.0019054600850382 1.1182439487904e-06 -0.0019057017172422 
526.59376059472 -8.7252854688914e-07 -0.0018977308700045 1.1091901780716e-06 -0.0018979715324326 
528.73004359916 -8.6548699714364e-07 -0.0018900641131306 1.1002436910393e-06 -0.0018903038133074 
530.8663266036 -8.585287117691e-07 -0.0018824590471908 1.0914015139103e-06 -0.0018826977927584 
533.00260960804 -8.5165336660392e-07 -0.0018749149199888 1.0826641068327e-06 -0.0018751527186649 
535.13889261249 -8.4486102581148e-07 -0.0018674310041912 1.0740330418079e-06 -0.0018676678635753 
537.27517561693 -8.3815087181541e-07 -0.0018600065941627 1.0655077527759e-06 -0.0018602425215959 
539.41145862137 -8.3152077268052e-07 -0.0018526409933657 1.0570847934103e-06 -0.0018528759959651 
541.54774162581 -8.249682816211e-07 -0.0018453335045121 1.0487596650438e-06 -0.0018455675893244 
543.68402463025 -8.1849174026865e-07 -0.001838083431299 1.0405295741564e-06 -0.0018383166054241 
545.82030763469 -8.1209055970224e-07 -0.0018308900891482 1.0323944319355e-06 -0.0018311223597224 
547.95659063913 -8.0576455184072e-07 -0.0018237528145325 1.024355358356e-06 -0.0018239841886131 
550.09287364357 -7.9951302222807e-07 -0.0018166709643488 1.0164122731879e-06 -0.0018169014488151 
552.22915664801 -7.9333443611919e-07 -0.0018096439063194 1.008562781344e-06 -0.0018098735078729 
554.36543965245 -7.8722687306287e-07 -0.0018026710092201 1.0008031794638e-06 -0.001802899734469 
556.5017226569 -7.8118873909899e-07 -0.0017957516412817 9.9313054475639e-07 -0.0017959794968241 
558.63800566134 -7.7521921230759e-07 -0.0017888851775136 9.8554389069784e-07 -0.0017891121699524 
560.77428866578 -7.6931784020651e-07 -0.0017820710090208 9.7804381973173e-07 -0.0017822971449119 
562.91057167022 -7.6348407137285e-07 -0.0017753085461957 9.7063070907096e-07 -0.0017755338319855 
565.04685467466 -7.5771686768755e-07 -0.0017685972133263 9.6330337588962e-07 -0.0017688216553327 
567.1831376791 -7.5201479478006e-07 -0.0017619364394005 9.5605913053119e-07 -0.0017621600438425 
569.31942068354 -7.4637644112062e-07 -0.001755325652723 9.4889503834497e-07 -0.0017555484257656 
571.45570368798 -7.4080075435874e-07 -0.0017487642833297 9.4180929458774e-07 -0.0017489862311051 
573.59198669242 -7.3528706390245e-07 -0.0017422517707143 9.3480159494496e-07 -0.0017424728993102 
575.72826969687 -7.298347959364e-07 -0.0017357875703224 9.2787235108336e-07 -0.0017360078857567 
577.86455270131 -7.244432656905e-07 -0.0017293711536627 9.2102133432287e-07 -0.0017295906618713 
580.00083570575 -7.1911144559868e-07 -0.0017230020021894 9.1424714853619e-07 -0.001723220709033 
582.13711871019 -7.1383819650441e-07 -0.001716679599874 9.0754745104316e-07 -0.0017168975111517 
584.27340171463 -7.0862247135173e-07 -0.0017104034300923 9.0091998149449e-07 -0.0017106205515472 
586.40968471907 -7.0346343936231e-07 -0.0017041729788064 8.9436342619793e-07 -0.0017043893161175 
588.54596772351 -6.983604484202e-07 -0.0016979877412675 8.8787750899723e-07 -0.0016982033000447 
590.68225072795 -6.9331285870753e-07 -0.0016918472269426 8.8146235823882e-07 -0.0016920620127285 
592.81853373239 -6.8831992419598e-07 -0.0016857509591332 8.7511764176072e-07 -0.0016859649774202 
594.95481673684 -6.8338076216821e-07 -0.0016796984696942 8.6884215725364e-07 -0.0016799117259368 
597.09109974128 -6.7849452889028e-07 -0.0016736892928364 8.626339742004e-07 -0.001673901792448 
599.22738274572 -6.7366038763032e-07 -0.0016677229623603 8.564912785238e-07 -0.0016679347106947 
601.36366575016 -6.6887762690695e-07 -0.0016617990139911 8.5041287357677e-07 -0.0016620100163194 
603.4999487546 -6.6414559589267e-07 -0.0016559169908525 8.4439832361222e-07 -0.0016561272523591 
605.63623175904 -6.5946363535982e-07 -0.0016500764480596 8.3844755585723e-07 -0.0016502859738624 
607.77251476348 -6.5483103357271e-07 -0.0016442769532614 8.3256027912145e-07 -0.0016444857484442 
609.90879776792 -6.5024705284577e-07 -0.0016385180829103 8.2673560551046e-07 -0.0016387261525446 
612.04508077236 -6.4571097858021e-07 -0.0016327994168978 8.2097211867941e-07 -0.0016330067660378 
614.1813637768 -6.412221555883e-07 -0.0016271205351238 8.1526828367258e-07 -0.0016273271687745 
616.31764678125 -6.367799552714e-07 -0.0016214810180829 8.0962292849765e-07 -0.001621686941164 
618.45392978569 -6.3238382021379e-07 -0.0016158804508205 8.0403534019768e-07 -0.0016160856681524 
620.59021279013 -6.2803309365339e-07 -0.0016103184274606 7.9850527436283e-07 -0.0016105229437823 
622.72649579457 -6.2372710178397e-07 -0.0016047945533437 7.9303248612902e-07 -0.0016049983733542 
624.86277879901 -6.1946517682394e-07 -0.0015993084434652 7.8761641380376e-07 -0.0015995115718607 
626.99906180345 -6.1524669703741e-07 -0.0015938597183383 7.8225608927741e-07 -0.0015940621598223 
629.13534480789 -6.1107111078098e-07 -0.0015884479999057 7.7695030053654e-07 -0.0015886497591632 
631.27162781233 -6.069379207761e-07 -0.0015830729099544 7.7169789025461e-07 -0.0015832739916061 
633.40791081677 -6.028466115281e-07 -0.0015777340718471 7.664980134748e-07 -0.0015779344804166 
635.54419382122 -5.9879661104176e-07 -0.0015724311142376 7.6135019120533e-07 -0.0015726308541458 
637.68047682566 -5.9478734049936e-07 -0.0015671636745248 7.5625405353962e-07 -0.0015673627501245 
639.8167598301 -5.9081815755452e-07 -0.0015619313997482 7.5120927492352e-07 -0.0015621298153679 
641.95304283454 -5.8688845032234e-07 -0.0015567339448694 7.4621523506446e-07 -0.0015569317048565 
644.08932583898 -5.8299773760281e-07 -0.0015515709688037 7.4127113232208e-07 -0.0015517680775132 
646.22560884342 -5.7914552354406e-07 -0.001546442131849 7.3637592905722e-07 -0.0015466385936323 
648.36189184786 -5.7533148620123e-07 -0.0015413470936004 7.3152884054085e-07 -0.0015415429127223 
650.4981748523 -5.7155505522316e-07 -0.0015362855162938 7.267289917436e-07 -0.0015364806969526 
652.63445785674 -5.6781591580259e-07 -0.0015312570651803 7.2197615570129e-07 -0.0015314516114266 
654.77074086118 -5.6411325398915e-07 -0.0015262614155061 7.172696065456e-07 -0.0015264553313872 
656.90702386563 -5.6044679205453e-07 -0.0015212982474359 7.1260943391101e-07 -0.0015214915368973 
659.04330687007 -5.5681566740002e-07 -0.0015163672529078 7.0799450686755e-07 -0.0015165599200127 
661.17958987451 -5.5321979729715e-07 -0.0015114681219095 7.0342476875425e-07 -0.001511660170633 
663.31587287895 -5.4965845445988e-07 -0.0015066005530123 6.988988960745e-07 -0.0015067919874406 
665.45215588339 -5.4613152751905e-07 -0.0015017642366304 6.9441656814689e-07 -0.0015019550606906 
667.58843888783 -5.4263861329846e-07 -0.0014969588725833 6.8997704103985e-07 -0.0014971490902021 
669.72472189227 -5.3917905858844e-07 -0.0014921841559237 6.8557954011848e-07 -0.0014923737708666 
671.86100489671 -5.3575288277697e-07 -0.0014874397942578 6.8122439652031e-07 -0.0014876288102463 
673.99728790115 -5.3235884475195e-07 -0.0014827254977689 6.7691008052555e-07 -0.0014829139184778 
676.1335709056 -5.2899724568161e-07 -0.0014780409857419 6.7263748680065e-07 -0.0014782288148662 
678.26985391004 -5.2566699728471e-07 -0.0014733859820541 6.684048209531e-07 -0.0014735732232891 
680.40613691448 -5.2236813036865e-07 -0.001468760211548 6.6421226654011e-07 -0.0014689468686577 
682.54241991892 -5.1910034068365e-07 -0.0014641634012428 6.6005917080467e-07 -0.0014643494778956 
684.67870292336 -5.1586294626617e-07 -0.0014595952769816 6.5594432262961e-07 -0.0014597807768468 
686.8149859278 -5.1265618879317e-07 -0.0014550555668804 6.5186835011342e-07 -0.0014552404935114 
688.95126893224 -5.0947914244409e-07 -0.0014505440025368 6.4782974217083e-07 -0.0014507283593596 
691.08755193668 -5.0633162384794e-07 -0.0014460603214696 6.4382867920567e-07 -0.0014462441119483 
693.22383494112 -5.0321329332385e-07 -0.0014416042668046 6.3986493200453e-07 -0.0014417874942742 
695.36011794556 -5.0012338147274e-07 -0.0014371755880277 6.3593724822235e-07 -0.0014373582559067 
697.49640095001 -4.9706189291482e-07 -0.0014327740380095 6.3204614198438e-07 -0.0014329561497648 
699.63268395445 -4.9402837438049e-07 -0.0014283993702808 6.28190527101e-07 -0.0014285809292852 
701.76896695889 -4.9102246785883e-07 -0.0014240513407322 6.2436980676729e-07 -0.001424232350458 
703.90524996333 -4.8804412558259e-07 -0.0014197297036482 6.205842507457e-07 -0.0014199101674413 
706.04153296777 -4.8509284765926e-07 -0.0014154342151323 6.1683269873717e-07 -0.0014156141362119 
708.17781597221 -4.8216833784724e-07 -0.0014111646365105 6.1311504065871e-07 -0.0014113440181391 
710.31409897665 -4.7927030316301e-07 -0.0014069207308897 6.0943122960788e-07 -0.0014070995761646 
712.45038198109 -4.7639827226744e-07 -0.0014027022686396 6.0578022428352e-07 -0.0014028805806552 
714.58666498553 -4.7355191408075e-07 -0.0013985090260509 6.021620420866e-07 -0.0013986868080086 
716.72294798998 -4.7073091482051e-07 -0.0013943407794036 5.9857640259353e-07 -0.0013945180344056 
718.85923099442 -4.6793504698544e-07 -0.0013901973096116 5.9502239186384e-07 -0.0013903740408199 
720.99551399886 -4.6516398817531e-07 -0.0013860783983245 5.9150005557129e-07 -0.0013862546089541 
723.1317970033 -4.6241750570863e-07 -0.0013819838239946 5.8800904608959e-07 -0.0013821595170933 
725.26808000774 -4.5969543835066e-07 -0.0013779133696081 5.8454866817914e-07 -0.0013780885482103 
727.40436301218 -4.5699735445888e-07 -0.001373866820364 5.8111888438958e-07 -0.0013740414874863 
729.54064601662 -4.5432296582321e-07 -0.001369843961663 5.7771932903235e-07 -0.0013700181201548 
731.67692902106 -4.5167213324942e-07 -0.0013658445872316 5.7434938412241e-07 -0.0013660182399645 
733.8132120255 -4.4904433653372e-07 -0.0013618684952875 5.7100888076945e-07 -0.0013620416451908 
735.94949502994 -4.4643928116803e-07 -0.0013579154837206 5.6769748087412e-07 -0.0013580881336424 
738.08577803439 -4.4385695524644e-07 -0.0013539853562239 5.6441470690891e-07 -0.0013541575090634 
740.22206103883 -4.4129691726334e-07 -0.0013500779182108 5.6116029845295e-07 -0.0013502495769322 
742.35834404327 -4.3875882465628e-07 -0.0013461929710508 5.5793402362531e-07 -0.0013463641385089 
744.49462704771 -4.3624280622502e-07 -0.0013423303194051 5.5473551997425e-07 -0.0013425009984092 
746.63091005215 -4.3374842979471e-07 -0.0013384897712572 5.515645036093e-07 -0.0013386599646247 
748.76719305659 -4.3127520237748e-07 -0.0013346711324993 5.4842066712127e-07 -0.0013348408429266 
750.90347606103 -4.2882327004889e-07 -0.0013308742138907 5.4530369146755e-07 -0.0013310434440059 
753.03975906547 -4.2639233681463e-07 -0.0013270988336623 5.4221322227794e-07 -0.001327267586144 
755.17604206991 -4.2398174059787e-07 -0.0013233448098619 5.3914885829449e-07 -0.001323513087366 
757.31232507436 -4.2159154974127e-07 -0.0013196119626382 5.3611038202167e-07 -0.0013197797677895 
759.4486080788 -4.1922179114599e-07 -0.0013159001183815 5.330975166709e-07 -0.0013160674538687 
761.58489108324 -4.1687173360421e-07 -0.0013122091022255 5.3010988596664e-07 -0.0013123759707461 
763.72117408768 -4.1454124141457e-07 -0.0013085387364618 5.2714728205908e-07 -0.0013087051406377 
765.85745709212 -4.122305732256e-07 -0.0013048888477527 5.2420963798606e-07 -0.0013050547901821 
767.99374009656 -4.0993915928472e-07 -0.0013012592646759 5.2129655591295e-07 -0.0013014247479351 
770.130023101 -4.0766649667594e-07 -0.0012976498134637 5.1840762938047e-07 -0.001297814840042 
772.26630610544 -4.0541290286088e-07 -0.0012940603247402 5.1554279600507e-07 -0.0012942248970734 
774.40258910988 -4.0317820228999e-07 -0.0012904906360158 5.1270175786042e-07 -0.0012906547565525 
776.53887211433 -4.0096161412605e-07 -0.0012869405848352 5.0988394375922e-07 -0.001287104256017 
778.67515511877 -3.9876319679228e-07 -0.0012834100094601 5.0708915491849e-07 -0.0012835732337112 
780.81143812321 -3.9658320094081e-07 -0.0012798987540578 5.0431742378609e-07 -0.0012800615338282 
782.94772112765 -3.9442098715049e-07 -0.0012764066639325 5.0156828037787e-07 -0.0012765690016884 
785.08400413209 -3.9227604758198e-07 -0.0012729335807301 4.9884134927289e-07 -0.0012730954789075 
787.22028713653 -3.9014874379428e-07 -0.0012694793478341 4.9613678092165e-07 -0.0012696408088315 
789.35657014097 -3.8803898417431e-07 -0.0012660438127809 4.9345442988711e-07 -0.0012662048389667 
791.49285314541 -3.8594598182137e-07 -0.0012626268218584 4.9079366934365e-07 -0.0012627874155536 
793.62913614985 -3.8386965770786e-07 -0.0012592282209592 4.8815430574663e-07 -0.0012593883844356 
795.76541915429 -3.8181042586231e-07 -0.0012558478620176 4.8553645721275e-07 -0.0012560075975212 
797.90170215874 -3.7976784395505e-07 -0.0012524856012957 4.8293967600655e-07 -0.0012526449110619 
800.03798516318 -3.777412678247e-07 -0.0012491412940152 4.8036329741443e-07 -0.0012493001802801 
802.17426816762 -3.7573090544033e-07 -0.0012458147969917 4.7780739384634e-07 -0.001245973261999 
804.31055117206 -3.7373699275745e-07 -0.0012425059721085 4.752720710338e-07 -0.0012426640181056 
806.4468341765 -3.7175885404943e-07 -0.0012392146815812 4.7275678328093e-07 -0.001239372310808 
808.58311718094 -3.6979597573453e-07 -0.0012359407844398 4.7026112850936e-07 -0.0012360979991263 
810.71940018538 -3.6784872098874e-07 -0.0012326841411204 4.6778536383187e-07 -0.0012328409434728 
812.85568318982 -3.6591714123808e-07 -0.0012294446160135 4.6532949028866e-07 -0.00122960100819 
814.99196619426 -3.6400050152829e-07 -0.0012262220732412 4.62892839692e-07 -0.0012263780573567 
817.12824919871 -3.6209849526685e-07 -0.0012230163758154 4.6047508192998e-07 -0.001223171953965 
819.26453220315 -3.6021161859145e-07 -0.0012198273908931 4.5807641726694e-07 -0.0012199825651518 
821.40081520759 -3.5833981613997e-07 -0.0012166549907365 4.5569669486159e-07 -0.0012168097631501 
823.53709821203 -3.5648236629289e-07 -0.001213499047805 4.5333517906791e-07 -0.001213653420413 
825.67338121647 -3.5463907709409e-07 -0.0012103594339453 4.5099162491249e-07 -0.0012105134088124 
827.80966422091 -3.5281037796954e-07 -0.001207236024392 4.4866636392221e-07 -0.0012073896035875 
829.94594722535 -3.509961213382e-07 -0.0012041286973816 4.4635926426966e-07 -0.001204281882948 
832.08223022979 -3.4919554682487e-07 -0.0012010373293933 4.4406967416729e-07 -0.0012011901233592 
834.21851323423 -3.4740845732358e-07 -0.0011979617950598 4.4179744066981e-07 -0.0011981141994576 
836.35479623867 -3.456352634196e-07 -0.0011949019716202 4.3954293116827e-07 -0.0011950539884554 
838.49107924312 -3.4387583752237e-07 -0.0011918577393817 4.3730602734322e-07 -0.0011920093705997 
840.62736224756 -3.4212953008088e-07 -0.0011888289781059 4.3508597872128e-07 -0.0011889802256187 
842.763645252 -3.4039616044656e-07 -0.0011858155672139 4.3288253581657e-07 -0.0011859664329392 
844.89992825644 -3.3867617715156e-07 -0.0011828173899216 4.306960007365e-07 -0.0011829678757673 
847.03621126088 -3.3696958839318e-07 -0.0011798343336724 4.2852626217686e-07 -0.0011799844415088 
849.17249426532 -3.3527576037762e-07 -0.0011768662861461 4.2637262148304e-07 -0.0011770160178329 
851.30877726976 -3.3359440353477e-07 -0.0011739131340797 4.2423475832971e-07 -0.0011740624915087 
853.4450602742 -3.3192586448676e-07 -0.0011709747663119 4.2211301404408e-07 -0.0011711237513867 
855.58134327864 -3.3027020443214e-07 -0.0011680510745938 4.2000748528219e-07 -0.0011681996891804 
857.71762628309 -3.2862679158631e-07 -0.0011651419501809 4.1791762649848e-07 -0.001165290196114 
859.85390928753 -3.2699520548835e-07 -0.001162247282243 4.1584298938241e-07 -0.0011623951613651 
861.99019229197 -3.2537567410602e-07 -0.0011593669608969 4.137838552147e-07 -0.0011595144750494 
864.12647529641 -3.2376843440506e-07 -0.0011565008795778 4.1174043878262e-07 -0.0011566480305517 
866.26275830085 -3.2217308341154e-07 -0.0011536489330737 4.0971225557317e-07 -0.0011537957226073 
868.39904130529 -3.2058913088239e-07 -0.0011508110154131 4.0769869120783e-07 -0.0011509574452436 
870.53532430973 -3.1901670824155e-07 -0.0011479870217447 4.0569977553021e-07 -0.0011481330936305 
872.67160731417 -3.1745619456278e-07 -0.0011451768510139 4.0371580221088e-07 -0.0011453225666953 
874.80789031861 -3.159074150107e-07 -0.0011423804047441 4.0174651744436e-07 -0.0011425257659214 
876.94417332305 -3.1436980195801e-07 -0.0011395975838664 3.9979127955058e-07 -0.0011397425922391 
879.0804563275 -3.1284316505292e-07 -0.0011368282885931 3.9784993527179e-07 -0.0011369729458944 
881.21673933194 -3.1132782160227e-07 -0.0011340724209253 3.9592281448643e-07 -0.0011342167288924 
883.35302233638 -3.0982377449275e-07 -0.0011313298850517 3.9401002729895e-07 -0.0011314738453759 
885.48930534082 -3.0833050830093e-07 -0.0011286005848142 3.9211106400261e-07 -0.0011287441991498 
887.62558834526 -3.0684760215337e-07 -0.0011258844225039 3.902254949181e-07 -0.0011260276925132 
889.7618713497 -3.0537520332711e-07 -0.0011231813010965 3.8835348982108e-07 -0.0011233242284514 
891.89815435414 -3.0391359377803e-07 -0.0011204911264808 3.8649532277478e-07 -0.0011206337128164 
894.03443735858 -3.0246258567306e-07 -0.0011178138064817 3.8465070368396e-07 -0.0011179560533798 
896.17072036302 -3.0102172791484e-07 -0.0011151492487199 3.8281901081247e-07 -0.0011152911577519 
898.30700336747 -2.9959091868729e-07 -0.0011124973609928 3.810000652694e-07 -0.0011126389337584 
900.44328637191 -2.9817050039924e-07 -0.0011098580535169 3.7919411668608e-07 -0.0011099992916213 
902.57956937635 -2.9676055876749e-07 -0.0011072312392974 3.7740126614683e-07 -0.0011073721443098 
904.71585238079 -2.9536070615502e-07 -0.001104616831833 3.7562105843715e-07 -0.001104757405294 
906.85213538523 -2.9397052289877e-07 -0.0011020147434707 3.7385303833542e-07 -0.0011021549869362 
908.98841838967 -2.9259002057361e-07 -0.0010994248865694 3.7209729099779e-07 -0.0010995648016219 
911.12470139411 -2.912194070149e-07 -0.0010968471753044 3.7035415846669e-07 -0.001096986763508 
913.26098439855 -2.8985856516928e-07 -0.0010942815252412 3.6862357285886e-07 -0.0010944207881107 
915.39726740299 -2.8850704900997e-07 -0.0010917278514114 3.6690502920626e-07 -0.0010918667904343 
917.53355040744 -2.8716458004789e-07 -0.0010891860680176 3.6519822009941e-07 -0.0010893246846952 
919.66983341188 -2.8583135376855e-07 -0.0010866560903852 3.6350328200077e-07 -0.0010867943862283 
921.80611641632 -2.8450758849987e-07 -0.0010841378364705 3.6182045515266e-07 -0.0010842758129594 
923.94239942076 -2.8319316210096e-07 -0.0010816312259629 3.6014949588107e-07 -0.0010817688845336 
926.0786824252 -2.8188772363772e-07 -0.0010791361785318 3.5848986814312e-07 -0.0010792735206109 
928.21496542964 -2.8059114403573e-07 -0.0010766526138122 3.5684133910709e-07 -0.0010767896408522 
930.35124843408 -2.7930361713733e-07 -0.0010741804529817 3.5520412828887e-07 -0.0010743171664478 
932.48753143852 -2.7802527367838e-07 -0.0010717196194076 3.5357842089085e-07 -0.0010718560207383 
934.62381444296 -2.7675587709292e-07 -0.0010692700372334 3.5196396039992e-07 -0.0010694061278313 
936.7600974474 -2.7549502378939e-07 -0.0010668316297238 3.5036029372607e-07 -0.0010669674109884 
938.89638045185 -2.7424253487955e-07 -0.0010644043195065 3.4876731324994e-07 -0.0010645397928593 
941.03266345629 -2.7299856475895e-07 -0.0010619880301857 3.4718524267069e-07 -0.0010621231970509 
943.16894646073 -2.7176316994265e-07 -0.0010595826870444 3.4561426350079e-07 -0.0010597175488109 
945.30522946517 -2.7053613246198e-07 -0.0010571882159912 3.4405410424507e-07 -0.001057322774008 
947.44151246961 -2.6931713392731e-07 -0.0010548045424257 3.4250431769686e-07 -0.0010549387980348 
949.57779547405 -2.6810610350926e-07 -0.0010524315917613 3.4096475225656e-07 -0.0010525655463225 
951.71407847849 -2.6690323468409e-07 -0.0010500692910178 3.3943560739915e-07 -0.0010502029458938 
953.85036148293 -2.6570867243782e-07 -0.0010477175694431 3.3791700421927e-07 -0.0010478509259677 
955.98664448737 -2.64522279303e-07 -0.0010453763574242 3.3640868090044e-07 -0.0010455094168979 
958.12292749182 -2.6334376840158e-07 -0.0010430455851636 3.3491022190279e-07 -0.0010431783488835 
960.25921049626 -2.6217305848738e-07 -0.0010407251827626 3.3342142888128e-07 -0.0010408576520471 
962.3954935007 -2.6101024133225e-07 -0.0010384150813811 3.3194251034635e-07 -0.0010385472575574 
964.53177650514 -2.598553880629e-07 -0.0010361152137606 3.3047364239537e-07 -0.001036247098133 
966.66805950958 -2.5870832361637e-07 -0.0010338255132685 3.2901466761938e-07 -0.0010339571071079 
968.80434251402 -2.5756872214399e-07 -0.0010315459126645 3.2756520739984e-07 -0.0010316772172314 
970.94062551846 -2.5643639586692e-07 -0.0010292763440301 3.2612507405017e-07 -0.0010294073605976 
973.0769085229 -2.5531138382496e-07 -0.0010270167400744 3.2469439548359e-07 -0.0010271474699256 
975.21319152734 -2.5419380221453e-07 -0.001024767034936 3.2327337898947e-07 -0.0010248974793319 
977.34947453178 -2.5308357733473e-07 -0.0010225271640427 3.2186190962993e-07 -0.0010226573242141 
979.48575753623 -2.5198050842524e-07 -0.0010202970627094 3.2045967343479e-07 -0.0010204269398632 
981.62204054067 -2.5088444965155e-07 -0.0010180766663829 3.1906630509151e-07 -0.0010182062617424 
983.75832354511 -2.4979548569489e-07 -0.001015865910788 3.1768189757705e-07 -0.0010159952255792 
985.89460654955 -2.4871372233955e-07 -0.0010136647339342 3.1630656095551e-07 -0.0010137937693892 
988.03088955399 -2.4763924269711e-07 -0.0010114730745834 3.1494038538579e-07 -0.0010116018318906 
990.16717255843 -2.4657181727258e-07 -0.0010092908729043 3.1358300583649e-07 -0.0010094193532491 
992.30345556287 -2.4551128796773e-07 -0.0010071180674501 3.1223419920019e-07 -0.0010072462719988 
994.43973856731 -2.4445751976685e-07 -0.0010049545980664 3.1089381852496e-07 -0.0010050825280206 
996.57602157175 -2.4341058597221e-07 -0.0010028004039068 3.0956208386415e-07 -0.0010029280604492 
998.7123045762 -2.4237048340803e-07 -0.0010006554268398 3.0823913602235e-07 -0.0010007828111506 
1000.8485875806 -2.4133710852886e-07 -0.00099851960772401 3.0692469272449e-07 -0.00099864672094234 
1002.9848705851 -2.4031010854261e-07 -0.00099639288828708 3.0561881178773e-07 -0.00099651973155114 
1005.1211535895 -2.3928948996494e-07 -0.00099427520889514 3.0432080432021e-07 -0.00099440178334546 
1007.257436594 -2.3827514251625e-07 -0.00099216651095057 3.0303125936921e-07 -0.00099229281773798 
1009.3937195984 -2.3726729854635e-07 -0.00099006673707541 3.0174979866115e-07 -0.00099019277733933 
1011.5300026028 -2.3626594067785e-07 -0.00098797583092618 3.0047673618574e-07 -0.00098810160578494 
1013.6662856073 -2.3527078663362e-07 -0.00098589373708134 2.9921190335515e-07 -0.00098601924762901 
1015.8025686117 -2.3428195437519e-07 -0.00098382039948817 2.9795467084075e-07 -0.00098394564682497 
1017.9388516162 -2.3329923437133e-07 -0.00098175576274916 2.9670538962432e-07 -0.0009818807479788 
1020.0751346206 -2.3232285101294e-07 -0.00097969977220104 2.9546365893297e-07 -0.00097982449643143 
1022.211417625 -2.3135283125995e-07 -0.0009776523745463 2.9422994042246e-07 -0.00097777683887439 
1024.3477006295 -2.3038890332939e-07 -0.00097561351732777 2.9300418036853e-07 -0.00097573772281784 
1026.4839836339 -2.2943115301723e-07 -0.00097358314780419 2.9178583195329e-07 -0.00097370709552255 
1028.6202666384 -2.2847921267322e-07 -0.00097156121288114 2.9057511368234e-07 -0.00097168490388471 
1030.7565496428 -2.2753318870749e-07 -0.00096954765945161 2.8937153590754e-07 -0.00096967109480863 
1032.8928326473 -2.2659291546988e-07 -0.00096754243520528 2.8817571499663e-07 -0.00096766561598729 
1035.0291156517 -2.2565859662356e-07 -0.00096554548872764 2.8698732452599e-07 -0.00096566841597374 
1037.1653986561 -2.247299812141e-07 -0.00096355676911695 2.858063547177e-07 -0.00096367944386527 
1039.3016816606 -2.2380686261073e-07 -0.00096157622517864 2.8463285799436e-07 -0.00096169864844958 
1041.437964665 -2.2288935022356e-07 -0.00095960380558241 2.8346619618491e-07 -0.00095972597839713 
1043.5742476695 -2.2197724665552e-07 -0.00095763945961888 2.8230678962582e-07 -0.00095776138301957 
1045.7105306739 -2.2107089603039e-07 -0.00095568313748096 2.8115445508716e-07 -0.00095580481248459 
1047.8468136783 -2.2017015865095e-07 -0.00095373479077426 2.8000924502729e-07 -0.00095385621839336 
1049.9830966828 -2.1927490466653e-07 -0.00095179437159705 2.7887130302803e-07 -0.00095191555283263 
1052.1193796872 -2.1838526923577e-07 -0.00094986183179071 2.7774002312121e-07 -0.0009499827676197 
1054.2556626917 -2.1750091991244e-07 -0.00094793712350431 2.7661553685393e-07 -0.00094805781492604 
1056.3919456961 -2.1662213786114e-07 -0.0009460201990142 2.7549768829187e-07 -0.00094614064702208 
1058.5282287005 -2.1574878033799e-07 -0.00094411101147926 2.7438662321108e-07 -0.00094423121705011 
1060.664511705 -2.1488068564973e-07 -0.00094220951520748 2.7328254499642e-07 -0.00094232947932368 
1062.8007947094 -2.1401800660923e-07 -0.0009403156642205 2.7218509604061e-07 -0.00094043538783413 
1064.9370777139 -2.131603301631e-07 -0.00093842941242835 2.7109427868902e-07 -0.00093854889648544 
1067.0733607183 -2.1230781274421e-07 -0.00093655071368791 2.7000974171703e-07 -0.00093666995915345 
