1.0681415022205 -0.082682092789038 -0.2875964166913 0.082991037433546 -0.28714897602468 
3.2044245066616 -0.028844369395421 -0.18777299535764 0.029166474346737 -0.18766848785231 
5.3407075111026 -0.015408942504131 -0.13993605084818 0.015689557912571 -0.13990160182505 
7.4769905155437 -0.0093853303759434 -0.11121335054103 0.0093988780470404 -0.11120209913226 
9.6132735199848 -0.0062578265337387 -0.09154589356252 0.0062538134368342 -0.091555477198177 
11.749556524426 -0.0044568465859019 -0.077513062766452 0.0044614266628273 -0.077524923792665 
13.885839528867 -0.003330293674659 -0.067080476876971 0.0033363615155465 -0.067087616093475 
16.022122533308 -0.0025794044125203 -0.059046722505451 0.0025830847126466 -0.059048757991109 
18.158405537749 -0.0020541449249535 -0.052682779640178 0.0020549351066009 -0.052681114822286 
20.29468854219 -0.0016726830565374 -0.047525242889077 0.0016712459262733 -0.047521274095148 
22.430971546631 -0.0013872008602263 -0.043266288238367 0.0013844179869295 -0.043260975475117 
24.567254551072 -0.0011674078419561 -0.039694080470839 0.0011656869904091 -0.03968818075302 
26.703537555513 -0.00099578699603246 -0.036655846120224 0.00099370897463893 -0.036649943200785 
28.839820559954 -0.00085910746742633 -0.034042471370639 0.00085673520647303 -0.034036731429611 
30.976103564395 -0.00074851760456155 -0.031771807894842 0.00074598415815137 -0.0317663170324 
33.112386568836 -0.00065781484934448 -0.029781369847757 0.00065522529556603 -0.029776166526187 
35.248669573277 -0.00058253140353261 -0.028022844123563 0.00057995753331457 -0.028017938477981 
37.384952577719 -0.00051938177665738 -0.026458320602261 0.00051686942126934 -0.026453706720006 
39.52123558216 -0.00046590698093394 -0.025057656357913 0.0004634836610024 -0.025053319831872 
41.657518586601 -0.00042023782182838 -0.023796597526393 0.00041791866382633 -0.023792519973735 
43.793801591042 -0.00038093356000955 -0.022655417710868 0.00037872550172322 -0.02265157940606 
45.930084595483 -0.00034686968687549 -0.021617915284842 0.00034477436709783 -0.021614296643553 
48.066367599924 -0.00031715845766379 -0.020670664410494 0.00031517416845419 -0.020667246782771 
50.202650604365 -0.00029109171264006 -0.01980244825954 0.00028921470523789 -0.01979921431369 
52.338933608806 -0.00026809913398707 -0.019003824979535 0.00026632448712446 -0.019000758845954 
54.475216613247 -0.00024771736543595 -0.018266791650039 0.00024603955646915 -0.018263878930187 
56.611499617688 -0.00022956688796563 -0.01758452146529 0.00022798016499478 -0.017581749167259 
58.747782622129 -0.00021333450834623 -0.016951156252663 0.0002118331284049 -0.01694851269039 
60.88406562657 -0.00019875995963822 -0.016361641246201 0.00019733833699487 -0.016359115924045 
63.020348631011 -0.00018562554864598 -0.015811592440832 0.00018427834310593 -0.015809175935916 
65.156631635452 -0.0001737480853873 -0.015297189295852 0.00017247025057274 -0.015294873145008 
67.292914639893 -0.00016297253842617 -0.014815087328512 0.00016175934388197 -0.014812863923244 
69.429197644334 -0.00015316700778233 -0.01436234643807 0.00015201404407608 -0.014360208929012 
71.565480648775 -0.00014421871235624 -0.013936371763192 0.00014312188543149 -0.01393431397438 
73.701763653217 -0.00013603076500652 -0.013534864595291 0.00013498628378815 -0.01353288094792 
75.838046657658 -0.0001285195636426 -0.01315578141323 0.00012752392381276 -0.013153866858214 
77.974329662099 -0.00012161266770461 -0.01279729951771 0.00012066263351967 -0.012795449476242 
80.11061266654 -0.00011524705967324 -0.012457788060294 0.00011433964505991 -0.012455998371558 
82.246895670981 -0.00010936771385642 -0.012135783506475 0.0001085001638463 -0.012134050381712 
84.383178675422 -0.00010392641228329 -0.011829968762461 0.00010309618483813 -0.011828288744623 
86.519461679863 -9.8880759892909e-05 -0.011539155344271 9.8085508804261e-05 -0.011537525272581 
88.655744684304 -9.4193361915755e-05 -0.011262268085087 9.343092057273e-05 -0.011260685063874 
90.792027688745 -8.9831133458779e-05 -0.010998331969911 8.9099499771734e-05 -0.010996793341166 
92.928310693186 -8.5764717581482e-05 -0.01074646076068 8.5062040241922e-05 -0.010744964079859 
95.064593697627 -8.1967993073706e-05 -0.010505847134581 8.1292558687858e-05 -0.010504390149252 
97.200876702068 -7.8417656079918e-05 -0.010275754106164 7.7767877759438e-05 -0.010274334737127 
99.337159706509 -7.5092863786926e-05 -0.01005550754276 7.4467270222503e-05 -0.010054123867336 
101.47344271095 -7.1974929154332e-05 -0.0098444896142383 7.1372155111765e-05 -0.0098431398514221 
103.60972571539 -6.9047059246817e-05 -0.0096421330440004 6.8465836460482e-05 -0.0096408155412749 
105.74600871983 -6.6294129471042e-05 -0.0094479160493196 6.5733278833136e-05 -0.0094466292708954 
107.88229172427 -6.3702488901472e-05 -0.0092613578765905 6.3160912990309e-05 -0.0092601003929327 
110.01857472871 -6.1259791316171e-05 -0.0090820148515856 6.0736467883886e-05 -0.0090807853300461 
112.15485773316 -5.8954848617327e-05 -0.0089094768767842 5.8448824387913e-05 -0.0089082740732211 
114.2911407376 -5.6777502909439e-05 -0.0087433643179253 5.6287888117195e-05 -0.0087421870691728 
116.42742374204 -5.4718514860624e-05 -0.0085833252302672 5.4244478184532e-05 -0.0085821724473714 
118.56370674648 -5.2769465832452e-05 -0.0084290328821614 5.2310229888768e-05 -0.0084279035442905 
120.69998975092 -5.092267202842e-05 -0.0082801835394311 5.0477509185169e-05 -0.0082790766883907 
122.83627275536 -4.9171108899489e-05 -0.0081364944791164 4.873933746675e-05 -0.0081354092143936 
124.9725557598 -4.7508344481945e-05 -0.0079977022053673 4.7089325196559e-05 -0.0079966376796412 
127.10883876424 -4.5928480433267e-05 -0.0078635608439274 4.5521613284805e-05 -0.0078625162590004 
129.24512176868 -4.4426099803151e-05 -0.0077338406946741 4.4030821147603e-05 -0.0077328152977746 
131.38140477313 -4.2996220678825e-05 -0.007608326924418 4.2612000589091e-05 -0.0076073200048469 
133.51768777757 -4.1634254954376e-05 -0.0074868183843311 4.1260594782476e-05 -0.0074858292704044 
135.65397078201 -4.0335971591033e-05 -0.0073691265384076 3.997240170799e-05 -0.0073681545946683 
137.79025378645 -3.9097463795791e-05 -0.0072550744909632 3.8743541536225e-05 -0.0072541191156302 
139.92653679089 -3.7915119659036e-05 -0.0071444961026767 3.7570427461192e-05 -0.0071435567253126 
142.06281979533 -3.6785595857033e-05 -0.0070372351859144 3.6449739553557e-05 -0.0070363112652923 
144.19910279977 -3.570579405818e-05 -0.0069331447711706 3.537840128239e-05 -0.0069322357933198 
146.33538580421 -3.4672839708199e-05 -0.0068320864374046 3.43535584139e-05 -0.0068311919138133 
148.47166880865 -3.3684062920931e-05 -0.0067339296998787 3.3372560020751e-05 -0.0067330491658398 
150.60795181309 -3.2736981232811e-05 -0.0066385514498171 3.243294137322e-05 -0.0066376844629041 
152.74423481754 -3.1829284045054e-05 -0.0065458354408499 3.153240846415e-05 -0.0065449815795156 
154.88051782198 -3.095881855338e-05 -0.006455671817744 3.0668824010661e-05 -0.0064548306800281 
157.01680082642 -3.012357700155e-05 -0.0063679566834217 2.984019477797e-05 -0.0063671278857548 
159.15308383086 -2.9321685115707e-05 -0.0062825917006854 2.9044660087647e-05 -0.0062817748767792 
161.2893668353 -2.8551391589164e-05 -0.0061994837254481 2.8280481396255e-05 -0.006198678525269 
163.42564983974 -2.7811058530324e-05 -0.0061185444686024 2.75460328041e-05 -0.0061177505574201 
165.56193284418 -2.7099152775477e-05 -0.0060396901839533 2.683979239861e-05 -0.00603890724146 
167.69821584862 -2.6414237954904e-05 -0.0059628413799029 2.61603343825e-05 -0.0059620690993927 
169.83449885306 -2.5754967253911e-05 -0.0058879225528056 2.5506321882343e-05 -0.0058871606404095 
171.97078185751 -2.5120076791585e-05 -0.0058148619401152 2.4876500385694e-05 -0.0058141101140897 
174.10706486195 -2.4508379569392e-05 -0.0057435912916379 2.4269691730133e-05 -0.0057428492817045 
176.24334786639 -2.3918759933601e-05 -0.0056740456573538 2.3684788587694e-05 -0.0056733132040829 
178.37963087083 -2.335016849365e-05 -0.0056061631904324 2.312074941659e-05 -0.0056054400446673 
180.51591387527 -2.2801617457868e-05 -0.0055398849641779 2.2576593823677e-05 -0.0055391708864951 
182.65219687971 -2.2272176336628e-05 -0.0054751548017809 2.2051398322852e-05 -0.0054744495619868 
184.78847988415 -2.1760968008217e-05 -0.0054119191178365 2.1544292406634e-05 -0.0054112224944964 
186.92476288859 -2.1267165090133e-05 -0.005350126770691 2.105445493932e-05 -0.0053494385506885 
189.06104589303 -2.0789986593553e-05 -0.0052897289247658 2.0581110835085e-05 -0.0052890489028869 
191.19732889747 -2.0328694835837e-05 -0.0052306789220856 2.0123527996003e-05 -0.0052300069006299 
193.33361190192 -1.9882592585944e-05 -0.0051729321622895 1.9681014491899e-05 -0.0051722679507036 
195.46989490636 -1.9451020439926e-05 -0.005116445990494 1.9252915933452e-05 -0.0051157894050288 
197.6061779108 -1.9033354381014e-05 -0.0050611795924024 1.8838613061776e-05 -0.0050605304557902 
199.74246091524 -1.8629003524613e-05 -0.0050070938961247 1.8437519510571e-05 -0.0050064520372739 
201.87874391968 -1.8237408034091e-05 -0.0049541514802169 1.804907972742e-05 -0.0049535167339267 
204.01502692412 -1.7858037176362e-05 -0.0049023164874778 1.7672767061929e-05 -0.0049016886941673 
206.15130992856 -1.7490387533663e-05 -0.0048515545440965 1.7308081968943e-05 -0.0048509335495523 
208.287592933 -1.713398132988e-05 -0.0048018326837535 1.6954550357254e-05 -0.0048012183388884 
210.42387593744 -1.6788364882426e-05 -0.0047531192763379 1.6611722045318e-05 -0.0047525114369654 
212.56015894189 -1.6453107158977e-05 -0.0047053839609506 1.6279169329879e-05 -0.0047047824875694 
214.69644194633 -1.612779843139e-05 -0.0046585975829008 1.5956485657341e-05 -0.0046580023404932 
216.83272495077 -1.5812049031914e-05 -0.0046127321344127 1.5643284369061e-05 -0.0046121429922519 
218.96900795521 -1.5505488176624e-05 -0.0045677606987919 1.5339197559802e-05 -0.0045671775302593 
221.10529095965 -1.5207762885796e-05 -0.0045236573978277 1.5043874985982e-05 -0.0045230800802412 
223.24157396409 -1.4918536963986e-05 -0.0044803973422055 1.4756983064383e-05 -0.0044798257566547 
225.37785696853 -1.463749005164e-05 -0.0044379565847349 1.4478203930025e-05 -0.004437390615927 
227.51413997297 -1.4364316735739e-05 -0.0043963120762001 1.4207234558409e-05 -0.004395751612312 
229.65042297741 -1.4098725725589e-05 -0.0043554416236731 1.3943785936487e-05 -0.0043548865562127 
231.78670598185 -1.3840439072921e-05 -0.0043153238511307 1.368758229896e-05 -0.004314774074805 
233.9229889863 -1.3589191449966e-05 -0.0042759381622184 1.3438360398291e-05 -0.0042753935748055 
236.05927199074 -1.3344729466508e-05 -0.0042372647050405 1.3195868830184e-05 -0.0042367252072721 
238.19555499518 -1.3106811020173e-05 -0.0041992843388298 1.2959867417348e-05 -0.0041987498342782 
240.33183799962 -1.2875204723252e-05 -0.004161978602393 1.2730126578297e-05 -0.0041614489973602 
242.46812100406 -1.2649689320868e-05 -0.0041253296842364 1.2506426796775e-05 -0.0041248048876518 
244.6044040085 -1.243005316441e-05 -0.0040893203942352 1.2288558093989e-05 -0.0040888003175555 
246.74068701294 -1.2216093716023e-05 -0.0040539341367788 1.207631953496e-05 -0.0040534186938952 
248.87697001738 -1.2007617088433e-05 -0.0040191548852956 1.1869518757771e-05 -0.0040186439924436 
251.01325302182 -1.1804437598527e-05 -0.0039849671580797 1.1667971548887e-05 -0.003984460733752 
253.14953602627 -1.1606377355553e-05 -0.003951355995339 1.1471501427924e-05 -0.0039508539602043 
255.28581903071 -1.1413265867508e-05 -0.0039183069373859 1.1279939268854e-05 -0.003917809214211 
257.42210203515 -1.1224939682218e-05 -0.0038858060039181 1.1093122926482e-05 -0.0038853125174946 
259.55838503959 -1.1041242044389e-05 -0.0038538396743239 1.0910896889334e-05 -0.0038533503513965 
261.69466804403 -1.086202256018e-05 -0.0038223948689482 1.0733111967421e-05 -0.0038219096381463 
263.83095104847 -1.0687136889263e-05 -0.0037914589312592 1.0559624987362e-05 -0.0037909777230319 
265.96723405291 -1.0516446465445e-05 -0.0037610196108815 1.039029849032e-05 -0.0037605423574367 
268.10351705735 -1.0349818219956e-05 -0.0037310650474418 1.0225000462959e-05 -0.0037305916826863 
270.23980006179 -1.0187124312633e-05 -0.0037015837551725 1.0063604092739e-05 -0.0037011142146513 
272.37608306624 -1.0028241888306e-05 -0.0036725646082372 9.9059875209038e-06 -0.0036720988290807 
274.51236607068 -9.8730528536623e-06 -0.003643996826747 9.7520336039186e-06 -0.0036435347476189 
276.64864907512 -9.7214436560744e-06 -0.0036158699634231 9.6016296980444e-06 -0.0036154115244685 
278.78493207956 -9.5733050671286e-06 -0.0035881738908693 9.4546674632353e-06 -0.0035877190336661 
280.921215084 -9.4285319849495e-06 -0.0035608987894203 9.3110426698544e-06 -0.0035604474569331 
283.05749808844 -9.287023263812e-06 -0.003534035135545 9.1706549936977e-06 -0.0035335872720829 
285.19378109288 -9.1486815303362e-06 -0.0035075736907739 9.0334078507871e-06 -0.003507129241946 
287.33006409732 -9.0134130085605e-06 -0.0034815054911113 8.8992082389022e-06 -0.0034810644037851 
289.46634710176 -8.8811273631756e-06 -0.00345582183692 8.7679665775971e-06 -0.003455384059185 
291.6026301062 -8.7517375627664e-06 -0.0034305142832422 8.6395965424246e-06 -0.0034300797643695 
293.73891311065 -8.6251597274006e-06 -0.0034055746305626 8.5140149341646e-06 -0.0034051433209685 
295.87519611509 -8.5013129817904e-06 -0.0033809949159509 8.3911415567973e-06 -0.0033805667671616 
298.01147911953 -8.3801193375606e-06 -0.0033567674045836 8.2708990766292e-06 -0.0033563423692008 
300.14776212397 -8.2615035760329e-06 -0.0033328845816503 8.1532128942432e-06 -0.0033324626133201 
302.28404512841 -8.1453931226579e-06 -0.0033093391445749 8.0380110369279e-06 -0.003308920197956 
304.42032813285 -8.0317179273462e-06 -0.0032861239956019 7.9252240666632e-06 -0.003285708026331 
306.55661113729 -7.9204103734631e-06 -0.0032632322345854 7.8147849373316e-06 -0.0032628191992625 
308.69289414173 -7.8114051892868e-06 -0.0032406571523794 7.70662893627e-06 -0.0032402470085098 
310.82917714617 -7.7046393058077e-06 -0.0032183922237523 7.6006935004742e-06 -0.003217984929788 
312.96546015062 -7.6000518460288e-06 -0.0031964311023303 7.4969183811999e-06 -0.0031960266174878 
315.10174315506 -7.4975838791385e-06 -0.0031747676118715 7.3952449457254e-06 -0.0031743658964478 
317.2380261595 -7.3971787018717e-06 -0.0031533957460871 7.295617385004e-06 -0.0031529967607403 
319.37430916394 -7.2987809936577e-06 -0.00313230965212 7.1979800678363e-06 -0.0031319133591719 
321.51059216838 -7.202338166428e-06 -0.0031115036454018 7.1022823488009e-06 -0.0031111100064377 
323.64687517282 -7.1077978540688e-06 -0.0030909721696699 7.0084698178609e-06 -0.003090581149507 
325.78315817726 -7.0151117278019e-06 -0.0030707098482658 6.9164984621992e-06 -0.0030703214087084 
327.9194411817 -6.9242297695223e-06 -0.0030507113952368 6.8263132454956e-06 -0.0030503255040119 
330.05572418614 -6.8351075651981e-06 -0.0030309717270066 6.7378770441577e-06 -0.0030305883459625 
332.19200719058 -6.7476980147842e-06 -0.003011485811281 6.6511358050278e-06 -0.0030111049103728 
334.32829019503 -6.6619586889907e-06 -0.0029922488303933 6.5660535557203e-06 -0.0029918703728853 
336.46457319947 -6.5778474867441e-06 -0.0029732560066862 6.4825863363208e-06 -0.0029728799626368 
338.60085620391 -6.4953216343296e-06 -0.002954502750672 6.4006879349009e-06 -0.0029541290866224 
340.73713920835 -6.4143444945145e-06 -0.0029359845408261 6.3203327051809e-06 -0.0029356132260692 
342.87342221279 -6.3348745501401e-06 -0.0029176969967444 6.241464160133e-06 -0.0029173280000058 
345.00970521723 -6.2568763186293e-06 -0.0028996358272832 6.1640622729777e-06 -0.0028992691195283 
347.14598822167 -6.1803138141956e-06 -0.0028817968663003 6.0880827007906e-06 -0.002881432416032 
349.28227122611 -6.1051507729549e-06 -0.0028641760280472 6.0134879228268e-06 -0.0028638138079478 
351.41855423055 -6.0313538628474e-06 -0.0028467693404474 5.9402555533719e-06 -0.0028464093216871 
353.554837235 -5.9588912609599e-06 -0.0028295729324231 5.8683413550792e-06 -0.0028292150851809 
355.69112023944 -5.887729090228e-06 -0.0028125829994529 5.7977182578339e-06 -0.0028122272991198 
357.82740324388 -5.8178365811375e-06 -0.0027957958596259 5.7283595912388e-06 -0.0027954422774115 
359.96368624832 -5.7491864940266e-06 -0.0027792079049806 5.6602283330948e-06 -0.0027788564134034 
362.09996925276 -5.6817458097772e-06 -0.002762815597235 5.5932993431712e-06 -0.0027624661731613 
364.2362522572 -5.6154865960375e-06 -0.0027466155100842 5.5275461176832e-06 -0.0027462681257483 
366.37253526164 -5.5503859744231e-06 -0.002730604282024 5.4629384777515e-06 -0.0027302589115475 
368.50881826608 -5.4864118099426e-06 -0.0027147786186523 5.399450553879e-06 -0.0027144352400926 
370.64510127052 -5.4235376300253e-06 -0.0026991353223497 5.3370575048142e-06 -0.0026987939096736 
372.78138427496 -5.3617452038236e-06 -0.0026836712615766 5.2757353500005e-06 -0.0026833317897581 
374.91766727941 -5.3010045582464e-06 -0.0026683833660592 5.2154578863765e-06 -0.0026680458141286 
377.05395028385 -5.2412881495429e-06 -0.0026532686449682 5.1562003189976e-06 -0.0026529329891288 
379.19023328829 -5.1825818506497e-06 -0.0026383241767544 5.0979444041629e-06 -0.0026379903925969 
381.32651629273 -5.1248609782688e-06 -0.0026235471002652 5.0406665128138e-06 -0.0026232151672194 
383.46279929717 -5.0680950286076e-06 -0.0026089346156664 4.984339384907e-06 -0.0026086045123382 
385.59908230161 -5.0122703119218e-06 -0.0025944839879231 4.9289474656081e-06 -0.0025941556910131 
387.73536530605 -4.9573712366904e-06 -0.0025801925490848 4.874474304892e-06 -0.0025798660377984 
389.87164831049 -4.9033668402425e-06 -0.0025660576834169 4.8208912526551e-06 -0.0025657329381722 
392.00793131493 -4.8502371585112e-06 -0.0025520768225286 4.7681785585638e-06 -0.0025517538219889 
394.14421431938 -4.7979747640429e-06 -0.0025382474668216 4.7163277689105e-06 -0.0025379261901116 
396.28049732382 -4.7465569625053e-06 -0.0025245671791233 4.6653169495068e-06 -0.0025242476072684 
398.41678032826 -4.6959549365095e-06 -0.002511033554171 4.6151180724649e-06 -0.0025107156679343 
400.5530633327 -4.6461587476692e-06 -0.0024976442337313 4.565721065029e-06 -0.0024973280132138 
402.68934633714 -4.5971603330099e-06 -0.002484396935515 4.5171181565415e-06 -0.0024840823617668 
404.82562934158 -4.5489329908164e-06 -0.0024712894238989 4.4692829614105e-06 -0.0024709764787784 
406.96191234602 -4.5014531945851e-06 -0.0024583194805695 4.4221918597642e-06 -0.0024580081457523 
409.09819535046 -4.4547165895371e-06 -0.0024454849405665 4.3758411064093e-06 -0.0024451751978316 
411.2344783549 -4.4087136798322e-06 -0.0024327837158161 4.3302219544576e-06 -0.0024324755474595 
413.37076135935 -4.3634172267988e-06 -0.0024202137500275 4.2853067059773e-06 -0.0024199071386215 
415.50704436379 -4.318807440285e-06 -0.0024077729954891 4.2410752317861e-06 -0.0024074679239066 
417.64332736823 -4.2748825722668e-06 -0.0023954594602071 4.1975270363431e-06 -0.0023951559117258 
419.77961037267 -4.2316338570101e-06 -0.0023832712282381 4.1546542634107e-06 -0.0023829691861514 
421.91589337711 -4.1890353261314e-06 -0.0023712064082827 4.1124299838644e-06 -0.0023709058559017 
424.05217638155 -4.1470679567305e-06 -0.0023592631094113 4.0708346218247e-06 -0.0023589640307299 
426.18845938599 -4.1057307942534e-06 -0.0023474394906032 4.0298687308414e-06 -0.0023471418702438 
428.32474239043 -4.065018372565e-06 -0.0023357337876378 3.9895281101764e-06 -0.0023354376099402 
430.46102539487 -4.0249075941673e-06 -0.0023241442640534 3.9497885947293e-06 -0.0023238495130652 
432.59730839931 -3.9853776665342e-06 -0.0023126691756473 3.9106283594036e-06 -0.0023123758362089 
434.73359140376 -3.9464260004652e-06 -0.0023013068122955 3.8720461187491e-06 -0.0023010148702182 
436.8698744082 -3.908051899475e-06 -0.0022900555397442 3.8340429855404e-06 -0.0022897649806068 
439.00615741264 -3.8702379226105e-06 -0.0022789137655246 3.7966009447125e-06 -0.0022786245742168 
441.14244041708 -3.8329610262804e-06 -0.0022678798879664 3.7596953592261e-06 -0.0022675920498632 
443.27872342152 -3.7962133434506e-06 -0.0022569523150853 3.7233188264576e-06 -0.0022566658168497 
445.41500642596 -3.7599973840087e-06 -0.0022461295189009 3.6874759731978e-06 -0.0022458443474824 
447.5512894304 -3.7243047526537e-06 -0.0022354100325533 3.6521589579873e-06 -0.0022351261740338 
449.68757243484 -3.6891136610904e-06 -0.0022247923950149 3.6173444016806e-06 -0.0022245098352315 
451.82385543928 -3.6544083183059e-06 -0.0022142751331203 3.5830156583956e-06 -0.0022139938590605 
453.96013844373 -3.6201885297493e-06 -0.0022038568075247 3.5491740541178e-06 -0.0022035768072338 
456.09642144817 -3.5864550696831e-06 -0.0021935360474709 3.5158221212767e-06 -0.0021932573086178 
458.23270445261 -3.5531944696123e-06 -0.0021833115198648 3.4829459389964e-06 -0.0021830340292155 
460.36898745705 -3.5203862361461e-06 -0.0021731818810614 3.4505233226702e-06 -0.0021729056256499 
462.50527046149 -3.4880205329855e-06 -0.0021631457836237 3.4185443053567e-06 -0.0021628707518157 
464.64155346593 -3.4560997966631e-06 -0.0021532019251609 3.3870131037412e-06 -0.0021529281060258 
466.77783647037 -3.4246227901508e-06 -0.002143349065423 3.355929744889e-06 -0.0021430764473817 
468.91411947481 -3.393574872167e-06 -0.002133585987435 3.3252787242163e-06 -0.0021333145581509 
471.05040247925 -3.3629378329057e-06 -0.002123911459442 3.2950403084731e-06 -0.0021236412070583 
473.18668548369 -3.3327045017011e-06 -0.0021143242502736 3.2652074499926e-06 -0.002114055164213 
475.32296848814 -3.3028778060716e-06 -0.0021048231738593 3.2357847467514e-06 -0.0021045552440975 
477.45925149258 -3.2734564391782e-06 -0.002095407100201 3.2067719264664e-06 -0.0020951403160734 
479.59553449702 -3.2444270761081e-06 -0.0020860749189034 3.1781548271028e-06 -0.0020858092690604 
481.73181750146 -3.2157730087097e-06 -0.0020768255052729 3.1499153153937e-06 -0.0020765609787778 
483.8681005059 -3.1874869780986e-06 -0.0020676577326801 3.1220460702576e-06 -0.0020673943197505 
486.00438351034 -3.15957144909e-06 -0.0020585705124185 3.0945509545503e-06 -0.0020583082038863 
488.14066651478 -3.1320267509267e-06 -0.0020495628082671 3.0674313685617e-06 -0.0020493015945133 
490.27694951922 -3.1048426534111e-06 -0.002040633608153 3.0406765615523e-06 -0.0020403734788765 
492.41323252366 -3.0780035843827e-06 -0.0020317818898068 3.0142696043148e-06 -0.002031522834852 
494.54951552811 -3.0515002692451e-06 -0.0020230066223878 2.9882007364046e-06 -0.0020227486325499 
496.68579853255 -3.0253333655052e-06 -0.0020143067997731 2.9624715306295e-06 -0.0020140498666198 
498.82208153699 -2.999505258276e-06 -0.0020056814635556 2.9370855183098e-06 -0.0020054255785431 
500.95836454143 -2.9740104039373e-06 -0.0019971296886913 2.91203716061e-06 -0.0019968748426582 
503.09464754587 -2.9488355140067e-06 -0.001988650550128 2.8873120692235e-06 -0.0019883967337116 
505.23093055031 -2.9239687523354e-06 -0.0019802431094966 2.8628974577841e-06 -0.0019799903139252 
507.36721355475 -2.8994069276527e-06 -0.0019719064355312 2.8387903517723e-06 -0.0019716546528717 
509.50349655919 -2.8751527869921e-06 -0.001963639633012 2.8149944842225e-06 -0.0019633888556414 
511.63977956363 -2.8512060156734e-06 -0.0019554418472747 2.7915100926687e-06 -0.00195519206722 
513.77606256807 -2.8275581871456e-06 -0.0019473122403476 2.768328202917e-06 -0.0019470634492101 
515.91234557252 -2.8041968426758e-06 -0.0019392499658525 2.7454352698732e-06 -0.0019390021553412 
518.04862857696 -2.7811137620389e-06 -0.0019312541692971 2.7228225136781e-06 -0.0019310073317521 
520.1849115814 -2.7583084296048e-06 -0.0019233240116804 2.7004898139041e-06 -0.0019230781400425 
522.32119458584 -2.7357834002234e-06 -0.0019154586900951 2.678440481765e-06 -0.0019152137774044 
524.45747759028 -2.7135368715348e-06 -0.0019076574339248 2.6566728918443e-06 -0.0019074134728987 
526.59376059472 -2.6915601862662e-06 -0.0018999194816583 2.6351777085687e-06 -0.0018996764647599 
528.73004359916 -2.6698424544425e-06 -0.0018922440625829 2.6139430878705e-06 -0.0018920019824552 
530.8663266036 -2.6483772243026e-06 -0.0018846304010757 2.5929621472786e-06 -0.0018843892508787 
533.00260960804 -2.6271645135149e-06 -0.0018770777376875 2.5722352127561e-06 -0.0018768375110259 
535.13889261249 -2.6062065346257e-06 -0.0018695853452165 2.551765027298e-06 -0.0018693460357602 
537.27517561693 -2.5855016362354e-06 -0.0018621525243744 2.5315500033403e-06 -0.0018619141255716 
539.41145862137 -2.5650423328466e-06 -0.0018547785841381 2.5115820442298e-06 -0.0018545410892647 
541.54774162581 -2.5448189871986e-06 -0.0018474628260045 2.4918506685948e-06 -0.0018472262284643 
543.68402463025 -2.5248253565388e-06 -0.0018402045463719 2.4723491570369e-06 -0.001839968839942 
545.82030763469 -2.5050607763941e-06 -0.0018330030535604 2.4530769592162e-06 -0.0018327682323669 
547.95659063913 -2.4855272311371e-06 -0.0018258576829031 2.4340364323335e-06 -0.0018256237411809 
550.09287364357 -2.4662242861929e-06 -0.0018187677962375 2.4152272278501e-06 -0.0018185347281108 
552.22915664801 -2.4471465151071e-06 -0.0018117327670077 2.3966434799459e-06 -0.0018115005664728 
554.36543965245 -2.4282855120455e-06 -0.0018047519648042 2.3782760574884e-06 -0.0018045206258995 
556.5017226569 -2.4096344373323e-06 -0.0017978247526695 2.3601175591143e-06 -0.0017975942696587 
558.63800566134 -2.3911910105253e-06 -0.0017909504985644 2.3421655806836e-06 -0.001790720865977 
560.77428866578 -2.3729565089022e-06 -0.0017841285901942 2.3244216084417e-06 -0.001783899802709 
562.91057167022 -2.3549319002465e-06 -0.0017773584403337 2.3068867486002e-06 -0.0017771304926253 
565.04685467466 -2.3371144900081e-06 -0.0017706394786278 2.2895581104196e-06 -0.0017704123652983 
567.1831376791 -2.3194978397841e-06 -0.0017639711373321 2.2724287159924e-06 -0.0017637448529719 
569.31942068354 -2.3020747720702e-06 -0.0017573528428546 2.255490800362e-06 -0.0017571273821515 
571.45570368798 -2.2848408418995e-06 -0.0017507840194664 2.2387395863767e-06 -0.0017505593772713 
573.59198669242 -2.2677954780009e-06 -0.0017442641013329 2.2221744913562e-06 -0.0017440402726378 
575.72826969687 -2.2509400392385e-06 -0.0017377925427122 2.2057970101309e-06 -0.001737569522572 
577.86455270131 -2.2342745245334e-06 -0.0017313688183238 2.1896071455491e-06 -0.0017311466017949 
580.00083570575 -2.2177955607596e-06 -0.0017249924140736 2.173601255742e-06 -0.0017247709962063 
582.13711871019 -2.2014971217459e-06 -0.0017186628157432 2.1577728570031e-06 -0.0017184421916203 
584.27340171463 -2.185373252134e-06 -0.0017123795042234 2.1421155580152e-06 -0.0017121596689985 
586.40968471907 -2.1694206079005e-06 -0.0017061419604036 2.1266257916188e-06 -0.0017059229093141 
588.54596772351 -2.1536389532494e-06 -0.0016999496753406 2.1113033149085e-06 -0.0016997314036813 
590.68225072795 -2.1380293731709e-06 -0.0016938021578547 2.0961492950104e-06 -0.0016935846609584 
592.81853373239 -2.1225916721484e-06 -0.0016876989340193 2.0811635083831e-06 -0.0016874822072501 
594.95481673684 -2.1073228577431e-06 -0.0016816395393392 2.0663427783266e-06 -0.0016814235781014 
597.09109974128 -2.0922177667765e-06 -0.0016756235095646 2.0516815904848e-06 -0.0016754083093108 
599.22738274572 -2.0772711764078e-06 -0.0016696503766119 2.0371744033936e-06 -0.0016694359328324 
601.36366575016 -2.062479884562e-06 -0.0016637196720863 2.0228178302772e-06 -0.0016635059802884 
603.4999487546 -2.0478432876186e-06 -0.0016578309353902 2.0086112478327e-06 -0.0016576179910864 
605.63623175904 -2.0333621713412e-06 -0.0016519837205085 1.9945555094953e-06 -0.0016517715192279 
607.77251476348 -2.0190366610827e-06 -0.0016461775968494 1.9806507639634e-06 -0.0016459661341705 
609.90879776792 -2.0048647573737e-06 -0.0016404121438587 1.9668949116259e-06 -0.0016402014154341 
612.04508077236 -1.9908423946705e-06 -0.0016346869433045 1.9532836736017e-06 -0.0016344769448542 
614.1813637768 -1.9769648730712e-06 -0.0016290015744051 1.9398121240308e-06 -0.0016287923016808 
616.31764678125 -1.9632286464068e-06 -0.0016233556147334 1.9264765651057e-06 -0.0016231470634682 
618.45392978569 -1.949632276401e-06 -0.0016177486459177 1.9132755309459e-06 -0.0016175408118063 
620.59021279013 -1.9361760065115e-06 -0.0016121802601075 1.9002093226494e-06 -0.0016119731388264 
622.72649579457 -1.9228603147263e-06 -0.0016066500630007 1.8872784827224e-06 -0.0016064436502621 
624.86277879901 -1.9096844268267e-06 -0.0016011576716549 1.8744822287429e-06 -0.001600951963256 
626.99906180345 -1.8966457041596e-06 -0.0015957027087194 1.8618178452881e-06 -0.0015954977005554 
629.13534480789 -1.883740244622e-06 -0.0015902847967891 1.8492813040629e-06 -0.0015900804848166 
631.27162781233 -1.8709642291793e-06 -0.0015849035562997 1.8368686821169e-06 -0.0015846999364715 
633.40791081677 -1.85831515758e-06 -0.0015795586079434 1.8245774404992e-06 -0.0015793556761562 
635.54419382122 -1.8457922409722e-06 -0.0015742495778867 1.8124068255939e-06 -0.001574047329971 
637.68047682566 -1.8333957643271e-06 -0.0015689761023643 1.8003571985501e-06 -0.0015687745341361 
639.8167598301 -1.8211258827279e-06 -0.0015637378291153 1.788428792871e-06 -0.0015635369364387 
641.95304283454 -1.8089815644341e-06 -0.0015585344146154 1.7766205915533e-06 -0.0015583341934742 
644.08932583898 -1.796960320952e-06 -0.0015533655195226 1.7649301014754e-06 -0.0015531659659896 
646.22560884342 -1.7850587541233e-06 -0.0015482308039576 1.7533538479269e-06 -0.0015480319141993 
648.36189184786 -1.7732736754311e-06 -0.0015431299270408 1.741888671307e-06 -0.0015429316971483 
650.4981748523 -1.7616029385172e-06 -0.0015380625477621 1.7305323615403e-06 -0.0015378649738398 
652.63445785674 -1.7500458309334e-06 -0.0015330283311423 1.7192843984545e-06 -0.0015328314090889 
654.77074086118 -1.7386024186231e-06 -0.0015280269489954 1.7081447557172e-06 -0.0015278306748648 
656.90702386563 -1.7272728389474e-06 -0.0015230580852293 1.6971139049703e-06 -0.0015228624548878 
659.04330687007 -1.7160562108489e-06 -0.001518121428482 1.6861907274521e-06 -0.0015179264382142 
661.17958987451 -1.7049506359193e-06 -0.001513216675348 1.6753736685917e-06 -0.0015130223211961 
663.31587287895 -1.693953237481e-06 -0.0015083435184158 1.6646595708173e-06 -0.0015081497969041 
665.45215588339 -1.6830612178485e-06 -0.0015035016541594 1.6540458885461e-06 -0.0015033085613887 
667.58843888783 -1.6722724589285e-06 -0.0014986907742015 1.6435304730789e-06 -0.0014984983065998 
669.72472189227 -1.6615858717528e-06 -0.0014939105778948 1.633112173374e-06 -0.0014937187314695 
671.86100489671 -1.6510014037067e-06 -0.0014891607672788 1.6227914133735e-06 -0.0014889695382293 
673.99728790115 -1.6405189755661e-06 -0.0014844410551341 1.6125676118482e-06 -0.0014842504395432 
676.1335709056 -1.6301383595297e-06 -0.001479751160371 1.6024413406767e-06 -0.0014795611544788 
678.26985391004 -1.6198581525823e-06 -0.0014750908073194 1.5924105841125e-06 -0.0014749014074815 
680.40613691448 -1.6096763008077e-06 -0.0014704597224059 1.5824737812863e-06 -0.0014702709250912 
682.54241991892 -1.5995903452995e-06 -0.0014658576313897 1.5726284791992e-06 -0.001465669433084 
684.67870292336 -1.5895979960086e-06 -0.0014612842599077 1.5628720894637e-06 -0.0014610966570943 
686.8149859278 -1.5796978784048e-06 -0.0014567393345341 1.553203943432e-06 -0.0014565523236089 
688.95126893224 -1.5698892894653e-06 -0.0014522225860697 1.543622789543e-06 -0.0014520361632948 
691.08755193668 -1.5601721464591e-06 -0.0014477337508146 1.5341290005698e-06 -0.0014475479125509 
693.22383494112 -1.5505464072914e-06 -0.0014432725727695 1.5247227135393e-06 -0.0014430873152817 
695.36011794556 -1.5410114816097e-06 -0.0014388388012687 1.5154029195844e-06 -0.0014386541210181 
697.49640095001 -1.5315660995336e-06 -0.0014344321893495 1.506169041231e-06 -0.0014342480829624 
699.63268395445 -1.522208413017e-06 -0.001430052492177 1.4970189247443e-06 -0.0014298689562134 
701.76896695889 -1.5129363171189e-06 -0.001425699463526 1.4879504456776e-06 -0.0014255164947756 
703.90524996333 -1.5037479632623e-06 -0.0014213728579893 1.4789623022154e-06 -0.0014211904531023 
706.04153296777 -1.494642178421e-06 -0.0014170724315293 1.4700528841761e-06 -0.0014168905870031 
708.17781597221 -1.4856183276726e-06 -0.0014127979424245 1.4612218477738e-06 -0.0014126166548998 
710.31409897665 -1.4766762343316e-06 -0.0014085491554735 1.4524693296033e-06 -0.001408368421373 
712.45038198109 -1.4678158732851e-06 -0.0014043258406705 1.4437949058035e-06 -0.0014041456564844 
714.58666498553 -1.4590366637626e-06 -0.0014001277725092 1.4351984113168e-06 -0.0013999481350035 
716.72294798998 -1.4503375930752e-06 -0.0013959547302892 1.4266789687437e-06 -0.0013957756361217 
718.85923099442 -1.4417172841925e-06 -0.001391806493905 1.4182348702201e-06 -0.0013916279399197 
720.99551399886 -1.4331738220131e-06 -0.0013876828431889 1.4098646521925e-06 -0.0013875048264111 
723.1317970033 -1.424705615994e-06 -0.001383583559116 1.4015667735415e-06 -0.0013834060763186 
725.26808000774 -1.4163116153957e-06 -0.0013795084225235 1.3933399251789e-06 -0.0013793314705319 
727.40436301218 -1.4079909018029e-06 -0.0013754572165086 1.3851836108132e-06 -0.0013752807921936 
729.54064601662 -1.399743221738e-06 -0.0013714297291168 1.3770976207667e-06 -0.0013712538290873 
731.67692902106 -1.3915686415502e-06 -0.0013674257523502 1.3690817908803e-06 -0.0013672503733391 
733.8132120255 -1.3834666205921e-06 -0.0013634450827372 1.3611359372796e-06 -0.0013632702216726 
735.94949502994 -1.3754365022351e-06 -0.0013594875213378 1.353259477695e-06 -0.0013593131750436 
738.08577803439 -1.3674774720261e-06 -0.0013555528707829 1.3454513756348e-06 -0.0013553790362624 
740.22206103883 -1.3595878890673e-06 -0.0013516409342511 1.3377102854875e-06 -0.0013514676087239 
742.35834404327 -1.3517662300346e-06 -0.0013477515157503 1.3300348157053e-06 -0.0013475786962676 
744.49462704771 -1.3440115674104e-06 -0.0013438844192915 1.3224238499971e-06 -0.0013437121028879 
746.63091005215 -1.3363228060286e-06 -0.0013400394497515 1.3148764837129e-06 -0.0013398676335704 
748.76719305659 -1.328699225992e-06 -0.0013362164149528 1.3073921902658e-06 -0.0013360450959443 
750.90347606103 -1.3211409496712e-06 -0.001332415126278 1.2999709363945e-06 -0.0013322443013157 
753.03975906547 -1.3136477438968e-06 -0.0013286353988769 1.2926125607074e-06 -0.0013284650650358 
755.17604206991 -1.3062189170666e-06 -0.0013248770518664 1.2853165978048e-06 -0.0013247072062329 
757.31232507436 -1.2988541404059e-06 -0.0013211399074177 1.2780826320717e-06 -0.0013209705470605 
759.4486080788 -1.291552633321e-06 -0.0013174237893634 1.2709098708169e-06 -0.0013172549115805 
761.58489108324 -1.2843128070496e-06 -0.001313728522201 1.2637969219121e-06 -0.0013135601243801 
763.72117408768 -1.2771335324253e-06 -0.0013100539306726 1.2567427031694e-06 -0.0013098860100809 
765.85745709212 -1.2700141538386e-06 -0.0013063998400626 1.2497464718914e-06 -0.0013062323939974 
767.99374009656 -1.2629535545352e-06 -0.0013027660767037 1.2428072644646e-06 -0.0013025991025116 
770.130023101 -1.2559510099901e-06 -0.0012991524686953 1.2359244482366e-06 -0.001298985963575 
772.26630610544 -1.2490067036952e-06 -0.001295558847255 1.2290981551863e-06 -0.0012953928083468 
774.40258910988 -1.2421204524046e-06 -0.0012919850473022 1.2223282312245e-06 -0.0012918194718776 
776.53887211433 -1.2352914895643e-06 -0.001288430906625 1.215614036646e-06 -0.0012882657919978 
778.67515511877 -1.2285195409165e-06 -0.0012848962654908 1.2089552982814e-06 -0.0012847316089689 
780.81143812321 -1.2218042728487e-06 -0.0012813809665928 1.202351668422e-06 -0.0012812167656246 
782.94772112765 -1.2151443670597e-06 -0.00127788485355 1.1958019134677e-06 -0.0012777211057113 
785.08400413209 -1.2085385597556e-06 -0.0012744077696422 1.1893048467438e-06 -0.0012742444724709 
787.22028713653 -1.2019864048771e-06 -0.0012709495587966 1.1828600120419e-06 -0.0012707867097983 
789.35657014097 -1.1954872000093e-06 -0.0012675100663734 1.1764667426739e-06 -0.0012673476630903 
791.49285314541 -1.1890398548927e-06 -0.0012640891384861 1.1701240206384e-06 -0.0012639271784202 
793.62913614985 -1.1826441248402e-06 -0.0012606866227847 1.1638316285332e-06 -0.0012605251033475 
795.76541915429 -1.1763003061018e-06 -0.0012573023705119 1.157589864792e-06 -0.0012571412891313 
797.90170215874 -1.1700079224731e-06 -0.0012539362361498 1.1513982923507e-06 -0.0012537755903327 
800.03798516318 -1.1637661917511e-06 -0.0012505880756799 1.1452561640845e-06 -0.0012504278629698 
802.17426816762 -1.1575749973897e-06 -0.0012472577470029 1.1391633838273e-06 -0.0012470979649871 
804.31055117206 -1.1514340433711e-06 -0.001243945110595 1.1331196882379e-06 -0.0012437857569613 
806.4468341765 -1.1453420659376e-06 -0.0012406500275063 1.1271238440055e-06 -0.0012404911000139 
808.58311718094 -1.1392979444426e-06 -0.0012373723578822 1.1211747522375e-06 -0.0012372138542869 
810.71940018538 -1.1333014296858e-06 -0.0012341119626794 1.1152722100071e-06 -0.0012339538807187 
812.85568318982 -1.1273520927973e-06 -0.0012308687048886 1.1094158260138e-06 -0.0012307110422928 
814.99196619426 -1.1214489134174e-06 -0.0012276424481379 1.103604580773e-06 -0.0012274852026075 
817.12824919871 -1.1155914480801e-06 -0.0012244330566331 1.0978380476162e-06 -0.0012242762258344 
819.26453220315 -1.1097800545112e-06 -0.00122124039767 1.0921166328774e-06 -0.001221083979269 
821.40081520759 -1.1040145883351e-06 -0.0012180643421642 1.0864402195676e-06 -0.0012179083338616 
823.53709821203 -1.0982941690316e-06 -0.0012149047622502 1.0808079084822e-06 -0.0012147491617977 
825.67338121647 -1.0926183499051e-06 -0.001211761530632 1.0752192643759e-06 -0.0012116063358453 
827.80966422091 -1.0869871778095e-06 -0.0012086345223547 1.069674401065e-06 -0.0012084797311131 
829.94594722535 -1.0814000141816e-06 -0.0012055236144206 1.0641727088288e-06 -0.0012053692246464 
832.08223022979 -1.0758555712443e-06 -0.0012024286831055 1.0587128716917e-06 -0.0012022746927443 
834.21851323423 -1.0703531810667e-06 -0.0011993496038479 1.0532942375801e-06 -0.0011991960108573 
836.35479623867 -1.0648928705959e-06 -0.0011962862538664 1.0479169129045e-06 -0.0011961330561894 
838.49107924312 -1.0594742157801e-06 -0.0011932385126171 1.0425804982277e-06 -0.0011930857081538 
840.62736224756 -1.0540962947691e-06 -0.0011902062597866 1.0372840245057e-06 -0.0011900538464139 
842.763645252 -1.0487588141481e-06 -0.0011871893754795 1.0320272067581e-06 -0.0011870373510877 
844.89992825644 -1.0434621624805e-06 -0.0011841877428973 1.0268105112539e-06 -0.001184036105397 
847.03621126088 -1.0382062112967e-06 -0.0011812012486458 1.0216338364118e-06 -0.0011810499959568 
849.17249426532 -1.0329900700395e-06 -0.0011782297800301 1.0164962403668e-06 -0.0011780789101138 
851.30877726976 -1.0278131676448e-06 -0.001175273224087 1.0113971399169e-06 -0.0011751227349868 
853.4450602742 -1.0226755667739e-06 -0.0011723314695953 1.0063366832595e-06 -0.0011721813594154 
855.58134327864 -1.0175769557237e-06 -0.0011694044076333 1.0013146055947e-06 -0.0011692546744842 
857.71762628309 -1.0125162433596e-06 -0.0011664919290887 9.9632976811767e-07 -0.0011663425710777 
859.85390928753 -1.007492567589e-06 -0.001163593923437 9.9138127951254e-07 -0.0011634449386978 
861.99019229197 -1.0025059318791e-06 -0.0011607102810436 9.8646921327255e-07 -0.00116056166772 
864.12647529641 -9.9755638626553e-07 -0.0011578408950893 9.8159369169943e-07 -0.0011576926512802 
866.26275830085 -9.926432803119e-07 -0.0011549856601038 9.7675402817017e-07 -0.0011548377838615 
868.39904130529 -9.8776590441502e-07 -0.0011521444702545 9.7194945062623e-07 -0.0011519969596498 
870.53532430973 -9.8292431706952e-07 -0.0011493172208378 9.6718006406497e-07 -0.001149170073994 
872.67160731417 -9.7811885324429e-07 -0.0011465038105317 9.6244628988299e-07 -0.0011463570255899 
874.80789031861 -9.7334912590749e-07 -0.0011437041404047 9.5774773717383e-07 -0.0011435577155032 
876.94417332305 -9.6861421312886e-07 -0.0011409181111485 9.5308341115253e-07 -0.001140772044471 
879.0804563275 -9.6391365606343e-07 -0.0011381456229036 9.4845285386923e-07 -0.00113799991272 
881.21673933194 -9.5924755708162e-07 -0.0011353865774888 9.4385625875927e-07 -0.0011352412221109 
883.35302233638 -9.5461566307781e-07 -0.0011326408788435 9.3929341492534e-07 -0.0011324958765586 
885.48930534082 -9.5001703592968e-07 -0.0011299084307053 9.3476332678417e-07 -0.0011297637797753 
887.62558834526 -9.4545090099756e-07 -0.0011271891354319 9.30265171152e-07 -0.0011270448341448 
889.7618713497 -9.4091727834798e-07 -0.001124482896069 9.2579902816703e-07 -0.0011243389427395 
891.89815435414 -9.3641639534482e-07 -0.0011217896185151 9.2136520680252e-07 -0.0011216460114243 
894.03443735858 -9.3194786342917e-07 -0.0011191092105859 9.1696330505274e-07 -0.0011189659479622 
896.17072036302 -9.2751094185706e-07 -0.0011164415798506 9.1259250461711e-07 -0.001116298659934 
898.30700336747 -9.2310539882195e-07 -0.0011137866339411 9.082525717157e-07 -0.0011136440550407 
900.44328637191 -9.1873154480023e-07 -0.0011111442828499 9.0394390403786e-07 -0.0011110020433203 
902.57956937635 -9.1438936921064e-07 -0.0011085144393946 8.9966654024437e-07 -0.0011083725375826 
904.71585238079 -9.1007813813002e-07 -0.0011058970168918 8.9541968890146e-07 -0.0011057554511447 
906.85213538523 -9.0579705957788e-07 -0.0011032919274161 8.9120249837114e-07 -0.0011031506961409 
908.98841838967 -9.0154597026103e-07 -0.0011006990830442 8.8701484658131e-07 -0.0011005581847166 
911.12470139411 -8.9732500935479e-07 -0.0010981183978699 8.8285695682286e-07 -0.0010979778309685 
913.26098439855 -8.9313383232143e-07 -0.0010955497875794 8.787284954858e-07 -0.0010954095505324 
915.39726740299 -8.8897160528483e-07 -0.0010929931672883 8.7462855835628e-07 -0.0010928532585006 
917.53355040744 -8.8483779057975e-07 -0.001090448451101 8.7055657013936e-07 -0.0010903088690118 
919.66983341188 -8.8073253321517e-07 -0.0010879155542388 8.6651273842224e-07 -0.0010877762973175 
921.80611641632 -8.7665608661944e-07 -0.0010853943947513 8.6249739342688e-07 -0.0010852554614425 
923.94239942076 -8.7260813612123e-07 -0.0010828848924819 8.5851020620751e-07 -0.001082746281188 
926.0786824252 -8.6858799416765e-07 -0.001080386966986 8.5455041405241e-07 -0.0010802486761246 
928.21496542964 -8.6459533158301e-07 -0.0010779005374859 8.5061767351113e-07 -0.0010777625655467 
930.35124843408 -8.6063035320563e-07 -0.0010754255247939 8.4671225731371e-07 -0.0010752878703225 
932.48753143852 -8.5669315738114e-07 -0.0010729618522149 8.4283433087887e-07 -0.0010728245137533 
934.62381444296 -8.5278322515618e-07 -0.0010705094439301 8.3898334278161e-07 -0.0010703724199995 
936.7600974474 -8.4889975156566e-07 -0.001068068223012 8.3515841825411e-07 -0.0010679315121599 
938.89638045185 -8.4504235542426e-07 -0.0010656381117016 8.3135916627094e-07 -0.0010655017125339 
941.03266345629 -8.4121116982721e-07 -0.0010632190334359 8.2758579420771e-07 -0.0010630829445848 
943.16894646073 -8.3740623641491e-07 -0.0010608109137316 8.2383839520197e-07 -0.001060675133791 
945.30522946517 -8.3362706565539e-07 -0.0010584136788262 8.2011644940584e-07 -0.0010582782063438 
947.44151246961 -8.2987298133634e-07 -0.0010560272541154 8.1641921204425e-07 -0.0010558920876414 
949.57779547405 -8.2614375033832e-07 -0.0010536515647127 8.127464450733e-07 -0.0010535167028428 
951.71407847849 -8.2243963255985e-07 -0.0010512865374596 8.090984805617e-07 -0.0010511519788146 
953.85036148293 -8.1876079203124e-07 -0.001048932101756 8.0547553371439e-07 -0.0010487978449349 
955.98664448737 -8.151068511416e-07 -0.0010465881881631 8.0187720362427e-07 -0.0010464542317415 
958.12292749182 -8.1147717306686e-07 -0.0010442547266642 7.9830278710627e-07 -0.0010441210692424 
960.25921049626 -8.0787145303831e-07 -0.0010419316468013 7.9475196939681e-07 -0.0010417982870461 
962.3954935007 -8.0428983767555e-07 -0.0010396188793291 7.9122495613242e-07 -0.0010394858159536 
964.53177650514 -8.0073242307652e-07 -0.0010373163570189 7.877218988628e-07 -0.0010371835887302 
966.66805950958 -7.9719881248894e-07 -0.001035024013478 7.8424238254451e-07 -0.0010348915389546 
968.80434251402 -7.9368830187757e-07 -0.0010327417814059 7.8078564294947e-07 -0.001032609599332 
970.94062551846 -7.9020046437095e-07 -0.0010304695925664 7.7735122480741e-07 -0.0010303377016643 
973.0769085229 -7.8673536818622e-07 -0.0010282073793526 7.7393923862806e-07 -0.0010280757783785 
975.21319152734 -7.8329319964026e-07 -0.0010259550761874 7.7054994003042e-07 -0.0010258237638729 
977.34947453178 -7.798737615792e-07 -0.0010237126187863 7.671831234311e-07 -0.0010235815938316 
979.48575753623 -7.7647650537766e-07 -0.0010214799428517 7.6383820181731e-07 -0.0010213492039267 
981.62204054067 -7.7310099655706e-07 -0.0010192569832213 7.6051468156743e-07 -0.0010191265290506 
983.75832354511 -7.6974727378057e-07 -0.0010170436756141 7.5721266092528e-07 -0.0010169135049365 
985.89460654955 -7.6641558622076e-07 -0.0010148399573511 7.5393241424775e-07 -0.001014710068958 
988.03088955399 -7.6310592517318e-07 -0.0010126457681292 7.506740026826e-07 -0.0010125161607435 
990.16717255843 -7.5981781111151e-07 -0.0010104610473134 7.4743685848964e-07 -0.0010103317197107 
992.30345556287 -7.565506964596e-07 -0.0010082857341845 7.4422043332156e-07 -0.0010081566851018 
994.43973856731 -7.5330435863082e-07 -0.0010061197668351 7.4102446283776e-07 -0.0010059909951363 
996.57602157175 -7.5007893966397e-07 -0.0010039630853657 7.3784916711606e-07 -0.0010038345898648 
998.7123045762 -7.4687450895577e-07 -0.0010018156305914 7.3469465000289e-07 -0.001001687410163 
1000.8485875806 -7.436907276839e-07 -0.00099967734483547 7.3156053334116e-07 -0.00099954939826116 
1002.9848705851 -7.4052703679273e-07 -0.00099754816900652 7.2844626630691e-07 -0.00099742049511572 
1005.1211535895 -7.3738303061316e-07 -0.00099542804376784 7.2535132439779e-07 -0.00099530064138384 
1007.257436594 -7.3425877449787e-07 -0.00099331690996222 7.2227591473558e-07 -0.00099318977795037 
1009.3937195984 -7.31154455851e-07 -0.00099121471025116 7.1922016506776e-07 -0.00099108784747355 
1011.5300026028 -7.2807006307816e-07 -0.00098912138894638 7.1618417388457e-07 -0.00098899479422946 
1013.6662856073 -7.2500519448956e-07 -0.00098703689049007 7.1316746054396e-07 -0.00098691056265744 
1015.8025686117 -7.2195938285527e-07 -0.00098496115898278 7.1016950557471e-07 -0.00098483509686673 
1017.9388516162 -7.189324823574e-07 -0.00098289413824654 7.07190232501e-07 -0.0009827683407265 
1020.0751346206 -7.1592462875959e-07 -0.00098083577337182 7.0422971332033e-07 -0.00098071023935209 
1022.211417625 -7.1293597616109e-07 -0.00097878601110885 7.012882519118e-07 -0.0009786607394977 
1024.3477006295 -7.0996631067548e-07 -0.00097674479915982 6.9836555726996e-07 -0.00097661978884413 
1026.4839836339 -7.0701513607686e-07 -0.00097471208485751 6.9546110311794e-07 -0.00097458733473678 
1028.6202666384 -7.0408203312915e-07 -0.00097268781470434 6.9257449549264e-07 -0.00097256332369556 
1030.7565496428 -7.0116689257448e-07 -0.00097067193516515 6.8970553297322e-07 -0.00097054770221987 
1032.8928326473 -6.9826986893285e-07 -0.0009686643937671 6.8685450969495e-07 -0.00096854041785699 
1035.0291156517 -6.9539100041957e-07 -0.00096666513948726 6.8402144125408e-07 -0.00096654141954806 
1037.1653986561 -6.9253000528389e-07 -0.00096467412169501 6.8120600808916e-07 -0.0009645506566636 
1039.3016816606 -6.8968642852822e-07 -0.00096269128936249 6.7840780096082e-07 -0.00096256807816149 
1041.437964665 -6.86859956307e-07 -0.00096071659092769 6.7562638552165e-07 -0.00096059363249399 
1043.5742476695 -6.8405060818043e-07 -0.00095874997516513 6.7286186365798e-07 -0.00095862726848311 
1045.7105306739 -6.8125857934064e-07 -0.00095679139246844 6.7011448578755e-07 -0.00095666893649893 
1047.8468136783 -6.7848390969184e-07 -0.00095484079455531 6.6738423599496e-07 -0.00095471858826567 
1049.9830966828 -6.7572632371223e-07 -0.00095289813368236 6.646709183278e-07 -0.00095277617603759 
1052.1193796872 -6.729854046679e-07 -0.00095096336184051 6.619740322123e-07 -0.00095084165178734 
1054.2556626917 -6.7026088247829e-07 -0.00094903643039837 6.5929326866275e-07 -0.00094891496694442 
1056.3919456961 -6.6755277018449e-07 -0.00094711729130748 6.5662874056076e-07 -0.00094699607347537 
1058.5282287005 -6.6486122605325e-07 -0.00094520589776905 6.5398055931372e-07 -0.00094508492457455 
1060.664511705 -6.6218623042326e-07 -0.00094330220391677 6.5134873923592e-07 -0.0009431814744047 
1062.8007947094 -6.5952747847923e-07 -0.00094140616430569 6.4873300253618e-07 -0.00094128567748499 
1064.9370777139 -6.5688456487234e-07 -0.00093951773280552 6.4613281837188e-07 -0.00093939748769105 
1067.0733607183 -6.5425722311848e-07 -0.00093763686262051 6.435479200965e-07 -0.00093751685827687 
