1.1938052083641 -0.0068306011253958 -0.26393803738867 0.0069756266305064 -0.26393792957921 
3.5814156250924 -0.0025300602253325 -0.16616209360862 0.0024795027758402 -0.16615795839962 
5.9690260418206 -0.0014093799693327 -0.1249445431772 0.00133611753031 -0.12493439843035 
8.3566364585488 -0.00070445523302317 -0.099516821200124 0.00089067927920636 -0.099521245022486 
10.744246875277 -0.0004991807194542 -0.081968023256092 0.00055021752251813 -0.081973584872454 
13.131857292005 -0.00039059757561928 -0.069458808115937 0.00036043185932822 -0.0694607820814 
15.519467708734 -0.00030864197501826 -0.0601434475441 0.00025782242033595 -0.060142665426699 
17.907078125462 -0.00024473226760565 -0.052952729719586 0.00019797155248169 -0.052950613671846 
20.29468854219 -0.00019576374956714 -0.04724591275232 0.00015944826718168 -0.047243382602847 
22.682298958918 -0.00015854267542749 -0.0426155919189 0.00013245727058391 -0.042613113444638 
25.069909375647 -0.00013016609159786 -0.038789647879034 0.00011233717292295 -0.03878741916301 
27.457519792375 -0.00010832885555215 -0.035579349092266 9.6688559035155e-05 -0.035577431670683 
29.845130209103 -9.1315422403384e-05 -0.032849856481594 8.4159550206174e-05 -0.032848248454174 
32.232740625831 -7.7882262249881e-05 -0.030502447874646 7.3920360304573e-05 -0.030501121149736 
34.62035104256 -6.7134097241066e-05 -0.028463318144318 6.5423716275727e-05 -0.028462236396744 
37.007961459288 -5.8424278234067e-05 -0.026676274743351 5.8287975770414e-05 -0.026675401578181 
39.395571876016 -5.1281810278286e-05 -0.02509783839461 5.2235711143737e-05 -0.025097140700285 
41.783182292744 -4.5359887665446e-05 -0.023693878015228 4.7058969966992e-05 -0.023693327028254 
44.170792709472 -4.0400084020892e-05 -0.022437251013406 4.259825395455e-05 -0.022436822346132 
46.558403126201 -3.62074703435e-05 -0.021306117771495 3.8729043333566e-05 -0.021305791013349 
48.946013542929 -3.2633241054453e-05 -0.020282717506235 3.5352742470678e-05 -0.020282475688664 
51.333623959657 -2.9562481858062e-05 -0.019352465676028 3.2390365694772e-05 -0.019352294733014 
53.721234376385 -2.6905471193669e-05 -0.018503279218575 2.9778003997565e-05 -0.018503167497129 
56.108844793114 -2.4591427384893e-05 -0.017725065674862 2.7463494988911e-05 -0.017725003512913 
58.496455209842 -2.2563963960398e-05 -0.017009331851813 2.5403931600544e-05 -0.017009311224064 
60.88406562657 -2.0777750095052e-05 -0.016348880802024 2.3563770247466e-05 -0.016348895027345 
63.271676043298 -1.9196030221376e-05 -0.015737574833166 2.1913376147282e-05 -0.015737618334872 
65.659286460027 -1.7788762667529e-05 -0.015170148431535 2.0427892737269e-05 -0.015170216541829 
68.046896876755 -1.6531208958338e-05 -0.01464205930674 1.9086354702132e-05 -0.014642148107455 
70.434507293483 -1.5402854546299e-05 -0.014149368830907 1.7870986271433e-05 -0.0141494750238 
72.822117710211 -1.438657567806e-05 -0.013688645347222 1.6766641861993e-05 -0.013688766148206 
75.20972812694 -1.3467990774895e-05 -0.013256885420792 1.5760357078198e-05 -0.01325701847352 
77.597338543668 -1.2634951379425e-05 -0.012851449277415 1.4840985969536e-05 -0.012851592582505 
79.984948960396 -1.1877139574041e-05 -0.0124700075446 1.3998906213016e-05 -0.012470159401502 
82.372559377124 -1.1185747301004e-05 -0.012110497058877 1.3225778138566e-05 -0.012110656017982 
84.760169793853 -1.0553219160879e-05 -0.011771083993608 1.2514346722301e-05 -0.01177124881668 
87.147780210581 -9.9730447814419e-06 -0.011450132934346 1.1858278065602e-05 -0.011450302561708 
89.535390627309 -9.4395901744064e-06 -0.011146180814605 1.1252023703439e-05 -0.011146354337864 
91.923001044037 -8.9479599530504e-06 -0.010857914845699 1.0690707498045e-05 -0.010858091484979 
94.310611460766 -8.4938841378584e-06 -0.010584153745965 1.0170030950655e-05 -0.010584332830863 
96.698221877494 -8.0736246756787e-06 -0.010323831709143 9.6861935999065e-06 -0.010324012662743 
99.085832294222 -7.6838978460499e-06 -0.010075984657587 9.2358258445635e-06 -0.010076166982995 
101.47344271095 -7.3218095520647e-06 -0.0098397384099407 8.8159320318014e-06 -0.0098399216789215 
103.86105312768 -6.9848011079794e-06 -0.0096142984598472 8.4238420706952e-06 -0.009614482303204 
106.24866354441 -6.670603624542e-06 -0.0093989411158989 8.0571701499632e-06 -0.0093991252153012 
108.63627396114 -6.3771994711626e-06 -0.0091930057962785 7.7137793982418e-06 -0.0091931898773087 
111.02388437786 -6.1027895846402e-06 -0.0089958883065236 7.391751538289e-06 -0.0089960721327431 
113.41149479459 -5.845765639001e-06 -0.0088070349573456 7.0893607426305e-06 -0.0088072183252179 
115.79910521132 -5.6046862606033e-06 -0.008625937402702 6.8050510498945e-06 -0.0086261201372401 
118.18671562805 -5.3782566364426e-06 -0.0084521280974304 6.5374167951144e-06 -0.0084523100484561 
120.57432604478 -5.165310971445e-06 -0.0082851762895019 6.2851856070592e-06 -0.0082853573284246 
122.9619364615 -4.9647973475645e-06 -0.0081246844749886 6.047203598226e-06 -0.0081248644920254 
125.34954687823 -4.7757646153963e-06 -0.0079702852546783 5.8224224324386e-06 -0.0079704641564495 
127.73715729496 -4.5973510204297e-06 -0.0078216385402776 5.609887995503e-06 -0.0078218162477245 
130.12476771169 -4.4287742924532e-06 -0.0076784290657388 5.4087304616106e-06 -0.0076786055123164 
132.51237812842 -4.2693229983783e-06 -0.0075403641655526 5.2181555508243e-06 -0.0075405392956579 
134.89998854515 -4.1183489759965e-06 -0.0074071717872289 5.0374368200394e-06 -0.0074073455548327 
137.28759896187 -3.9752606877054e-06 -0.0072785987096895 4.8659088598817e-06 -0.0072787710771426 
139.6752093786 -3.8395173842298e-06 -0.007154408943121 4.702961262205e-06 -0.0071545798801123 
142.06281979533 -3.7106239519693e-06 -0.0070343822891244 4.5480332764242e-06 -0.0070345517717687 
144.45043021206 -3.5881263618267e-06 -0.0069183130427312 4.4006090583177e-06 -0.0069184810527704 
146.83804062879 -3.4716076435015e-06 -0.0068060088202737 4.2602134347182e-06 -0.0068061753443769 
149.22565104552 -3.3606843087232e-06 -0.0066972894990952 4.126408129758e-06 -0.0066974545282435 
151.61326146224 -3.2550031704398e-06 -0.0065919862568701 3.9987883929811e-06 -0.0065921497858162 
154.00087187897 -3.1542385146321e-06 -0.006489940699781 3.8769799746157e-06 -0.0064901027265737 
156.3884822957 -3.0580895697152e-06 -0.0063910040701253 3.7606364199173e-06 -0.0063911645956908 
158.77609271243 -2.9662782476305e-06 -0.006295036525037 3.6494366347639e-06 -0.0062951955528097 
161.16370312916 -2.8785471198491e-06 -0.006201906478994 3.5430826960235e-06 -0.0062020640145911 
163.55131354588 -2.7946575993491e-06 -0.0061114900036293 3.4412978807399e-06 -0.0061116460545632 
165.93892396261 -2.7143883086456e-06 -0.0060236702791085 3.3438248854413e-06 -0.0060238248545329 
168.32653437934 -2.6375336095671e-06 -0.0059383370919775 3.2504242181948e-06 -0.0059384902024632 
170.71414479607 -2.5639022775628e-06 -0.0058553863749641 3.1608727434247e-06 -0.0058555380323006 
173.1017552128 -2.4933163064243e-06 -0.0057747197846825 3.0749623613832e-06 -0.0057748700017024 
175.48936562953 -2.4256098225723e-06 -0.0056962443136806 2.9924988147328e-06 -0.0056963931041046 
177.87697604625 -2.3606281100372e-06 -0.0056198719335888 2.9133005957406e-06 -0.005620019311888 
180.26458646298 -2.2982267154401e-06 -0.005545519266516 2.8371979631517e-06 -0.0055456652477907 
182.65219687971 -2.2382706434543e-06 -0.0054731072821189 2.7640320382202e-06 -0.005473251881991 
185.03980729644 -2.1806336241465e-06 -0.0054025610180304 2.693653981287e-06 -0.0054027042525479 
187.42741771317 -2.1251974408158e-06 -0.0053338093215779 2.6259242453073e-06 -0.005333951207131 
189.8150281299 -2.071851324505e-06 -0.0052667846109236 2.560711885971e-06 -0.0052669251641704 
192.20263854662 -2.0204913945625e-06 -0.0052014226539443 2.4978939372648e-06 -0.0052015618917445 
194.59024896335 -1.9710201511506e-06 -0.005137662363333 2.4373548357232e-06 -0.0051378003026905 
196.97785938008 -1.9233460119985e-06 -0.0050754456065521 2.3789858912397e-06 -0.0050755822645632 
199.36546979681 -1.8773828823276e-06 -0.0050147170293981 2.3226848072012e-06 -0.0050148524232069 
201.75308021354 -1.8330497697914e-06 -0.004955423892054 2.2683552299945e-06 -0.0049555580388123 
204.14069063026 -1.7902704214547e-06 -0.004897515916606 2.2159063443922e-06 -0.0048976488334385 
206.52830104699 -1.7489729958961e-06 -0.0048409451451157 2.1652524952343e-06 -0.0048410768490895 
208.91591146372 -1.7090897599543e-06 -0.004785665807382 2.116312840429e-06 -0.0047857963154798 
211.30352188045 -1.6705568107337e-06 -0.0047316341976498 2.0690110295577e-06 -0.0047317635267466 
213.69113229718 -1.6333138170808e-06 -0.0046788085595607 2.0232749095361e-06 -0.0046789367264034 
216.07874271391 -1.5973037839999e-06 -0.0046271489787061 1.9790362496526e-06 -0.004627275999896 
218.46635313063 -1.5624728308162e-06 -0.0045766172822084 1.9362304916825e-06 -0.0045767431741861 
220.85396354736 -1.528769991789e-06 -0.0045271769447996 1.8947965126586e-06 -0.004527301723832 
223.24157396409 -1.4961470279587e-06 -0.0044787930009091 1.8546764090512e-06 -0.004478916683078 
225.62918438082 -1.4645582547499e-06 -0.0044314319623219 1.8158152946966e-06 -0.0044315545635151 
228.01679479755 -1.4339603765511e-06 -0.0043850617409921 1.778161119257e-06 -0.0043851832768952 
230.40440521428 -1.4043123456393e-06 -0.0043396515766487 1.7416644866922e-06 -0.0043397720627389 
232.792015631 -1.3755752168217e-06 -0.0042951719688453 1.7062785017123e-06 -0.0042952914203859 
235.17962604773 -1.3477120237331e-06 -0.0042515946131341 1.6719586150231e-06 -0.0042517130451704 
237.56723646446 -1.3206876568959e-06 -0.0042088923410885 1.6386624866764e-06 -0.0042090097684448 
239.95484688119 -1.2944687547447e-06 -0.0041670390638868 1.6063498539777e-06 -0.0041671555011635 
242.34245729792 -1.2690235983103e-06 -0.0041260097192364 1.5749824124939e-06 -0.004126125180809 
244.73006771464 -1.2443220153657e-06 -0.0040857802213878 1.544523702765e-06 -0.0040858947214055 
247.11767813137 -1.2203352927202e-06 -0.0040463274140451 1.5149390026268e-06 -0.0040464409664304 
249.5052885481 -1.1970360902978e-06 -0.0040076290259735 1.4861952311123e-06 -0.0040077416444227 
251.89289896483 -1.1743983619898e-06 -0.003969663629128 1.4582608573931e-06 -0.0039697753271116 
254.28050938156 -1.1523972867458e-06 -0.0039324105991304 1.4311058104588e-06 -0.0039325213898943 
256.66811979829 -1.1310091969672e-06 -0.0038958500779557 1.4047014020051e-06 -0.0038959599745222 
259.05573021501 -1.1102115134428e-06 -0.00385996293868 1.3790202523465e-06 -0.00386007195385 
261.44334063174 -1.0899826904206e-06 -0.0038247307521336 1.3540362146222e-06 -0.0038248388984881 
263.83095104847 -1.07030215552e-06 -0.0037901357553966 1.3297243128587e-06 -0.0037902430452991 
266.2185614652 -1.0511502587875e-06 -0.0037561608219598 1.3060606782256e-06 -0.0037562672675588 
268.60617188193 -1.0325082228191e-06 -0.003722789433485 1.2830224913969e-06 -0.0037228950467163 
270.99378229866 -1.0143580983709e-06 -0.0036900056530533 1.2605879259773e-06 -0.0036901104456431 
273.38139271538 -9.9668271777558e-07 -0.0036577940998135 1.2387361003203e-06 -0.0036578980832807 
275.76900313211 -9.7946565740868e-07 -0.0036261399249437 1.217447025901e-06 -0.0036262431106034 
278.15661354884 -9.6269119854956e-07 -0.0035950287888513 1.1967015626329e-06 -0.0035951311878175 
280.54422396557 -9.4634428954583e-07 -0.0035644468395349 1.176481378006e-06 -0.0035645484627237 
282.9318343823 -9.3041051504885e-07 -0.0035343806920342 1.1567689035111e-06 -0.0035344815501668 
285.31944479902 -9.1487606127347e-07 -0.003504817408921 1.137547299563e-06 -0.0035049175125273 
287.70705521575 -8.997276877525e-07 -0.0034757444817524 1.1188004179126e-06 -0.0034758438411737 
290.09466563248 -8.8495269998141e-07 -0.003447149813437 1.1005127667954e-06 -0.0034472484388295 
292.48227604921 -8.705389188983e-07 -0.0034190217014696 1.0826694831056e-06 -0.0034191196028078 
294.86988646594 -8.5647466082905e-07 -0.0033913488219774 1.0652562969965e-06 -0.003391446009057 
297.25749688267 -8.4274870491912e-07 -0.0033641202145296 1.048259512595e-06 -0.0033642166969709 
299.64510729939 -8.29350285591e-07 -0.0033373252676766 1.0316659656808e-06 -0.003337421054928 
302.03271771612 -8.16269058493e-07 -0.0033109537051748 1.0154630117663e-06 -0.0033110488065155 
304.42032813285 -8.0349508327115e-07 -0.0032849955728541 9.9963849905268e-07 -0.0032850899973976 
306.80793854958 -7.9101880829132e-07 -0.0032594412261014 9.8418074201922e-07 -0.0032595349827987 
309.19554896631 -7.7883104875663e-07 -0.0032342813179239 9.6907850408614e-07 -0.0032343744155665 
311.58315938304 -7.6692297231813e-07 -0.0032095067875564 9.5432097451594e-07 -0.0032095992347794 
313.97076979976 -7.5528608305144e-07 -0.0031851088495918 9.398977491645e-07 -0.003185200654877 
316.35838021649 -7.4391220339183e-07 -0.0031610789836015 9.2579881518186e-07 -0.0031611701552804 
318.74599063322 -7.3279346341063e-07 -0.0031374089242217 9.1201452988413e-07 -0.0031374994704786 
321.13360104995 -7.2192228493762e-07 -0.0031140906516809 8.9853560659349e-07 -0.0031141805805554 
323.52121146668 -7.112913694902e-07 -0.0030911163827483 8.8535309820545e-07 -0.0030912057021387 
325.90882188341 -7.0089368476507e-07 -0.0030684785620768 8.7245838359171e-07 -0.0030685672797427 
328.29643230013 -6.9072245514262e-07 -0.0030461698539257 8.598431513325e-07 -0.0030462579774908 
330.68404271686 -6.8077114985785e-07 -0.0030241831342419 8.4749938723042e-07 -0.0030242706711968 
333.07165313359 -6.7103346890461e-07 -0.0030025114830739 8.3541936516914e-07 -0.0030025984407787 
335.45926355032 -6.6150333960301e-07 -0.0029811481773285 8.2359562860762e-07 -0.0029812345630155 
337.84687396705 -6.5217490098316e-07 -0.0029600866837964 8.1202098441735e-07 -0.0029601725045727 
340.23448438377 -6.4304250599864e-07 -0.0029393206525511 8.006884835425e-07 -0.002939405915401 
342.6220948005 -6.3410067671841e-07 -0.0029188439104335 7.895914389941e-07 -0.0029189286222218 
345.00970521723 -6.2534419638212e-07 -0.0028986504552728 7.7872333654922e-07 -0.0028987346227448 
347.39731563396 -6.167678530841e-07 -0.0028787344492327 7.6807802097029e-07 -0.0028788180790223 
349.78492605069 -6.0836701460617e-07 -0.0028590902149698 7.5764923253266e-07 -0.0028591733135903 
352.17253646742 -6.0013632655713e-07 -0.0028397122264372 7.4743160128837e-07 -0.0028397948003048 
354.56014688414 -5.9207242929132e-07 -0.002820595111381 7.3741854567099e-07 -0.0028206771667815 
356.94775730087 -5.8416855353838e-07 -0.0028017336317798 7.2760638129111e-07 -0.0028018151749241 
359.3353677176 -5.7642455489003e-07 -0.0027831227051408 7.1798671658355e-07 -0.0027832037421007 
361.72297813433 -5.6882946308616e-07 -0.0027647573563561 7.0855953899081e-07 -0.0027648378931219 
364.11058855106 -5.6138959769915e-07 -0.0027466327810431 6.9931227739702e-07 -0.002746712823538 
366.49819896779 -5.5408690448421e-07 -0.0027287442439268 6.902505292559e-07 -0.002728823797827 
368.88580938451 -5.469348542002e-07 -0.0027110872031148 6.813572053484e-07 -0.0027111662743488 
371.27341980124 -5.3991209809914e-07 -0.0026936571528551 6.7264047100616e-07 -0.0026937357466333 
373.66103021797 -5.3302881356741e-07 -0.0026764497834061 6.6408644864131e-07 -0.0026765279057732 
376.0486406347 -5.2627753320045e-07 -0.0026594608245162 6.5569343055318e-07 -0.002659538480277 
378.43625105143 -5.1964480725346e-07 -0.0026426861640896 6.4746500834314e-07 -0.0026427633591228 
380.82386146815 -5.1315238053655e-07 -0.0026261217623776 6.3937928098231e-07 -0.0026261985016061 
383.21147188488 -5.0676308200596e-07 -0.0026097637007155 6.3145649213008e-07 -0.0026098399892755 
385.59908230161 -5.0050580191297e-07 -0.0025936081328318 6.2367077107965e-07 -0.0025936839761352 
387.98669271834 -4.9436037740321e-07 -0.002577651344484 6.1603033693139e-07 -0.002577726747057 
390.37430313507 -4.8832003334252e-07 -0.0025618896684507 6.0853445397245e-07 -0.0025619646355463 
392.7619135518 -4.8240272590056e-07 -0.0025463195564142 6.0116584505032e-07 -0.0025463940928251 
395.14952396852 -4.7658250922847e-07 -0.0025309375495257 5.93936672874e-07 -0.0025310116597967 
397.53713438525 -4.708677113935e-07 -0.0025157402350431 5.8683660907757e-07 -0.0025158139241146 
399.92474480198 -4.6526255539357e-07 -0.0025007243261344 5.7985834546991e-07 -0.0025007975985164 
402.31235521871 -4.5974855367031e-07 -0.0024858865949525 5.7300896126359e-07 -0.0024859594551098 
404.69996563544 -4.543344069978e-07 -0.0024712238717261 5.6627868527061e-07 -0.0024712963242232 
407.08757605217 -4.4901961329982e-07 -0.0024567330950189 5.5966378793523e-07 -0.0024568051442454 
409.47518646889 -4.4379214563578e-07 -0.0024424112575975 5.5316713996557e-07 -0.0024424829078529 
411.86279688562 -4.3865673900227e-07 -0.0024282554111092 5.4678215599769e-07 -0.00242832666661 
414.25040730235 -4.3361271683099e-07 -0.0024142626948285 5.4050572438847e-07 -0.0024143335598608 
416.63801771908 -4.2865262227479e-07 -0.0024004303079144 5.343378797818e-07 -0.0024005007866439 
419.02562813581 -4.2377714387062e-07 -0.0023867555056634 5.2827488411112e-07 -0.0023868256019778 
421.41323855253 -4.189856113212e-07 -0.0023732356096738 5.2231426896419e-07 -0.0023733053276796 
423.80084896926 -4.1427451831229e-07 -0.0023598680054068 5.1645385066781e-07 -0.002359937349229 
426.18845938599 -4.0964247921924e-07 -0.0023466501385396 5.1069105317391e-07 -0.0023467191118146 
428.57606980272 -4.0508708438507e-07 -0.0023335795021884 5.0502509172972e-07 -0.0023336481086905 
430.96368021945 -4.0060732222692e-07 -0.0023206536445126 4.9945291189838e-07 -0.0023207218883481 
433.35129063618 -3.9620310644629e-07 -0.0023078701846289 4.9397078829135e-07 -0.0023079380693966 
435.7389010529 -3.9187003942673e-07 -0.0022952267855534 4.8857926613595e-07 -0.0022952943145975 
438.12651146963 -3.8760577412748e-07 -0.0022827211417545 4.8327716431879e-07 -0.0022827883189587 
440.51412188636 -3.834131516684e-07 -0.0022703510174347 4.7805901215362e-07 -0.0022704178465854 
442.90173230309 -3.7928967020469e-07 -0.0022581142408832 4.7292364145464e-07 -0.0022581807251019 
445.28934271982 -3.752288867326e-07 -0.0022460086572022 4.6787309956634e-07 -0.0022460747998221 
447.67695313655 -3.7123233536675e-07 -0.0022340321490166 4.6290357755529e-07 -0.0022340979538734 
450.06456355327 -3.6730346681578e-07 -0.0022221826801927 4.5800981551641e-07 -0.0022222481506516 
452.45217397 -3.634364033983e-07 -0.0022104582574554 4.5319326352918e-07 -0.0022105233963732 
454.83978438673 -3.5962556609281e-07 -0.0021988568895846 4.4845536686638e-07 -0.0021989217002879 
457.22739480346 -3.5587533487088e-07 -0.0021873766345156 4.4379080285621e-07 -0.0021874411206566 
459.61500522019 -3.5218817947911e-07 -0.0021760156317916 4.3919546328057e-07 -0.0021760797964151 
462.00261563691 -3.4855659036964e-07 -0.0021647720464823 4.3467192039293e-07 -0.0021648358922792 
464.39022605364 -3.4497604761603e-07 -0.0021536440393636 4.302209871848e-07 -0.0021537075695513 
466.77783647037 -3.4145200149896e-07 -0.0021426298244743 4.2583713312201e-07 -0.0021426930425054 
469.1654468871 -3.3798665331012e-07 -0.0021317276950366 4.2151680719765e-07 -0.0021317906037681 
471.55305730383 -3.3457234336004e-07 -0.0021209359631707 4.1726263480007e-07 -0.002120998565138 
473.94066772056 -3.3120438505875e-07 -0.0021102529309365 4.1307558981792e-07 -0.0021103152291502 
476.32827813728 -3.2788799500365e-07 -0.0020996769473007 4.08950751193e-07 -0.002099738945037 
478.71588855401 -3.2462640248728e-07 -0.0020892064396038 4.0488431808525e-07 -0.0020892681396432 
481.10349897074 -3.2141305199509e-07 -0.0020788398590639 4.0087820016458e-07 -0.0020789012637989 
483.49110938747 -3.1824195732705e-07 -0.0020685756411787 3.9693411495372e-07 -0.0020686367533379 
485.8787198042 -3.1511668331672e-07 -0.0020584122513283 3.93048491369e-07 -0.002058473073998 
488.26633022093 -3.1204213625284e-07 -0.0020483482304468 3.892169902128e-07 -0.0020484087664099 
490.65394063765 -3.090144502482e-07 -0.0020383821589912 3.8544001804565e-07 -0.0020384424105654 
493.04155105438 -3.0602639144276e-07 -0.0020285126030143 3.8171985644227e-07 -0.0020285725726194 
495.42916147111 -3.0307816852345e-07 -0.0020187381338064 3.780549954429e-07 -0.0020187978242613 
497.81677188784 -3.0017536449212e-07 -0.0020090573842405 3.7444119058974e-07 -0.0020091167983333 
500.20438230457 -2.9731826797044e-07 -0.0019994690460542 3.7087683283739e-07 -0.0019995281861439 
502.5919927213 -2.9450038720751e-07 -0.0019899718139105 3.6736366556258e-07 -0.0019900306821835 
504.97960313802 -2.9171779333961e-07 -0.0019805643673924 3.6390227651259e-07 -0.0019806229663113 
507.36721355475 -2.8897388891178e-07 -0.0019712454167136 3.6048987148169e-07 -0.0019713037489539 
509.75482397148 -2.8627263583407e-07 -0.0019620137369669 3.5712341117103e-07 -0.0019620718049933 
512.14243438821 -2.8361145006357e-07 -0.0019528681379943 3.5380277065732e-07 -0.001952925943945 
514.53004480494 -2.8098437541713e-07 -0.0019438074179257 3.5052931452372e-07 -0.0019438649639375 
516.91765522166 -2.7838999302839e-07 -0.001934830369774 3.473025437945e-07 -0.0019348876582313 
519.30526563839 -2.758321870107e-07 -0.0019259358277726 3.4411983416276e-07 -0.0019259928611368 
521.69287605512 -2.733133174427e-07 -0.0019171226833121 3.4097918402774e-07 -0.0019171794638241 
524.08048647185 -2.7083009948659e-07 -0.0019083898486707 3.3788075893873e-07 -0.0019084463783509 
526.46809688858 -2.683776645701e-07 -0.0018997362220295 3.3482531757429e-07 -0.0018997925029363 
528.85570730531 -2.6595546167471e-07 -0.0018911607017238 3.3181211559005e-07 -0.0018912167360912 
531.24331772203 -2.6356686963077e-07 -0.0018826622266334 3.2883910791089e-07 -0.0018827180167252 
533.63092813876 -2.6121361747657e-07 -0.0018742397858306 3.2590483208792e-07 -0.0018742953337421 
536.01853855549 -2.5889289901082e-07 -0.0018658923859051 3.230092346075e-07 -0.001865947693573 
538.40614897222 -2.5660061544531e-07 -0.0018576190211033 3.2015262811779e-07 -0.0018576740904798 
540.79375938895 -2.5433598390824e-07 -0.00184941868443 3.1733441778721e-07 -0.0018494735175782 
543.18136980568 -2.5210157774873e-07 -0.0018412904023563 3.1455317257196e-07 -0.0018413450013656 
545.5689802224 -2.4989919060285e-07 -0.001833233247142 3.1180770865129e-07 -0.0018332876139977 
547.95659063913 -2.4772707475382e-07 -0.0018252463123321 3.0909765394954e-07 -0.0018253004489017 
550.34420105586 -2.4558174372623e-07 -0.001817328683636 3.0642296464375e-07 -0.0018173825917665 
552.73181147259 -2.4346168382954e-07 -0.001809479440555 3.037832113295e-07 -0.0018095331221457 
555.11942188932 -2.4136838704798e-07 -0.0018016976843715 3.0117750171438e-07 -0.0018017511413475 
557.50703230604 -2.3930379556937e-07 -0.0017939825570301 2.986049464311e-07 -0.0017940357912687 
559.89464272277 -2.3726749841099e-07 -0.0017863332290077 2.9606498421664e-07 -0.001786386242311 
562.2822531395 -2.3525690128196e-07 -0.0017787488719282 2.9355724390877e-07 -0.0017788016660592 
564.66986355623 -2.3326983344993e-07 -0.0017712286479611 2.9108127239756e-07 -0.001771281224686 
567.05747397296 -2.3130641935663e-07 -0.0017637717265071 2.8863650207213e-07 -0.001763824087598 
569.44508438969 -2.2936825011973e-07 -0.0017563773073318 2.8622240154163e-07 -0.0017564294545411 
571.83269480641 -2.2745608159379e-07 -0.0017490446238389 2.8383850485111e-07 -0.0017490965588851 
574.22030522314 -2.2556867457688e-07 -0.0017417729239952 2.8148429254058e-07 -0.0017418246485719 
576.60791563987 -2.2370388241167e-07 -0.0017345614506867 2.7915912529189e-07 -0.001734612966471 
578.9955260566 -2.2186056276104e-07 -0.0017274094421812 2.768624038977e-07 -0.0017274607508278 
581.38313647333 -2.2003924330478e-07 -0.0017203161505362 2.7459377251219e-07 -0.0017203672536695 
583.77074689006 -2.1824102769383e-07 -0.0017132808572887 2.7235306153146e-07 -0.0017133317565114 
586.15835730678 -2.1646606671751e-07 -0.0017063028702552 2.7013997172983e-07 -0.0017063535671696 
588.54596772351 -2.1471315040815e-07 -0.0016993815057486 2.6795386597126e-07 -0.0016994320019612 
590.93357814024 -2.1298070616468e-07 -0.001692516074869 2.657939103639e-07 -0.001692566371968 
593.32118855697 -2.1126801430092e-07 -0.0016857058869242 2.6365949703676e-07 -0.0016857559864489 
595.7087989737 -2.0957547041545e-07 -0.0016789502652286 2.615504763832e-07 -0.0016790001686677 
598.09640939042 -2.079037643983e-07 -0.0016722485588503 2.5946693425664e-07 -0.0016722982676773 
600.48401980715 -2.062529026027e-07 -0.0016656001391389 2.5740869977051e-07 -0.0016656496548506 
602.87163022388 -2.0462199394177e-07 -0.0016590043851975 2.5537508588339e-07 -0.0016590537093159 
605.25924064061 -2.0300988744811e-07 -0.0016524606724963 2.5336514346898e-07 -0.0016525098065269 
607.64685105734 -2.0141596441654e-07 -0.0016459683747764 2.5137819855797e-07 -0.0016460173201616 
610.03446147407 -1.9984034386489e-07 -0.0016395268763786 2.494141648938e-07 -0.0016395756344932 
612.42207189079 -1.9828342057694e-07 -0.0016331355829208 2.4747330414149e-07 -0.0016331841551172 
614.80968230752 -1.9674523403726e-07 -0.0016267939206906 2.4555565537255e-07 -0.0016268423083537 
617.19729272425 -1.952252441489e-07 -0.0016205013259406 2.4366065818345e-07 -0.0016205495305008 
619.58490314098 -1.9372263802956e-07 -0.0016142572340143 2.4178732597002e-07 -0.001614305256904 
621.97251355771 -1.9223682393551e-07 -0.0016080610776072 2.3993481499683e-07 -0.0016081089202005 
624.36012397444 -1.9076766486768e-07 -0.0016019122948604 2.381028821513e-07 -0.0016019599584481 
626.74773439116 -1.8931529352269e-07 -0.001595810339582 2.3629183272667e-07 -0.0015958578254075 
629.13534480789 -1.8787976015964e-07 -0.001589754684737 2.3450197503473e-07 -0.0015898019940618 
631.52295522462 -1.8646080099156e-07 -0.0015837448166289 2.3273309008119e-07 -0.0015837919507715 
633.91056564135 -1.8505790787912e-07 -0.0015777802251019 2.3098434855746e-07 -0.0015778271854173 
636.29817605808 -1.8367058894373e-07 -0.0015718603978667 2.2925473899216e-07 -0.0015719071856827 
638.6857864748 -1.8229855705642e-07 -0.001565984823132 2.2754366303642e-07 -0.0015660314396955 
641.07339689153 -1.8094172567511e-07 -0.0015601529977312 2.2585118800081e-07 -0.0015601994442097 
643.46100730826 -1.7960005653159e-07 -0.0015543644338612 2.2417775815646e-07 -0.0015544107113975 
645.84861772499 -1.7827340244043e-07 -0.0015486186591481 2.2252361810037e-07 -0.0015486647689251 
648.23622814172 -1.7696148273492e-07 -0.0015429152103612 2.2088839773362e-07 -0.0015429611536245 
650.62383855845 -1.7566397042259e-07 -0.001537253625908 2.1927119191431e-07 -0.0015372994039291 
653.01144897517 -1.7438059491436e-07 -0.0015316334427784 2.1767105783586e-07 -0.0015316790567884 
655.3990593919 -1.7311116768602e-07 -0.0015260541998276 2.1608754101972e-07 -0.0015260996509723 
657.78666980863 -1.7185554748824e-07 -0.001520515444422 2.1452080867227e-07 -0.0015205607337727 
660.17428022536 -1.706135576263e-07 -0.0015150167372786 2.129713425823e-07 -0.0015150618658896 
662.56189064209 -1.6938497722999e-07 -0.0015095576519907 2.1143938826035e-07 -0.0015096026209601 
664.94950105882 -1.6816958353655e-07 -0.0015041377698766 2.0992459833977e-07 -0.0015041825803653 
667.33711147554 -1.6696719237616e-07 -0.001498756674058 2.0842612697069e-07 -0.001498801327255 
669.72472189227 -1.6577767104411e-07 -0.001493413946905 2.0694306999616e-07 -0.0014934584439643 
672.112332309 -1.646008906855e-07 -0.0014881091723448 2.0547494437745e-07 -0.0014881535143403 
674.49994272573 -1.634366635468e-07 -0.0014828419410188 2.0402186560617e-07 -0.0014828861289484 
676.88755314246 -1.6228473948533e-07 -0.0014776118545074 2.0258429485855e-07 -0.0014776558893421 
679.27516355918 -1.6114485159364e-07 -0.001472418525748 2.0116256895787e-07 -0.0014724624084914 
681.66277397591 -1.6001679545437e-07 -0.001467261575543 1.997565250553e-07 -0.0014673053072596 
684.05038439264 -1.5890046560316e-07 -0.0014621406276998 1.983654825055e-07 -0.0014621842094951 
686.43799480937 -1.5779582627974e-07 -0.0014570553060019 1.9698856766591e-07 -0.0014570987389676 
688.8256052261 -1.567028219736e-07 -0.001452005234833 1.9562516244149e-07 -0.0014520485199973 
691.21321564283 -1.5562129521296e-07 -0.0014469900427221 1.9427517292711e-07 -0.0014470331810349 
693.60082605955 -1.5455098132478e-07 -0.0014420093663199 1.9293894294335e-07 -0.0014420523586829 
695.98843647628 -1.534915674364e-07 -0.0014370628521741 1.91616905737e-07 -0.0014371056994949 
698.37604689301 -1.5244280213807e-07 -0.0014321501552969 1.9030918315641e-07 -0.0014321928585316 
700.76365730974 -1.5140457291712e-07 -0.0014272709355664 1.8901539572957e-07 -0.0014273134957239 
703.15126772647 -1.5037688096147e-07 -0.0014224248542701 1.8773480914893e-07 -0.0014224672723785 
705.5388781432 -1.4935976253638e-07 -0.0014176115728453 1.8646667532145e-07 -0.0014176538499008 
707.92648855992 -1.483531637348e-07 -0.0014128307543749 1.8521059081381e-07 -0.0014128728913065 
710.31409897665 -1.4735689440276e-07 -0.0014080820667648 1.8396661419849e-07 -0.0014081240644351 
712.70170939338 -1.4637063649714e-07 -0.0014033651854474 1.8273512811298e-07 -0.0014034070446879 
715.08931981011 -1.4539408861118e-07 -0.0013986797942377 1.8151647584781e-07 -0.0013987215158956 
717.47693022684 -1.4442700315742e-07 -0.0013940255834916 1.8031071215755e-07 -0.0013940671684616 
719.86454064357 -1.4346937596211e-07 -0.0013894022475186 1.791173996211e-07 -0.0013894436967392 
722.25215106029 -1.4252117305165e-07 -0.0013848094814284 1.7793593388802e-07 -0.0013848507958504 
724.63976147702 -1.4158261299703e-07 -0.0013802469813843 1.7676555645031e-07 -0.0013802881619267 
727.02737189375 -1.4065343277027e-07 -0.0013757144443535 1.7560609489228e-07 -0.0013757554918745 
729.41498231048 -1.3973377348975e-07 -0.0013712115729231 1.7445736148043e-07 -0.0013712524882247 
731.80259272721 -1.388228759471e-07 -0.0013667380740997 1.7332001646514e-07 -0.0013667788579496 
734.19020314393 -1.3792100346422e-07 -0.0013622936645583 1.7219396054028e-07 -0.0013623343177448 
736.57781356066 -1.370272466929e-07 -0.0013578780635028 1.7107976567968e-07 -0.0013579185868367 
738.96542397739 -1.3614229355287e-07 -0.0013534909977735 1.6997659708394e-07 -0.001353531392132 
741.35303439412 -1.3526551464908e-07 -0.0013491321911886 1.6888439330837e-07 -0.001349172457429 
743.74064481085 -1.3439750895571e-07 -0.0013448013728838 1.6780220942961e-07 -0.0013448415118907 
746.12825522758 -1.3353815245814e-07 -0.0013404982687372 1.6672974931684e-07 -0.0013405382812927 
748.5158656443 -1.3268695257757e-07 -0.001336222611642 1.6566723375348e-07 -0.0013362624985303 
750.90347606103 -1.3184457101023e-07 -0.001331974136395 1.6461421181685e-07 -0.0013320138983156 
753.29108647776 -1.3100928303034e-07 -0.0013277525857597 1.6357201112955e-07 -0.0013277922234403 
755.67869689449 -1.301824868094e-07 -0.0013235577068381 1.6253962223846e-07 -0.0013235972210246 
758.06630731122 -1.2936256583618e-07 -0.0013193892514273 1.6151799464412e-07 -0.0013194286428822 
760.45391772795 -1.2855048323695e-07 -0.001315246972936 1.6050608116134e-07 -0.001315286242489 
762.84152814467 -1.2774627113734e-07 -0.0013111306263745 1.5950340511365e-07 -0.0013111697748055 
765.2291385614 -1.2694920216717e-07 -0.0013070399668626 1.5851008268257e-07 -0.0013070789949618 
767.61674897813 -1.2616061159897e-07 -0.0013029747516348 1.5752494091667e-07 -0.001303013660132 
770.00435939486 -1.2537898623447e-07 -0.0012989347416774 1.5654895799343e-07 -0.0012989735312455 
772.39196981159 -1.2460478277525e-07 -0.001294919701234 1.5558186761429e-07 -0.0012949583725594 
774.77958022831 -1.2383793004448e-07 -0.0012909294013668 1.5462376767019e-07 -0.0012909679551016 
777.16719064504 -1.2307723963847e-07 -0.0012869636161693 1.5367541615527e-07 -0.0012870020530116 
779.55480106177 -1.2232382650818e-07 -0.0012830221230091 1.5273586223284e-07 -0.0012830604436918 
781.9424114785 -1.2157704637317e-07 -0.0012791047022718 1.5180520700338e-07 -0.0012791429075194 
784.33002189523 -1.2083682799992e-07 -0.0012752111331603 1.5088312564422e-07 -0.0012752492237221 
786.71763231196 -1.2010411620615e-07 -0.0012713411972949 1.4996867073129e-07 -0.0012713791738802 
789.10524272868 -1.1937793439567e-07 -0.0012674946780165 1.4906228601851e-07 -0.0012675325412883 
791.49285314541 -1.1865849665032e-07 -0.0012636713600131 1.4816377051054e-07 -0.0012637091106204 
793.88046356214 -1.1794597777077e-07 -0.0012598710338089 1.4727304382626e-07 -0.0012599086723644 
796.26807397887 -1.1723930729477e-07 -0.0012560934932788 1.463908282048e-07 -0.0012561310203984 
798.6556843956 -1.165388534247e-07 -0.0012523385353221 1.4551685447657e-07 -0.0012523759516518 
801.04329481233 -1.15844657949e-07 -0.0012486059614353 1.4465094713774e-07 -0.0012486432676316 
803.43090522905 -1.1515613102744e-07 -0.0012448955736318 1.4379321330712e-07 -0.0012449327703715 
805.81851564578 -1.1447391235231e-07 -0.0012412071745743 1.4294294734788e-07 -0.0012412442625398 
808.20612606251 -1.1379806984671e-07 -0.0012375405691513 1.4209982533577e-07 -0.0012375775489999 
810.59373647924 -1.1312814218212e-07 -0.0012338955624145 1.4126392107437e-07 -0.001233932434776 
812.98134689597 -1.1246448148609e-07 -0.0012302719614837 1.4043493810862e-07 -0.0012303087269594 
815.36895731269 -1.1180687360579e-07 -0.0012266695776452 1.3961300850802e-07 -0.0012267062368137 
817.75656772942 -1.1115473060599e-07 -0.0012230882248392 1.3879850107833e-07 -0.001223124778272 
820.14417814615 -1.1050819004378e-07 -0.0012195277203172 1.379913457964e-07 -0.0012195641685942 
822.53178856288 -1.0986715942847e-07 -0.0012159878850321 1.371915203634e-07 -0.0012160242287547 
824.91939897961 -1.0923132966758e-07 -0.0012124685413728 1.3639901333393e-07 -0.0012125047811563 
827.30700939634 -1.0860097146975e-07 -0.0012089695127024 1.356134406639e-07 -0.0012090056491644 
829.69461981306 -1.0797623542814e-07 -0.001205490623742 1.3483447242504e-07 -0.0012055266575024 
832.08223022979 -1.0735695882229e-07 -0.0012020316999146 1.3406195888087e-07 -0.001202067631573 
834.46984064652 -1.0674321092988e-07 -0.0011985925678211 1.3329573253982e-07 -0.0011986283979416 
836.85745106325 -1.0613496480235e-07 -0.0011951730564135 1.3253577877473e-07 -0.0011952087855478 
839.24506147998 -1.0553192508262e-07 -0.0011917729974387 1.3178223589591e-07 -0.001191808626128 
841.63267189671 -1.0493391385782e-07 -0.0011883922256054 1.310352186207e-07 -0.0011884277543722 
844.02028231343 -1.043408330441e-07 -0.0011850305783657 1.3029480230668e-07 -0.0011850660077479 
846.40789273016 -1.0375255820286e-07 -0.0011816878955443 1.2956095078032e-07 -0.0011817232261058 
848.79550314689 -1.0316908035249e-07 -0.0011783640188959 1.2883349423091e-07 -0.0011783992511951 
851.18311356362 -1.0259044909284e-07 -0.0011750587910108 1.281122492709e-07 -0.0011750939256071 
853.57072398035 -1.0201672376404e-07 -0.0011717720549436 1.2739697558348e-07 -0.0011718070924114 
855.95833439707 -1.0144799465579e-07 -0.0011685036551248 1.2668739892954e-07 -0.0011685385960142 
858.3459448138 -1.0088420136759e-07 -0.0011652534372968 1.2598346177027e-07 -0.0011652882821216 
860.73355523053 -1.0032520051727e-07 -0.0011620212482653 1.2528521619838e-07 -0.0011620559975399 
863.12116564726 -9.9770942044423e-08 -0.0011588069374361 1.2459263324305e-07 -0.0011588415916699 
865.50877606399 -9.9221280816682e-08 -0.0011556103574714 1.2390578713747e-07 -0.0011556449171451 
867.89638648072 -9.8675936098015e-08 -0.0011524313627571 1.2322486893663e-07 -0.0011524658283592 
870.28399689744 -9.8134871446244e-08 -0.0011492698093317 1.2254982297109e-07 -0.0011493041813835 
872.67160731417 -9.7598199566096e-08 -0.0011461255559156 1.2188043255783e-07 -0.0011461598349319 
875.0592177309 -9.7065821478345e-08 -0.0011429984623657 1.2121663445885e-07 -0.0011430326488476 
877.44682814763 -9.6537677924609e-08 -0.0011398883880813 1.2055832628543e-07 -0.0011399224825508 
879.83443856436 -9.6014007383721e-08 -0.0011367951936526 1.1990517220237e-07 -0.0011368291966323 
882.22204898109 -9.54948598194e-08 -0.0011337187417764 1.1925701007091e-07 -0.0011337526537472 
884.60965939781 -9.4979956919591e-08 -0.0011306588955469 1.1861396723419e-07 -0.0011306927169743 
886.99726981454 -9.4469227065744e-08 -0.0011276155188696 1.1797604464378e-07 -0.0011276492502345 
889.38488023127 -9.3962777916484e-08 -0.0011245884790255 1.1734312297341e-07 -0.0011246221207933 
891.772490648 -9.3460372923617e-08 -0.0011215776460512 1.1671533710242e-07 -0.0011216111986599 
894.16010106473 -9.2961682416398e-08 -0.0011185828904253 1.1609287640179e-07 -0.0011186163543321 
896.54771148146 -9.2466817182123e-08 -0.0011156040840774 1.1547558596559e-07 -0.0011156374597681 
898.93532189818 -9.1975962284334e-08 -0.0011126411018963 1.1486322799274e-07 -0.0011126743898404 
901.32293231491 -9.1488921845361e-08 -0.0011096938194997 1.142558152176e-07 -0.0011097270201504 
903.71054273164 -9.1005575815315e-08 -0.0011067621114451 1.1365330656927e-07 -0.0011067952252768 
906.09815314837 -9.0526216523978e-08 -0.0011038458534956 1.1305538330494e-07 -0.0011038788809879 
908.4857635651 -9.0050958457771e-08 -0.001100944924012 1.1246186841507e-07 -0.001100977865607 
910.87337398182 -8.9579465051727e-08 -0.0010980592017407 1.1187291962971e-07 -0.0010980920578595 
913.26098439855 -8.9111568808791e-08 -0.0010951885652929 1.1128860584927e-07 -0.0010952213363753 
915.64859481528 -8.8647469019405e-08 -0.0010923328960673 1.1070876219537e-07 -0.0010923655825536 
918.03620523201 -8.8187109922808e-08 -0.0010894920788614 1.1013339063101e-07 -0.0010895246811616 
920.42381564874 -8.7730086711167e-08 -0.0010866659989732 1.0956271196452e-07 -0.0010866985174956 
922.81142606547 -8.7276314296578e-08 -0.0010838545416356 1.0899672148851e-07 -0.0010838869768199 
925.19903648219 -8.6826097868028e-08 -0.0010810575945455 1.0843514069463e-07 -0.0010810899468364 
927.58664689892 -8.6379471687092e-08 -0.0010782750477237 1.0787784625644e-07 -0.0010783073175385 
929.97425731565 -8.5936137730179e-08 -0.001075506790458 1.0732492252571e-07 -0.0010755389782104 
932.36186773238 -8.5496098135952e-08 -0.0010727527111661 1.0677627381785e-07 -0.0010727848172918 
934.74947814911 -8.5059686083986e-08 -0.0010700127003955 1.062316068678e-07 -0.0010700447253239 
937.13708856584 -8.4626897926152e-08 -0.0010672866511621 1.0569085563446e-07 -0.0010673185952875 
939.52469898256 -8.4197345756828e-08 -0.0010645744563156 1.0515421122132e-07 -0.0010646063200219 
941.91230939929 -8.3770907356246e-08 -0.0010618760085316 1.0462171636641e-07 -0.0010619077922234 
944.29991981602 -8.3347817044309e-08 -0.0010591912032897 1.0409320114051e-07 -0.001059222907373 
946.68753023275 -8.2928061569421e-08 -0.0010565199392699 1.0356863711498e-07 -0.0010565515641246 
949.07514064948 -8.2511265487067e-08 -0.0010538621153808 1.0304820111718e-07 -0.0010538936613811 
951.4627510662 -8.2097294159345e-08 -0.0010512176298522 1.0253191542562e-07 -0.0010512490973978 
953.85036148293 -8.1686442879781e-08 -0.0010485863827137 1.0201953548804e-07 -0.0010486177722139 
956.23797189966 -8.1278865052527e-08 -0.0010459682766039 1.0151088910196e-07 -0.0010459995884449 
958.62558231639 -8.0874302259832e-08 -0.0010433632140917 1.0100604043206e-07 -0.0010433944486444 
961.01319273312 -8.0472581397493e-08 -0.0010407710962964 1.0050501249836e-07 -0.0010408022539464 
963.40080314985 -8.0073935806768e-08 -0.0010381918253103 1.0000760997151e-07 -0.0010382229064527 
965.78841356657 -7.9678562387714e-08 -0.0010356253061623 9.9513670190677e-08 -0.0010356563111703 
968.1760239833 -7.9286218804507e-08 -0.0010330714450585 9.9023286522947e-08 -0.0010331023742822 
970.56363440003 -7.8896575104781e-08 -0.0010305301473905 9.8536609843159e-08 -0.0010305610011876 
972.95124481676 -7.8509687401218e-08 -0.0010280013192747 9.8053583889456e-08 -0.0010280320980199 
975.33885523349 -7.8125781541066e-08 -0.0010254848699718 9.7574055665619e-08 -0.0010255155740327 
977.72646565022 -7.7744757502054e-08 -0.0010229807109227 9.7098037194887e-08 -0.0010230113406456 
980.11407606694 -7.7366288279547e-08 -0.0010204887529522 9.6625651788722e-08 -0.0010205193086837 
982.50168648367 -7.6990332133225e-08 -0.0010180089062198 9.6156864879943e-08 -0.0010180393883262 
984.8892969004 -7.6617176385525e-08 -0.0010155410826658 9.5691463889988e-08 -0.0010155714915169 
987.27690731713 -7.6246947221585e-08 -0.0010130851965258 9.5229316718978e-08 -0.001013115532471 
989.66451773386 -7.5879410713309e-08 -0.0010106411619486 9.4770478512477e-08 -0.0010106714253236 
992.05212815058 -7.5514371086068e-08 -0.0010082088917183 9.4314993407198e-08 -0.0010082390828686 
994.43973856731 -7.5151976719094e-08 -0.0010057882992718 9.3862744090029e-08 -0.001005818418553 
996.82734898404 -7.4792437748161e-08 -0.0010033793008016 9.341358931168e-08 -0.0010034093485578 
999.21495940077 -7.4435625787523e-08 -0.0010009818142127 9.2967560594068e-08 -0.0010010117907677 
1001.6025698175 -7.4081217813807e-08 -0.00099859575688011 9.2524786657557e-08 -0.00099862566255722 
1003.9901802342 -7.3729134256587e-08 -0.00099622104595342 9.2085280034205e-08 -0.00099625088109041 
1006.377790651 -7.3379581261828e-08 -0.00099385760067647 9.164891314339e-08 -0.00099388736561455 
1008.7654010677 -7.3032652495493e-08 -0.0009915053429202 9.1215603838468e-08 -0.00099153503798552 
1011.1530114844 -7.2688136470485e-08 -0.00098916419497297 9.0785405156185e-08 -0.0009891938204801 
1013.5406219011 -7.2345826028923e-08 -0.00098683407791211 9.0358361783374e-08 -0.00098686363418274 
1015.9282323179 -7.2005820196814e-08 -0.00098451491287955 8.9934380084525e-08 -0.00098454440024674 
1018.3158427346 -7.1668363836794e-08 -0.00098220662307501 8.9513300387243e-08 -0.00098223604186689 
1020.7034531513 -7.1333468653856e-08 -0.00097990913332191 8.909506922232e-08 -0.0009799384838501 
1023.0910635681 -7.1000898107204e-08 -0.00097762236794832 8.8679745382157e-08 -0.00097765165051773 
1025.4786739848 -7.0670511798808e-08 -0.000975346250296 8.826735265729e-08 -0.00097537546522012 
1027.8662844015 -7.0342437153754e-08 -0.00097308070468849 8.7857809965619e-08 -0.00097310985228747 
1030.2538948182 -7.0016832563539e-08 -0.00097082565800758 8.745102467367e-08 -0.00097085473859341 
1032.641505235 -6.9693597135227e-08 -0.00096858103866355 8.7047012721566e-08 -0.00096861005253445 
1035.0291156517 -6.9372471226438e-08 -0.00096634677464171 8.6645852208294e-08 -0.00096637572209396 
1037.4167260684 -6.9053360122958e-08 -0.00096412279347813 8.6247553980547e-08 -0.00096415167481699 
1039.8043364851 -6.873641656869e-08 -0.00096190902410284 8.5852029102715e-08 -0.00096193783963742 
1042.1919469019 -6.8421778822469e-08 -0.00095970539772823 8.5459189003216e-08 -0.0009597341477585 
1044.5795573186 -6.8109349933642e-08 -0.00095751184640377 8.5069030550793e-08 -0.00095754053121821 
1046.9671677353 -6.7798926657592e-08 -0.00095532830122108 8.4681589563777e-08 -0.00095535692110751 
1049.3547781521 -6.7490481888901e-08 -0.00095315469259957 8.4296836152015e-08 -0.00095318324785318 
1051.7423885688 -6.7184187381388e-08 -0.00095099095213012 8.3914673147924e-08 -0.00095101944304809 
1054.1299989855 -6.6880162925563e-08 -0.0009488370133609 8.353502509833e-08 -0.00094886544023207 
1056.5176094022 -6.6578300881641e-08 -0.00094669281051546 8.3157897299321e-08 -0.00094672117361946 
1058.905219819 -6.6278398859034e-08 -0.00094455827705283 8.2783329647677e-08 -0.00094458657666945 
1061.2928302357 -6.598040590267e-08 -0.00094243334613086 8.2411315727907e-08 -0.00094246158254642 
1063.6804406524 -6.5684449560783e-08 -0.00094031795238243 8.2041793236592e-08 -0.00094034612588507 
1066.0680510692 -6.5390617807235e-08 -0.00093821203263744 8.1674713357647e-08 -0.00093824014350821 
1068.4556614859 -6.5098804588709e-08 -0.0009361155246853 8.1310084700692e-08 -0.00093614357319694 
1070.8432719026 -6.4808820948452e-08 -0.00093402836575931 8.0947936715671e-08 -0.00093405635218307 
1073.2308823193 -6.4520611163743e-08 -0.00093195049269225 8.0588259721291e-08 -0.0009319784173034 
1075.6184927361 -6.4234298811871e-08 -0.00092988184340013 8.0230990619437e-08 -0.00092990970647481 
1078.0061031528 -6.3949998233506e-08 -0.00092782235760744 7.9876070285467e-08 -0.00092785015941572 
1080.3937135695 -6.3667662403929e-08 -0.00092577197583786 7.9523479061837e-08 -0.00092579971664211 
1082.7813239863 -6.3387131421936e-08 -0.0009237306379061 7.9173230126159e-08 -0.00092375831796656 
1085.168934403 -6.3108345264648e-08 -0.00092169828290661 7.8825306363878e-08 -0.00092172590248678 
1087.5565448197 -6.2831382252163e-08 -0.00091967485052504 7.847967041813e-08 -0.00091970240989095 
1089.9441552364 -6.2556375061099e-08 -0.00091766028224497 7.8136260829055e-08 -0.00091768778165997 
1092.3317656532 -6.2283274933307e-08 -0.00091565452063539 7.7795080381592e-08 -0.00091568196035747 
1094.7193760699 -6.2011971418584e-08 -0.00091365750829621 7.7456110890569e-08 -0.00091368488858133 
1097.1069864866 -6.1742296987039e-08 -0.00091166918701888 7.7119394070158e-08 -0.00091169650812418 
1099.4945969034 -6.1474351236802e-08 -0.00090968949939959 7.6784854011942e-08 -0.00090971676158519 
1101.8822073201 -6.1208150010422e-08 -0.00090771838926381 7.6452517074412e-08 -0.00090774559278592 
1104.2698177368 -6.0943819320778e-08 -0.00090575580254011 7.612228493209e-08 -0.00090578294765219 
1106.6574281535 -6.0681143478814e-08 -0.00090380168475725 7.5794232961683e-08 -0.00090382877170397 
1109.0450385703 -6.0420113772382e-08 -0.00090185598155576 7.5468275322766e-08 -0.00090188301058572 
1111.432648987 -6.016062215338e-08 -0.00089991863750827 7.5144460973799e-08 -0.00089994560886326 
1113.8202594037 -5.9902825323452e-08 -0.00089798959903933 7.4822713591592e-08 -0.00089801651296823 
1116.2078698205 -5.9646792773447e-08 -0.0008960688131319 7.4503007154987e-08 -0.00089609566987106 
1118.5954802372 -5.9392417347913e-08 -0.00089415622814627 7.4185375989462e-08 -0.00089418302793804 
1120.9830906539 -5.9139733138992e-08 -0.00089225179131631 7.3869702635905e-08 -0.00089227853439389 
1123.3707010706 -5.8888454440788e-08 -0.00089035544975417 7.355613323072e-08 -0.0008903821363577 
1125.7583114874 -5.863888522033e-08 -0.00088846715075225 7.3244458354229e-08 -0.00088849378112052 
1128.1459219041 -5.8390843058095e-08 -0.00088658684313228 7.2934845940316e-08 -0.0008866134175019 
1130.5335323208 -5.8144544667978e-08 -0.00088471447699891 7.2627132607811e-08 -0.00088474099561004 
1132.9211427376 -5.7899801865435e-08 -0.00088285000267807 7.2321375575409e-08 -0.00088287646576124 
1135.3087531543 -5.765647902884e-08 -0.00088099337011436 7.2017583192017e-08 -0.00088101977790735 
1137.696363571 -5.7414713938864e-08 -0.00087914452917365 7.171562329934e-08 -0.00087917088190639 
1140.0839739877 -5.7174325324952e-08 -0.00087730343069281 7.1415650433401e-08 -0.00087732972859563 
1142.4715844045 -5.6935611021294e-08 -0.00087547002684346 7.111748240361e-08 -0.00087549627014573 
1144.8591948212 -5.6698394241834e-08 -0.00087364427070448 7.082121204762e-08 -0.00087367045962661 
1147.2468052379 -5.6462606826746e-08 -0.00087182611495354 7.052680853695e-08 -0.00087185224972097 
1149.6344156546 -5.6228312545665e-08 -0.00087001551185699 7.0234161188483e-08 -0.00087004159268709 
1152.0220260714 -5.5995305419614e-08 -0.00086821241363023 6.9943408002147e-08 -0.00086823844074081 
1154.4096364881 -5.5763856866406e-08 -0.00086641677336224 6.9654400379187e-08 -0.00086644274697261 
1156.7972469048 -5.5533897535243e-08 -0.0008646285454699 6.9367204257005e-08 -0.00086465446579322 
1159.1848573216 -5.5305343906066e-08 -0.00086284768453974 6.908183432566e-08 -0.00086287355179577 
1161.5724677383 -5.5078285979331e-08 -0.00086107414505263 6.8798149782464e-08 -0.00086109995945799 
1163.960078155 -5.4852474853409e-08 -0.00085930788110509 6.8516263510448e-08 -0.00085933364287482 
1166.3476885717 -5.4628046035666e-08 -0.000857548846986 6.8236084749888e-08 -0.00085757455633869 
1168.7352989885 -5.4405071722706e-08 -0.00085579699844469 6.7957596021335e-08 -0.00085582265559272 
1171.1229094052 -5.418342100195e-08 -0.00085405229212254 6.7680887824063e-08 -0.00085407789728082 
1173.5105198219 -5.3963226329208e-08 -0.00085231468513655 6.7405819047314e-08 -0.00085234023852025 
1175.8981302387 -5.3744326898293e-08 -0.00085058413455574 6.7132417997441e-08 -0.00085060963637378 
1178.2857406554 -5.3526639553276e-08 -0.00084886059686188 6.6860691644667e-08 -0.00084888604732365 
1180.6733510721 -5.3310330943283e-08 -0.00084714402915085 6.6590537857842e-08 -0.00084716942846014 
1183.0609614888 -5.3095301149391e-08 -0.00084543438952921 6.6322057209114e-08 -0.00084545973788547 
1185.4485719056 -5.2881601213771e-08 -0.00084373163672956 6.6055224055199e-08 -0.00084375693433499 
1187.8361823223 -5.266928369699e-08 -0.00084203573000779 6.5789961437745e-08 -0.0008420609770618 
1190.223792739 -5.2458152127201e-08 -0.00084034662811808 6.5526330038776e-08 -0.00084037182481888 
1192.6114031558 -5.2248259321475e-08 -0.00083866428931158 6.526425591848e-08 -0.00083868943585758 
