1.1938052083641 -0.013794313371675 -0.2625133566936 0.013798480342232 -0.26248938449389 
3.5814156250924 -0.005203708430813 -0.1659795575973 0.0051303870812453 -0.16598852834876 
5.9690260418206 -0.0028015100231063 -0.12475621557235 0.0027227540825728 -0.12475461973431 
8.3566364585488 -0.0015936194597573 -0.099445917373105 0.0017805967768296 -0.09945698287788 
10.744246875277 -0.0011136156823632 -0.082070194642073 0.0011406664327507 -0.082071689987169 
13.131857292005 -0.00083136233394591 -0.069570857941626 0.00077878508409987 -0.069568193708495 
15.519467708734 -0.0006353577589562 -0.060219978642135 0.00057192631959586 -0.060216671593796 
17.907078125462 -0.00049432966854178 -0.052996314115822 0.00044400499341769 -0.052993452102245 
20.29468854219 -0.00039161692711039 -0.047267463049309 0.00035807598941043 -0.047265213156326 
22.682298958918 -0.0003158246429209 -0.042624033288197 0.0002964301277256 -0.042622309409548 
25.069909375647 -0.00025900527225242 -0.038790787818464 0.00025005693696413 -0.03878946590615 
27.457519792375 -0.00021567735642637 -0.035576669219432 0.00021398003276926 -0.0355756434755 
29.845130209103 -0.00018207234834136 -0.032845364470912 0.00018521943132891 -0.032844555452375 
32.232740625831 -0.00015558433706825 -0.03049727143569 0.00016186294545122 -0.030496621947425 
34.62035104256 -0.00013439090154984 -0.028458072684651 0.00014261458491111 -0.028457542003394 
37.007961459288 -0.00011719947374615 -0.02667128116459 0.00012655845603117 -0.02667084022335 
39.395571876016 -0.00010307926870392 -0.0250932499496 0.0001130263105383 -0.025092877816328 
41.783182292744 -9.1349694784883e-05 -0.02368975377257 0.00010151839756457 -0.023689435193072 
44.170792709472 -8.1505647977692e-05 -0.022433598321839 9.1653571439838e-05 -0.022433322032069 
46.558403126201 -7.3166915721977e-05 -0.021302916755974 8.3136437568176e-05 -0.021302674324781 
48.946013542929 -6.604345460634e-05 -0.02027993512649 7.5734944665736e-05 -0.020279720157904 
51.333623959657 -5.9911231122411e-05 -0.01935006370359 6.9264664275754e-05 -0.019349871282047 
53.721234376385 -5.4595178615756e-05 -0.018501218663281 6.3577506107791e-05 -0.018501044963662 
56.108844793114 -4.9957011294361e-05 -0.017723309139871 5.8553462764697e-05 -0.017723151150223 
58.496455209842 -4.5886397420217e-05 -0.017007844686174 5.4094473573315e-05 -0.017007700008209 
60.88406562657 -4.229448617235e-05 -0.016347631563505 5.0119800678359e-05 -0.016347498267379 
63.271676043298 -3.9109104606936e-05 -0.015736535364453 4.6562502729899e-05 -0.015736411881839 
65.659286460027 -3.6271154141803e-05 -0.015169293728723 4.3366716852418e-05 -0.015169178773191 
68.046896876755 -3.3731878619178e-05 -0.014641367285111 4.0485543450702e-05 -0.014641259792226 
70.434507293483 -3.1450772675149e-05 -0.014148820048824 3.7879385718898e-05 -0.014148719130602 
72.822117710211 -2.9393965453508e-05 -0.013688222722534 3.5514635607783e-05 -0.013688127632482 
75.20972812694 -2.7532960710881e-05 -0.013256573958381 3.3362626212807e-05 -0.013256484064416 
77.597338543668 -2.5843646635427e-05 -0.012851235817196 3.1398790777683e-05 -0.012851150580474 
79.984948960396 -2.4305511601551e-05 -0.012469880533794 2.9601983184387e-05 -0.012469799492026 
82.372559377124 -2.2901018490679e-05 -0.012110446349306 2.7953925572667e-05 -0.012110369103503 
84.760169793853 -2.1615102067559e-05 -0.011771100663038 2.6438756733532e-05 -0.011771026866901 
87.147780210581 -2.0434762576708e-05 -0.011450209130051 2.5042660891129e-05 -0.011450138481416 
89.535390627309 -1.9348735117571e-05 -0.011146309616998 2.3753560993262e-05 -0.011146241850891 
91.923001044037 -1.8347219096308e-05 -0.010858090149757 2.2560864069654e-05 -0.010858025032723 
94.310611460766 -1.7421655612288e-05 -0.010584370158315 2.145524884261e-05 -0.010584307483751 
96.698221877494 -1.6564543329895e-05 -0.010324084458788 2.0428487793645e-05 -0.010324024043086 
99.085832294222 -1.5769285419546e-05 -0.010076269518488 1.9473297476062e-05 -0.010076211197828 
101.47344271095 -1.5030061726775e-05 -0.0098400516338593 1.8583212080235e-05 -0.0098399952615274 
103.86105312768 -1.4341721527976e-05 -0.0096146367180451 1.7752476233302e-05 -0.00961458216218 
106.24866354441 -1.3699693171864e-05 -0.0093993014484868 1.6975953773692e-05 -0.0093992485901766 
108.63627396114 -1.3099907638173e-05 -0.0091933855681592 1.6249049845617e-05 -0.0091933342998269 
111.02388437786 -1.2538733613965e-05 -0.008996285169025 1.5567644149175e-05 -0.0089962353930533 
113.41149479459 -1.2012922151741e-05 -0.0088074468147623 1.4928033558229e-05 -0.0088073984423166 
115.79910521132 -1.1519559321614e-05 -0.0086263623830783 1.4326882644503e-05 -0.0086263153330951 
118.18671562805 -1.1056025568028e-05 -0.0084525645270073 1.3761180888003e-05 -0.0084525187253222 
120.57432604478 -1.0619960708151e-05 -0.0082856226703374 1.322820556359e-05 -0.0082855780489298 
122.9619364615 -1.020923369077e-05 -0.0081251394653256 1.2725489466042e-05 -0.0081250959616628 
125.34954687823 -9.8219163915572e-06 -0.0079707476516971 1.2250792766232e-05 -0.0079707052081621 
127.73715729496 -9.4562608455153e-06 -0.0078221072649207 1.1802078401549e-05 -0.0078220658283122 
130.12476771169 -9.1106793994814e-06 -0.0076789031493382 1.1377490516037e-05 -0.0076788626704315 
132.51237812842 -8.783727374822e-06 -0.0075408427380281 1.0975335515801e-05 -0.0075408031711888 
134.89998854515 -8.4740878812778e-06 -0.0074076540666571 1.0594065387038e-05 -0.0074076153695004 
137.28759896187 -8.1805584748591e-06 -0.007279083993071 1.0232262981927e-05 -0.00727904612616 
139.6752093786 -7.9020394221067e-06 -0.0071548965981972 9.8886289971526e-06 -0.0071548595247747 
142.06281979533 -7.6375233384419e-06 -0.0070348717471127 9.5619704427004e-06 -0.0070348354328636 
144.45043021206 -7.3860860289864e-06 -0.006918803791868 9.2511903998891e-06 -0.0069187682047062 
146.83804062879 -7.1468783753435e-06 -0.0068065004000676 8.9552789062516e-06 -0.0068064655099465 
149.22565104552 -6.9191191276699e-06 -0.0066977814952048 8.6733048349879e-06 -0.0066977472739469 
151.61326146224 -6.7020884911367e-06 -0.0065924782965328 8.4044086443125e-06 -0.0065924447176767 
154.00087187897 -6.4951224137367e-06 -0.0064904324477295 8.1477958857104e-06 -0.0064903994863924 
156.3884822957 -6.2976074793503e-06 -0.0063914952249336 7.9027313929385e-06 -0.0063914628576872 
158.77609271243 -6.1089763410875e-06 -0.0062955268158484 7.6685340634241e-06 -0.0062954950206064 
161.16370312916 -5.9287036290316e-06 -0.0062023956625864 7.4445721658018e-06 -0.0062023644185035 
163.55131354588 -5.7563022739434e-06 -0.0061119778617817 7.2302591173146e-06 -0.0061119471491609 
165.93892396261 -5.591320203101e-06 -0.0060241566162331 7.0250496737296e-06 -0.0060241264164424 
168.32653437934 -5.4333373632535e-06 -0.0059388217329906 6.828436489583e-06 -0.0059387920283865 
170.71414479607 -5.2819630354402e-06 -0.0058558691633679 6.63994700662e-06 -0.0058558399372262 
173.1017552128 -5.136833410182e-06 -0.0057752005808366 6.459140634495e-06 -0.0057751718172883 
175.48936562953 -4.9976093896547e-06 -0.0056967229932416 6.2856061980149e-06 -0.0056966946772154 
177.87697604625 -4.863974603608e-06 -0.0056203483861017 6.1189596111979e-06 -0.0056203205032705 
180.26458646298 -4.7356335994195e-06 -0.0055459933941403 5.9588417726876e-06 -0.0055459659308725 
182.65219687971 -4.6123102055824e-06 -0.0054735789984765 5.8049166413731e-06 -0.0054735519417909 
185.03980729644 -4.4937460416558e-06 -0.0054030302471614 5.656869483401e-06 -0.005403003584686 
187.42741771317 -4.3796991564106e-06 -0.0053342759969954 5.5144052774162e-06 -0.0053342497169293 
189.8150281299 -4.2699427926735e-06 -0.0052672486747556 5.3772472501e-06 -0.0052672227658342 
192.20263854662 -4.1642642533085e-06 -0.0052018840561548 5.2451355430469e-06 -0.005201858507617 
194.59024896335 -4.0624638678219e-06 -0.0051381210610152 5.1178259887579e-06 -0.0051380958625733 
196.97785938008 -3.9643540478964e-06 -0.005075901563285 4.9950889869149e-06 -0.0050758767050972 
199.36546979681 -3.8697584162356e-06 -0.0050151702146616 4.8767084794142e-06 -0.0050151456873062 
201.75308021354 -3.7785110164949e-06 -0.0049558742806968 4.7624809992179e-06 -0.0049558500751481 
204.14069063026 -3.6904555790626e-06 -0.0048979634883607 4.652214805097e-06 -0.0048979395959667 
206.52830104699 -3.6054448510549e-06 -0.0048413898841567 4.5457290799501e-06 -0.0048413662966188 
208.91591146372 -3.5233399786332e-06 -0.0047861077019227 4.4428531936546e-06 -0.0047860844112763 
211.30352188045 -3.4440099392491e-06 -0.0047320732395751 4.3434260218407e-06 -0.0047320502381714 
213.69113229718 -3.3673310161681e-06 -0.0046792447440913 4.2472953194401e-06 -0.0046792220245806 
216.07874271391 -3.2931863160544e-06 -0.004627582304092 4.1543171392906e-06 -0.0046275598594083 
218.46635313063 -3.2214653195403e-06 -0.0045770477494493 4.0643552987042e-06 -0.0045770255727955 
220.85396354736 -3.1520634711295e-06 -0.0045276045573885 3.97728087992e-06 -0.0045275826422228 
223.24157396409 -3.084881796186e-06 -0.0044792177645984 3.8929717713438e-06 -0.0044791961046213 
225.62918438082 -3.0198265479493e-06 -0.0044318538849094 3.8113122403767e-06 -0.0044318324740521 
228.01679479755 -2.9568088750303e-06 -0.0043854808321251 3.7321925430264e-06 -0.0043854596645374 
230.40440521428 -2.895744524765e-06 -0.0043400678476447 3.655508548514e-06 -0.0043400469176853 
232.792015631 -2.8365535539551e-06 -0.0042955854325275 3.5811614056596e-06 -0.0042955647347537 
235.17962604773 -2.7791600712126e-06 -0.0042520052836815 3.5090572205373e-06 -0.0042519848128395 
237.56723646446 -2.7234919903564e-06 -0.0042093002338978 3.4391067641954e-06 -0.0042092799849146 
239.95484688119 -2.6694808057142e-06 -0.0041674441954463 3.3712251952924e-06 -0.0041674241634207 
242.34245729792 -2.6170613788158e-06 -0.0041264121070103 3.3053318060142e-06 -0.0041263922872056 
244.73006771464 -2.5661717419806e-06 -0.0040861798837102 3.2413497827337e-06 -0.0040861602715464 
247.11767813137 -2.5167529166627e-06 -0.0040467243700227 3.1792059807576e-06 -0.00404670496107 
249.5052885481 -2.4687487400131e-06 -0.0040080232953969 3.1188307184301e-06 -0.0040080040853687 
251.89289896483 -2.4221057042117e-06 -0.0039700552323897 3.0601575833861e-06 -0.0039700362171368 
254.28050938156 -2.3767728109658e-06 -0.0039327995571504 3.0031232461742e-06 -0.0039327807326545 
256.66811979829 -2.332701428467e-06 -0.0038962364121124 2.9476672935925e-06 -0.0038962177744809 
259.05573021501 -2.2898451596212e-06 -0.0038603466707475 2.8937320705675e-06 -0.0038603282162089 
261.44334063174 -2.2481597242794e-06 -0.0038251119042244 2.8412625255743e-06 -0.003825093629122 
263.83095104847 -2.2076028407497e-06 -0.0037905143499086 2.7902060749742e-06 -0.0037904962506967 
266.2185614652 -2.1681341197661e-06 -0.0037565368815281 2.7405124701066e-06 -0.003756518954767 
268.60617188193 -2.1297149630812e-06 -0.0037231629809376 2.6921336747681e-06 -0.0037231452232897 
270.99378229866 -2.092308470682e-06 -0.0036903767113707 2.6450237475494e-06 -0.0036903591195963 
273.38139271538 -2.0558793488114e-06 -0.0036581626920916 2.5991387366256e-06 -0.003658145263045 
275.76900313211 -2.0203938296883e-06 -0.0036265060743602 2.5544365741274e-06 -0.0036264888049861 
278.15661354884 -1.9858195922198e-06 -0.0035953925186345 2.5108769808892e-06 -0.0035953754059646 
280.54422396557 -1.9521256864473e-06 -0.0035648081729355 2.4684213780767e-06 -0.003564791214085 
282.9318343823 -1.9192824672327e-06 -0.0035347396522995 2.4270327986628e-06 -0.0035347228444641 
285.31944479902 -1.887261526063e-06 -0.0035051740192717 2.3866758101272e-06 -0.0035051573597245 
287.70705521575 -1.8560356313129e-06 -0.0034760987653611 2.3473164371385e-06 -0.0034760822514498 
290.09466563248 -1.8255786711028e-06 -0.0034475017934086 2.3089220890963e-06 -0.0034474854225527 
292.48227604921 -1.7958655949027e-06 -0.0034193714008238 2.2714614969745e-06 -0.0034193551705121 
294.86988646594 -1.7668723668934e-06 -0.0033916962636325 2.234904644435e-06 -0.0033916801714205 
297.25749688267 -1.738575908608e-06 -0.0033644654212883 2.1992227172456e-06 -0.0033644494647958 
299.64510729939 -1.7109540675625e-06 -0.0033376682622128 2.1643880307389e-06 -0.0033376524391217 
302.03271771612 -1.6839855612279e-06 -0.0033112945100215 2.1303739900744e-06 -0.0033112788180738 
304.42032813285 -1.6576499386407e-06 -0.0032853342103932 2.0971550364622e-06 -0.0032853186473885 
306.80793854958 -1.631927545143e-06 -0.0032597777185538 2.0647065955363e-06 -0.0032597622823477 
309.19554896631 -1.6067994818134e-06 -0.0032346156873411 2.0330050362419e-06 -0.0032346003758431 
311.58315938304 -1.5822475731499e-06 -0.0032098390558127 2.0020276250808e-06 -0.0032098238669845 
313.97076979976 -1.558254334234e-06 -0.0031854390383779 1.9717524855433e-06 -0.0031854239702315 
316.35838021649 -1.534802936645e-06 -0.0031614071144182 1.9421585625812e-06 -0.0031613921650145 
318.74599063322 -1.5118771825597e-06 -0.0031377350183749 1.9132255821929e-06 -0.0031377201858217 
321.13360104995 -1.4894614745631e-06 -0.0031144147302768 1.8849340191507e-06 -0.0031144000127275 
323.52121146668 -1.4675407899238e-06 -0.0030914384666893 1.8572650632495e-06 -0.0030914238623417 
325.90882188341 -1.4461006541706e-06 -0.0030687986720586 1.8302005892817e-06 -0.0030687841791529 
328.29643230013 -1.4251271192725e-06 -0.003046488010434 1.8037231252738e-06 -0.0030464736272519 
330.68404271686 -1.4046067402367e-06 -0.0030244993575498 1.777815825105e-06 -0.0030244850824131 
333.07165313359 -1.3845265499247e-06 -0.0030028257932412 1.7524624456078e-06 -0.0030028116245104 
335.45926355032 -1.3648740450591e-06 -0.0029814605941965 1.727647314017e-06 -0.0029814465302698 
337.84687396705 -1.3456371605381e-06 -0.0029603972269969 1.7033553107083e-06 -0.0029603832663084 
340.23448438377 -1.3268042625016e-06 -0.0029396293414778 1.6795718335549e-06 -0.0029396154824984 
342.6220948005 -1.3083640936349e-06 -0.0029191507643132 1.6562828159429e-06 -0.0029191370055448 
345.00970521723 -1.2903058581564e-06 -0.0028989554929883 1.6334745966796e-06 -0.0028989418329738 
347.39731563396 -1.2726189548761e-06 -0.0028790376897367 1.6111341693202e-06 -0.0028790241270326 
349.78492605069 -1.2552935467501e-06 -0.0028593916763681 1.5892485366761e-06 -0.0028593782096043 
352.17253646742 -1.2383192531561e-06 -0.0028400119279083 1.5678060775094e-06 -0.002839998555656 
354.56014688414 -1.2216878406383e-06 -0.0028208930693918 1.5467936349325e-06 -0.0028208797904296 
356.94775730087 -1.2053878824523e-06 -0.0028020298670981 1.5262022009666e-06 -0.0028020166798984 
359.3353677176 -1.1894145907916e-06 -0.002783417230692 1.5060163621901e-06 -0.0027834041343456 
361.72297813433 -1.1737528187905e-06 -0.0027650501967754 1.4862324817887e-06 -0.0027650371894282 
364.11058855106 -1.1584042249968e-06 -0.0027469239436431 1.4668295361359e-06 -0.002746911024952 
366.49819896779 -1.1433473385153e-06 -0.0027290337580539 1.4478120039028e-06 -0.0027290209256119 
368.88580938451 -1.1285906188596e-06 -0.0027113750721985 1.4291526684728e-06 -0.0027113623263054 
371.27341980124 -1.1141101840621e-06 -0.0026939434056831 1.4108599633429e-06 -0.0026939307435646 
373.66103021797 -1.0999111213792e-06 -0.0026767344280031 1.3929111946076e-06 -0.0026767218500688 
376.0486406347 -1.0859832917604e-06 -0.0026597438800571 1.3753012899964e-06 -0.0026597313839714 
378.43625105143 -1.0723098301747e-06 -0.0026429676481324 1.3580322619789e-06 -0.0026429552335799 
380.82386146815 -1.0589075394938e-06 -0.0026264016884645 1.3410706087712e-06 -0.002626389354014 
383.21147188488 -1.0457389052056e-06 -0.0026100420819976 1.3244424116166e-06 -0.0026100298268129 
385.59908230161 -1.0328262227678e-06 -0.0025938849952543 1.3081082105059e-06 -0.0025938728179708 
387.98669271834 -1.0201485730175e-06 -0.002577926686741 1.2920775572034e-06 -0.0025779145869297 
390.37430313507 -1.0076963765533e-06 -0.0025621635198524 1.2763469339462e-06 -0.0025621514959658 
392.7619135518 -9.9548180856773e-07 -0.0025465919291502 1.2608891447227e-06 -0.0025465799803231 
395.14952396852 -9.8348004480353e-07 -0.0025312084461674 1.2457199638111e-06 -0.0025311965720726 
397.53713438525 -9.7169443654918e-07 -0.0025160096888283 1.2308220195335e-06 -0.0025159978875093 
399.92474480198 -9.6012530283334e-07 -0.002500992340209 1.2161826207182e-06 -0.0025009806114098 
402.31235521871 -9.4875546109921e-07 -0.002486153177812 1.2018107677065e-06 -0.0024861415209679 
404.69996563544 -9.3758795170928e-07 -0.0024714890540423 1.1876896784403e-06 -0.00247147746719 
407.08757605217 -9.2661936644646e-07 -0.0024569968785307 1.1738120524997e-06 -0.0024569853616461 
409.47518646889 -9.1583902440561e-07 -0.002442673651961 1.1601812837752e-06 -0.0024426622044524 
411.86279688562 -9.0524627181065e-07 -0.0024285164439989 1.1467851125293e-06 -0.0024285050639588 
414.25040730235 -8.9483740346968e-07 -0.0024145223707975 1.1336171149799e-06 -0.0024145110581266 
416.63801771908 -8.8460657432022e-07 -0.0024006886344037 1.1206770703312e-06 -0.002400677388744 
419.02562813581 -8.7455011959785e-07 -0.0023870125070013 1.1079570719163e-06 -0.0023870013265381 
421.41323855253 -8.6466339978383e-07 -0.0023734912953873 1.0954512197549e-06 -0.0023734801796859 
423.80084896926 -8.5494450753856e-07 -0.0023601223806946 1.0831564276347e-06 -0.0023601113297254 
426.18845938599 -8.4538961873766e-07 -0.0023469032225727 1.0710672500702e-06 -0.0023468922348177 
428.57606980272 -8.3599135363597e-07 -0.0023338313092309 1.0591796255345e-06 -0.0023338203837488 
430.96368021945 -8.2674917432477e-07 -0.0023209041805738 1.0474889317233e-06 -0.0023208933174589 
433.35129063618 -8.1766295788425e-07 -0.002308119462792 1.0359893473338e-06 -0.0023081086611171 
435.7389010529 -8.0872357009061e-07 -0.002295474821208 1.0246786768102e-06 -0.0022954640796586 
438.12651146963 -7.9992672838941e-07 -0.0022829679445859 1.0135537916908e-06 -0.0022829572629339 
440.51412188636 -7.9127660059966e-07 -0.0022705965974269 1.002607310937e-06 -0.0022705859753681 
442.90173230309 -7.827682482835e-07 -0.0022583586104774 9.9183580923758e-07 -0.0022583480468342 
445.28934271982 -7.7439121738677e-07 -0.0022462518278986 9.8123948263101e-07 -0.0022462413218683 
447.67695313655 -7.6614708408913e-07 -0.0022342741321046 9.7081270469855e-07 -0.0022342636835281 
450.06456355327 -7.5803973304237e-07 -0.0022224234864725 9.6054806424384e-07 -0.0022224130947381 
452.45217397 -7.5006000318337e-07 -0.0022106978960639 9.5044525651049e-07 -0.0022106875601573 
454.83978438673 -7.4219954695018e-07 -0.0021990953715704 9.4050429399587e-07 -0.0021990850909403 
457.22739480346 -7.3446334378675e-07 -0.0021876139731359 9.3071792111042e-07 -0.0021876037474949 
459.61500522019 -7.2685357413162e-07 -0.0021762518364535 9.2108000524731e-07 -0.002176241665137 
462.00261563691 -7.1935956053831e-07 -0.002165007123714 9.1159177902803e-07 -0.0021649970059137 
464.39022605364 -7.1197472940262e-07 -0.0021538780006728 9.0225278777995e-07 -0.0021538679358903 
466.77783647037 -7.0470507839133e-07 -0.0021428626843492 8.9305560278226e-07 -0.0021428526721891 
469.1654468871 -6.975523487655e-07 -0.0021319594617288 8.839948367538e-07 -0.0021319495015915 
471.55305730383 -6.9050613733237e-07 -0.0021211666411491 8.7507198039021e-07 -0.0021211567323859 
473.94066772056 -6.8355990064894e-07 -0.0021104825312301 8.6628688866899e-07 -0.0021104726733338 
476.32827813728 -6.7671914935099e-07 -0.0020999054853605 8.576329265367e-07 -0.0020998956778618 
478.71588855401 -6.6998685021361e-07 -0.0020894339240362 8.4910459113867e-07 -0.0020894241664086 
481.10349897074 -6.6335425142521e-07 -0.0020790662926175 8.4070270033923e-07 -0.0020790565843433 
483.49110938747 -6.5681344594222e-07 -0.0020688010326255 8.3242800690099e-07 -0.0020687913732101 
485.8787198042 -6.5036788662653e-07 -0.0020586366164618 8.2427551081858e-07 -0.0020586270053792 
488.26633022093 -6.4402250498161e-07 -0.0020485715801644 8.1623930310231e-07 -0.0020485620169084 
490.65394063765 -6.3777192630664e-07 -0.0020386044956502 8.0831863888496e-07 -0.0020385949798052 
493.04155105438 -6.3160696488617e-07 -0.0020287339314834 8.0051491092137e-07 -0.0020287244626297 
495.42916147111 -6.255271555722e-07 -0.0020189584680885 7.9282549036247e-07 -0.0020189490456877 
497.81677188784 -6.1953819181948e-07 -0.0020092767384957 7.8524478391313e-07 -0.0020092673619955 
500.20438230457 -6.1363961824867e-07 -0.0019996874252423 7.7776998343288e-07 -0.0019996780942498 
502.5919927213 -6.0782326570587e-07 -0.0019901892193885 7.7040189032281e-07 -0.0019901799335976 
504.97960313802 -6.0208398739884e-07 -0.0019807808080481 7.631401670999e-07 -0.001980771567011 
507.36721355475 -5.9642498291699e-07 -0.0019714609078152 7.5598096181449e-07 -0.0019714517109388 
509.75482397148 -5.9085002871858e-07 -0.0019622282889634 7.4892014577844e-07 -0.0019622191357606 
512.14243438821 -5.853555034908e-07 -0.0019530817528642 7.4195658701012e-07 -0.0019530726430647 
514.53004480494 -5.7993406418527e-07 -0.0019440200982716 7.3509071702397e-07 -0.0019440110316038 
516.91765522166 -5.7458351627826e-07 -0.0019350421265334 7.2832114654753e-07 -0.0019350331025042 
519.30526563839 -5.6930757725111e-07 -0.001926146675304 7.2164439546837e-07 -0.0019261376933167 
521.69287605512 -5.6410822527194e-07 -0.0019173326296205 7.1505758754136e-07 -0.001917323689263 
524.08048647185 -5.58981182508e-07 -0.0019085988949602 7.0855993724774e-07 -0.0019085899960368 
526.46809688858 -5.5392048111467e-07 -0.0018999443716738 7.0215124932171e-07 -0.0018999355139316 
528.85570730531 -5.4892496117415e-07 -0.0018913679656836 6.9582998017315e-07 -0.0018913591486231 
531.24331772203 -5.4399777061207e-07 -0.0018828686181564 6.895934423987e-07 -0.0018828598411957 
533.63092813876 -5.3914021844639e-07 -0.0018744453122561 6.8343947270337e-07 -0.0018744365750163 
536.01853855549 -5.3434866395689e-07 -0.0018660970486305 6.7736710045115e-07 -0.0018660883509521 
538.40614897222 -5.2961810763416e-07 -0.001857822823196 6.7137565959486e-07 -0.0018578141648673 
540.79375938895 -5.2494719505306e-07 -0.0018496216355292 6.6546381294325e-07 -0.0018496130160925 
543.18136980568 -5.2033820371683e-07 -0.0018414925148304 6.5962965888864e-07 -0.001841483933718 
545.5689802224 -5.1579254331058e-07 -0.0018334345289773 6.538715025686e-07 -0.0018334259857923 
547.95659063913 -5.1130780736486e-07 -0.0018254467658055 6.4818814691228e-07 -0.001825438260387 
550.34420105586 -5.0687975793999e-07 -0.0018175283109417 6.4257854498701e-07 -0.0018175198431397 
552.73181147259 -5.0250631126174e-07 -0.0018096782490491 6.3704148609596e-07 -0.0018096698184974 
555.11942188932 -4.9818860357122e-07 -0.0018018956852305 6.3157568458957e-07 -0.0018018872913941 
557.50703230604 -4.9392823177866e-07 -0.001794179759447 6.2617995200784e-07 -0.0017941714018751 
559.89464272277 -4.8972428202444e-07 -0.001786529637031 6.2085311179094e-07 -0.0017865213155069 
562.2822531395 -4.8557354763344e-07 -0.0017789444873295 6.1559383177403e-07 -0.0017789362017479 
564.66986355623 -4.8147330663769e-07 -0.0017714234753651 6.1040075274572e-07 -0.0017714152254905 
567.05747397296 -4.7742327697989e-07 -0.0017639657748648 6.0527282220988e-07 -0.0017639575602515 
569.44508438969 -4.7342471114282e-07 -0.0017565705864492 6.0020934664961e-07 -0.0017565624066055 
571.83269480641 -4.6947797049481e-07 -0.0017492371401936 5.9520956246799e-07 -0.001749228994793 
574.22030522314 -4.6558133510444e-07 -0.0017419646803978 5.9027221564954e-07 -0.0017419565693052 
576.60791563987 -4.6173216599929e-07 -0.0017347524497779 5.8539568979493e-07 -0.0017347443728721 
578.9955260566 -4.5792889656007e-07 -0.0017275996897326 5.8057864324628e-07 -0.0017275916467269 
581.38313647333 -4.5417169958292e-07 -0.001720505655163 5.7582045151543e-07 -0.0017204976456122 
583.77074689006 -4.5046133239838e-07 -0.0017134696272292 5.711208939435e-07 -0.0017134616507049 
586.15835730678 -4.4679756112541e-07 -0.001706490910766 5.6647936112133e-07 -0.0017064829670086 
588.54596772351 -4.4317876436855e-07 -0.0016995688196471 5.6189445138296e-07 -0.0016995609085425 
590.93357814024 -4.3960297460562e-07 -0.0016927026653588 5.573643959844e-07 -0.0016926947867742 
593.32118855697 -4.3606911684193e-07 -0.0016858917597115 5.5288794867381e-07 -0.0016858839133621 
595.7087989737 -4.3257725448142e-07 -0.0016791354279742 5.4846479259999e-07 -0.0016791276134498 
598.09640939042 -4.2912773942533e-07 -0.0016724330187734 5.440950317053e-07 -0.0016724252356871 
600.48401980715 -4.2572022658921e-07 -0.0016657839012287 5.3977824277468e-07 -0.0016657761493378 
602.87163022388 -4.2235347748182e-07 -0.0016591874526228 5.3551303713022e-07 -0.0016591797318092 
605.25924064061 -4.1902601538373e-07 -0.001652643048582 5.3129757728786e-07 -0.0016526353587206 
607.64685105734 -4.1573691427777e-07 -0.0016461500645722 5.2713055704761e-07 -0.0016461424054172 
610.03446147407 -4.1248598590173e-07 -0.0016397078864655 5.2301171696766e-07 -0.0016397002576563 
612.42207189079 -4.0927330666155e-07 -0.0016333159198447 5.1894138638729e-07 -0.0016333083210174 
614.80968230752 -4.0609859608516e-07 -0.0016269735895642 5.1491948676827e-07 -0.0016269660204616 
617.19729272425 -4.0296101187629e-07 -0.0016206803304023 5.1094491272585e-07 -0.0016206727908847 
619.58490314098 -3.9985946466616e-07 -0.0016144355774023 5.07015857289e-07 -0.0016144280673578 
621.97251355771 -3.9679309875572e-07 -0.0016082387641954 5.031307784594e-07 -0.0016082312834356 
624.36012397444 -3.9376150410582e-07 -0.0016020893301159 4.9928914327422e-07 -0.0016020818783455 
626.74773439116 -3.9076452290775e-07 -0.0015959867293687 4.9549130791542e-07 -0.0015959793062498 
629.13534480789 -3.8780191037547e-07 -0.0015899304342665 4.9173762151148e-07 -0.001589923039516 
631.52295522462 -3.8487312644486e-07 -0.0015839199300442 4.8802757029928e-07 -0.0015839125634805 
633.91056564135 -3.8197741690832e-07 -0.0015779547059313 4.8435966448983e-07 -0.0015779473674381 
636.29817605808 -3.7911406314207e-07 -0.0015720342498556 4.8073214411315e-07 -0.0015720269392969 
638.6857864748 -3.7628254676992e-07 -0.0015661580507411 4.7714391955471e-07 -0.001566150767901 
641.07339689153 -3.7348252925937e-07 -0.0015603256059725 4.7359495477623e-07 -0.001560318350564 
643.46100730826 -3.7071370471813e-07 -0.0015545364277087 4.7008579976507e-07 -0.0015545291994396 
645.84861772499 -3.6797566468129e-07 -0.0015487900430477 4.6661668130145e-07 -0.0015487828416864 
648.23622814172 -3.6526789379855e-07 -0.0015430859881894 4.6318686855423e-07 -0.0015430788135818 
650.62383855845 -3.6258985904711e-07 -0.0015374238013247 4.5979481095957e-07 -0.0015374166533526 
653.01144897517 -3.5994109522477e-07 -0.0015318030196354 4.5643891339447e-07 -0.001531795898153 
655.3990593919 -3.573212081244e-07 -0.0015262231823209 4.5311833827681e-07 -0.0015262160871194 
657.78666980863 -3.5472982928101e-07 -0.0015206838369337 4.498332059294e-07 -0.0015206767677555 
660.17428022536 -3.5216654284127e-07 -0.0015151845440961 4.4658410703986e-07 -0.0015151775006853 
662.56189064209 -3.4963089763497e-07 -0.0015097248771385 4.4337126792712e-07 -0.0015097178592872 
664.94950105882 -3.4712246562574e-07 -0.0015043044171557 4.4019401869003e-07 -0.0015042974247136 
667.33711147554 -3.4464088259575e-07 -0.0014989227472054 4.3705094121026e-07 -0.0014989157800501 
669.72472189227 -3.4218584536543e-07 -0.0014935794497176 4.3394054122497e-07 -0.001493572507709 
672.112332309 -3.3975704525823e-07 -0.001488274108679 4.3086196522816e-07 -0.001488267191632 
674.49994272573 -3.373540965739e-07 -0.0014830063147055 4.2781525499244e-07 -0.0014829994223965 
676.88755314246 -3.3497653954131e-07 -0.0014777756692861 4.248009666107e-07 -0.0014777688014865 
679.27516355918 -3.3262390240627e-07 -0.0014725817852871 4.218194662456e-07 -0.0014725749417981 
681.66277397591 -3.3029579490928e-07 -0.0014674242835179 4.1887037849365e-07 -0.0014674174641838 
684.05038439264 -3.2799194746921e-07 -0.001462302787842 4.1595256481403e-07 -0.0014622959925351 
686.43799480937 -3.2571217206443e-07 -0.0014572169220553 4.130646101349e-07 -0.0014572101506453 
688.8256052261 -3.2345625810757e-07 -0.0014521663104413 4.1020548290702e-07 -0.0014521595627711 
691.21321564283 -3.2122388047285e-07 -0.0014471505813392 4.0737492442236e-07 -0.0014471438572204 
693.60082605955 -3.1901459508638e-07 -0.0014421693712302 4.0457331956182e-07 -0.0014421626704607 
695.98843647628 -3.1682790809422e-07 -0.0014372223266284 4.0180117919124e-07 -0.0014372156490168 
698.37604689301 -3.1466339729776e-07 -0.0014323091026759 3.9905855766827e-07 -0.0014323024480588 
700.76365730974 -3.1252079554472e-07 -0.0014274293594499 3.9634478285451e-07 -0.0014274227276905 
703.15126772647 -3.1039996302363e-07 -0.001422582758353 3.9365866884155e-07 -0.0014225761493253 
705.5388781432 -3.0830079941386e-07 -0.0014177689607337 3.9099901797508e-07 -0.0014177623743031 
707.92648855992 -3.0622310971373e-07 -0.0014129876294093 3.883651351737e-07 -0.0014129810654204 
710.31409897665 -3.0416655414612e-07 -0.0014082384319603 3.8575699574121e-07 -0.0014082318902414 
712.70170939338 -3.0213065974729e-07 -0.0014035210436621 3.8317504152449e-07 -0.001403514524036 
715.08931981011 -3.0011497129379e-07 -0.0013988351483598 3.8061965657562e-07 -0.0013988286506631 
717.47693022684 -2.9811909653793e-07 -0.0013941804367357 3.7809080832221e-07 -0.001394173960819 
719.86454064357 -2.961428951028e-07 -0.0013895566032853 3.7558776181327e-07 -0.0013895501490231 
722.25215106029 -2.9418620885122e-07 -0.0013849633434131 3.7310954335308e-07 -0.0013849569106713 
724.63976147702 -2.922491273812e-07 -0.0013804003528707 3.7065497028245e-07 -0.0013803939415316 
727.02737189375 -2.9033127007479e-07 -0.0013758673286697 3.6822369030332e-07 -0.0013758609385692 
729.41498231048 -2.8843263518604e-07 -0.0013713639724478 3.6581534420626e-07 -0.0013713576034638 
731.80259272721 -2.8655235262482e-07 -0.0013668899917794 3.6343076376073e-07 -0.0013668836437157 
734.19020314393 -2.8469052670437e-07 -0.0013624451024338 3.610697170161e-07 -0.0013624387751987 
736.57781356066 -2.8284616076858e-07 -0.0013580290251107 3.587329080968e-07 -0.0013580227184979 
738.96542397739 -2.810197757687e-07 -0.0013536414856766 3.564190627766e-07 -0.0013536351996405 
741.35303439412 -2.7921067569343e-07 -0.0013492822095029 3.5412799713434e-07 -0.0013492759438306 
743.74064481085 -2.7741930154646e-07 -0.001344950924359 3.5185828029981e-07 -0.0013449446790153 
746.12825522758 -2.7564544318956e-07 -0.0013406473568077 3.4960941177911e-07 -0.0013406411315803 
748.5158656443 -2.7388850166278e-07 -0.0013363712386079 3.4738160554644e-07 -0.0013363650334281 
750.90347606103 -2.7214898010961e-07 -0.0013321223046421 3.4517414259689e-07 -0.0013321161193301 
753.29108647776 -2.7042513721985e-07 -0.0013279002974913 3.4298880022352e-07 -0.0013278941319365 
755.67869689449 -2.687181389901e-07 -0.0013237049646677 3.4082406231301e-07 -0.0013236988187382 
758.06630731122 -2.6702638935007e-07 -0.0013195360579932 3.3868118848761e-07 -0.0013195299315614 
760.45391772795 -2.6535065411322e-07 -0.0013153933318491 3.3655861122652e-07 -0.0013153872247998 
762.84152814467 -2.6369087766071e-07 -0.0013112765404197 3.3445558698935e-07 -0.0013112704526314 
765.2291385614 -2.6204630028249e-07 -0.0013071854393833 3.3237220902569e-07 -0.0013071793707344 
767.61674897813 -2.6041801798117e-07 -0.0013031197852772 3.3030673139689e-07 -0.0013031137356431 
770.00435939486 -2.5880457458846e-07 -0.0012990793382097 3.2826047351735e-07 -0.0012990733074834 
772.39196981159 -2.5720624245957e-07 -0.0012950638633688 3.2623295914366e-07 -0.0012950578514095 
774.77958022831 -2.5562284216064e-07 -0.001291073130568 3.2422423999097e-07 -0.0012910671372807 
777.16719064504 -2.540532214154e-07 -0.0012871069149888 3.2223532503121e-07 -0.0012871009402531 
779.55480106177 -2.5249823297427e-07 -0.0012831649946331 3.2026476496279e-07 -0.0012831590383154 
781.9424114785 -2.5095724650943e-07 -0.0012792471489336 3.1831266359855e-07 -0.0012792412109543 
784.33002189523 -2.4943011498484e-07 -0.0012753531585651 3.1637850196474e-07 -0.0012753472387775 
786.71763231196 -2.4791754561566e-07 -0.0012714828041613 3.1446085317404e-07 -0.0012714769024552 
789.10524272868 -2.4641864438021e-07 -0.001267635868167 3.125603175452e-07 -0.0012676299844614 
791.49285314541 -2.4493346976284e-07 -0.0012638121362977 3.1067651880971e-07 -0.001263806270441 
793.88046356214 -2.4346204080739e-07 -0.0012600113976075 3.0880924522371e-07 -0.0012600055495201 
796.26807397887 -2.4200338951392e-07 -0.0012562334461891 3.0695948333621e-07 -0.0012562276157841 
798.6556843956 -2.4055767764473e-07 -0.0012524780802818 3.0512674182988e-07 -0.0012524722674085 
801.04329481233 -2.3912484066586e-07 -0.0012487451003391 3.0331070263032e-07 -0.0012487393049284 
803.43090522905 -2.3770436384788e-07 -0.0012450343091822 3.0151150727302e-07 -0.0012450285311293 
805.81851564578 -2.3629664320038e-07 -0.0012413455103114 2.9972806488961e-07 -0.001241339749462 
808.20612606251 -2.3490166505297e-07 -0.0012376785071062 2.9795987212631e-07 -0.0012376727633954 
810.59373647924 -2.3351903771168e-07 -0.0012340331049255 2.9620702657073e-07 -0.0012340273782493 
812.98134689597 -2.321488818805e-07 -0.0012304091111472 2.94468994911e-07 -0.0012304034013649 
815.36895731269 -2.3079092934043e-07 -0.001226806335579 2.9274589721004e-07 -0.0012268006426403 
817.75656772942 -2.2944468265684e-07 -0.0012232245926917 2.9103823255238e-07 -0.0012232189165064 
820.14417814615 -2.2811006654606e-07 -0.0012196637005366 2.8934577690421e-07 -0.0012196580409669 
822.53178856288 -2.267869118559e-07 -0.0012161234792731 2.8766843577368e-07 -0.0012161178362612 
824.91939897961 -2.2547499536408e-07 -0.0012126037519577 2.8600619971688e-07 -0.0012125981254118 
827.30700939634 -2.2417437897695e-07 -0.0012091043428332 2.8435843548397e-07 -0.0012090987326029 
829.69461981306 -2.2288508217009e-07 -0.0012056250756755 2.8272462036517e-07 -0.0012056194816863 
832.08223022979 -2.2160703343694e-07 -0.0012021657757591 2.8110456890034e-07 -0.001202160197934 
834.46984064652 -2.2034014958984e-07 -0.0011987262701422 2.7949796179061e-07 -0.0011987207083425 
836.85745106325 -2.1908424355439e-07 -0.0011953063868258 2.7790467851248e-07 -0.0011953008409771 
839.24506147998 -2.178391273169e-07 -0.0011919059571279 2.7632491754837e-07 -0.0011919004271827 
841.63267189671 -2.1660456116397e-07 -0.0011885248165143 2.7475876767953e-07 -0.0011885193023541 
844.02028231343 -2.1538025066315e-07 -0.001185162802339 2.732062095595e-07 -0.0011851573038704 
846.40789273016 -2.1416612539542e-07 -0.0011818197542086 2.716671895266e-07 -0.0011818142713829 
848.79550314689 -2.1296218033278e-07 -0.0011784955146806 2.7014145724628e-07 -0.0011784900473857 
851.18311356362 -2.1176823906777e-07 -0.001175189926587 2.6862864872095e-07 -0.0011751844746968 
853.57072398035 -2.1058431127386e-07 -0.0011719028324154 2.6712840436667e-07 -0.0011718973958664 
855.95833439707 -2.0941055319293e-07 -0.0011686340766132 2.6564037061992e-07 -0.0011686286553212 
858.3459448138 -2.0824674361117e-07 -0.0011653835049949 2.6416437504783e-07 -0.0011653780988379 
860.73355523053 -2.0709261011409e-07 -0.0011621509637429 2.6270040282684e-07 -0.0011621455726529 
863.12116564726 -2.0594819864304e-07 -0.0011589363019657 2.6124842543716e-07 -0.0011589309258971 
865.50877606399 -2.04813333234e-07 -0.0011557393726508 2.5980849219317e-07 -0.001155734011506 
867.89638648072 -2.0368755511248e-07 -0.0011525600302571 2.5838074329142e-07 -0.0011525546839446 
870.28399689744 -2.0257083662565e-07 -0.001149398130786 2.569650822295e-07 -0.001149392799255 
872.67160731417 -2.0146334405286e-07 -0.0011462535333297 2.5556122285846e-07 -0.0011462482164962 
875.0592177309 -2.0036481497628e-07 -0.0011431260980432 2.541689915819e-07 -0.0011431207957882 
877.44682814763 -1.9927505677236e-07 -0.0011400156841979 2.5278817960289e-07 -0.0011400103964394 
879.83443856436 -1.9819436442031e-07 -0.0011369221522238 2.514183577682e-07 -0.0011369168788977 
882.22204898109 -1.9712275017014e-07 -0.0011338453647239 2.5005927724799e-07 -0.0011338401057317 
884.60965939781 -1.9605976290916e-07 -0.0011307851845468 2.4871100505937e-07 -0.001130779939797 
886.99726981454 -1.9500531318408e-07 -0.0011277414753408 2.4737350713226e-07 -0.0011277362447844 
889.38488023127 -1.9395959101125e-07 -0.001124714104309 2.460466314649e-07 -0.0011247088878894 
891.772490648 -1.9292227691892e-07 -0.0011217029415266 2.4473048362992e-07 -0.0011216977391561 
894.16010106473 -1.9189291050896e-07 -0.0011187078576145 2.4342522381016e-07 -0.0011187026692198 
896.54771148146 -1.9087163462292e-07 -0.00111572872473 2.4213064060737e-07 -0.0011157235502553 
898.93532189818 -1.8985865828962e-07 -0.0011127654178979 2.4084641537606e-07 -0.0011127602572611 
901.32293231491 -1.8885363957508e-07 -0.0011098178127825 2.3957248579479e-07 -0.0011098126658821 
903.71054273164 -1.8785634287334e-07 -0.0011068857840255 2.3830873661545e-07 -0.001106880650782 
906.09815314837 -1.8686709716594e-07 -0.0011039692073447 2.3705475982005e-07 -0.0011039640876931 
908.4857635651 -1.8588600390188e-07 -0.0011010679607862 2.3581030330336e-07 -0.0011010628546455 
910.87337398182 -1.8491258970933e-07 -0.001098181922838 2.3457548825623e-07 -0.0010981768301275 
913.26098439855 -1.839466324184e-07 -0.0010953109721287 2.3335035382139e-07 -0.001095305892793 
915.64859481528 -1.8298840083565e-07 -0.0010924549900299 2.3213468832215e-07 -0.0010924499240197 
918.03620523201 -1.8203782788706e-07 -0.0010896138611486 2.309284570806e-07 -0.0010896088083965 
920.42381564874 -1.8109438883957e-07 -0.0010867874708549 2.2973186234914e-07 -0.0010867824312889 
922.81142606547 -1.8015795728443e-07 -0.00108397570478 2.2854485781527e-07 -0.0010839706783381 
925.19903648219 -1.7922888304584e-07 -0.0010811784507935 2.2736708885105e-07 -0.0010811734374095 
927.58664689892 -1.7830715209001e-07 -0.0010783955987399 2.2619836330046e-07 -0.0010783905983309 
929.97425731565 -1.7739232764902e-07 -0.0010756270379026 2.2503871806143e-07 -0.0010756220503852 
932.36186773238 -1.7648435732271e-07 -0.0010728726569283 2.2388799747831e-07 -0.0010728676822325 
934.74947814911 -1.7558360805119e-07 -0.0010701323462546 2.2274583159748e-07 -0.001070127384315 
937.13708856584 -1.7469004145213e-07 -0.0010674059984182 2.2161210258198e-07 -0.0010674010491667 
939.52469898256 -1.7380316350307e-07 -0.0010646935060867 2.2048698227191e-07 -0.0010646885694603 
941.91230939929 -1.7292282239721e-07 -0.001061994762178 2.1937048556962e-07 -0.0010619898381247 
944.29991981602 -1.7204930627997e-07 -0.0010593096622154 2.1826239252286e-07 -0.0010593047506842 
946.68753023275 -1.711825942366e-07 -0.0010566381045873 2.1716263494033e-07 -0.0010566332055202 
949.07514064948 -1.7032221688735e-07 -0.0010539799882095 2.1607136930166e-07 -0.0010539751015443 
951.4627510662 -1.6946798676096e-07 -0.0010513352117832 2.1498858185796e-07 -0.0010513303374563 
953.85036148293 -1.6862022063382e-07 -0.0010487036755861 2.1391396228226e-07 -0.0010486988135304 
956.23797189966 -1.6777905223399e-07 -0.0010460852819728 2.1284727599026e-07 -0.0010460804321168 
958.62558231639 -1.6694411930713e-07 -0.0010434799333024 2.1178854896885e-07 -0.001043475095575 
961.01319273312 -1.6611516852761e-07 -0.0010408875309371 2.1073776660613e-07 -0.0010408827052706 
963.40080314985 -1.6529244032261e-07 -0.0010383079771161 2.0969467751952e-07 -0.001038303163447 
965.78841356657 -1.644761413929e-07 -0.0010357411764708 2.0865906633567e-07 -0.0010357363747411 
968.1760239833 -1.636659696976e-07 -0.001033187034777 2.0763099947777e-07 -0.0010331822449349 
970.56363440003 -1.6286153088664e-07 -0.0010306454575638 2.0661060974546e-07 -0.0010306406795599 
972.95124481676 -1.6206288992276e-07 -0.0010281163513077 2.0559780500942e-07 -0.0010281115850905 
975.33885523349 -1.6127030622429e-07 -0.0010255996251956 2.0459238543514e-07 -0.0010255948707125 
977.72646565022 -1.6048364818861e-07 -0.0010230951903443 2.0359432825151e-07 -0.0010230904475429 
980.11407606694 -1.5970251049827e-07 -0.001020602957681 2.0260373176318e-07 -0.0010205982265052 
982.50168648367 -1.5892681219899e-07 -0.001018122837855 2.0162052422556e-07 -0.0010181181182404 
984.8892969004 -1.5815684624758e-07 -0.0010156547429635 2.0064444085787e-07 -0.0010156500348418 
987.27690731713 -1.573927134819e-07 -0.001013198586866 1.9967530262892e-07 -0.0010131938901737 
989.66451773386 -1.5663410037474e-07 -0.0010107542834355 1.9871313318131e-07 -0.0010107495981146 
992.05212815058 -1.5588074612487e-07 -0.001008321745674 1.9775794737448e-07 -0.0010083170716661 
994.43973856731 -1.5513279646612e-07 -0.0010059008872499 1.9680958894423e-07 -0.0010058962244955 
996.82734898404 -1.5439047557445e-07 -0.0010034916240809 1.958678758211e-07 -0.0010034869725277 
999.21495940077 -1.5365362656067e-07 -0.0010010938736119 1.9493280910468e-07 -0.0010010892332182 
1001.6025698175 -1.5292187537134e-07 -0.00099870755322689 1.9400449390765e-07 -0.00099870292395185 
1003.9901802342 -1.5219512767352e-07 -0.00099633258049358 1.9308291355075e-07 -0.00099632796228793 
1006.377790651 -1.5147360973769e-07 -0.0009939688748273 1.9216790338393e-07 -0.0009939642676366 
1008.7654010677 -1.5075741086744e-07 -0.00099161635781532 1.9125934501832e-07 -0.00099161176158904 
1011.1530114844 -1.5004626578318e-07 -0.00098927495154542 1.9035726107156e-07 -0.0009892703662357 
1013.5406219011 -1.4933990789896e-07 -0.00098694457737752 1.8946166708517e-07 -0.00098694000292871 
1015.9282323179 -1.4863841349489e-07 -0.00098462515684046 1.8857243689641e-07 -0.00098462059318702 
1018.3158427346 -1.4794202084323e-07 -0.00098231661305541 1.8768937667539e-07 -0.00098231206013365 
1020.7034531513 -1.4725070718728e-07 -0.00098001887041099 1.8681240129364e-07 -0.00098001432816903 
1023.0910635681 -1.4656417683867e-07 -0.00097773185305061 1.8594154075326e-07 -0.00097772732144331 
1025.4786739848 -1.4588225113178e-07 -0.00097545548456866 1.8507679084645e-07 -0.00097545096354646 
1027.8662844015 -1.4520505998562e-07 -0.00097318968949685 1.8421804220609e-07 -0.00097318517900618 
1030.2538948182 -1.4453277219835e-07 -0.00097093439448593 1.8336517304628e-07 -0.00097092989448097 
1032.641505235 -1.4386526947831e-07 -0.00096868952756452 1.8251816855996e-07 -0.00096868503801036 
1035.0291156517 -1.4320225693744e-07 -0.00096645501672135 1.8167707525627e-07 -0.00096645053758306 
1037.4167260684 -1.4254362134259e-07 -0.00096423078987811 1.8084187457892e-07 -0.00096422632110865 
1039.8043364851 -1.4188951882404e-07 -0.0009620167762068 1.8001245175692e-07 -0.00096201231775041 
1042.1919469019 -1.4124008128789e-07 -0.00095981290673011 1.7918869245092e-07 -0.00095980845853512 
1044.5795573186 -1.4059517342707e-07 -0.00095761911321288 1.783705642722e-07 -0.00095761467523517 
1046.9671677353 -1.3995453931532e-07 -0.00095543532681569 1.7755807295993e-07 -0.0009554308990085 
1049.3547781521 -1.3931811683453e-07 -0.00095326147829543 1.7675116406695e-07 -0.00095325706060126 
1051.7423885688 -1.3868606475997e-07 -0.00095109749936373 1.7594972216005e-07 -0.00095109309172165 
1054.1299989855 -1.3805848767377e-07 -0.00094894332327614 1.7515365175593e-07 -0.00094893892563589 
1056.5176094022 -1.3743524542459e-07 -0.00094679888390848 1.7436292960382e-07 -0.0009467944962329 
1058.905219819 -1.368161009245e-07 -0.0009446641147291 1.7357756280428e-07 -0.00094465973698233 
1061.2928302357 -1.3620098971193e-07 -0.00094253894917803 1.7279751793726e-07 -0.00094253458131574 
1063.6804406524 -1.3559004608001e-07 -0.00094042332200668 1.7202271321191e-07 -0.00094041896398092 
1066.0680510692 -1.3498336130746e-07 -0.00093831716981696 1.7125307796948e-07 -0.00093831282158776 
1068.4556614859 -1.3438081291322e-07 -0.0009362204301315 1.7048858876062e-07 -0.00093621609166808 
1070.8432719026 -1.337821848884e-07 -0.00093413304024536 1.697292386413e-07 -0.00093412871151383 
1073.2308823193 -1.3318740241359e-07 -0.00093205493732168 1.6897499137556e-07 -0.00093205061827487 
1075.6184927361 -1.3259657986904e-07 -0.0009299860594692 1.6822577002194e-07 -0.00092998175005145 
1078.0061031528 -1.3200981662058e-07 -0.00092792634626016 1.6748150363608e-07 -0.00092792204642045 
1080.3937135695 -1.314270332647e-07 -0.00092587573794027 1.6674214839404e-07 -0.000925871447638 
1082.7813239863 -1.3084802905818e-07 -0.00092383417430137 1.6600768800883e-07 -0.00092382989349668 
1085.168934403 -1.3027271237881e-07 -0.0009218015946538 1.6527807945319e-07 -0.00092179732329956 
1087.5565448197 -1.2970114693482e-07 -0.00091977793887147 1.6455327869318e-07 -0.00091977367691296 
1089.9441552364 -1.2913345584322e-07 -0.00091776314826272 1.6383321023267e-07 -0.00091775889565482 
1092.3317656532 -1.2856957642663e-07 -0.00091575716514058 1.6311786196062e-07 -0.00091575292184736 
1094.7193760699 -1.2800937686126e-07 -0.00091375993190988 1.6240716697962e-07 -0.00091375569790803 
1097.1069864866 -1.2745267842364e-07 -0.00091177139062792 1.6170114790939e-07 -0.0009117671658786 
1099.4945969034 -1.2689957562083e-07 -0.00090979148399347 1.6099968885822e-07 -0.00090978726846053 
1101.8822073201 -1.2635009056796e-07 -0.00090782015599327 1.6030283191373e-07 -0.00090781594962373 
1104.2698177368 -1.2580433663477e-07 -0.00090585735215012 1.5961042974346e-07 -0.00090585315491988 
1106.6574281535 -1.2526208496118e-07 -0.00090390301806782 1.5892255788196e-07 -0.00090389882993325 
1109.0450385703 -1.2472329513375e-07 -0.000901957099252 1.5823906280524e-07 -0.00090195292019283 
1111.432648987 -1.2418784528875e-07 -0.00090001954077346 1.5756000455495e-07 -0.00090001537072553 
1113.8202594037 -1.2365586984193e-07 -0.0008980902889199 1.5688528794989e-07 -0.00089808612784693 
1116.2078698205 -1.2312742094789e-07 -0.00089616929073245 1.5621488673219e-07 -0.0008961651385727 
1118.5954802372 -1.2260236718971e-07 -0.00089425649418158 1.5554883532357e-07 -0.00089425235091248 
1120.9830906539 -1.2208070717699e-07 -0.00089235184656178 1.5488694082369e-07 -0.00089234771214143 
1123.3707010706 -1.215621476137e-07 -0.00089045529507263 1.5422938761969e-07 -0.00089045116946779 
1125.7583114874 -1.2104696413026e-07 -0.00088856678718783 1.5357588013211e-07 -0.00088856267035239 
1128.1459219041 -1.2053498850751e-07 -0.00088668627165441 1.5292666071897e-07 -0.00088668216354509 
1130.5335323208 -1.20026414828e-07 -0.00088481369840977 1.5228148834434e-07 -0.0008848095989991 
1132.9211427376 -1.1952105485872e-07 -0.00088294901757148 1.5164041375623e-07 -0.00088294492683205 
1135.3087531543 -1.1901876501284e-07 -0.00088109217923388 1.5100341436867e-07 -0.0008810880971417 
1137.696363571 -1.1851966390456e-07 -0.00087924313338198 1.5037028687622e-07 -0.00087923905989837 
1140.0839739877 -1.1802358611874e-07 -0.00087740183098479 1.4974125216685e-07 -0.00087739776606708 
1142.4715844045 -1.1753079762497e-07 -0.00087556822418028 1.4911605418582e-07 -0.00087556416778809 
1144.8591948212 -1.1704112146222e-07 -0.00087374226575437 1.4849481487546e-07 -0.00087373821785585 
1147.2468052379 -1.165544648623e-07 -0.00087192390849916 1.4787746618008e-07 -0.00087191986906295 
1149.6344156546 -1.1607085632547e-07 -0.00087011310464923 1.472638326303e-07 -0.00087010907363946 
1152.0220260714 -1.1559009339256e-07 -0.00086830980662324 1.4665411073292e-07 -0.00086830578399527 
1154.4096364881 -1.1511240568845e-07 -0.00086651396761842 1.4604809718218e-07 -0.00086650995332372 
1156.7972469048 -1.1463771993925e-07 -0.00086472554172833 1.454458904606e-07 -0.00086472153573186 
1159.1848573216 -1.141659405394e-07 -0.00086294448358688 1.4484749807233e-07 -0.00086294048585662 
1161.5724677383 -1.136971214682e-07 -0.00086117074752234 1.4425269256958e-07 -0.00086116675803291 
1163.960078155 -1.1323103046061e-07 -0.00085940428769287 1.4366161789654e-07 -0.00085940030641587 
1166.3476885717 -1.1276778062273e-07 -0.00085764505869286 1.4307413645027e-07 -0.0008576410855861 
1168.7352989885 -1.1230743834752e-07 -0.00085589301603767 1.4249022331824e-07 -0.00085588905106896 
1171.1229094052 -1.1184989075347e-07 -0.00085414811638167 1.4191000369745e-07 -0.00085414415952002 
1173.5105198219 -1.113952367581e-07 -0.00085241031677937 1.4133325216196e-07 -0.00085240636799763 
1175.8981302387 -1.1094332302296e-07 -0.00085067957409776 1.4075998640797e-07 -0.0008506756333777 
1178.2857406554 -1.1049406421387e-07 -0.00084895584516523 1.4019020068975e-07 -0.00084895191246975 
1180.6733510721 -1.1004759041646e-07 -0.00084723908709457 1.3962374381245e-07 -0.00084723516238343 
1183.0609614888 -1.0960381423503e-07 -0.00084552925788068 1.39060769061e-07 -0.00084552534111862 
1185.4485719056 -1.0916276276797e-07 -0.00084382631638891 1.3850123850339e-07 -0.00084382240753393 
1187.8361823223 -1.0872445335611e-07 -0.00084213022158962 1.3794502814515e-07 -0.00084212632061572 
1190.223792739 -1.0828870021942e-07 -0.00084044093223005 1.3739221383772e-07 -0.00084043703911182 
1192.6114031558 -1.0785552178929e-07 -0.00083875840684184 1.3684267627283e-07 -0.00083875452153775 
