1.0681415022205 3.2036319732671 -0.74057521765606 2.7955994635433 -0.74088033310744 
3.2044245066616 3.2555457732064 -0.99430752352594 2.7482144715446 -0.99517006910571 
5.3407075111026 3.2665936888399 -0.93071548202784 2.7295092396828 -0.92996020416977 
7.4769905155437 3.2780712993243 -0.82609888089616 2.7254116599955 -0.8215129497117 
9.6132735199848 3.2785759451663 -0.71728986027296 2.72123688672 -0.71654620319251 
11.749556524426 3.278326943377 -0.6258042520105 2.7196935590381 -0.62806011806082 
13.885839528867 3.2785351939939 -0.55242463554533 2.7195740527462 -0.55574040819983 
16.022122533308 3.2788728523165 -0.49341420904377 2.7198668946997 -0.49664442996559 
18.158405537749 3.2791333112032 -0.44524948563312 2.720167063286 -0.44792440829363 
20.29468854219 3.2792724505648 -0.40529956524968 2.7203688558446 -0.40730505577913 
22.430971546631 3.2793094928333 -0.37167724441726 2.7204711896171 -0.37305198570304 
24.567254551072 3.2792761675894 -0.34301990187443 2.720499022071 -0.34385474652958 
26.703537555513 3.2791997754491 -0.31832524359472 2.7204776639401 -0.31871902288334 
28.839820559954 3.2790999488657 -0.29684102505189 2.7204265277588 -0.29688348199961 
30.976103564395 3.2789896583033 -0.27799204647805 2.7203590126962 -0.277758831031 
33.112386568836 3.2788770170171 -0.26133116034295 2.7202838668849 -0.26088378355986 
35.248669573277 3.2787668560474 -0.24650568351303 2.7202065831916 -0.24589324368562 
37.384952577719 3.2786618781502 -0.23323385635829 2.7201304824042 -0.23249517685227 
39.52123558216 3.2785634437309 -0.22128800179144 2.7200574749265 -0.22045364589867 
41.657518586601 3.2784720868522 -0.21048225428876 2.7199885726915 -0.20957624351997 
43.793801591042 3.2783878469852 -0.20066347207769 2.7199242252463 -0.19970468440284 
45.930084595483 3.2783104792946 -0.19170440878185 2.7198645374623 -0.19070768943108 
48.066367599924 3.27823958631 -0.18349851600538 2.7198094092937 -0.1824755490671 
50.202650604365 3.27817469924 -0.17595594094876 2.7197586247775 -0.17491592927491 
52.338933608806 3.2781153272479 -0.1690004114902 2.7197119081772 -0.16795060599959 
54.475216613247 3.2780609864561 -0.16256678836644 2.7196689589326 -0.1615129002441 
56.611499617688 3.27801121621 -0.15659912436866 2.719629472976 -0.15554564664509 
58.747782622129 3.2779655874056 -0.15104911279597 2.7195931553114 -0.14999957190415 
60.88406562657 3.2779237059443 -0.14587483755816 2.7195597270247 -0.1448319907498 
63.020348631011 3.2778852132596 -0.14103975906061 2.7195289287767 -0.14000574987888 
65.156631635452 3.2778497851482 -0.13651188587277 2.7195005221052 -0.13548836703898 
67.292914639893 3.2778171296815 -0.13226309388876 2.7194742893965 -0.13125132478827 
69.429197644334 3.2777869846773 -0.12826856340454 2.7194500330765 -0.12726948769974 
71.565480648775 3.2777591150288 -0.1245063110944 2.7194275743762 -0.12352061873058 
73.701763653217 3.2777333100643 -0.12095679884093 2.7194067518947 -0.11998497574699 
75.838046657658 3.2777093810365 -0.11760260515761 2.7193874201003 -0.11664497320745 
77.974329662099 3.2776871587943 -0.11442814791494 2.7193694478517 -0.11348489715089 
80.11061266654 3.2776664916561 -0.11141944927499 2.7193527169911 -0.11049066396045 
82.246895670981 3.277647243491 -0.10856393558788 2.7193371210324 -0.10764961532128 
84.383178675422 3.2776292919984 -0.10585026635101 2.7193225639574 -0.1049503432134 
86.519461679863 3.2776125271755 -0.10326818744756 2.7193089591229 -0.10238253995432 
88.655744684304 3.2775968499559 -0.10080840475568 2.7192962282742 -0.099936869225125 
90.792027688745 3.2775821710036 -0.098462474918293 2.7192843006603 -0.097604854746298 
92.928310693186 3.2775684096464 -0.09622271062852 2.719273112243 -0.095378783860732 
95.064593697627 3.2775554929327 -0.094082098236642 2.7192626049913 -0.093251623753475 
97.200876702068 3.2775433547987 -0.09203422585822 2.7192527262528 -0.091216948426339 
99.337159706509 3.2775319353323 -0.090073220457398 2.7192434281954 -0.089268874853381 
101.47344271095 3.2775211801222 -0.088193692633258 2.71923466731 -0.087402007005818 
103.60972571539 3.2775110396828 -0.086390688029922 2.7192264039682 -0.085611386636536 
105.74600871983 3.2775014689445 -0.084659644476203 2.7192186020304 -0.083892449904881 
107.88229172427 3.2774924268022 -0.082996354065807 2.7192112284952 -0.0822409890323 
110.01857472871 3.2774838757152 -0.081396929545777 2.7192042531889 -0.080653118340607 
112.15485773316 3.2774757813517 -0.079857774466709 2.7191976484877 -0.079125244113038 
114.2911407376 3.2774681122724 -0.078375556496457 2.7191913890708 -0.07765403766903 
116.42742374204 3.2774608396496 -0.076947183801478 2.7191854516996 -0.076236411548093 
118.56370674648 3.2774539370162 -0.075569783727551 2.7191798150202 -0.074869498027299 
120.69998975092 3.2774473800421 -0.074240683789995 2.7191744593875 -0.073550629976871 
122.83627275536 3.2774411463339 -0.072957394586514 2.719169366707 -0.072277323661576 
124.9725557598 3.2774352152564 -0.071717594425962 2.719164520293 -0.071047263278041 
127.10883876424 3.2774295677719 -0.070519115476272 2.7191599047419 -0.069858287027089 
129.24512176868 3.2774241862961 -0.069359931259464 2.7191555058174 -0.068708374547002 
131.38140477313 3.27741905457 -0.068238145364824 2.7191513103483 -0.067595635576122 
133.51768777757 3.2774141575419 -0.067151981123407 2.7191473061354 -0.066518299586039 
135.65397078201 3.2774094812644 -0.066099772441691 2.7191434818685 -0.065474706581941 
137.79025378645 3.277405012799 -0.065079955276592 2.7191398270503 -0.064463298550844 
139.92653679089 3.2774007401307 -0.064091059974666 2.7191363319287 -0.063482611779396 
142.06281979533 3.2773966520919 -0.063131704273112 2.7191329874351 -0.062531269838033 
144.19910279977 3.2773927382913 -0.062200586912655 2.7191297851284 -0.061607977180765 
146.33538580421 3.2773889890516 -0.061296481801379 2.7191267171439 -0.060711513299267 
148.47166880865 3.2773853953516 -0.060418232675318 2.719123776148 -0.059840727376011 
150.60795181309 3.2773819487744 -0.059564748206662 2.7191209552954 -0.058994533387511 
152.74423481754 3.2773786414597 -0.058734997537679 2.7191182481917 -0.058171905634752 
154.88051782198 3.2773754660605 -0.057928006076828 2.7191156488583 -0.057371874537762 
157.01680082642 3.2773724157042 -0.057142851835071 2.7191131517007 -0.056593522970929 
159.15308383086 3.2773694839562 -0.056378661855166 2.7191107514796 -0.055835982692954 
161.2893668353 3.2773666647875 -0.055634609018209 2.7191084432846 -0.055098431154502 
163.42564983974 3.2773639525442 -0.054909909079469 2.7191062225096 -0.054380088535871 
165.56193284418 3.2773613419203 -0.054203817930246 2.719104084831 -0.053680215011138 
167.69821584862 3.2773588279327 -0.053515629066348 2.7191020261871 -0.052998108219502 
169.83449885306 3.2773564058977 -0.052844671246327 2.7191000427597 -0.052333100926588 
171.97078185751 3.2773540714102 -0.052190306342124 2.7190981309564 -0.051684558878401 
174.10706486195 3.277351820324 -0.051551927244834 2.7190962873961 -0.051051878710581 
176.24334786639 3.2773496487334 -0.050928956122271 2.7190945088924 -0.050434486209553 
178.37963087083 3.2773475529579 -0.050320842601687 2.7190927924424 -0.049831834499099 
180.51591387527 3.2773455295258 -0.049727062179153 2.7190911352131 -0.049243402453296 
182.65219687971 3.2773435751608 -0.049147114717802 2.7190895345304 -0.048668693198628 
184.78847988415 3.277341686769 -0.048580523052484 2.7190879878687 -0.048107232722372 
186.92476288859 3.2773398614265 -0.0480268316865 2.7190864928407 -0.047558568572995 
189.06104589303 3.277338096369 -0.047485605577475 2.7190850471892 -0.047022268649721 
191.19732889747 3.2773363889809 -0.046956429003118 2.719083648778 -0.046497920071787 
193.33361190192 3.2773347367866 -0.046438904522274 2.719082295585 -0.045985128143141 
195.46989490636 3.2773331374406 -0.045932651901838 2.7190809856945 -0.045483515282759 
197.6061779108 3.2773315887205 -0.045437307314165 2.7190797172904 -0.044992720225319 
199.74246091524 3.2773300885185 -0.044952522386091 2.7190784886506 -0.044512397073527 
201.87874391968 3.2773286348354 -0.044477963406655 2.7190772981413 -0.044042214508957 
204.01502692412 3.2773272257727 -0.044013310564441 2.7190761442109 -0.043581855032518 
206.15130992856 3.277325859528 -0.043558257232042 2.7190750253861 -0.043131014251843 
208.287592933 3.2773245343876 -0.043112509294632 2.7190739402662 -0.042689400212643 
210.42387593744 3.2773232487231 -0.042675784518285 2.7190728875197 -0.042256732769984 
212.56015894189 3.2773220009856 -0.042247811977897 2.7190718658802 -0.041832743018562 
214.69644194633 3.2773207897 -0.041828331415398 2.7190708741419 -0.041417172653837 
216.83272495077 3.2773196134632 -0.041417092839641 2.7190699111572 -0.041009773574097 
218.96900795521 3.2773184709379 -0.04101385594755 2.7190689758326 -0.040610307304287 
221.10529095965 3.2773173608499 -0.040618389679239 2.7190680671257 -0.040218544552945 
223.24157396409 3.2773162819841 -0.040230471778011 2.719067184043 -0.039834264775039 
225.37785696853 3.2773152331817 -0.039849888375106 2.7190663256366 -0.039457255758265 
227.51413997297 3.2773142133372 -0.039476433598798 2.7190654910021 -0.039087313234513 
229.65042297741 3.2773132213946 -0.039109909202361 2.7190646792756 -0.038724240509703 
231.78670598185 3.2773122563461 -0.038750124218428 2.7190638896328 -0.038367848119986 
233.9229889863 3.2773113172279 -0.038396894645051 2.7190631212848 -0.038017953519658 
236.05927199074 3.2773104031195 -0.03805004305152 2.7190623734791 -0.03767438068866 
238.19555499518 3.2773095131405 -0.037709398407272 2.719061645495 -0.037336959963406 
240.33183799962 3.2773086464487 -0.037374795718302 2.7190609366432 -0.037005527674277 
242.46812100406 3.2773078022382 -0.03704607578199 2.7190602462647 -0.036679925902407 
244.6044040085 3.2773069797375 -0.036723084935798 2.7190595737279 -0.036360002229878 
246.74068701294 3.2773061782073 -0.036405674817998 2.719058918428 -0.036045609501557 
248.87697001738 3.2773053969402 -0.036093702141971 2.719058279786 -0.035736605601029 
251.01325302182 3.2773046352577 -0.035787028480421 2.7190576572469 -0.035432853235954 
253.14953602627 3.2773038925094 -0.035485520082387 2.7190570502782 -0.035134219756402 
255.28581903071 3.2773031680714 -0.035189047596111 2.7190564583696 -0.034840576879025 
257.42210203515 3.2773024613455 -0.034897486008677 2.7190558810313 -0.034551800627693 
259.55838503959 3.2773017717575 -0.034610714389465 2.7190553177936 -0.034267771078005 
261.69466804403 3.2773010987559 -0.034328615741929 2.719054768205 -0.033988372210412 
263.83095104847 3.2773004418117 -0.034051076846986 2.7190542318327 -0.03371349175426 
265.96723405291 3.2772998004157 -0.033777988108356 2.71905370826 -0.03344302103458 
268.10351705735 3.2772991740796 -0.033509243415078 2.7190531970872 -0.033176854835071 
270.23980006179 3.2772985623337 -0.033244739996923 2.7190526979301 -0.032914891254813 
272.37608306624 3.2772979647261 -0.032984378320631 2.7190522104187 -0.032657031605016 
274.51236607068 3.2772973808225 -0.032728061877953 2.719051734198 -0.032403180198153 
276.64864907512 3.277296810205 -0.032475697194414 2.7190512689257 -0.032153244357666 
278.78493207956 3.2772962524714 -0.032227193630765 2.7190508142727 -0.031907134219734 
280.921215084 3.2772957072342 -0.031982463296781 2.7190503699221 -0.031664762648066 
283.05749808844 3.2772951741208 -0.031741420947339 2.719049935569 -0.031426045131007 
285.19378109288 3.2772946527719 -0.031503983883365 2.7190495109192 -0.031190899682595 
287.33006409732 3.2772941428413 -0.031270071858825 2.7190490956896 -0.030959246750557 
289.46634710176 3.2772936439963 -0.031039606987786 2.719048689608 -0.030731009123935 
291.6026301062 3.2772931559146 -0.030812513662046 2.7190482924105 -0.030506111851466 
293.73891311065 3.2772926782868 -0.030588718486112 2.7190479038443 -0.030284482176886 
295.87519611509 3.2772922108136 -0.030368150116359 2.7190475236644 -0.030066049378932 
298.01147911953 3.2772917532063 -0.030150739310804 2.7190471516347 -0.029850744821148 
300.14776212397 3.2772913051882 -0.029936418771761 2.7190467875285 -0.029638501796728 
302.28404512841 3.2772908664856 -0.029725123101979 2.7190464311234 -0.029429255479945 
304.42032813285 3.2772904368536 -0.029516788724506 2.7190460822144 -0.029222942861857 
306.55661113729 3.2772900160032 -0.029311353858346 2.7190457405776 -0.029019502683596 
308.69289414173 3.27728960379 -0.029108758353212 2.719045406063 -0.028818875385126 
310.82917714617 3.2772891997462 -0.028908943892212 2.7190450783659 -0.028621003022836 
312.96546015062 3.2772888041777 -0.02871185333542 2.7190447575556 -0.02842582929417 
315.10174315506 3.2772884157228 -0.028517431984198 2.7190444429149 -0.028233299266276 
317.2380261595 3.2772880364908 -0.028325624664829 2.719044135349 -0.028043359734048 
319.37430916394 3.2772876618474 -0.028136381602969 2.7190438326635 -0.0278559585252 
321.51059216838 3.2772872995236 -0.027949647076144 2.7190435382696 -0.027671045516997 
323.64687517282 3.2772869360878 -0.027765379276441 2.7190432461385 -0.027488570783837 
325.78315817726 3.277286591872 -0.027583517812434 2.7190429650729 -0.027308487459156 
327.9194411817 3.2772862374173 -0.027404032242893 2.7190426823553 -0.027130747393923 
330.05572418614 3.2772859106573 -0.027226856244887 2.7190424139427 -0.026955306897453 
332.19200719058 3.2772855668054 -0.027051966241928 2.7190421411299 -0.026782119775854 
334.32829019503 3.2772852517985 -0.0268793023519 2.7190418827421 -0.026611144440139 
336.46457319947 3.2772849246569 -0.026708826564238 2.7190416219166 -0.02644233797893 
338.60085620391 3.2772846148607 -0.026540510677526 2.7190413709322 -0.026275659013126 
340.73713920835 3.2772843056212 -0.026374282539684 2.7190411220298 -0.026111069066208 
342.87342221279 3.2772840045952 -0.026210146183165 2.7190408796581 -0.025948526958424 
345.00970521723 3.2772837044575 -0.026048022566867 2.719040639363 -0.025787996583877 
347.14598822167 3.2772834181011 -0.025887896121725 2.7190404069392 -0.025629439968203 
349.28227122611 3.2772831282098 -0.025729735794977 2.7190401760258 -0.025472820444631 
351.41855423055 3.2772828452813 -0.025573478805093 2.7190399492487 -0.025318103935692 
353.554837235 3.2772825768181 -0.02541912079583 2.719039730561 -0.025165254964025 
355.69112023944 3.2772822967827 -0.025266613654708 2.7190395103394 -0.025014239952447 
357.82740324388 3.2772820322992 -0.025115915295136 2.7190392970125 -0.02486502670829 
359.96368624832 3.2772817776381 -0.024967014449019 2.7190390898741 -0.024717582606161 
362.09996925276 3.2772815094217 -0.024819865099852 2.7190388808639 -0.02457187623553 
364.2362522572 3.2772812598939 -0.024674434093921 2.7190386791816 -0.024427877502109 
366.37253526164 3.2772810188708 -0.024530703830952 2.7190384828884 -0.024285556419077 
368.50881826608 3.2772807633237 -0.024388636128579 2.7190382851046 -0.024144883339096 
370.64510127052 3.2772805246082 -0.024248200700904 2.7190380933856 -0.024005830155783 
372.78138427496 3.2772802977329 -0.024109375620947 2.7190379073313 -0.023868369354377 
374.91766727941 3.2772800560592 -0.023972130371523 2.719037720661 -0.023732473021003 
377.05395028385 3.2772798245202 -0.023836437436006 2.7190375378958 -0.023598114571212 
379.19023328829 3.2772796103486 -0.02370227124676 2.7190373609295 -0.023465268817473 
381.32651629273 3.2772793850548 -0.023569605413659 2.7190371850646 -0.023333909767358 
383.46279929717 3.2772791593451 -0.023438417779586 2.7190370112404 -0.023204012004674 
385.59908230161 3.277278953187 -0.023308681699499 2.7190368420423 -0.023075552143384 
387.73536530605 3.2772787459618 -0.023180369269606 2.719036675758 -0.022948506522344 
389.87164831049 3.2772785294039 -0.023053463140554 2.719036511435 -0.02282285086258 
392.00793131493 3.277278325676 -0.022927942242523 2.7190363498068 -0.022698562743164 
394.14421431938 3.2772781329561 -0.022803775117871 2.719036191064 -0.022575620832197 
396.28049732382 3.277277932008 -0.022680941442362 2.7190360355958 -0.02245400264291 
398.41678032826 3.2772777307175 -0.022559429801917 2.7190358827149 -0.022333686208834 
400.5530633327 3.2772775435096 -0.022439213680339 2.7190357309558 -0.022214651517898 
402.68934633714 3.2772773595551 -0.022320262747424 2.7190355818414 -0.022096878579464 
404.82562934158 3.2772771686855 -0.022202565365684 2.7190354372603 -0.021980346492804 
406.96191234602 3.2772769821125 -0.022086110460097 2.7190352944817 -0.021865035466833 
409.09819535046 3.2772768065714 -0.021970867986327 2.719035151306 -0.021750927230708 
411.2344783549 3.2772766315106 -0.021856811384143 2.7190350113878 -0.021638003097874 
413.37076135935 3.2772764522426 -0.021743934129019 2.7190348769318 -0.021526243884545 
415.50704436379 3.277276277848 -0.021632224971138 2.7190347433535 -0.021415631549625 
417.64332736823 3.2772761116762 -0.021521653527523 2.719034608172 -0.021306149224718 
419.77961037267 3.2772759460946 -0.021412195428507 2.7190344764883 -0.021197779603359 
421.91589337711 3.2772757782554 -0.021303846181562 2.7190343510977 -0.021090505107752 
424.05217638155 3.2772756141369 -0.021196596602979 2.7190342264883 -0.020984309178745 
426.18845938599 3.2772754562203 -0.021090418316908 2.7190340990881 -0.020879176125104 
428.32474239043 3.2772752999164 -0.020985286487819 2.7190339743034 -0.020775090014492 
430.46102539487 3.2772751428169 -0.020881195994722 2.7190338565967 -0.020672034761412 
432.59730839931 3.2772749880646 -0.02077814167982 2.719033740971 -0.020569995041625 
434.73359140376 3.2772748377601 -0.020676099925251 2.7190336217493 -0.020468956256548 
436.8698744082 3.2772746898405 -0.020575044029753 2.7190335027796 -0.020368903687226 
439.00615741264 3.277274542492 -0.02047496490071 2.7190333907646 -0.020269822619414 
441.14244041708 3.2772743968007 -0.020375861077734 2.7190332835132 -0.02017169887406 
443.27872342152 3.2772742539979 -0.020277716947313 2.7190331735241 -0.020074518837962 
445.41500642596 3.277274113466 -0.020180505981824 2.7190330605865 -0.019978268926728 
447.5512894304 3.2772739744436 -0.020084212033533 2.7190329521108 -0.019882935552787 
449.68757243484 3.2772738373225 -0.019988833138707 2.7190328509313 -0.019788505608505 
451.82385543928 3.2772737023651 -0.01989436306648 2.719032750687 -0.019694966505529 
453.96013844373 3.2772735689529 -0.019800781104624 2.7190326459481 -0.019602305703741 
456.09642144817 3.2772734368847 -0.019708065038645 2.7190325406564 -0.019510510504203 
458.23270445261 3.277273307011 -0.01961620597525 2.7190324418787 -0.019419568674024 
460.36898745705 3.277273179722 -0.019525202515752 2.7190323489801 -0.019329468611642 
462.50527046149 3.2772730539515 -0.01943504476725 2.7190322546755 -0.01924019888353 
464.64155346593 3.2772729286988 -0.019345712150337 2.7190321558733 -0.019151747765953 
466.77783647037 3.2772728047255 -0.019257186917373 2.7190320580264 -0.019064103590904 
468.91411947481 3.2772726835428 -0.019169462901473 2.7190319670587 -0.018977255386722 
471.05040247925 3.2772725650692 -0.019082537800287 2.719031880951 -0.01889119280507 
473.18668548369 3.2772724475462 -0.018996401114741 2.7190317927567 -0.018805905377111 
475.32296848814 3.2772723299838 -0.018911034457455 2.7190317002633 -0.018721382211924 
477.45925149258 3.2772722136076 -0.018826422480017 2.7190316087911 -0.018637612513653 
479.59553449702 3.277272100189 -0.018742559202145 2.7190315237824 -0.018554586404623 
481.73181750146 3.2772719895792 -0.018659441774387 2.7190314436015 -0.018472294612078 
483.8681005059 3.2772718798345 -0.018577061164254 2.7190313619036 -0.018390727628071 
486.00438351034 3.2772717697573 -0.018495401712896 2.719031275935 -0.018309875365989 
488.14066651478 3.2772716604265 -0.018414449156126 2.7190311898324 -0.01822972782311 
490.27694951922 3.277271553768 -0.018334196331485 2.7190311091311 -0.018150275888121 
492.41323252366 3.2772714500896 -0.018254639929304 2.719031033857 -0.018071511221416 
494.54951552811 3.2772713477121 -0.018175773234055 2.7190309587229 -0.017993425370287 
496.68579853255 3.2772712450507 -0.018097583753976 2.7190308797016 -0.017916009115782 
498.82208153699 3.2772711424882 -0.018020058119988 2.7190307987148 -0.017839253103503 
500.95836454143 3.2772710418064 -0.017943187459624 2.7190307210584 -0.017763148693424 
503.09464754587 3.2772709440321 -0.017866967327901 2.7190306490959 -0.017687688231062 
505.23093055031 3.277270848286 -0.017791392861067 2.7190305796925 -0.017612864284345 
507.36721355475 3.2772707528696 -0.017716455156915 2.719030508014 -0.017538668788018 
509.50349655919 3.2772706571835 -0.017642142625587 2.7190304329775 -0.017465093069938 
511.63977956363 3.277270562276 -0.017568445185166 2.7190303582113 -0.017392128737512 
513.77606256807 3.2772704695673 -0.017495356447553 2.7190302878357 -0.017319768401291 
515.91234557252 3.2772703793015 -0.017422871918898 2.7190302220027 -0.017248005443781 
518.04862857696 3.2772702903832 -0.017350985571291 2.7190301569422 -0.017176833001991 
520.1849115814 3.2772702016186 -0.017279688727901 2.719030089119 -0.017106243492917 
522.32119458584 3.2772701129139 -0.017208971759867 2.7190300188551 -0.017036228908639 
524.45747759028 3.2772700252268 -0.017138826642683 2.7190299497528 -0.016966781767279 
526.59376059472 3.2772699394889 -0.017069247632959 2.719029884845 -0.016897895608849 
528.73004359916 3.2772698556974 -0.017000229759671 2.7190298235873 -0.016829564553799 
530.8663266036 3.2772697730388 -0.016931766951589 2.7190297626061 -0.016761782380124 
533.00260960804 3.277269690748 -0.01686385165767 2.7190296991435 -0.01669454208401 
535.13889261249 3.2772696087898 -0.016796476012963 2.7190296336633 -0.016627836341803 
537.27517561693 3.2772695277487 -0.016729633069408 2.7190295691882 -0.016561658306127 
539.41145862137 3.2772694481866 -0.016663317159937 2.7190295082766 -0.016496002170641 
541.54774162581 3.2772693701581 -0.016597523019582 2.7190294506651 -0.016430862684055 
543.68402463025 3.2772692932606 -0.016532244918181 2.7190293936747 -0.016366234311192 
545.82030763469 3.2772692170754 -0.016467476519032 2.7190293348046 -0.016302110768373 
547.95659063913 3.2772691414904 -0.01640321136804 2.7190292739529 -0.01623848533497 
550.09287364357 3.2772690666771 -0.016339443404182 2.7190292133365 -0.016175351653161 
552.22915664801 3.277268992849 -0.016276167015964 2.7190291553735 -0.016112704258496 
554.36543965245 3.2772689200895 -0.016213376759898 2.719029100556 -0.016050538383283 
556.5017226569 3.2772688483715 -0.016151067163872 2.7190290471495 -0.015988849244129 
558.63800566134 3.2772687776519 -0.016089232710683 2.719028992813 -0.015927631357835 
560.77428866578 3.2772687078912 -0.016027868131358 2.7190289366017 -0.015866878704509 
562.91057167022 3.2772686389923 -0.015966968307929 2.71902887965 -0.015806585263473 
565.04685467466 3.2772685707831 -0.015906528069227 2.7190288240785 -0.015746745687199 
567.1831376791 3.2772685031394 -0.015846542016704 2.7190287711925 -0.015687355442502 
569.31942068354 3.277268436139 -0.015787004652372 2.7190287204764 -0.015628410333236 
571.45570368798 3.2772683700763 -0.015727910768999 2.7190286701284 -0.015569905831985 
573.59198669242 3.2772683052516 -0.01566925573628 2.719028618568 -0.015511836758596 
575.72826969687 3.2772682416841 -0.015611035389406 2.7190285656487 -0.015454197572767 
577.86455270131 3.2772681790102 -0.01555324543707 2.7190285126594 -0.015396982911749 
580.00083570575 3.2772681167081 -0.015495881109285 2.7190284612289 -0.015340188182146 
582.13711871019 3.2772680545047 -0.015438937060057 2.7190284120619 -0.015283809432751 
584.27340171463 3.2772679926362 -0.015382407907399 2.7190283644714 -0.015227842878866 
586.40968471907 3.2772679317235 -0.015326288900686 2.7190283169865 -0.015172284351802 
588.54596772351 3.2772678723078 -0.0152705761796 2.7190282684809 -0.015117129095239 
590.68225072795 3.2772678144103 -0.01521526641139 2.7190282189668 -0.015062372068509 
592.81853373239 3.2772677574449 -0.015160356020057 2.7190281694916 -0.015008008480114 
594.95481673684 3.2772677006088 -0.015105840631382 2.7190281213144 -0.014954034192177 
597.09109974128 3.2772676434649 -0.015051715050724 2.7190280749967 -0.014900445592086 
599.22738274572 3.2772675862889 -0.014997974067559 2.7190280300544 -0.014847239298394 
601.36366575016 3.2772675299143 -0.014944613183716 2.719027985371 -0.014794411597618 
603.4999487546 3.2772674751496 -0.01489162898308 2.719027940002 -0.014741958263707 
605.63623175904 3.2772674221866 -0.014839018748559 2.7190278937989 -0.014689874752894 
607.77251476348 3.2772673704234 -0.014786779614909 2.7190278474468 -0.01463815665141 
609.90879776792 3.2772673188424 -0.014734907840462 2.7190278019448 -0.014586800049004 
612.04508077236 3.2772672666902 -0.0146833987127 2.7190277579174 -0.014535801595252 
614.1813637768 3.2772672140034 -0.014632247155262 2.7190277152351 -0.014485158217586 
616.31764678125 3.2772671616075 -0.014581448647619 2.7190276731491 -0.014434866723929 
618.45392978569 3.2772671105826 -0.01453099972103 2.7190276308136 -0.014384923441462 
620.59021279013 3.2772670615478 -0.014480897964216 2.7190275878271 -0.014335324379114 
622.72649579457 3.2772670142337 -0.014431141197568 2.7190275444488 -0.014286065454593 
624.86277879901 3.2772669676279 -0.014381726614104 2.7190275013864 -0.014237142880787 
626.99906180345 3.2772669206045 -0.014332650339063 2.7190274593237 -0.014188553367838 
629.13534480789 3.2772668726296 -0.014283907695857 2.7190274185007 -0.014140294029766 
631.27162781233 3.2772668241175 -0.014235493996067 2.7190273786058 -0.014092362074886 
633.40791081677 3.2772667761562 -0.014187405385356 2.7190273389842 -0.014044754488928 
635.54419382122 3.2772667298872 -0.0141396391688 2.7190272990749 -0.013997467901545 
637.68047682566 3.2772666857234 -0.01409219344188 2.7190272586947 -0.013950498615046 
639.8167598301 3.2772666432296 -0.014045066306735 2.7190272181811 -0.013903843018067 
641.95304283454 3.2772666011036 -0.013998255192553 2.7190271780399 -0.013857497774256 
644.08932583898 3.2772665584119 -0.013951756266763 2.7190271388505 -0.013811459984123 
646.22560884342 3.2772665143164 -0.013905565346879 2.7190271005712 -0.013765727035877 
648.36189184786 3.2772664699272 -0.013859677768462 2.7190270631991 -0.01372029641781 
650.4981748523 3.2772664254674 -0.013814090574598 2.7190270258176 -0.01367516534982 
652.63445785674 3.2772663835335 -0.013768800602267 2.7190269886197 -0.013630330843189 
654.77074086118 3.2772663426057 -0.013723807316912 2.7190269505889 -0.013585789544733 
656.90702386563 3.2772663049925 -0.013679107791952 2.7190269131303 -0.013541538313274 
659.04330687007 3.2772662659803 -0.013634701403085 2.7190268751422 -0.013497573947588 
661.17958987451 3.2772662286493 -0.013590583144688 2.7190268388503 -0.013453893923656 
663.31587287895 3.2772661874381 -0.013546750723958 2.7190268023271 -0.0134104957107 
665.45215588339 3.2772661478305 -0.013503198872962 2.7190267676023 -0.01336737711672 
667.58843888783 3.2772661058736 -0.013459924495981 2.7190267322179 -0.013324535676174 
669.72472189227 3.2772660671726 -0.013416926077495 2.7190266976242 -0.013281968703667 
671.86100489671 3.2772660292819 -0.013374199733847 2.719026662261 -0.013239673434869 
673.99728790115 3.2772659940578 -0.013331747726603 2.7190266270493 -0.013197646736403 
676.1335709056 3.2772659598449 -0.013289564278504 2.7190265919041 -0.013155886032979 
678.26985391004 3.2772659252765 -0.013247650616948 2.7190265571966 -0.013114388516931 
680.40613691448 3.2772658897449 -0.013206001077388 2.7190265232481 -0.013073152054266 
682.54241991892 3.2772658527631 -0.013164612083616 2.7190264899694 -0.013032174519839 
684.67870292336 3.2772658150427 -0.013123482210298 2.7190264571991 -0.012991453696389 
686.8149859278 3.2772657777175 -0.013082605205954 2.7190264245478 -0.012950987496054 
688.95126893224 3.2772657423895 -0.013041982663687 2.7190263920084 -0.012910773298446 
691.08755193668 3.2772657085502 -0.013001611498278 2.7190263590591 -0.012870808579383 
693.22383494112 3.2772656771696 -0.012961489988084 2.7190263263006 -0.012831090764136 
695.36011794556 3.277265646397 -0.012921619064934 2.7190262937234 -0.012791617263753 
697.49640095001 3.2772656146332 -0.012881993232405 2.7190262613862 -0.012752385977324 
699.63268395445 3.2772655826759 -0.012842611165095 2.7190262300778 -0.012713394766995 
701.76896695889 3.2772655483537 -0.012803469966223 2.7190261990413 -0.01267464170582 
703.90524996333 3.2772655134721 -0.012764564246409 2.719026168435 -0.012636124958549 
706.04153296777 3.2772654799964 -0.012725894055535 2.7190261383493 -0.01259784240232 
708.17781597221 3.2772654466475 -0.012687456786252 2.71902610775 -0.012559791851566 
710.31409897665 3.2772654161713 -0.012649250220595 2.7190260772841 -0.012521971043218 
712.45038198109 3.277265388008 -0.012611275479742 2.7190260469927 -0.012484377597136 
714.58666498553 3.2772653592242 -0.012573529684595 2.7190260163835 -0.012447009317402 
716.72294798998 3.2772653314055 -0.012536010467584 2.7190259865422 -0.012409864203355 
718.85923099442 3.2772653025584 -0.012498716725086 2.7190259573242 -0.012372940307951 
720.99551399886 3.2772652708166 -0.012461644051258 2.7190259282084 -0.012336235904769 
723.1317970033 3.2772652395708 -0.012424789602749 2.7190258999406 -0.012299749280477 
725.26808000774 3.2772652083531 -0.012388152218182 2.7190258719301 -0.012263478607628 
727.40436301218 3.2772651768029 -0.012351729031558 2.7190258435221 -0.012227421959321 
729.54064601662 3.2772651485748 -0.012315518952916 2.7190258154227 -0.012191577332066 
731.67692902106 3.2772651222943 -0.012279521977655 2.7190257873 -0.01215594266291 
733.8132120255 3.2772650957577 -0.012243736164625 2.7190257588308 -0.012120515908993 
735.94949502994 3.2772650708511 -0.012208159901221 2.719025730953 -0.012085295186606 
738.08577803439 3.2772650455483 -0.012172791774202 2.7190257036255 -0.012050278777793 
740.22206103883 3.2772650172639 -0.012137628681845 2.7190256764253 -0.012015464960109 
742.35834404327 3.2772649887302 -0.012102667846967 2.7190256499305 -0.011980852187333 
744.49462704771 3.2772649603629 -0.012067907326679 2.7190256239847 -0.011946438914102 
746.63091005215 3.2772649306847 -0.012033344994794 2.7190255978444 -0.01191222344598 
748.76719305659 3.2772649027379 -0.011998979325155 2.7190255717617 -0.011878204026112 
750.90347606103 3.2772648778687 -0.011964809546857 2.719025545853 -0.011844378911243 
753.03975906547 3.277264853337 -0.011930834746798 2.719025519649 -0.011810746258161 
755.17604206991 3.2772648295409 -0.011897053832888 2.7190254934445 -0.011777304245892 
757.31232507436 3.277264807419 -0.011863465349018 2.7190254677591 -0.011744051281297 
759.4486080788 3.2772647838683 -0.011830067230064 2.719025442412 -0.011710985765181 
761.58489108324 3.2772647579541 -0.011796857414197 2.7190254173893 -0.011678106166669 
763.72117408768 3.2772647321233 -0.011763833579757 2.7190253929962 -0.011645411087355 
765.85745709212 3.2772647059652 -0.011730993300516 2.719025368998 -0.011612899154022 
767.99374009656 3.277264678602 -0.011698335071299 2.7190253450013 -0.011580568822816 
770.130023101 3.2772646527618 -0.011665857885191 2.7190253210247 -0.011548418527725 
772.26630610544 3.2772646296732 -0.011633560339141 2.719025297057 -0.011516446764276 
774.40258910988 3.2772646072194 -0.011601441536577 2.719025272943 -0.01148465191651 
776.53887211433 3.2772645852679 -0.011569501167405 2.7190252487954 -0.011453032351058 
778.67515511877 3.2772645649061 -0.011537737737492 2.7190252248872 -0.011421586566652 
780.81143812321 3.2772645441539 -0.011506149063761 2.7190252013497 -0.011390313210192 
782.94772112765 3.2772645211256 -0.011474733763911 2.7190251782577 -0.011359210849848 
785.08400413209 3.2772644972706 -0.011443490255277 2.7190251556257 -0.011328278154669 
787.22028713653 3.2772644735535 -0.011412415823527 2.7190251333712 -0.011297513920947 
789.35657014097 3.2772644489271 -0.011381508589142 2.7190251113868 -0.011266916837746 
791.49285314541 3.2772644241744 -0.01135076812884 2.7190250894915 -0.011236485475286 
793.62913614985 3.2772644015623 -0.011320193335036 2.7190250674468 -0.011206218481535 
795.76541915429 3.277264380889 -0.011289782453969 2.7190250452442 -0.011176114526475 
797.90170215874 3.2772643606083 -0.011259535102961 2.719025023076 -0.011146172172682 
800.03798516318 3.2772643409906 -0.011229451182483 2.7190250009626 -0.011116389949156 
802.17426816762 3.2772643223987 -0.011199528846915 2.7190249789196 -0.011086766623265 
804.31055117206 3.2772643031307 -0.011169765822667 2.7190249572701 -0.011057300978493 
806.4468341765 3.27726428196 -0.011140161266536 2.7190249362593 -0.011027991732875 
808.58311718094 3.2772642599455 -0.011110714055036 2.7190249156473 -0.010998837687085 
810.71940018538 3.2772642379773 -0.011081421517926 2.7190248951995 -0.010969837750371 
812.85568318982 3.2772642155708 -0.011052281740315 2.7190248750593 -0.010940990763111 
814.99196619426 3.2772641930683 -0.01102329467439 2.7190248551629 -0.010912295451911 
817.12824919871 3.2772641720747 -0.010994459766857 2.7190248350265 -0.010883750612389 
819.26453220315 3.2772641530202 -0.01096577502623 2.7190248145177 -0.01085535503974 
821.40081520759 3.2772641347794 -0.010937239493765 2.7190247940699 -0.010827107519457 
823.53709821203 3.2772641168191 -0.010908853523012 2.7190247738615 -0.010799006771633 
825.67338121647 3.2772640994274 -0.010880616192754 2.7190247536195 -0.01077105163381 
827.80966422091 3.2772640820299 -0.010852524971781 2.7190247334714 -0.010743241038687 
829.94594722535 3.277264063373 -0.010824578315421 2.7190247139921 -0.01071557388115 
832.08223022979 3.2772640433331 -0.010796775974932 2.7190246952284 -0.010688049037863 
834.21851323423 3.2772640228834 -0.010769116576259 2.719024676615 -0.010660665471738 
836.35479623867 3.2772640025085 -0.010741597532347 2.7190246579798 -0.010633422188817 
838.49107924312 3.2772639821115 -0.010714217637366 2.7190246396737 -0.010606318141065 
840.62736224756 3.2772639621899 -0.010686977210975 2.7190246215989 -0.010579352162484 
842.763645252 3.2772639436772 -0.010659875692688 2.7190246031184 -0.010552523198516 
844.89992825644 3.2772639266732 -0.010632911117464 2.7190245841315 -0.010525830217828 
847.03621126088 3.2772639103838 -0.010606082447212 2.7190245652753 -0.010499272142468 
849.17249426532 3.2772638942427 -0.010579390035328 2.7190245468483 -0.010472847873776 
851.30877726976 3.2772638781706 -0.010552833272291 2.7190245284574 -0.010446556389655 
853.4450602742 3.2772638618398 -0.010526409808526 2.7190245100223 -0.010420396732534 
855.58134327864 3.2772638445854 -0.010500117795262 2.7190244921679 -0.010394367935867 
857.71762628309 3.2772638262222 -0.010473957034075 2.7190244752061 -0.010368469032347 
859.85390928753 3.2772638073128 -0.010447926999278 2.7190244585459 -0.010342699030883 
861.99019229197 3.2772637884898 -0.01042202567609 2.7190244416279 -0.010317057042305 
864.12647529641 3.2772637700095 -0.010396251203515 2.7190244247146 -0.010291542137136 
866.26275830085 3.2772637520863 -0.010370603509332 2.7190244081694 -0.010266153342372 
868.39904130529 3.2772637351307 -0.01034508294399 2.7190243915786 -0.010240889695805 
870.53532430973 3.2772637193641 -0.010319688351677 2.7190243743455 -0.010215750270663 
872.67160731417 3.2772637044762 -0.010294417863399 2.7190243567383 -0.010190734139646 
874.80789031861 3.2772636898876 -0.010269270867013 2.7190243395464 -0.010165840363538 
876.94417332305 3.2772636751774 -0.010244247639184 2.7190243229186 -0.010141068019849 
879.0804563275 3.2772636601044 -0.010219347336016 2.7190243063462 -0.010116416249924 
881.21673933194 3.2772636444233 -0.010194567708529 2.7190242897437 -0.010091884150886 
883.35302233638 3.2772636279669 -0.01016990719049 2.7190242737344 -0.010067470879661 
885.48930534082 3.2772636108657 -0.010145365660791 2.7190242586205 -0.010043175578304 
887.62558834526 3.2772635935292 -0.010120942916868 2.7190242437803 -0.010018997413619 
889.7618713497 3.2772635764033 -0.0100966374211 2.7190242285122 -0.0099949355590191 
891.89815435414 3.2772635598237 -0.010072447413976 2.719024212961 -0.0099709891734725 
894.03443735858 3.277263544029 -0.010048372505585 2.7190241976631 -0.0099471574152799 
896.17072036302 3.2772635291387 -0.01002441312916 2.719024182519 -0.0099234394607963 
898.30700336747 3.2772635150678 -0.010000568782307 2.7190241669018 -0.0098998345165276 
900.44328637191 3.2772635015317 -0.0099768377291129 2.7190241507183 -0.0098763417156983 
902.57956937635 3.2772634881726 -0.009953218706056 2.7190241347048 -0.0098529602563084 
904.71585238079 3.2772634746594 -0.0099297116294113 2.7190241194686 -0.0098296893426972 
906.85213538523 3.2772634607001 -0.0099063164225999 2.7190241047504 -0.0098065282068469 
908.98841838967 3.277263446086 -0.0098830317694866 2.7190240899982 -0.0097834760737804 
911.12470139411 3.2772634308258 -0.0098598557671959 2.7190240753161 -0.0097605321592984 
913.26098439855 3.277263415161 -0.0098367874482872 2.7190240612796 -0.009737695696385 
915.39726740299 3.2772633994275 -0.0098138268915384 2.7190240479509 -0.0097149659570894 
917.53355040744 3.2772633838992 -0.0097909738668889 2.7190240346095 -0.0096923422420913 
919.66983341188 3.2772633687974 -0.0097682270171414 2.7190240206362 -0.0096698237631247 
921.80611641632 3.2772633543564 -0.0097455849372157 2.719024006246 -0.009647409782423 
923.94239942076 3.2772633407502 -0.0097230472370113 2.7190239920343 -0.009625099572759 
926.0786824252 3.277263327916 -0.0097006141891327 2.7190239780547 -0.0096028924439358 
928.21496542964 3.2772633155315 -0.0096782854094303 2.7190239637989 -0.0095807876967463 
930.35124843408 3.2772633032236 -0.0096560594973422 2.7190239490719 -0.0095587845932319 
932.48753143852 3.2772632907653 -0.0096339350865799 2.7190239344488 -0.0095368823934062 
934.62381444296 3.2772632780416 -0.0096119117444479 2.7190239206298 -0.009515080404793 
936.7600974474 3.2772632649084 -0.0095899894752426 2.7190239076027 -0.0094933779735627 
938.89638045185 3.2772632512084 -0.0095681676309866 2.7190238947591 -0.0094717744479896 
941.03266345629 3.2772632369748 -0.0095464447034015 2.7190238817673 -0.009450269075949 
943.16894646073 3.2772632225203 -0.0095248194549005 2.7190238689513 -0.0094288611750682 
945.30522946517 3.2772632082562 -0.0095032915600351 2.7190238566918 -0.0094075501004264 
947.44151246961 3.277263194431 -0.0094818611128355 2.7190238447265 -0.0093863352499884 
949.57779547405 3.2772631810882 -0.0094605276236491 2.719023832344 -0.0093652159949984 
951.71407847849 3.277263168243 -0.0094392898948866 2.7190238192176 -0.0093441916591215 
953.85036148293 3.2772631559893 -0.0094181468674614 2.719023805765 -0.0093232615684046 
955.98664448737 3.2772631443655 -0.0093970982562024 2.7190237925819 -0.0093024251101111 
958.12292749182 3.2772631331683 -0.0093761441414644 2.7190237797269 -0.0092816817297772 
960.25921049626 3.2772631219906 -0.0093552840110769 2.7190237667901 -0.0092610307794509 
962.3954935007 3.277263110499 -0.0093345167009404 2.7190237536063 -0.0092404716144502 
964.53177650514 3.2772630986013 -0.0093138410420292 2.7190237406183 -0.0092200035635915 
966.66805950958 3.2772630863967 -0.0092932565114038 2.719023728423 -0.0091996260198608 
968.80434251402 3.2772630739003 -0.009272763049204 2.7190237170438 -0.0091793384299577 
970.94062551846 3.2772630611173 -0.0092523602338544 2.719023705939 -0.0091591402256559 
973.0769085229 3.2772630480132 -0.0092320471018109 2.7190236945621 -0.0091390307762028 
975.21319152734 3.2772630349722 -0.0092118224823061 2.719023683021 -0.0091190094456161 
977.34947453178 3.277263022191 -0.0091916859100122 2.7190236716206 -0.0090990756481205 
979.48575753623 3.2772630101712 -0.0091716372179199 2.7190236605588 -0.0090792289081049 
981.62204054067 3.2772629985017 -0.0091516763886198 2.7190236492342 -0.0090594686608568 
983.75832354511 3.2772629875356 -0.0091318024688068 2.7190236374065 -0.0090397943748139 
985.89460654955 3.2772629764861 -0.0091120147554459 2.7190236248485 -0.0090202054112632 
988.03088955399 3.2772629662285 -0.0090923121529516 2.7190236125111 -0.0090007012177172 
990.16717255843 3.2772629556328 -0.0090726948447389 2.7190236004205 -0.0089812812550967 
992.30345556287 3.2772629457093 -0.0090531622750001 2.7190235890648 -0.0089619450687804 
994.43973856731 3.2772629347626 -0.0090337142388895 2.7190235774916 -0.0089426920886543 
996.57602157175 3.2772629240608 -0.0090143495514909 2.7190235661759 -0.0089235217261734 
998.7123045762 3.2772629122864 -0.0089950673632959 2.7190235548488 -0.0089044333944681 
1000.8485875806 3.2772629008986 -0.0089758673551007 2.7190235444344 -0.0088854264342722 
1002.9848705851 3.2772628890667 -0.0089567491418298 2.7190235344863 -0.0088665007275764 
1005.1211535895 3.2772628774771 -0.0089377128090087 2.719023524773 -0.0088476553376676 
1007.257436594 3.2772628658685 -0.0089187570912606 2.7190235146463 -0.008828890196907 
1009.3937195984 3.2772628543713 -0.0088998816981262 2.7190235040402 -0.0088102042625168 
1011.5300026028 3.277262843467 -0.0088810854676317 2.7190234933704 -0.0087915972691819 
1013.6662856073 3.2772628329633 -0.0088623687466621 2.7190234827674 -0.0087730689689261 
1015.8025686117 3.2772628231055 -0.0088437310743158 2.7190234722257 -0.0087546185305902 
1017.9388516162 3.277262813457 -0.0088251718050581 2.7190234613097 -0.0087362459366531 
1020.0751346206 3.2772628039092 -0.0088066906834158 2.7190234499626 -0.0087179501824307 
1022.211417625 3.2772627943456 -0.0087882862533377 2.7190234385053 -0.0086997309760434 
1024.3477006295 3.2772627847844 -0.0087699588553884 2.7190234274864 -0.0086815880130691 
1026.4839836339 3.2772627751093 -0.0087517077784077 2.7190234171269 -0.0086635204627371 
1028.6202666384 3.2772627652548 -0.0087335326626415 2.7190234072534 -0.0086455283453523 
1030.7565496428 3.2772627550753 -0.008715433394418 2.7190233975048 -0.0086276107129792 
1032.8928326473 3.2772627444712 -0.0086974088746435 2.7190233876964 -0.0086097674752175 
1035.0291156517 3.2772627338657 -0.0086794584739202 2.7190233781259 -0.0085919976811773 
1037.1653986561 3.277262723197 -0.0086615822221476 2.7190233689102 -0.0085743011015355 
1039.3016816606 3.2772627127886 -0.0086437794500008 2.7190233600209 -0.0085566776120682 
1041.437964665 3.2772627027587 -0.0086260502080054 2.7190233510884 -0.0085391263836335 
1043.5742476695 3.2772626927479 -0.0086083939347139 2.7190233415695 -0.0085216474079154 
1045.7105306739 3.2772626832262 -0.0085908094893582 2.7190233315649 -0.008504239789428 
1047.8468136783 3.2772626740034 -0.0085732971408848 2.7190233212846 -0.0084869032686775 
1049.9830966828 3.2772626649974 -0.0085558560815444 2.7190233110218 -0.008469637721467 
1052.1193796872 3.2772626565848 -0.0085384860181728 2.7190233010313 -0.0084524424092244 
1054.2556626917 3.2772626480624 -0.0085211872352577 2.7190232909582 -0.0084353174009925 
1056.3919456961 3.2772626394604 -0.0085039582757411 2.7190232807135 -0.0084182618905843 
1058.5282287005 3.277262630949 -0.0084867993937948 2.7190232705157 -0.0084012756305543 
1060.664511705 3.2772626219328 -0.0084697102547656 2.7190232605148 -0.0083843584468614 
1062.8007947094 3.2772626129289 -0.0084526898680954 2.719023251167 -0.0083675096557134 
1064.9370777139 3.2772626039651 -0.0084357390769849 2.7190232424701 -0.0083507294632365 
1067.0733607183 3.277262594505 -0.0084188570063206 2.7190232339332 -0.0083340172831663 
