1.1938052083641 3.5614004817009 -1.2275943600105 3.4347986795958 -1.2292864201162 
3.5814156250924 3.5783520538227 -1.4548870630478 3.4255366284866 -1.453758437006 
5.9690260418206 3.5806416671813 -1.2796917831736 3.4213675830633 -1.2791185907466 
8.3566364585488 3.5751788772367 -1.0809438053178 3.4188180348788 -1.0832888770081 
10.744246875277 3.5773101899838 -0.92640254414773 3.4209607924206 -0.92891733544765 
13.131857292005 3.5785312301921 -0.80403925677859 3.4220499596193 -0.8057886887436 
15.519467708734 3.5786910162285 -0.70643689200966 3.4222609137031 -0.70736872293392 
17.907078125462 3.5784648664659 -0.62788290449624 3.4221687018194 -0.62817184211444 
20.29468854219 3.5781825778091 -0.56387990519719 3.4220311181055 -0.56371139984368 
22.682298958918 3.5779485037676 -0.51102861629112 3.4219254128608 -0.51054876734975 
25.069909375647 3.577779341857 -0.46680991794088 3.421862348586 -0.46612385114115 
27.457519792375 3.5776654888953 -0.42936014301715 3.4218339383194 -0.42854100534795 
29.845130209103 3.5775928075798 -0.3972900763548 3.4218296123076 -0.39638814949329 
32.232740625831 3.5775490308637 -0.36955207684881 3.4218406541153 -0.36860180252839 
34.62035104256 3.5775249343838 -0.34534574356931 3.4218608165961 -0.344370698205 
37.007961459288 3.5775139763918 -0.32405147901297 3.4218859019006 -0.32306778834185 
39.395571876016 3.5775116427452 -0.30518353097152 3.4219131956828 -0.30420219143575 
41.783182292744 3.577514860475 -0.28835650248836 3.4219409958982 -0.28738495965277 
44.170792709472 3.5775215529437 -0.27326119456697 3.4219682705202 -0.27230442157709 
46.558403126201 3.5775303237254 -0.25964696698901 3.421994422853 -0.25870820661216 
48.946013542929 3.5775402384409 -0.24730869942695 3.4220191350694 -0.24638997862886 
51.333623959657 3.5775506761381 -0.23607703710842 3.4220422654231 -0.23517952671524 
53.721234376385 3.5775612285286 -0.22581100958088 3.4220637812933 -0.22493527755341 
56.108844793114 3.5775716316983 -0.21639238424209 3.4220837158312 -0.21553857525054 
58.496455209842 3.577581719742 -0.20772130245855 3.4221021400535 -0.20688926596064 
60.88406562657 3.577591393191 -0.19971287429737 3.4221191450137 -0.19890225633541 
63.271676043298 3.5776005974469 -0.19229449715524 3.4221348305425 -0.1915048063926 
65.659286460027 3.5776093080079 -0.18540372640012 3.4221492982602 -0.18463438173593 
68.046896876755 3.5776175203256 -0.17898657085618 3.422162647363 -0.17823693578058 
70.434507293483 3.5776252428335 -0.17299611811669 3.4221749722031 -0.17226552546781 
72.822117710211 3.577632492157 -0.16739141803275 3.4221863610197 -0.16667918777136 
75.20972812694 3.57763928983 -0.16213656986514 3.4221968953999 -0.16144202174898 
77.597338543668 3.5776456600547 -0.15719997127705 3.4222066501935 -0.15652243379829 
79.984948960396 3.577651628186 -0.15255369682742 3.4222156937028 -0.15189251340617 
82.372559377124 3.5776572197209 -0.14817298076545 3.4222240880282 -0.14752751392666 
84.760169793853 3.577662459637 -0.14403578435537 3.4222318894956 -0.14340541842442 
87.147780210581 3.5776673719755 -0.14012243210934 3.4222391491164 -0.13950657482154 
89.535390627309 3.5776719795923 -0.13641530450745 3.4222459130505 -0.13581338782477 
91.923001044037 3.5776763040247 -0.13289857726934 3.4222522230544 -0.13231005762211 
94.310611460766 3.5776803654372 -0.12955799918206 3.4222581169034 -0.128982357298 
96.698221877494 3.5776841826203 -0.12638070201405 3.4222636287835 -0.12581744245559 
99.085832294222 3.5776877730231 -0.12335503725506 3.4222687896502 -0.12280368775512 
101.47344271095 3.5776911528086 -0.12047043537898 3.4222736275551 -0.11993054604237 
103.86105312768 3.5776943369212 -0.117717284098 3.4222781679405 -0.11718842651838 
106.24866354441 3.5776973391618 -0.11508682269174 3.4222824339052 -0.11456858902094 
108.63627396114 3.5777001722644 -0.11257104999461 3.4222864464419 -0.11206305199155 
111.02388437786 3.5777028479731 -0.11016264403221 3.422290224651 -0.10966451211104 
113.41149479459 3.5777053771168 -0.10785489162383 3.4222937859308 -0.10736627391562 
115.79910521132 3.5777077696805 -0.10564162654289 3.4222971461478 -0.10516218798063 
118.18671562805 3.5777100348724 -0.10351717504877 3.4223003197888 -0.1030465964828 
120.57432604478 3.5777121811875 -0.10147630778614 3.4223033200971 -0.10101428513419 
122.9619364615 3.5777142164656 -0.09951419720246 3.4223061591931 -0.0990604406372 
125.34954687823 3.5777161479456 -0.09762637976039 3.4223088481832 -0.097180612935647 
127.73715729496 3.577717982316 -0.095808722326775 3.4223113972568 -0.095370681643073 
130.12476771169 3.5777197257597 -0.094057392212794 3.4223138157726 -0.093626826121696 
132.51237812842 3.5777213839968 -0.092368830409382 3.4223161123366 -0.091945498755913 
134.89998854515 3.5777229623231 -0.090739727628634 3.4223182948722 -0.090323401030656 
137.28759896187 3.5777244656441 -0.089167002815693 3.4223203706813 -0.08875746207873 
139.6752093786 3.577725898509 -0.087647783837058 3.422322346502 -0.087244819403169 
142.06281979533 3.5777272651379 -0.086179390094762 3.4223242285579 -0.085782801523674 
144.45043021206 3.5777285694505 -0.084759316846133 3.4223260226043 -0.084368912327095 
146.83804062879 3.5777298150888 -0.083385221035627 3.4223277339683 -0.083000816928205 
149.22565104552 3.5777310054403 -0.08205490847396 3.4223293675864 -0.081676328876249 
151.61326146224 3.5777321436584 -0.080766322216669 3.4223309280376 -0.080393398559251 
154.00087187897 3.57773323268 -0.079517532011454 3.4223324195731 -0.079150102675519 
156.3884822957 3.5777342752435 -0.078306724705448 3.4223338461443 -0.077944634663723 
158.77609271243 3.5777352739038 -0.07713219550824 3.4223352114269 -0.076775295987213 
161.16370312916 3.5777362310464 -0.07599234002607 3.4223365188437 -0.075640488188242 
163.55131354588 3.5777371489001 -0.074885646986558 3.4223377715845 -0.074538705631415 
165.93892396261 3.5777380295496 -0.073810691586922 3.4223389726249 -0.073468528869459 
168.32653437934 3.5777388749457 -0.072766129403691 3.4223401247435 -0.072428618569422 
170.71414479607 3.5777396869145 -0.07175069080965 3.4223412305356 -0.071417709944916 
173.1017552128 3.5777404671691 -0.070763175848278 3.4223422924299 -0.070434607645094 
175.48936562953 3.5777412173148 -0.069802449525268 3.4223433126986 -0.069478181059503 
177.87697604625 3.5777419388588 -0.068867437474289 3.4223442934705 -0.068547359996628 
180.26458646298 3.5777426332166 -0.067957121966918 3.4223452367415 -0.067641130705558 
182.65219687971 3.5777433017184 -0.067070538232515 3.4223461443839 -0.066758532206962 
185.03980729644 3.5777439456153 -0.06620677105997 3.4223470181557 -0.06589865290524 
187.42741771317 3.5777445660849 -0.065364951659749 3.4223478597087 -0.065060627460257 
189.8150281299 3.5777451642358 -0.064544254758966 3.4223486705964 -0.064243633891599 
192.20263854662 3.5777457411128 -0.063743895913364 3.4223494522798 -0.06344689089902 
194.59024896335 3.5777462977011 -0.062963129015357 3.4223502061354 -0.06266965537855 
196.97785938008 3.5777468349302 -0.062201243981931 3.4223509334598 -0.061911220117951 
199.36546979681 3.5777473536776 -0.061457564608435 3.4223516354754 -0.061170911657504 
201.75308021354 3.5777478547719 -0.060731446572902 3.4223523133356 -0.060448088301033 
204.14069063026 3.5777483389972 -0.060022275580697 3.4223529681298 -0.059742138266739 
206.52830104699 3.5777488070938 -0.0593294656366 3.4223536008863 -0.059052477965165 
208.91591146372 3.5777492597632 -0.058652457435296 3.4223542125776 -0.058378550395217 
211.30352188045 3.5777496976692 -0.057990716859091 3.4223548041233 -0.057719823647015 
213.69113229718 3.5777501214405 -0.057343733577664 3.4223553763939 -0.057075789506549 
216.07874271391 3.5777505316733 -0.056711019738339 3.4223559302135 -0.056445962150534 
218.46635313063 3.5777509289328 -0.056092108744354 3.4223564663629 -0.05582987692903 
220.85396354736 3.5777513137551 -0.055486554108876 3.4223569855823 -0.055227089223493 
223.24157396409 3.5777516866496 -0.054893928384678 3.422357488574 -0.054637173380341 
225.62918438082 3.5777520480996 -0.054313822159431 3.4223579760039 -0.054059721709846 
228.01679479755 3.5777523985647 -0.053745843117153 3.4223584485049 -0.053494343550972 
230.40440521428 3.5777527384821 -0.053189615153183 3.4223589066781 -0.052940664389657 
232.792015631 3.5777530682668 -0.052644777547743 3.4223593510945 -0.052398325035348 
235.17962604773 3.5777533883147 -0.052110984186415 3.4223597822976 -0.051866980844386 
237.56723646446 3.5777536990015 -0.051587902829205 3.4223602008035 -0.051346300991816 
239.95484688119 3.5777540006865 -0.05107521442253 3.4223606071047 -0.050835967785928 
242.34245729792 3.5777542937109 -0.05057261245191 3.4223610016694 -0.05033567602336 
244.73006771464 3.5777545784006 -0.050079802332518 3.4223613849439 -0.049845132381998 
247.11767813137 3.5777548550663 -0.049596500833588 3.4223617573535 -0.049364054847557 
249.5052885481 3.5777551240043 -0.049122435537834 3.4223621193041 -0.048892172175088 
251.89289896483 3.5777553854973 -0.048657344331015 3.422362471182 -0.048429223380426 
254.28050938156 3.5777556398159 -0.048200974917676 3.4223628133573 -0.047974957257856 
256.66811979829 3.5777558872186 -0.047753084367401 3.4223631461828 -0.04752913192812 
259.05573021501 3.5777561279502 -0.047313438685171 3.4223634699936 -0.047091514410439 
261.44334063174 3.5777563622481 -0.046881812402131 3.4223637851132 -0.04666188021488 
263.83095104847 3.5777565903378 -0.046457988192637 3.422364091849 -0.046240012960873 
266.2185614652 3.5777568124348 -0.046041756509538 3.4223643904953 -0.045825704013979 
268.60617188193 3.5777570287454 -0.045632915239601 3.4223646813331 -0.045418752142619 
270.99378229866 3.5777572394677 -0.04523126937598 3.4223649646323 -0.045018963191859 
273.38139271538 3.5777574447911 -0.044836630710766 3.4223652406508 -0.044626149777253 
275.76900313211 3.5777576448969 -0.044448817539165 3.4223655096356 -0.044240130990061 
278.15661354884 3.5777578399592 -0.044067654381549 3.4223657718234 -0.0438607321205 
280.54422396557 3.5777580301445 -0.04369297172045 3.4223660274409 -0.043487784395814 
282.9318343823 3.5777582156134 -0.043324605748706 3.4223662767061 -0.043121124729407 
285.31944479902 3.5777583965192 -0.042962398130458 3.4223665198277 -0.04276059548273 
287.70705521575 3.5777585730087 -0.042606195776086 3.4223667570052 -0.042406044241263 
290.09466563248 3.5777587452238 -0.042255850625009 3.422366988431 -0.042057323598111 
292.48227604921 3.5777589133006 -0.041911219442949 3.4223672142902 -0.041714290952089 
294.86988646594 3.5777590773691 -0.041572163624863 3.4223674347593 -0.041376808311489 
297.25749688267 3.5777592375551 -0.041238549012811 3.4223676500088 -0.041044742112698 
299.64510729939 3.5777593939791 -0.040910245713356 3.4223678602024 -0.040717963038322 
302.03271771612 3.5777595467569 -0.040587127934688 3.422368065497 -0.040396345855007 
304.42032813285 3.5777596960001 -0.040269073824338 3.4223682660439 -0.040079769251785 
306.80793854958 3.5777598418161 -0.039955965315064 3.4223684619887 -0.039768115686621 
309.19554896631 3.5777599843079 -0.039647687981233 3.4223686534711 -0.039461271243398 
311.58315938304 3.5777601235753 -0.039344130897457 3.4223688406261 -0.039159125491122 
313.97076979976 3.5777602597137 -0.039045186506422 3.4223690235832 -0.038861571352304 
316.35838021649 3.5777603928155 -0.038750750493183 3.4223692024673 -0.03856850497778 
318.74599063322 3.5777605229695 -0.038460721661814 3.4223693773987 -0.038279825623883 
321.13360104995 3.5777606502613 -0.038175001821241 3.4223695484932 -0.037995435538733 
323.52121146668 3.5777607747734 -0.037893495674645 3.4223697158625 -0.037715239852176 
325.90882188341 3.5777608965855 -0.037616110712231 3.4223698796144 -0.037439146468845 
328.29643230013 3.5777610157746 -0.037342757111001 3.422370039853 -0.037167065968539 
330.68404271686 3.5777611324138 -0.037073347638229 3.4223701966775 -0.036898911509988 
333.07165313359 3.577761246576 -0.036807797558854 3.4223703501858 -0.036634598738733 
335.45926355032 3.5777613583281 -0.036546024545669 3.4223705004696 -0.036374045697414 
337.84687396705 3.5777614677411 -0.036287948592027 3.4223706476218 -0.03611717273965 
340.23448438377 3.5777615748685 -0.036033491943981 3.4223707917226 -0.035863902460258 
342.6220948005 3.5777616797998 -0.035782578983461 3.4223709328727 -0.035614159585088 
345.00970521723 3.5777617825274 -0.035535136254695 3.422371071112 -0.035367870980579 
347.39731563396 3.5777618832692 -0.035291092138631 3.4223712066156 -0.035124965373118 
349.78492605069 3.5777619817225 -0.035050377388875 3.4223713392435 -0.034885373775152 
352.17253646742 3.5777620787019 -0.034812923701815 3.4223714695221 -0.034649028312802 
354.56014688414 3.5777621727399 -0.034578666559862 3.4223715966264 -0.034415864502125 
356.94775730087 3.5777622667455 -0.034347539337181 3.4223717222869 -0.034185816533023 
359.3353677176 3.5777623557288 -0.034119484228434 3.4223718436859 -0.033958825903239 
361.72297813433 3.577762448026 -0.033894432865927 3.4223719655409 -0.03373482621196 
364.11058855106 3.5777625310365 -0.033672337807458 3.4223720809818 -0.033513767594155 
366.49819896779 3.577762622566 -0.033453125173235 3.422372199508 -0.033295580319568 
368.88580938451 3.577762699925 -0.033236758888833 3.4223723095875 -0.033080223567367 
371.27341980124 3.5777627893123 -0.033023163372895 3.4223724238525 -0.032867627507627 
373.66103021797 3.5777628642242 -0.032812301761891 3.4223725306788 -0.032657750805649 
376.0486406347 3.5777629478091 -0.032604117106311 3.4223726388953 -0.032450538821108 
378.43625105143 3.5777630234837 -0.032398546456495 3.4223727437603 -0.032245931214107 
380.82386146815 3.5777631009186 -0.03219557138958 3.4223728469725 -0.032043902205918 
383.21147188488 3.5777631746912 -0.031995100763829 3.4223729472218 -0.031844372294833 
385.59908230161 3.5777632507927 -0.031797128672012 3.4223730490245 -0.031647324253487 
387.98669271834 3.5777633197708 -0.031601586542984 3.4223731435322 -0.031452696507826 
390.37430313507 3.5777633927392 -0.031408424878544 3.4223732412827 -0.031260441060758 
392.7619135518 3.5777634637584 -0.031217627644541 3.4223733363536 -0.03107053351386 
395.14952396852 3.5777635274099 -0.031029120424752 3.422373425136 -0.030882910047082 
397.53713438525 3.5777635995183 -0.030842877175206 3.4223735198025 -0.030697539552184 
399.92474480198 3.577763664508 -0.030658866636563 3.4223736081848 -0.03051438760009 
402.31235521871 3.577763724996 -0.030477025958933 3.4223736927316 -0.030333400265431 
404.69996563544 3.5777637945019 -0.03029733314318 3.4223737831869 -0.030154549245198 
407.08757605217 3.5777638552956 -0.030119753034149 3.422373866513 -0.029977798325963 
409.47518646889 3.5777639124424 -0.02994423321506 3.4223739467026 -0.02980310226926 
411.86279688562 3.577763978478 -0.029770749159193 3.4223740325582 -0.029630431359744 
414.25040730235 3.5777640370561 -0.029599268177023 3.4223741123713 -0.02945975154655 
416.63801771908 3.5777640904282 -0.029429745700657 3.4223741879925 -0.029291024308821 
419.02562813581 3.5777641521389 -0.029262153517073 3.422374268854 -0.029124218402377 
421.41323855253 3.5777642099542 -0.029096462116278 3.4223743462726 -0.028959301736329 
423.80084896926 3.5777642601964 -0.028932634228737 3.422374417883 -0.028796241679362 
426.18845938599 3.5777643163529 -0.028770639403679 3.422374493072 -0.028635007403836 
428.57606980272 3.5777643735361 -0.028610448808532 3.4223745683014 -0.028475566853722 
430.96368021945 3.577764422678 -0.028452031530532 3.4223746374012 -0.028317891453017 
433.35129063618 3.5777644728086 -0.028295358767152 3.4223747067221 -0.028161954107836 
435.7389010529 3.5777645274461 -0.028140400590848 3.422374778578 -0.028007722634713 
438.12651146963 3.5777645774074 -0.027987128303762 3.4223748466041 -0.027855168251505 
440.51412188636 3.5777646234607 -0.027835517889186 3.4223749114719 -0.027704268862605 
442.90173230309 3.5777646729714 -0.02768554160727 3.4223749782797 -0.027554996420306 
445.28934271982 3.5777647229412 -0.027537168486875 3.4223750448441 -0.027407319041384 
447.67695313655 3.5777647683701 -0.027390375782712 3.422375107728 -0.027261214601013 
450.06456355327 3.5777648129497 -0.027245143257597 3.4223751696228 -0.027116663389039 
452.45217397 3.5777648597258 -0.027101441290821 3.4223752326441 -0.026973635650875 
454.83978438673 3.5777649053502 -0.026959241124318 3.4223752943312 -0.026832102734104 
457.22739480346 3.5777649482126 -0.026818525632463 3.422375353568 -0.0266920474851 
459.61500522019 3.5777649909188 -0.02667927582027 3.4223754123604 -0.026553450783979 
462.00261563691 3.5777650342212 -0.026541461460521 3.4223754712651 -0.026416283041538 
464.39022605364 3.5777650764476 -0.026405056503397 3.4223755288924 -0.026280518692601 
466.77783647037 3.5777651174254 -0.026270047380293 3.4223755850804 -0.026146143380431 
469.1654468871 3.5777651579807 -0.02613641670253 3.4223756406991 -0.02601313928802 
471.55305730383 3.5777651979186 -0.026004135195697 3.4223756957112 -0.025881478408716 
473.94066772056 3.5777652371859 -0.025873177987283 3.4223757497534 -0.025751136686589 
476.32827813728 3.5777652763875 -0.025743533249272 3.4223758031017 -0.025622101026851 
478.71588855401 3.5777653150341 -0.025615186668879 3.4223758557875 -0.025494356204638 
481.10349897074 3.5777653520865 -0.025488111444071 3.4223759073353 -0.025367876922928 
483.49110938747 3.5777653883756 -0.025362282173724 3.4223759579645 -0.025242639235768 
485.8787198042 3.5777654255204 -0.025237686637745 3.4223760084561 -0.025118629711797 
488.26633022093 3.5777654627106 -0.025114314472111 3.4223760585718 -0.024995836288886 
490.65394063765 3.5777654977554 -0.024992143541807 3.422376107269 -0.024874237868683 
493.04155105438 3.5777655311031 -0.02487114765018 3.4223761546553 -0.024753810496469 
495.42916147111 3.577765565463 -0.024751311443633 3.4223762020389 -0.024634538531698 
497.81677188784 3.5777656011832 -0.024632627191941 3.422376249698 -0.024516411937965 
500.20438230457 3.5777656353733 -0.024515079722528 3.4223762962629 -0.024399415179675 
502.5919927213 3.5777656666294 -0.024398644601751 3.4223763409733 -0.024283526202458 
504.97960313802 3.5777656975477 -0.024283301653839 3.4223763850502 -0.024168726250236 
507.36721355475 3.5777657307009 -0.024169041579668 3.4223764298164 -0.024055004290405 
509.75482397148 3.5777657644615 -0.024055855877411 3.4223764745548 -0.023942349742843 
512.14243438821 3.5777657954261 -0.023943726561823 3.4223765175882 -0.023830745551144 
514.53004480494 3.5777658236969 -0.023832631144131 3.4223765588968 -0.023720171868783 
516.91765522166 3.577765852837 -0.023722554371242 3.4223766002031 -0.023610613910183 
519.30526563839 3.577765884568 -0.023613489076097 3.4223766424096 -0.023502062198649 
521.69287605512 3.577765916191 -0.023505425744166 3.4223766842662 -0.023394505625375 
524.08048647185 3.577765944508 -0.023398346477583 3.4223767242109 -0.023287927811489 
526.46809688858 3.577765970434 -0.023292231428818 3.4223767626252 -0.0231823114435 
528.85570730531 3.5777659977133 -0.02318706780422 3.4223768012903 -0.023077643791549 
531.24331772203 3.5777660276843 -0.023082848955669 3.4223768408948 -0.022973915826577 
533.63092813876 3.5777660574764 -0.022979565651365 3.4223768801351 -0.022871116861344 
536.01853855549 3.5777660839541 -0.022877201713438 3.4223769175306 -0.022769232213172 
538.40614897222 3.5777661079187 -0.022775739349013 3.4223769534067 -0.022668246570437 
540.79375938895 3.5777661329892 -0.022675166416358 3.422376989418 -0.022568148060678 
543.18136980568 3.5777661608565 -0.022575476199582 3.4223770263776 -0.022468927798424 
545.5689802224 3.577766189176 -0.022476660694626 3.4223770632693 -0.02237057606662 
547.95659063913 3.577766214642 -0.022378706302111 3.4223770986134 -0.022273080221424 
550.34420105586 3.5777662371323 -0.022281596959339 3.4223771323193 -0.022176426630812 
552.73181147259 3.5777662597713 -0.022185320194364 3.4223771657395 -0.022080603771181 
555.11942188932 3.5777662850377 -0.022089868614311 3.4223771999683 -0.02198560267492 
557.50703230604 3.577766311842 -0.021995235523826 3.4223772345795 -0.021891414568049 
559.89464272277 3.5777663369492 -0.0219014103675 3.4223772682209 -0.021798028837185 
562.2822531395 3.5777663588312 -0.02180837921022 3.4223773002354 -0.021705433565155 
564.66986355623 3.5777663793589 -0.021716129185452 3.4223773313694 -0.02161361764288 
567.05747397296 3.5777664015424 -0.021624651517902 3.4223773628467 -0.02152257186132 
569.44508438969 3.5777664261163 -0.021533939935168 3.4223773949869 -0.021432287942354 
571.83269480641 3.5777664508431 -0.021443986702615 3.4223774269355 -0.021342756903276 
574.22030522314 3.5777664730976 -0.021354780815027 3.4223774576792 -0.021253968630639 
576.60791563987 3.5777664927189 -0.02126631000427 3.4223774871401 -0.021165912886287 
578.9955260566 3.5777665120647 -0.021178564023191 3.4223775161867 -0.021078580426215 
581.38313647333 3.5777665334063 -0.021091535647991 3.4223775456565 -0.020991963034736 
583.77074689006 3.5777665565852 -0.021005218635932 3.4223775755136 -0.020906052643929 
586.15835730678 3.5777665793076 -0.020919605065509 3.4223776049679 -0.020820840628879 
588.54596772351 3.577766599595 -0.020834684812143 3.4223776333436 -0.02073631798825 
590.93357814024 3.5777666177435 -0.020750447376884 3.4223776607294 -0.020652476001793 
593.32118855697 3.5777666359131 -0.020666884014143 3.4223776878266 -0.02056930660233 
595.7087989737 3.5777666559043 -0.020583988037621 3.4223777152096 -0.020486802106641 
598.09640939042 3.577766677451 -0.020501753261599 3.4223777428076 -0.020404954739996 
600.48401980715 3.5777666986015 -0.020420172287174 3.422377770048 -0.020323756508574 
602.87163022388 3.5777667176673 -0.020339236256902 3.4223777964476 -0.020243199502268 
605.25924064061 3.5777667347838 -0.020258936099497 3.4223778220451 -0.020163276209066 
607.64685105734 3.5777667516727 -0.020179263912087 3.4223778473015 -0.020083979456803 
610.03446147407 3.577766769976 -0.02010021321249 3.4223778726408 -0.020005302072213 
612.42207189079 3.5777667897846 -0.0200217779912 3.422377898087 -0.019927236663698 
614.80968230752 3.577766809665 -0.019943951591569 3.422377923308 -0.019849775803867 
617.19729272425 3.5777668280253 -0.019866726415202 3.422377947956 -0.019772912412867 
619.58490314098 3.5777668445165 -0.019790094587136 3.4223779719673 -0.019696639928336 
621.97251355771 3.5777668602472 -0.019714048842913 3.422377995567 -0.019620952042372 
624.36012397444 3.5777668767436 -0.019638582841333 3.4223780190376 -0.019545842243657 
626.74773439116 3.5777668946364 -0.019563690747285 3.4223780424808 -0.019471303634417 
629.13534480789 3.5777669132027 -0.019489366529982 3.4223780657783 -0.019397329194216 
631.52295522462 3.5777669310632 -0.019415603651505 3.4223780887394 -0.019323912307859 
633.91056564135 3.5777669473536 -0.019342395305832 3.4223781112683 -0.019251047038696 
636.29817605808 3.5777669623878 -0.019269734912489 3.4223781334171 -0.019178727886778 
638.6857864748 3.5777669773196 -0.019197616408309 3.4223781553026 -0.01910694922611 
641.07339689153 3.5777669931733 -0.019126034125232 3.4223781769978 -0.019035704897904 
643.46100730826 3.577767010054 -0.019054982436138 3.4223781984931 -0.018964988319681 
645.84861772499 3.5777670271436 -0.018984455523336 3.4223782197474 -0.018894793044769 
648.23622814172 3.5777670433963 -0.018914447431864 3.4223782407461 -0.01882511329868 
650.62383855845 3.5777670583508 -0.018844952310804 3.4223782615115 -0.018755944052941 
653.01144897517 3.5777670724301 -0.018775964592277 3.4223782820603 -0.018687280565467 
655.3990593919 3.5777670865564 -0.018707478953211 3.4223783023609 -0.01861911774784 
657.78666980863 3.5777671014416 -0.018639490103697 3.4223783223574 -0.018551449838477 
660.17428022536 3.5777671170858 -0.018571992657485 3.422378342026 -0.018484270681517 
662.56189064209 3.5777671328389 -0.018504981164948 3.4223783614235 -0.018417574352023 
664.94950105882 3.5777671479228 -0.018438450297183 3.4223783806701 -0.01835135567704 
667.33711147554 3.5777671619837 -0.018372395009728 3.4223783998518 -0.018285610263518 
669.72472189227 3.5777671753103 -0.018306810507809 3.4223784189485 -0.018220333991462 
672.112332309 3.5777671885746 -0.018241692048258 3.422378437823 -0.018155522364022 
674.49994272573 3.5777672023448 -0.018177034738727 3.422378456317 -0.018091170183949 
676.88755314246 3.5777672167117 -0.018112833492254 3.4223784743736 -0.018027271769549 
679.27516355918 3.5777672312696 -0.018049083204726 3.4223784920944 -0.017963821566989 
681.66277397591 3.5777672454362 -0.017985779016755 3.4223785096915 -0.01790081471532 
684.05038439264 3.5777672588464 -0.017922916459308 3.4223785273402 -0.017838247174779 
686.43799480937 3.5777672715746 -0.017860491361095 3.4223785450561 -0.017776115337139 
688.8256052261 3.5777672840414 -0.017798499575328 3.4223785626655 -0.017714415393232 
691.21321564283 3.5777672967207 -0.017736936718051 3.4223785799222 -0.017653142886519 
693.60082605955 3.5777673098304 -0.017675798095284 3.4223785966648 -0.017592292730748 
695.98843647628 3.577767323226 -0.01761507889864 3.4223786129386 -0.017531859688672 
698.37604689301 3.5777673365266 -0.017554774523721 3.4223786289784 -0.017471838971737 
700.76365730974 3.5777673493718 -0.0174948808001 3.4223786450651 -0.017412226575811 
703.15126772647 3.5777673616403 -0.017435393990952 3.4223786613463 -0.017353019163768 
705.5388781432 3.5777673734959 -0.017376310530446 3.4223786777368 -0.01729421355423 
707.92648855992 3.5777673852709 -0.01731762667734 3.42237869397 -0.01723580616057 
710.31409897665 3.577767397229 -0.01725933833185 3.4223787097461 -0.017177792743085 
712.70170939338 3.5777674094672 -0.017201441045364 3.4223787249488 -0.017120168544812 
715.08931981011 3.57776742179 -0.017143930408786 3.4223787396695 -0.017062928867643 
717.47693022684 3.5777674340163 -0.017086802216856 3.422378754255 -0.01700606944138 
719.86454064357 3.5777674457931 -0.017030052971007 3.4223787689355 -0.016949586898834 
722.25215106029 3.5777674573127 -0.016973679245106 3.4223787839805 -0.016893478155587 
724.63976147702 3.5777674683189 -0.016917678274138 3.4223787990599 -0.016837740637605 
727.02737189375 3.5777674796125 -0.016862046198126 3.4223788141883 -0.016782370702578 
729.41498231048 3.5777674904802 -0.016806780020646 3.4223788285705 -0.016727365087437 
731.80259272721 3.5777675022079 -0.016751874604817 3.4223788427168 -0.016672718689168 
734.19020314393 3.5777675130248 -0.016697327192497 3.4223788558662 -0.016618428235788 
736.57781356066 3.577767524918 -0.016643132351352 3.4223788694135 -0.016564488622959 
738.96542397739 3.5777675351771 -0.016589288549348 3.4223788824345 -0.016510897969764 
741.35303439412 3.577767546678 -0.016535791260723 3.4223788964943 -0.016457652370579 
743.74064481085 3.5777675564392 -0.016482639001285 3.4223789101493 -0.01640475019936 
746.12825522758 3.5777675674896 -0.016429828532427 3.4223789243519 -0.016352188448602 
748.5158656443 3.5777675774307 -0.016377355700365 3.4223789377636 -0.016299963111841 
750.90347606103 3.5777675881631 -0.016325219095292 3.422378950824 -0.016248072138825 
753.29108647776 3.5777675985184 -0.016273411438307 3.4223789631718 -0.016196508980998 
755.67869689449 3.5777676088993 -0.016221933197833 3.422378975247 -0.016145272989826 
758.06630731122 3.5777676191701 -0.016170777443061 3.4223789872386 -0.01609435824643 
760.45391772795 3.5777676292258 -0.016119943839039 3.422378999711 -0.016043763866471 
762.84152814467 3.5777676390974 -0.016069429783957 3.4223790123322 -0.015993487444258 
765.2291385614 3.5777676488983 -0.016019230820865 3.4223790253094 -0.015943525164449 
767.61674897813 3.5777676587225 -0.015969347733569 3.4223790381762 -0.015893876865217 
770.00435939486 3.5777676682316 -0.01591977393201 3.4223790502913 -0.015844536922901 
772.39196981159 3.5777676781594 -0.015870507898035 3.4223790622428 -0.015795503196689 
774.77958022831 3.5777676876044 -0.015821546716153 3.4223790732438 -0.015746772570429 
777.16719064504 3.5777676970433 -0.01577288458877 3.4223790841055 -0.015698340015542 
779.55480106177 3.5777677067383 -0.015724521943728 3.4223790953708 -0.015650205009527 
781.9424114785 3.5777677156401 -0.015676454545826 3.422379106405 -0.015602363972982 
784.33002189523 3.5777677250465 -0.015628679858374 3.4223791183154 -0.015554814564886 
786.71763231196 3.5777677343369 -0.015581198094458 3.4223791303533 -0.015507556259875 
789.10524272868 3.5777677429972 -0.015534004199287 3.4223791418045 -0.015460584887844 
791.49285314541 3.5777677524268 -0.015487096391064 3.4223791534614 -0.015413898306475 
793.88046356214 3.5777677613132 -0.015440472739819 3.4223791641515 -0.015367494169163 
796.26807397887 3.5777677697804 -0.015394127785923 3.4223791740768 -0.015321367850052 
798.6556843956 3.5777677790092 -0.015348060228171 3.4223791843805 -0.015275517473148 
801.04329481233 3.5777677874548 -0.015302267875085 3.4223791942123 -0.015229940738808 
803.43090522905 3.577767795741 -0.015256746784593 3.422379204296 -0.015184634426562 
805.81851564578 3.5777678048175 -0.015211496702151 3.4223792153826 -0.015139597646274 
808.20612606251 3.5777678130754 -0.01516651571585 3.4223792261478 -0.015094828493693 
810.59373647924 3.5777678212865 -0.015121800310446 3.422379236898 -0.01505032405317 
812.98134689597 3.577767830224 -0.01507734947324 3.4223792478948 -0.015006082709371 
815.36895731269 3.5777678382621 -0.015033160417243 3.4223792577747 -0.014962101724679 
817.75656772942 3.577767846138 -0.014989229129448 3.4223792670744 -0.014918377673354 
820.14417814615 3.577767854718 -0.01494555399584 3.4223792765728 -0.014874908450534 
822.53178856288 3.5777678624993 -0.014902132641168 3.4223792854615 -0.014831691666026 
824.91939897961 3.5777678700462 -0.014858961990722 3.4223792944161 -0.014788724781646 
827.30700939634 3.5777678784355 -0.014816041030656 3.422379304343 -0.014746006355228 
829.69461981306 3.5777678863041 -0.01477336837898 3.4223793142539 -0.01470353480903 
832.08223022979 3.5777678937458 -0.014730941479145 3.4223793240527 -0.014661308062588 
834.46984064652 3.5777679019668 -0.014688758753927 3.4223793343299 -0.014619324291899 
836.85745106325 3.5777679098737 -0.014646818349632 3.4223793440735 -0.014577581378195 
839.24506147998 3.5777679170132 -0.014605117209521 3.4223793528463 -0.014536076746384 
841.63267189671 3.5777679246754 -0.01456365285971 3.4223793615785 -0.014494807959066 
844.02028231343 3.5777679323852 -0.014522423301972 3.4223793700966 -0.014453772708047 
846.40789273016 3.5777679392826 -0.014481426125169 3.422379378047 -0.014412968879378 
848.79550314689 3.5777679464633 -0.014440659383645 3.4223793864191 -0.014372394683516 
851.18311356362 3.577767954166 -0.014400121761844 3.4223793954942 -0.014332048416753 
853.57072398035 3.5777679612983 -0.014359811748647 3.4223794044977 -0.014291928555616 
855.95833439707 3.5777679682783 -0.014319727686105 3.4223794135771 -0.014252033671269 
858.3459448138 3.5777679758556 -0.014279867900881 3.4223794230272 -0.014212361880246 
860.73355523053 3.577767983149 -0.014240230394356 3.4223794320221 -0.014172911064319 
863.12116564726 3.577767989812 -0.014200813007526 3.4223794402 -0.014133679376563 
865.50877606399 3.5777679967584 -0.014161613500438 3.4223794481927 -0.014094664679022 
867.89638648072 3.5777680038595 -0.014122629567022 3.422379456027 -0.014055864525545 
870.28399689744 3.5777680103691 -0.014083859294504 3.4223794633879 -0.014017277129246 
872.67160731417 3.577768016809 -0.014045301176123 3.4223794708476 -0.013978901132389 
875.0592177309 3.5777680237465 -0.014006953559028 3.4223794789365 -0.013940734702355 
877.44682814763 3.5777680305656 -0.013968814949643 3.4223794872567 -0.013902776188146 
879.83443856436 3.5777680370074 -0.01393088432357 3.4223794955469 -0.013865024627397 
882.22204898109 3.5777680437014 -0.013893160292801 3.4223795040753 -0.013827478610602 
884.60965939781 3.5777680506018 -0.013855640774151 3.4223795126092 -0.013790135945463 
886.99726981454 3.5777680570714 -0.013818323961013 3.4223795205493 -0.013752994899464 
889.38488023127 3.57776806326 -0.013781208331137 3.4223795279388 -0.01371605412635 
891.772490648 3.5777680696566 -0.013744291684186 3.4223795351633 -0.013679311491167 
894.16010106473 3.577768076004 -0.013707571690821 3.4223795421721 -0.013642764689054 
896.54771148146 3.5777680819876 -0.013671047036638 3.4223795489261 -0.01360641246909 
898.93532189818 3.5777680879813 -0.013634716684051 3.4223795558604 -0.013570253794763 
901.32293231491 3.577768094256 -0.013598578873926 3.422379563266 -0.013534286816115 
903.71054273164 3.5777681004928 -0.013562632081537 3.4223795709185 -0.013498509912359 
906.09815314837 3.5777681065263 -0.013526875675571 3.4223795786135 -0.013462922377463 
908.4857635651 3.5777681126284 -0.01349130858361 3.4223795863989 -0.01342752309348 
910.87337398182 3.5777681188412 -0.013455928647832 3.4223795941374 -0.0133923099294 
913.26098439855 3.577768124862 -0.013420734025529 3.4223796014727 -0.013357281114175 
915.64859481528 3.5777681306347 -0.013385723675635 3.4223796083103 -0.013322435669682 
918.03620523201 3.5777681363832 -0.01335089595814 3.4223796148567 -0.013287772052758 
920.42381564874 3.5777681421381 -0.013316248457419 3.4223796212431 -0.013253287984246 
922.81142606547 3.5777681477634 -0.013281779603319 3.4223796275093 -0.013218981936719 
925.19903648219 3.5777681533004 -0.013247488855247 3.4223796338337 -0.013184853278467 
927.58664689892 3.5777681589071 -0.013213375083426 3.4223796404492 -0.013150900807922 
929.97425731565 3.5777681645825 -0.013179436410551 3.4223796473783 -0.013117122643442 
932.36186773238 3.5777681702341 -0.013145671735328 3.4223796544762 -0.013083517599697 
934.74947814911 3.5777681758526 -0.013112080710922 3.4223796616209 -0.013050085168445 
937.13708856584 3.5777681814475 -0.013078662104866 3.4223796687018 -0.013016824100556 
939.52469898256 3.5777681869738 -0.013045413676331 3.4223796755582 -0.012983732317422 
941.91230939929 3.5777681924027 -0.013012333811191 3.4223796820623 -0.012950808308762 
944.29991981602 3.5777681977475 -0.012979421782364 3.4223796882141 -0.012918051326393 
946.68753023275 3.5777682029916 -0.012946676234718 3.4223796940986 -0.012885460084891 
949.07514064948 3.5777682081337 -0.012914094942942 3.4223796998377 -0.012853032558903 
951.4627510662 3.5777682132556 -0.012881676392231 3.4223797055872 -0.012820767291522 
953.85036148293 3.5777682184313 -0.012849420249654 3.4223797115032 -0.012788663767492 
956.23797189966 3.5777682236007 -0.012817325864377 3.4223797176443 -0.012756721186987 
958.62558231639 3.5777682286989 -0.012785391536669 3.4223797239833 -0.012724937895166 
961.01319273312 3.5777682338056 -0.01275361580305 3.4223797304785 -0.01269331244172 
963.40080314985 3.5777682390031 -0.012721998258864 3.4223797370545 -0.012661844243216 
965.78841356657 3.5777682441739 -0.012690538344769 3.4223797435368 -0.01263053261403 
968.1760239833 3.5777682491585 -0.012659234268719 3.422379749742 -0.012599375924027 
970.56363440003 3.5777682540193 -0.012628083976446 3.4223797556282 -0.012568372366408 
972.95124481676 3.5777682589251 -0.01259708646278 3.4223797612697 -0.012537520963436 
975.33885523349 3.5777682638429 -0.012566241194971 3.4223797667157 -0.012506821094296 
977.72646565022 3.5777682685852 -0.01253554677599 3.4223797719802 -0.012476271456169 
980.11407606694 3.5777682731681 -0.012505001253492 3.4223797771858 -0.012445870308168 
982.50168648367 3.5777682778285 -0.012474603540627 3.4223797825469 -0.012415616549762 
984.8892969004 3.5777682826517 -0.012444353511296 3.4223797881735 -0.012385509783939 
987.27690731713 3.5777682874337 -0.012414250608402 3.4223797939841 -0.012355549278089 
989.66451773386 3.5777682920213 -0.012384293270736 3.4223797998565 -0.01232573355977 
992.05212815058 3.577768296578 -0.012354480040577 3.4223798057789 -0.012296061256862 
994.43973856731 3.5777683013041 -0.012324810409443 3.422379811744 -0.012266531717897 
996.82734898404 3.5777683060728 -0.012295283981286 3.4223798175931 -0.012237144389812 
999.21495940077 3.5777683106082 -0.012265899362513 3.4223798231219 -0.01220789801522 
1001.6025698175 3.5777683149197 -0.012236654592145 3.4223798283068 -0.012178790948049 
1003.9901802342 3.5777683192893 -0.012207548427687 3.4223798333108 -0.012149822065179 
1006.377790651 3.5777683238248 -0.012178580470859 3.4223798382602 -0.012120990832613 
1008.7654010677 3.5777683282885 -0.012149750026868 3.4223798431356 -0.012092296484372 
1011.1530114844 3.577768332487 -0.012121055574655 3.422379847937 -0.012063737659127 
1013.5406219011 3.577768336599 -0.012092495656595 3.4223798528255 -0.012035313031019 
1015.9282323179 3.5777683409167 -0.012064069768175 3.4223798579847 -0.012007021927154 
1018.3158427346 3.577768345398 -0.012035777833338 3.4223798633918 -0.011978863959762 
1020.7034531513 3.5777683497293 -0.012007619083851 3.4223798688471 -0.011950838270907 
1023.0910635681 3.5777683537979 -0.011979591998523 3.4223798742139 -0.011922943511874 
1025.4786739848 3.5777683578602 -0.011951695322474 3.4223798795252 -0.011895178542639 
1027.8662844015 3.5777683621469 -0.011923928579836 3.4223798848153 -0.011867542765858 
1030.2538948182 3.5777683664975 -0.011896291335269 3.4223798899518 -0.011840035619664 
1032.641505235 3.5777683705989 -0.011868782362121 3.4223798947681 -0.011812656027117 
1035.0291156517 3.5777683744366 -0.011841399968167 3.4223798992769 -0.011785402616699 
1037.4167260684 3.5777683783255 -0.011814142997585 3.4223799036867 -0.011758274367406 
1039.8043364851 3.577768382454 -0.011787011081788 3.4223799081688 -0.011731270752314 
1042.1919469019 3.5777683866159 -0.011760003830435 3.4223799127076 -0.011704391205538 
1044.5795573186 3.5777683905157 -0.011733120176609 3.4223799172279 -0.01167763471587 
1046.9671677353 3.5777683941955 -0.011706358782954 3.422379921785 -0.011651000102151 
1049.3547781521 3.5777683979828 -0.011679718866521 3.4223799265388 -0.011624486532536 
1051.7423885688 3.5777684020269 -0.011653200263494 3.4223799315306 -0.011598093561904 
1054.1299989855 3.5777684060901 -0.011626802627247 3.4223799365902 -0.011571820636182 
1056.5176094022 3.5777684098784 -0.011600524876957 3.4223799415049 -0.011545666768145 
1058.905219819 3.5777684134443 -0.011574365619141 3.4223799462252 -0.011519630808589 
1061.2928302357 3.5777684171109 -0.011548323921022 3.4223799508466 -0.011493711909289 
1063.6804406524 3.5777684210291 -0.011522399384671 3.4223799554131 -0.011467909548373 
1066.0680510692 3.5777684249727 -0.011496591478265 3.4223799598251 -0.011442223121363 
1068.4556614859 3.5777684286439 -0.011470899069577 3.4223799639762 -0.011416651670845 
1070.8432719026 3.5777684320733 -0.011445320793007 3.4223799679354 -0.011391194104863 
1073.2308823193 3.5777684355767 -0.011419855756356 3.4223799719148 -0.011365849600477 
1075.6184927361 3.5777684393329 -0.011394503665724 3.4223799760626 -0.011340617660619 
1078.0061031528 3.5777684431595 -0.011369264223258 3.4223799803461 -0.011315497764119 
1080.3937135695 3.5777684467372 -0.01134413663416 3.4223799846433 -0.011290489107029 
1082.7813239863 3.5777684500535 -0.011319119764731 3.4223799889437 -0.011265590701488 
1085.168934403 3.577768453364 -0.011294212811026 3.4223799933281 -0.011240801764695 
1087.5565448197 3.5777684569511 -0.011269415395899 3.422379997878 -0.01121612173715 
1089.9441552364 3.5777684606307 -0.011244727303961 3.4223800024457 -0.01119155017932 
1092.3317656532 3.5777684642077 -0.011220147682339 3.4223800068969 -0.011167086283496 
1094.7193760699 3.5777684674014 -0.011195675486108 3.4223800110452 -0.011142729222142 
1097.1069864866 3.5777684706658 -0.011171309453626 3.4223800150863 -0.011118477992655 
1099.4945969034 3.5777684739635 -0.011147049233557 3.4223800189798 -0.011094332178745 
1101.8822073201 3.5777684777087 -0.011122894155152 3.4223800229652 -0.011070291045771 
1104.2698177368 3.5777684810912 -0.011098843982564 3.4223800266992 -0.011046354245098 
1106.6574281535 3.5777684845379 -0.011074897312061 3.4223800304595 -0.0110225206401 
1109.0450385703 3.577768487405 -0.011051053535274 3.4223800339823 -0.010998789700947 
1111.432648987 3.5777684907988 -0.011027311689609 3.4223800378174 -0.010975160522402 
1113.8202594037 3.5777684939968 -0.011003671753147 3.4223800416604 -0.010951632782378 
1116.2078698205 3.5777684976317 -0.010980133400638 3.4223800457966 -0.010928205951275 
1118.5954802372 3.5777685007078 -0.010956695699813 3.4223800497916 -0.010904879140849 
1120.9830906539 3.5777685037578 -0.010933358253357 3.4223800538207 -0.010881651974148 
1123.3707010706 3.577768506642 -0.010910119481017 3.4223800577903 -0.010858523146084 
1125.7583114874 3.5777685097808 -0.010886979908829 3.4223800618201 -0.010835492843738 
1128.1459219041 3.5777685131475 -0.01086393823481 3.4223800658424 -0.010812559854717 
1130.5335323208 3.5777685163745 -0.01084099463744 3.4223800697206 -0.010789724153895 
1132.9211427376 3.5777685194435 -0.010818147816625 3.4223800733711 -0.010766984746178 
1135.3087531543 3.5777685222906 -0.010795396688493 3.4223800768504 -0.010744340818119 
1137.696363571 3.5777685252766 -0.010772741174762 3.4223800802626 -0.010721792210934 
1140.0839739877 3.5777685284773 -0.010750179989899 3.4223800837029 -0.010699337764266 
1142.4715844045 3.5777685317876 -0.010727713680384 3.422380087204 -0.010676977635877 
1144.8591948212 3.5777685348975 -0.01070534102736 3.4223800906066 -0.010654710778652 
1147.2468052379 3.5777685377766 -0.01068306129801 3.4223800940422 -0.010632536567171 
1149.6344156546 3.5777685405147 -0.010660874270629 3.4223800974677 -0.010610454722295 
1152.0220260714 3.577768543361 -0.010638778670386 3.4223801010137 -0.010588464105441 
1154.4096364881 3.5777685464611 -0.010616775053041 3.4223801047695 -0.010566564813446 
1156.7972469048 3.5777685494669 -0.010594862644036 3.4223801084625 -0.010544756038202 
1159.1848573216 3.5777685523647 -0.01057304063125 3.4223801121823 -0.010523037058172 
1161.5724677383 3.5777685550254 -0.010551308903312 3.4223801157662 -0.010501407730413 
1163.960078155 3.5777685575838 -0.010529665984504 3.4223801192009 -0.010479866939637 
1166.3476885717 3.5777685604788 -0.010508111885047 3.4223801227352 -0.01045841452148 
1168.7352989885 3.5777685634477 -0.010486646341638 3.4223801261167 -0.010437050079001 
1171.1229094052 3.5777685664629 -0.010465268281264 3.4223801294269 -0.01041577270412 
1173.5105198219 3.577768569407 -0.010443977744208 3.4223801326738 -0.010394582343772 
1175.8981302387 3.5777685719885 -0.010422773616456 3.4223801356485 -0.010373478204445 
1178.2857406554 3.5777685746972 -0.010401655120925 3.4223801387018 -0.010352459666517 
1180.6733510721 3.5777685775752 -0.010380622494154 3.4223801418167 -0.010331526684615 
1183.0609614888 3.5777685804405 -0.010359674897884 3.4223801448896 -0.010310678443667 
1185.4485719056 3.5777685834617 -0.010338812160334 3.4223801481613 -0.010289914607415 
1187.8361823223 3.5777685861832 -0.010318034183858 3.4223801513636 -0.010269234977961 
1190.223792739 3.5777685885955 -0.01029733989239 3.4223801544885 -0.010248638781384 
1192.6114031558 3.577768591181 -0.010276729289521 3.4223801578102 -0.010228125921439 
