1.0681415022205 3.5202715658389 -0.67770889889176 2.4889039294963 -0.6774889870902 
3.2044245066616 3.6373097416443 -0.90271898095485 2.3728891174305 -0.90405032399108 
5.3407075111026 3.6797497860092 -0.85571761035942 2.3310678427474 -0.8578207743985 
7.4769905155437 3.688871035762 -0.76187077453102 2.3120662217043 -0.76255889608037 
9.6132735199848 3.6992179271902 -0.67130906975808 2.3051996270437 -0.67263540099035 
11.749556524426 3.7054030790248 -0.59249204621379 2.3015152271935 -0.59403703140201 
13.885839528867 3.7082770674802 -0.5264049163177 2.2992197104933 -0.52772400390788 
16.022122533308 3.7094006917502 -0.47154816338558 2.2978306438168 -0.47247858734105 
18.158405537749 3.7097130590741 -0.42590630680066 2.2970508245917 -0.42644576352466 
20.29468854219 3.7096751452423 -0.3876451166161 2.2966606476171 -0.38785066687558 
22.430971546631 3.7094981055478 -0.35527322397054 2.2965095130764 -0.35521213897683 
24.567254551072 3.7092834099482 -0.32764455314918 2.2964932546892 -0.32738109784447 
26.703537555513 3.7090703261226 -0.3037978091815 2.2965585139601 -0.30338191324564 
28.839820559954 3.7088702358214 -0.28305702386881 2.2966630846168 -0.28253130021484 
30.976103564395 3.7086900461336 -0.26487597218295 2.2967861437006 -0.26427196053314 
33.112386568836 3.7085307506902 -0.24882340663132 2.2969151226123 -0.24816472554548 
35.248669573277 3.7083910566893 -0.23455646804474 2.2970427615032 -0.23386080753754 
37.384952577719 3.7082688846524 -0.22180009080657 2.2971650701889 -0.22108069155515 
39.52123558216 3.7081620162759 -0.21033156957812 2.2972800362473 -0.20959833527843 
41.657518586601 3.7080683640663 -0.19996899279205 2.2973868263367 -0.1992293230652 
43.793801591042 3.7079860688496 -0.19056251988968 2.2974852960783 -0.18982193186396 
45.930084595483 3.7079135196311 -0.18198774962537 2.2975756904581 -0.18125034152572 
48.066367599924 3.7078493400974 -0.17414063411074 2.2976584615397 -0.17340943153578 
50.202650604365 3.7077923626743 -0.16693354395895 2.2977341584647 -0.16621075930081 
52.338933608806 3.7077415996366 -0.16029219773905 2.2978033620933 -0.15957942521391 
54.475216613247 3.7076962157526 -0.15415324582542 2.2978666470981 -0.15345160873555 
56.611499617688 3.7076555039144 -0.14846235401045 2.2979245610077 -0.14777261641009 
58.747782622129 3.7076188642048 -0.1431726718986 2.297977613597 -0.14249532362799 
60.88406562657 3.7075857862531 -0.13824359995347 2.298026272532 -0.13757892165584 
63.020348631011 3.7075558345235 -0.13363979013853 2.2980709627162 -0.13298790316035 
65.156631635452 3.7075286361112 -0.12933033060897 2.2981120677492 -0.12869123542822 
67.292914639893 3.7075038706485 -0.12528807645433 2.2981499325129 -0.12466168236211 
69.429197644334 3.7074812619578 -0.12148909710677 2.2981848662814 -0.12087524518971 
71.565480648775 3.7074605711438 -0.11791221754473 2.2982171459912 -0.11731069851471 
73.701763653217 3.7074415908652 -0.11453863535893 2.2982470194564 -0.11394920340309 
75.838046657658 3.7074241405737 -0.11135159954301 2.2982747084137 -0.11077398308859 
77.974329662099 3.7074080625476 -0.10833613977681 2.2983004113379 -0.10777004985599 
80.11061266654 3.7073932185756 -0.105478837234 2.298324306002 -0.10492397397466 
82.246895670981 3.7073794871808 -0.10276762971651 2.2983465517857 -0.10222368736824 
84.383178675422 3.7073667612822 -0.10019164528074 2.298367291733 -0.099658316089949 
86.519461679863 3.7073549462246 -0.097741059652086 2.2983866543857 -0.09721803683496 
88.655744684304 3.7073439581089 -0.095406973554598 2.298404755405 -0.094893953558487 
90.792027688745 3.7073337223738 -0.093181306811427 2.2984216990061 -0.092677991015554 
92.928310693186 3.7073241725923 -0.091056706613054 2.2984375792271 -0.090562802588705 
95.064593697627 3.7073152494377 -0.089026467783377 2.2984524810444 -0.088541690203801 
97.200876702068 3.7073068998049 -0.087084463286236 2.2984664813619 -0.086608534565611 
99.337159706509 3.7072990760461 -0.085225083436062 2.2984796498765 -0.084757734149693 
101.47344271095 3.7072917353211 -0.083443182620349 2.2984920498503 -0.082984151759879 
103.60972571539 3.7072848390274 -0.081734032425567 2.2985037387846 -0.081283067518308 
105.74600871983 3.7072783523144 -0.08009328034126 2.2985147690239 -0.079650137470489 
107.88229172427 3.7072722436553 -0.078516913234275 2.2985251882841 -0.078081356977589 
110.01857472871 3.7072664844784 -0.07700122500815 2.2985350401242 -0.0765730283184 
112.15485773316 3.7072610488412 -0.075542787863187 2.2985443643613 -0.075121731901906 
114.2911407376 3.7072559131479 -0.074138426731304 2.2985531974433 -0.073724300670527 
116.42742374204 3.7072510559007 -0.072785196462181 2.2985615727773 -0.072377797260531 
118.56370674648 3.7072464574813 -0.071480361437252 2.2985695210238 -0.071079493600839 
120.69998975092 3.7072420999586 -0.070221377303608 2.2985770703581 -0.069826852635571 
122.83627275536 3.7072379669181 -0.069005874584426 2.2985842467035 -0.068617511929403 
124.9725557598 3.7072340433111 -0.067831643940482 2.2985910739409 -0.067449268926227 
127.10883876424 3.7072303153211 -0.066696622897218 2.2985975740952 -0.066320067677344 
129.24512176868 3.7072267702459 -0.065598883866707 2.2986037675044 -0.065227986865799 
131.38140477313 3.7072233963916 -0.064536623320303 2.298609672969 -0.06417122898394 
133.51768777757 3.7072201829791 -0.06350815198521 2.2986153078883 -0.063148110535654 
135.65397078201 3.7072171200591 -0.062511885953813 2.2986206883814 -0.062157053152211 
137.79025378645 3.7072141984371 -0.061546338610432 2.2986258293979 -0.061196575526683 
139.92653679089 3.7072114096062 -0.060610113288709 2.2986307448171 -0.060265286078824 
142.06281979533 3.7072087456871 -0.059701896581682 2.2986354475375 -0.059361876273219 
144.19910279977 3.7072061993728 -0.058820452238456 2.298639949558 -0.058485114524148 
146.33538580421 3.7072037638801 -0.057964615589006 2.2986442620506 -0.057633840628743 
148.47166880865 3.7072014329049 -0.057133288445613 2.2986483954282 -0.056806960676817 
150.60795181309 3.7071992005826 -0.056325434434593 2.2986523594048 -0.056003442389721 
152.74423481754 3.7071970614523 -0.055540074713537 2.2986561630503 -0.055222310846557 
154.88051782198 3.7071950104234 -0.054776284039063 2.2986598148407 -0.054462644559101 
157.01680082642 3.7071930427465 -0.054033187152479 2.2986633227036 -0.053723571864797 
159.15308383086 3.7071911539856 -0.053309955453584 2.2986666940599 -0.053004267608251 
161.2893668353 3.7071893399944 -0.052605803938061 2.2986699358622 -0.052303950084941 
163.42564983974 3.7071875968941 -0.051919988371352 2.2986730546297 -0.051621878221874 
165.56193284418 3.7071859210526 -0.051251802677807 2.2986760564792 -0.050957348973547 
167.69821584862 3.7071843090657 -0.050600576529626 2.2986789471549 -0.050309694916314 
169.83449885306 3.7071827577411 -0.04996567311543 2.298681732055 -0.049678282023099 
171.97078185751 3.7071812640819 -0.049346487074174 2.2986844162563 -0.049062507602769 
174.10706486195 3.7071798252733 -0.048742442580253 2.2986870045371 -0.048461798390851 
176.24334786639 3.7071784386691 -0.048152991564719 2.298689501397 -0.047875608775326 
178.37963087083 3.7071771017794 -0.04757761206504 2.2986919110764 -0.047303419151594 
180.51591387527 3.7071758122603 -0.047015806689259 2.2986942375747 -0.046744734391141 
182.65219687971 3.7071745679035 -0.046467101191215 2.2986964846657 -0.046199082421112 
184.78847988415 3.7071733666269 -0.04593104313917 2.2986986559133 -0.045666012897267 
186.92476288859 3.7071722064663 -0.045407200677215 2.2987007546841 -0.045145095969231 
189.06104589303 3.7071710855672 -0.044895161369597 2.2987027841618 -0.044635921128639 
191.19732889747 3.7071700021777 -0.044394531122315 2.2987047473576 -0.044138096134113 
193.33361190192 3.7071689546419 -0.043904933176952 2.2987066471227 -0.043651246008654 
195.46989490636 3.7071679413934 -0.043426007167028 2.2987084861568 -0.043175012099395 
197.6061779108 3.7071669609496 -0.042957408237994 2.2987102670187 -0.042709051200084 
199.74246091524 3.7071660119069 -0.042498806222016 2.2987119921343 -0.042253034728979 
201.87874391968 3.707165092935 -0.042049884864431 2.2987136638055 -0.041806647958365 
204.01502692412 3.7071642027731 -0.041610341100468 2.2987152842174 -0.041369589293736 
206.15130992856 3.7071633402246 -0.041179884374006 2.2987168554446 -0.040941569594918 
208.287592933 3.7071625041544 -0.040758235999952 2.2987183794588 -0.040522311541028 
210.42387593744 3.707161693484 -0.040345128563849 2.2987198581343 -0.040111549032075 
212.56015894189 3.7071609071894 -0.039940305358526 2.2987212932542 -0.03970902662862 
214.69644194633 3.707160144296 -0.039543519854677 2.2987226865145 -0.039314499023222 
216.83272495077 3.7071594038774 -0.039154535199822 2.2987240395303 -0.038927730542288 
218.96900795521 3.7071586850521 -0.038773123750885 2.2987253538401 -0.038548494679723 
221.10529095965 3.707157986981 -0.03839906662898 2.2987266309101 -0.038176573654271 
223.24157396409 3.7071573088646 -0.038032153303505 2.2987278721382 -0.037811757994402 
225.37785696853 3.7071566499406 -0.037672181197695 2.2987290788572 -0.037453846146327 
227.51413997297 3.7071560094828 -0.037318955317212 2.2987302523393 -0.037102644102904 
229.65042297741 3.7071553867984 -0.036972287897896 2.2987313937991 -0.036757965054336 
231.78670598185 3.7071547812263 -0.036631998075223 2.2987325043962 -0.036419629057633 
233.9229889863 3.7071541921355 -0.036297911569077 2.2987335852392 -0.036087462723607 
236.05927199074 3.7071536189227 -0.035969860387236 2.2987346373866 -0.035761298921384 
238.19555499518 3.7071530610114 -0.035647682546888 2.2987356618509 -0.035440976500898 
240.33183799962 3.7071525178518 -0.035331221803598 2.2987366596011 -0.035126340023228 
242.46812100406 3.7071519889167 -0.035020327403124 2.2987376315643 -0.034817239514003 
244.6044040085 3.7071514737019 -0.034714853842108 2.2987385786273 -0.034513530223681 
246.74068701294 3.7071509717251 -0.034414660641185 2.2987395016401 -0.034215072403208 
248.87697001738 3.7071504825245 -0.034119612129277 2.2987404014168 -0.033921731088208 
251.01325302182 3.7071500056578 -0.033829577240918 2.2987412787374 -0.033633375897469 
253.14953602627 3.7071495407006 -0.033544429322327 2.2987421343501 -0.03334988084019 
255.28581903071 3.7071490872468 -0.03326404594811 2.2987429689719 -0.033071124132963 
257.42210203515 3.7071486449071 -0.03298830874505 2.2987437832913 -0.032796988024316 
259.55838503959 3.7071482133074 -0.032717103225324 2.2987445779687 -0.032527358629581 
261.69466804403 3.7071477920887 -0.032450318630315 2.2987453536377 -0.032262125774757 
263.83095104847 3.7071473809065 -0.032187847779961 2.298746110907 -0.032001182846317 
265.96723405291 3.7071469794305 -0.031929586927441 2.2987468503618 -0.031744426647285 
268.10351705735 3.7071465873421 -0.031675435622905 2.298747572563 -0.031491757260938 
270.23980006179 3.7071462043357 -0.031425296586412 2.2987482780513 -0.031243077924693 
272.37608306624 3.7071458301178 -0.031179075582412 2.2987489673458 -0.030998294904979 
274.51236607068 3.7071454644063 -0.030936681300361 2.2987496409465 -0.030757317378406 
276.64864907512 3.707145106929 -0.030698025242928 2.2987502993332 -0.030520057320791 
278.78493207956 3.7071447574242 -0.030463021619728 2.2987509429688 -0.030286429400616 
280.921215084 3.7071444156403 -0.030231587245126 2.2987515722982 -0.030056350877944 
283.05749808844 3.7071440813352 -0.030003641436665 2.2987521877506 -0.029829741503362 
285.19378109288 3.7071437542753 -0.029779105923708 2.2987527897384 -0.029606523426616 
287.33006409732 3.7071434342349 -0.029557904759175 2.2987533786593 -0.02938662110946 
289.46634710176 3.7071431209969 -0.029339964232915 2.2987539548962 -0.029169961238805 
291.6026301062 3.7071428143531 -0.02912521278841 2.2987545188194 -0.028956472644193 
293.73891311065 3.7071425141006 -0.028913580945555 2.2987550707843 -0.028746086220763 
295.87519611509 3.707142220044 -0.028705001228408 2.2987556111342 -0.028538734857242 
298.01147911953 3.7071419319972 -0.028499408091395 2.2987561402017 -0.028334353362876 
300.14776212397 3.7071416497767 -0.028296737849238 2.2987566583055 -0.028132878397248 
302.28404512841 3.7071413732109 -0.028096928613745 2.2987571657566 -0.02793424840705 
304.42032813285 3.7071411021192 -0.027899920231812 2.2987576628456 -0.027738403566932 
306.55661113729 3.7071408363698 -0.027705654224035 2.2987581498809 -0.027545285710334 
308.69289414173 3.7071405757244 -0.027514073720066 2.2987586270885 -0.027354838287361 
310.82917714617 3.7071403202227 -0.027325123423609 2.2987590948597 -0.027167006273491 
312.96546015062 3.7071400692745 -0.027138749516043 2.2987595531767 -0.026981736208365 
315.10174315506 3.7071398236975 -0.02695489970308 2.2987600028815 -0.02679897594023 
317.2380261595 3.7071395813841 -0.026773522938723 2.298760443027 -0.026618674989303 
319.37430916394 3.7071393460004 -0.026594569871989 2.2987608760947 -0.026440783722018 
321.51059216838 3.7071391105301 -0.0264179918174 2.2987612983397 -0.026265254699747 
323.64687517282 3.7071388865176 -0.026243742535534 2.2987617165118 -0.026092040313563 
325.78315817726 3.707138655443 -0.026071775047241 2.2987621209012 -0.02592109629527 
327.9194411817 3.7071384440017 -0.025902046588218 2.2987625255109 -0.025752376748403 
330.05572418614 3.7071382162512 -0.025734511365611 2.2987629132063 -0.025585840199335 
332.19200719058 3.707138015497 -0.025569129771157 2.2987633034699 -0.025421443113404 
334.32829019503 3.7071377946379 -0.025405858148711 2.2987636780559 -0.025259145182553 
336.46457319947 3.7071375980186 -0.025244657626648 2.2987640514357 -0.025098907017994 
338.60085620391 3.7071373899966 -0.025085489744111 2.2987644158096 -0.024940687643909 
340.73713920835 3.7071371933013 -0.024928313177406 2.2987647736568 -0.024784452202314 
342.87342221279 3.7071369967927 -0.02477309569223 2.2987651244496 -0.024630160321108 
345.00970521723 3.7071368049442 -0.024619795821948 2.2987654730213 -0.02447777837452 
347.14598822167 3.7071366135276 -0.024468381151348 2.298765807778 -0.024327270135466 
349.28227122611 3.7071364280851 -0.024318817855999 2.2987661444629 -0.024178600900146 
351.41855423055 3.7071362455804 -0.024171068130389 2.2987664730386 -0.024031737943441 
353.554837235 3.7071360599853 -0.024025103912935 2.2987667894016 -0.023886648045578 
355.69112023944 3.707135886504 -0.023880890796632 2.2987671122675 -0.023743299364593 
357.82740324388 3.7071357098688 -0.023738395616779 2.2987674214132 -0.023601660415898 
359.96368624832 3.7071355319193 -0.023597591998723 2.2987677221983 -0.02346170158759 
362.09996925276 3.7071353677199 -0.023458447118896 2.298768030454 -0.023323392441149 
364.2362522572 3.7071351975934 -0.023320930960571 2.2987683232046 -0.023186703438733 
366.37253526164 3.7071350265137 -0.023185018448042 2.2987686086609 -0.0230516079588 
368.50881826608 3.7071348694807 -0.02305067934249 2.2987689024044 -0.022918077001481 
370.64510127052 3.7071347073328 -0.022917885504722 2.2987691820143 -0.022786082668184 
372.78138427496 3.7071345419045 -0.022786613134388 2.2987694519735 -0.022655600873004 
374.91766727941 3.7071343898879 -0.022656834958799 2.2987697309271 -0.022526604637411 
377.05395028385 3.7071342367746 -0.022528524206552 2.2987700004266 -0.022399067019782 
379.19023328829 3.7071340771748 -0.022401657977748 2.2987702560108 -0.022272965835778 
381.32651629273 3.7071339276435 -0.022276211943168 2.2987705186665 -0.022148276949247 
383.46279929717 3.7071337828818 -0.022152160984416 2.2987707797385 -0.022024974175669 
385.59908230161 3.7071336311397 -0.022029482626486 2.2987710245487 -0.021903035981027 
387.73536530605 3.7071334828636 -0.021908154793785 2.2987712694317 -0.021782441501805 
389.87164831049 3.707133343049 -0.021788154634917 2.298771520312 -0.021663166284959 
392.00793131493 3.7071332007867 -0.021669460326939 2.2987717593325 -0.021545188182246 
394.14421431938 3.7071330560485 -0.021552050890028 2.2987719885879 -0.021428488537233 
396.28049732382 3.7071329173907 -0.021435905563411 2.2987722241585 -0.021313046252268 
398.41678032826 3.7071327822039 -0.021321004176101 2.2987724587744 -0.021198838959479 
400.5530633327 3.7071326447422 -0.021207326606019 2.2987726798501 -0.021085847870928 
402.68934633714 3.7071325079909 -0.021094852909358 2.2987728976936 -0.020974055233186 
404.82562934158 3.707132375145 -0.020983564584546 2.2987731217243 -0.020863440813215 
406.96191234602 3.7071322439693 -0.02087344359256 2.298773340635 -0.020753984871278 
409.09819535046 3.7071321129381 -0.020764470708816 2.2987735477289 -0.020645670453596 
411.2344783549 3.7071319827751 -0.0206566273164 2.2987737545234 -0.020538480539375 
413.37076135935 3.7071318537851 -0.020549897185553 2.2987739661574 -0.020432396624125 
415.50704436379 3.7071317267981 -0.020444263941017 2.2987741717091 -0.020327401077558 
417.64332736823 3.7071316022874 -0.020339709171627 2.2987743669904 -0.020223477952864 
419.77961037267 3.7071314778074 -0.020236215478769 2.2987745622961 -0.020120611212009 
421.91589337711 3.7071313519861 -0.020133768533841 2.2987747617905 -0.020018784295267 
424.05217638155 3.7071312285406 -0.020032353670886 2.2987749562039 -0.01991798125098 
426.18845938599 3.7071311098614 -0.019931953461322 2.2987751410784 -0.019818186835206 
428.32474239043 3.7071309912476 -0.019832551230298 2.2987753246912 -0.019719385961391 
430.46102539487 3.7071308688124 -0.019734133979209 2.298775512348 -0.019621563878159 
432.59730839931 3.7071307475423 -0.019636689050453 2.2987756972273 -0.019524706266639 
434.73359140376 3.7071306330837 -0.019540200484473 2.2987758732095 -0.019428798626478 
436.8698744082 3.7071305209458 -0.019444651833033 2.2987760455073 -0.019333826479435 
439.00615741264 3.7071304034791 -0.019350030483992 2.2987762211508 -0.019239776406726 
441.14244041708 3.7071302835097 -0.019256325817803 2.2987763971126 -0.019146635853425 
443.27872342152 3.7071301703331 -0.019163524265555 2.2987765659781 -0.019054391551062 
445.41500642596 3.707130063909 -0.019071609762618 2.298776728415 -0.018963029397383 
447.5512894304 3.7071299541512 -0.018980568875096 2.2987768917318 -0.018872536400888 
449.68757243484 3.7071298372993 -0.018890392055871 2.2987770579286 -0.018782901462233 
451.82385543928 3.7071297225558 -0.018801068933696 2.2987772208557 -0.018694113324657 
453.96013844373 3.7071296177123 -0.018712585257637 2.2987773762184 -0.018606158874231 
456.09642144817 3.7071295165279 -0.018624926361527 2.2987775281515 -0.018519024771653 
458.23270445261 3.7071294080107 -0.018538081652009 2.2987776826467 -0.018432700041022 
460.36898745705 3.7071292933554 -0.018452043161158 2.2987778385532 -0.018347175439246 
462.50527046149 3.7071291844771 -0.018366800432942 2.2987779895921 -0.018262440329632 
464.64155346593 3.7071290863106 -0.018282339463064 2.2987781337567 -0.0181784818037 
466.77783647037 3.7071289893173 -0.018198647193851 2.2987782761098 -0.01809528756243 
468.91411947481 3.7071288831764 -0.01811571488959 2.2987784213923 -0.018012848371573 
471.05040247925 3.7071287716514 -0.018033535562026 2.2987785674042 -0.017931156393935 
473.18668548369 3.7071286673988 -0.017952099222178 2.2987787082874 -0.017850201664022 
475.32296848814 3.7071285743277 -0.017871392638288 2.2987788427035 -0.017769971731053 
477.45925149258 3.7071284821582 -0.017791403815902 2.298778975574 -0.017690455076175 
479.59553449702 3.7071283803707 -0.017712124969441 2.2987791113831 -0.017611643603136 
481.73181750146 3.707128272318 -0.01763355004077 2.2987792482849 -0.017533530743626 
483.8681005059 3.7071281707734 -0.017555670207085 2.2987793806779 -0.017456107670058 
486.00438351034 3.7071280812279 -0.017478473305692 2.2987795065339 -0.017379362659539 
488.14066651478 3.7071279948788 -0.017401947772591 2.2987796299561 -0.017303284466686 
490.27694951922 3.7071278999271 -0.017326085937697 2.2987797559355 -0.017227865345009 
492.41323252366 3.7071277963964 -0.017250882562172 2.2987798841504 -0.017153099838571 
494.54951552811 3.7071276959794 -0.017176330592932 2.2987800094678 -0.017078980865749 
496.68579853255 3.707127607629 -0.017102419426617 2.2987801282731 -0.017005497979495 
498.82208153699 3.7071275268303 -0.017029137672838 2.2987802428171 -0.016932639924458 
500.95836454143 3.7071274411918 -0.016956476947757 2.2987803584957 -0.016860398354141 
503.09464754587 3.7071273451334 -0.016884432195759 2.2987804775096 -0.016788768251205 
505.23093055031 3.7071272462355 -0.016812998294283 2.2987805963731 -0.016717744584134 
507.36721355475 3.7071271563195 -0.01674216700316 2.2987807099903 -0.016647319155401 
509.50349655919 3.7071270780217 -0.016671927675872 2.298780817461 -0.016577481244554 
511.63977956363 3.7071270020641 -0.016602270784587 2.2987809230621 -0.016508221251802 
513.77606256807 3.707126917764 -0.016533190231559 2.2987810314898 -0.016439533198371 
515.91234557252 3.7071268247039 -0.016464681983611 2.2987811427451 -0.016371413344317 
518.04862857696 3.7071267329362 -0.016396740656523 2.2987812521983 -0.016303856512961 
520.1849115814 3.7071266520513 -0.016329357783918 2.2987813555943 -0.016236854140315 
522.32119458584 3.7071265811405 -0.016262523510473 2.2987814535536 -0.016170396080272 
524.45747759028 3.7071265100382 -0.016196229779755 2.2987815508955 -0.01610447415631 
526.59376059472 3.7071264300047 -0.016130471679298 2.2987816516461 -0.016039083730581 
528.73004359916 3.7071263425432 -0.016065245654034 2.2987817549628 -0.015974221728029 
530.8663266036 3.707126257603 -0.016000546535813 2.2987818560486 -0.0159098832279 
533.00260960804 3.7071261834944 -0.01593636638474 2.2987819509814 -0.015846060076679 
535.13889261249 3.7071261188363 -0.015872696194723 2.2987820405891 -0.01578274283073 
537.27517561693 3.7071260541979 -0.015809528657615 2.298782129601 -0.015719924009391 
539.41145862137 3.7071259813723 -0.015746859289439 2.2987822220728 -0.015657599473236 
541.54774162581 3.7071259010903 -0.015684684932039 2.2987823175493 -0.015595766673659 
543.68402463025 3.7071258220485 -0.015623001161503 2.2987824115575 -0.015534421536874 
545.82030763469 3.7071257526246 -0.015561801060608 2.2987824998303 -0.015473556940758 
547.95659063913 3.7071256932514 -0.01550107640301 2.2987825822439 -0.015413164124362 
550.09287364357 3.707125636306 -0.015440820052928 2.2987826628948 -0.015353235632315 
552.22915664801 3.7071255731972 -0.015381027368032 2.298782746373 -0.015293767075946 
554.36543965245 3.7071255019817 -0.01532169541592 2.2987828336826 -0.015234756191025 
556.5017226569 3.7071254288254 -0.015262820798079 2.298782921418 -0.015176200123725 
558.63800566134 3.7071253623899 -0.015204398042549 2.2987830048007 -0.01511809338943 
560.77428866578 3.7071253063496 -0.015146419912133 2.2987830818292 -0.015060428232276 
562.91057167022 3.7071252564739 -0.015088879252197 2.2987831549569 -0.015003196968123 
565.04685467466 3.7071252044563 -0.015031770766157 2.2987832289743 -0.014946394264586 
567.1831376791 3.7071251449286 -0.014975091226131 2.2987833069879 -0.014890017439608 
569.31942068354 3.7071250797392 -0.014918838047038 2.2987833878958 -0.014834064632174 
571.45570368798 3.7071250161793 -0.014863007459689 2.2987834673611 -0.014778532426182 
573.59198669242 3.7071249609355 -0.014807593771772 2.2987835413798 -0.014723414869291 
575.72826969687 3.7071249148154 -0.014752590246796 2.2987836094872 -0.014668704607755 
577.86455270131 3.7071248723375 -0.014697990816598 2.2987836750795 -0.014614395139103 
580.00083570575 3.7071248262263 -0.014643791250539 2.298783742703 -0.014560482369725 
582.13711871019 3.7071247730589 -0.014589988911585 2.2987838145218 -0.014506964305856 
584.27340171463 3.7071247157088 -0.014536581355576 2.2987838887104 -0.014453839195649 
586.40968471907 3.7071246609245 -0.01448356490342 2.2987839609164 -0.014401103614617 
588.54596772351 3.7071246141522 -0.01443093423705 2.2987840275927 -0.014348751912524 
590.68225072795 3.7071245755631 -0.01437868328287 2.2987840886226 -0.014296777392457 
592.81853373239 3.7071245401358 -0.014326806637869 2.2987841473573 -0.014245174240085 
594.95481673684 3.7071245014826 -0.014275300503174 2.298784208118 -0.014193938792895 
597.09109974128 3.7071244564604 -0.014224162447988 2.2987842730718 -0.01414306923557 
599.22738274572 3.7071244072532 -0.014173390274196 2.2987843407335 -0.014092564050723 
601.36366575016 3.7071243596131 -0.014122980796858 2.2987844070974 -0.014042420350048 
603.4999487546 3.707124318716 -0.01407292941252 2.2987844685006 -0.013992633274112 
605.63623175904 3.7071242856213 -0.014023230701156 2.298784524163 -0.013943196814797 
607.77251476348 3.70712425671 -0.013973879590659 2.2987845766729 -0.013894105421245 
609.90879776792 3.7071242263053 -0.013924872269313 2.2987846301677 -0.01384535526688 
612.04508077236 3.7071241905335 -0.013876206244601 2.2987846875273 -0.013796944335934 
614.1813637768 3.7071241497917 -0.013827879564529 2.2987847484881 -0.013748871343496 
616.31764678125 3.7071241083046 -0.013779889748286 2.2987848098978 -0.013701134248298 
618.45392978569 3.7071240712112 -0.013732233148836 2.2987848678395 -0.013653729358097 
620.59021279013 3.7071240412231 -0.013684905120937 2.2987849201977 -0.013606651564074 
622.72649579457 3.7071240169888 -0.01363790085203 2.2987849679776 -0.013559895503385 
624.86277879901 3.7071239941061 -0.013591216281074 2.298785014608 -0.013513456851526 
626.99906180345 3.7071239679799 -0.0135448485435 2.298785063735 -0.013467332946003 
629.13534480789 3.7071239366624 -0.013498795669999 2.2987851169573 -0.013421522366729 
631.27162781233 3.7071239019124 -0.013453055787544 2.2987851728883 -0.013376023808233 
633.40791081677 3.7071238679784 -0.013407626320001 2.298785228091 -0.013330834950382 
635.54419382122 3.7071238388993 -0.013362503679204 2.2987852791962 -0.013285952026182 
637.68047682566 3.7071238161616 -0.013317683600006 2.2987853249656 -0.013241370284711 
639.8167598301 3.7071237977967 -0.013273161877189 2.2987853669106 -0.013197085059442 
641.95304283454 3.7071237798967 -0.013228935071156 2.298785408477 -0.013153092727661 
644.08932583898 3.7071237585353 -0.013185000724571 2.2987854527579 -0.013109391094535 
646.22560884342 3.7071237327225 -0.013141357090322 2.2987855011216 -0.01306597887115 
648.36189184786 3.7071237036373 -0.013098002380539 2.2987855518163 -0.01302285482908 
650.4981748523 3.7071236757968 -0.013054934276787 2.298785602099 -0.012980016748553 
652.63445785674 3.7071236513675 -0.013012149496365 2.2987856482051 -0.012937461339279 
654.77074086118 3.7071236335667 -0.012969644362583 2.2987856898215 -0.012895184283189 
656.90702386563 3.7071236183908 -0.012927414974163 2.2987857269157 -0.012853181529133 
659.04330687007 3.7071236058977 -0.012885458327369 2.298785764063 -0.012811449551495 
661.17958987451 3.707123588562 -0.012843771880217 2.2987858024635 -0.012769986316813 
663.31587287895 3.7071235696343 -0.012802354127039 2.2987858457125 -0.012728790394199 
665.45215588339 3.707123544772 -0.012761203333022 2.2987858909124 -0.012687860729256 
667.58843888783 3.7071235220306 -0.012720317605482 2.2987859373477 -0.012647195626318 
669.72472189227 3.7071234999193 -0.012679694340379 2.2987859804367 -0.012606792239821 
671.86100489671 3.7071234839606 -0.012639330093915 2.2987860193829 -0.012566647273571 
673.99728790115 3.7071234715464 -0.012599221818997 2.2987860538922 -0.012526756586277 
676.1335709056 3.7071234612115 -0.012559365976669 2.2987860863787 -0.012487117175119 
678.26985391004 3.7071234502482 -0.012519760555466 2.2987861196705 -0.012447726293662 
680.40613691448 3.707123435435 -0.012480403469259 2.2987861562615 -0.012408582557507 
682.54241991892 3.7071234174979 -0.012441293292716 2.298786196091 -0.012369684898206 
684.67870292336 3.7071233972322 -0.012402428715955 2.2987862381304 -0.012331031931479 
686.8149859278 3.7071233777371 -0.012363807279713 2.2987862794485 -0.012292621972847 
688.95126893224 3.7071233612584 -0.012325426862725 2.2987863171669 -0.012254452119563 
691.08755193668 3.7071233490452 -0.012287284252511 2.2987863511954 -0.012216519192015 
693.22383494112 3.7071233399808 -0.012249376399898 2.2987863810475 -0.012178819925111 
695.36011794556 3.7071233320357 -0.01221170104894 2.2987864097948 -0.012141351410759 
697.49640095001 3.7071233229658 -0.012174255675376 2.2987864402863 -0.01210411172571 
699.63268395445 3.7071233102933 -0.012137038980872 2.2987864730064 -0.012067099484192 
701.76896695889 3.7071232949385 -0.012100049694225 2.2987865097484 -0.012030313648426 
703.90524996333 3.7071232778636 -0.012063285983358 2.2987865480746 -0.011993753041575 
706.04153296777 3.7071232608339 -0.012026746418263 2.2987865850051 -0.011957415884797 
708.17781597221 3.7071232472219 -0.011990428538578 2.2987866200453 -0.011921299763246 
710.31409897665 3.7071232367075 -0.011954329531731 2.2987866504957 -0.011885401799956 
712.45038198109 3.7071232288022 -0.011918447170198 2.2987866772178 -0.01184971914329 
714.58666498553 3.7071232229735 -0.011882778812093 2.2987867035379 -0.011814249226477 
716.72294798998 3.7071232154678 -0.011847322457774 2.2987867298298 -0.011778990107462 
718.85923099442 3.707123205311 -0.011812076946915 2.298786758711 -0.011743940538298 
720.99551399886 3.7071231931513 -0.011777040715389 2.2987867917468 -0.011709099423569 
723.1317970033 3.7071231781539 -0.011742212457491 2.2987868258637 -0.011674465678327 
725.26808000774 3.7071231629587 -0.011707590916272 2.2987868601281 -0.01164003797881 
727.40436301218 3.7071231503731 -0.011673173882499 2.2987868933764 -0.011605814235499 
729.54064601662 3.7071231397537 -0.011638959130967 2.2987869221476 -0.011571792044061 
731.67692902106 3.7071231319556 -0.011604944591018 2.2987869474252 -0.011537968997711 
733.8132120255 3.7071231269062 -0.011571127797877 2.2987869715291 -0.011504342561578 
735.94949502994 3.7071231210921 -0.011537506808772 2.2987869943976 -0.011470910734446 
738.08577803439 3.7071231134457 -0.011504080335364 2.2987870187343 -0.011437672229132 
740.22206103883 3.7071231043116 -0.011470846937701 2.29878704704 -0.01140462582111 
742.35834404327 3.7071230922017 -0.011437805375342 2.2987870772601 -0.011371770472655 
744.49462704771 3.7071230783126 -0.011404954634818 2.2987871083245 -0.011339105296701 
746.63091005215 3.7071230657523 -0.011372293110246 2.2987871400818 -0.011306628740094 
748.76719305659 3.7071230547264 -0.011339818868859 2.2987871692249 -0.011274338791727 
750.90347606103 3.7071230454533 -0.011307530099879 2.298787194235 -0.011242233519278 
753.03975906547 3.7071230393243 -0.011275424748389 2.298787217231 -0.011210310709119 
755.17604206991 3.7071230347307 -0.011243500733061 2.2987872386564 -0.01117856810574 
757.31232507436 3.7071230290768 -0.011211756507139 2.298787258935 -0.01114700417479 
759.4486080788 3.7071230222984 -0.011180190784534 2.2987872813763 -0.01111561773954 
761.58489108324 3.7071230139654 -0.011148802276682 2.2987873071855 -0.011084407546049 
763.72117408768 3.7071230028443 -0.011117589938814 2.2987873344454 -0.011053372704626 
765.85745709212 3.7071229903479 -0.011086552735838 2.2987873628335 -0.011022512401994 
767.99374009656 3.707122978784 -0.011055689266302 2.2987873920272 -0.010991825195756 
770.130023101 3.7071229683968 -0.011024997902901 2.2987874189981 -0.010961309333851 
772.26630610544 3.707122959505 -0.010994476990282 2.2987874422762 -0.01093096320124 
774.40258910988 3.7071229532127 -0.010964124734405 2.298787463517 -0.010900784904308 
776.53887211433 3.7071229486514 -0.010933939351657 2.2987874833201 -0.010870772398517 
778.67515511877 3.7071229436956 -0.010903919329161 2.298787501676 -0.010840924193731 
780.81143812321 3.707122937693 -0.010874063408007 2.2987875210497 -0.010811239212813 
782.94772112765 3.7071229304969 -0.010844370465336 2.2987875435346 -0.01078171628031 
785.08400413209 3.7071229212233 -0.010814839500646 2.2987875680441 -0.010752354392393 
787.22028713653 3.7071229100631 -0.010785469521502 2.2987875934433 -0.010723152833976 
789.35657014097 3.7071228987501 -0.010756259408806 2.2987876199385 -0.010694110583169 
791.49285314541 3.707122888431 -0.010727207871786 2.2987876460663 -0.010665226135554 
793.62913614985 3.7071228793125 -0.010698313446878 2.2987876692669 -0.010636498002445 
795.76541915429 3.7071228719006 -0.010669574545776 2.2987876894941 -0.010607924732932 
797.90170215874 3.7071228664564 -0.010640989622869 2.2987877082938 -0.010579504617181 
800.03798516318 3.7071228619553 -0.010612557254372 2.2987877259011 -0.010551235986081 
802.17426816762 3.7071228570168 -0.010584276114307 2.2987877426521 -0.010523117647474 
804.31055117206 3.7071228510063 -0.010556145049317 2.298787760744 -0.010495148645884 
806.4468341765 3.7071228436183 -0.010528163147139 2.2987877816812 -0.010467327947803 
808.58311718094 3.7071228345753 -0.0105003295475 2.2987878044383 -0.010439654629761 
810.71940018538 3.707122824236 -0.010472643247451 2.298787827843 -0.010412127955977 
812.85568318982 3.7071228136445 -0.01044510317973 2.2987878518978 -0.010384746986341 
814.99196619426 3.7071228037916 -0.010417708274366 2.2987878757134 -0.010357510420623 
817.12824919871 3.70712279525 -0.01039045727117 2.2987878971962 -0.010330416899789 
819.26453220315 3.7071227882747 -0.010363348689274 2.2987879157368 -0.010303465134332 
821.40081520759 3.7071227827156 -0.010336381140454 2.298787932684 -0.01027665373634 
823.53709821203 3.7071227779793 -0.01030955346651 2.2987879489461 -0.010249981279449 
825.67338121647 3.707122773278 -0.010282864520456 2.2987879645729 -0.010223446583771 
827.80966422091 3.7071227678152 -0.010256313139937 2.2987879806178 -0.01019704874609 
829.94594722535 3.7071227609499 -0.010229898416146 2.2987879988477 -0.010170786909694 
832.08223022979 3.7071227525685 -0.010203619676139 2.2987880194598 -0.01014466020325 
834.21851323423 3.7071227431714 -0.01017747609749 2.2987880410614 -0.010118667822248 
836.35479623867 3.707122733389 -0.010151466613729 2.2987880627812 -0.010092808958581 
838.49107924312 3.7071227237176 -0.010125590212714 2.2987880845235 -0.010067082626514 
840.62736224756 3.7071227148114 -0.010099845977297 2.2987881053984 -0.010041487666716 
842.763645252 3.7071227074072 -0.010074232760061 2.2987881239198 -0.010016022879541 
844.89992825644 3.7071227015773 -0.010048749169173 2.2987881399246 -0.009990687079299 
847.03621126088 3.7071226965807 -0.010023393992005 2.2987881547558 -0.0099654790915737 
849.17249426532 3.7071226917089 -0.0099981663408781 2.2987881694375 -0.0099403978059804 
851.30877726976 3.7071226867154 -0.0099730653071297 2.2987881841137 -0.0099154422472701 
853.4450602742 3.7071226811904 -0.0099480898251296 2.2987881993388 -0.0098906115659695 
855.58134327864 3.7071226743268 -0.0099232390060481 2.2987882163494 -0.0098659049898405 
857.71762628309 3.7071226658594 -0.009898512287593 2.2987882355336 -0.0098413217896146 
859.85390928753 3.7071226566014 -0.0098739090399883 2.2987882557643 -0.0098168612217772 
861.99019229197 3.707122647505 -0.0098494282649844 2.2987882757796 -0.0097925224505836 
864.12647529641 3.7071226387538 -0.0098250688874759 2.2987882952517 -0.0097683045535362 
866.26275830085 3.7071226303594 -0.0098008300727832 2.2987883140057 -0.0097442065748011 
868.39904130529 3.7071226229833 -0.0097767109999359 2.2987883311859 -0.0097202275193827 
870.53532430973 3.7071226172717 -0.0097527105268778 2.2987883461195 -0.0096963663243558 
872.67160731417 3.7071226127118 -0.0097288273935365 2.2987883594532 -0.0096726219185581 
874.80789031861 3.7071226080624 -0.0097050606829426 2.2987883725854 -0.0096489933630664 
876.94417332305 3.7071226027826 -0.0096814097830555 2.2987883862729 -0.0096254798651581 
879.0804563275 3.7071225971662 -0.0096578739432401 2.2987884005387 -0.0096020806559963 
881.21673933194 3.707122591116 -0.009634452187143 2.2987884156868 -0.0095787949343293 
883.35302233638 3.7071225838186 -0.0096111437150793 2.298788432421 -0.0095556219725712 
885.48930534082 3.7071225750342 -0.0095879480608736 2.2987884507774 -0.0095325611581182 
887.62558834526 3.7071225658312 -0.0095648646894138 2.2987884696558 -0.0095096118373225 
889.7618713497 3.7071225574287 -0.0095418926573826 2.2987884878225 -0.0094867731644013 
891.89815435414 3.7071225498912 -0.0095190308727962 2.2987885049096 -0.0094640441966542 
894.03443735858 3.7071225426662 -0.0094962785229908 2.2987885210371 -0.0094414240900347 
896.17072036302 3.7071225359535 -0.0094736349785801 2.2987885359535 -0.0094189120768465 
898.30700336747 3.7071225305644 -0.0094510993721045 2.298788549223 -0.0093965072900683 
900.44328637191 3.707122526447 -0.0094286705664205 2.2987885611664 -0.0093742087476532 
902.57956937635 3.7071225222929 -0.0094063476096775 2.2987885729726 -0.0093520155802876 
904.71585238079 3.7071225169896 -0.0093841299744081 2.2987885856797 -0.0093299271610824 
906.85213538523 3.7071225107692 -0.0093620172212815 2.2987885994417 -0.0093079429356241 
908.98841838967 3.707122504381 -0.0093400086051736 2.2987886139977 -0.0092860621965313 
911.12470139411 3.7071224976789 -0.0093181032128426 2.2987886294351 -0.0092642841420736 
913.26098439855 3.7071224898652 -0.0092963003909774 2.2987886460041 -0.0092426081133728 
915.39726740299 3.7071224810085 -0.0092745997627112 2.2987886633172 -0.0092210336094751 
917.53355040744 3.7071224724351 -0.0092530007866339 2.2987886802649 -0.0091995600271439 
919.66983341188 3.7071224652844 -0.0092315025123106 2.2987886959113 -0.0091781865034322 
921.80611641632 3.7071224592816 -0.0092101038962366 2.2987887101809 -0.009156912111556 
923.94239942076 3.7071224534619 -0.0091888042146211 2.2987887234892 -0.0091357361284597 
926.0786824252 3.7071224476984 -0.0091676029841417 2.2987887359798 -0.0091146579964445 
928.21496542964 3.7071224427603 -0.0091464995419603 2.2987887475146 -0.0090936770468301 
930.35124843408 3.7071224388576 -0.0091254929209795 2.298788758356 -0.009072792408408 
932.48753143852 3.7071224348737 -0.0091045822304205 2.2987887694282 -0.0090520032619923 
934.62381444296 3.7071224295015 -0.0090837669790695 2.2987887816571 -0.0090313090696227 
936.7600974474 3.7071224227307 -0.0090630468926822 2.2987887952014 -0.0090107094546948 
938.89638045185 3.7071224156539 -0.0090424214604095 2.2987888095612 -0.0089902038670873 
941.03266345629 3.7071224089045 -0.0090218898472106 2.2987888243116 -0.0089697915202768 
943.16894646073 3.7071224019488 -0.0090014512561772 2.29878883945 -0.0089494716512732 
945.30522946517 3.7071223941504 -0.0089811052201319 2.2987888549221 -0.0089292437536755 
947.44151246961 3.7071223860635 -0.0089608513973767 2.2987888701257 -0.0089091074260051 
949.57779547405 3.7071223790661 -0.0089406891637374 2.298788884176 -0.0088890620566875 
951.71407847849 3.7071223737838 -0.0089206175593543 2.2987888966739 -0.008869106772312 
953.85036148293 3.7071223693952 -0.0089006356731169 2.2987889080174 -0.0088492407390154 
955.98664448737 3.7071223647203 -0.0088807429596723 2.2987889188776 -0.0088294634203613 
958.12292749182 3.7071223596221 -0.0088609390781168 2.2987889295591 -0.0088097744465755 
960.25921049626 3.7071223548913 -0.0088412234962425 2.298788940025 -0.0087901732836349 
962.3954935007 3.7071223508372 -0.0088215953895561 2.2987889504493 -0.0087706591443162 
964.53177650514 3.7071223465613 -0.0088020539726222 2.2987889614759 -0.0087512312596595 
966.66805950958 3.7071223408507 -0.0087825988084073 2.2987889737298 -0.0087318891564226 
968.80434251402 3.7071223336715 -0.0087632296997343 2.2987889872153 -0.0087126325634726 
970.94062551846 3.7071223261547 -0.0087439462706586 2.2987890012497 -0.0086934610678457 
973.0769085229 3.7071223194299 -0.0087247477983656 2.2987890151836 -0.0086743739411833 
975.21319152734 3.7071223132496 -0.0087056334507334 2.2987890287517 -0.008655370388988 
977.34947453178 3.7071223069272 -0.0086866026646304 2.2987890421342 -0.0086364498372133 
979.48575753623 3.7071223000215 -0.0086676551184547 2.2987890550675 -0.008617611994826 
981.62204054067 3.7071222938067 -0.0086487904437551 2.2987890672058 -0.0085988564730582 
983.75832354511 3.7071222888123 -0.0086300079023323 2.2987890778872 -0.0085801826318839 
985.89460654955 3.7071222855345 -0.0086113066367167 2.2987890876208 -0.0085615896059599 
988.03088955399 3.7071222818908 -0.0085926859267486 2.2987890967654 -0.0085430767821351 
990.16717255843 3.707122277876 -0.0085741454809122 2.2987891064765 -0.0085246437917939 
992.30345556287 3.707122272434 -0.0085556850206661 2.2987891163904 -0.0085062904262328 
994.43973856731 3.7071222678329 -0.0085373041164208 2.2987891268983 -0.0084880161694139 
996.57602157175 3.7071222629664 -0.008519002009202 2.2987891374028 -0.0084698202832009 
998.7123045762 3.7071222585371 -0.0085007780275825 2.2987891487982 -0.0084517020634774 
1000.8485875806 3.7071222522758 -0.0084826318143529 2.2987891609507 -0.0084336610669856 
1002.9848705851 3.707122245263 -0.0084645631484674 2.2987891740262 -0.0084156971564117 
1005.1211535895 3.7071222379232 -0.0084465717996975 2.2987891870856 -0.0083978099293376 
1007.257436594 3.7071222317324 -0.0084286570279044 2.2987891995035 -0.0083799988399691 
1009.3937195984 3.7071222268074 -0.0084108181479211 2.298789211055 -0.0083622630226181 
1011.5300026028 3.7071222219379 -0.0083930544611414 2.2987892219506 -0.0083446019574407 
1013.6662856073 3.7071222169288 -0.008375365694398 2.298789232465 -0.008327015344972 
1015.8025686117 3.7071222116293 -0.0083577516113549 2.2987892424698 -0.0083095029751255 
1017.9388516162 3.7071222073258 -0.0083402116708049 2.2987892516553 -0.0082920644630763 
1020.0751346206 3.7071222042172 -0.008322745254613 2.2987892600513 -0.0082746990270943 
1022.211417625 3.7071222015186 -0.0083053515424442 2.2987892682542 -0.0082574060180299 
1024.3477006295 3.7071221981168 -0.008288030183168 2.2987892768891 -0.0082401849667165 
1026.4839836339 3.7071221933182 -0.0082707809992949 2.2987892865198 -0.0082230357042375 
1028.6202666384 3.7071221878243 -0.0082536037297492 2.2987892967963 -0.0082059580505089 
1030.7565496428 3.7071221825624 -0.0082364980210702 2.2987893073499 -0.0081889514537957 
1032.8928326473 3.7071221778702 -0.0082194631011062 2.2987893180882 -0.0081720152341572 
1035.0291156517 3.7071221730827 -0.0082024984398774 2.2987893289205 -0.0081551487424741 
1037.1653986561 3.7071221675004 -0.0081856037431271 2.2987893403151 -0.0081383516442679 
1039.3016816606 3.7071221611712 -0.0081687787653575 2.2987893518727 -0.0081216238463321 
1041.437964665 3.7071221550373 -0.0081520233487135 2.2987893629126 -0.0081049650832113 
1043.5742476695 3.7071221502642 -0.0081353368773387 2.2987893731382 -0.0080883748384454 
1045.7105306739 3.7071221467722 -0.0081187186362327 2.2987893820821 -0.0080718524212357 
1047.8468136783 3.7071221438191 -0.0081021681407565 2.2987893903771 -0.0080553972653954 
1049.9830966828 3.7071221405539 -0.0080856849904562 2.2987893986031 -0.0080390091471272 
1052.1193796872 3.7071221366124 -0.0080692691026037 2.2987894065804 -0.008022687985449 
1054.2556626917 3.7071221329307 -0.0080529202619965 2.298789414542 -0.0080064335684304 
1056.3919456961 3.707122130044 -0.0080366378935311 2.2987894221642 -0.0079902454032107 
1058.5282287005 3.7071221276153 -0.0080204215139244 2.2987894294778 -0.0079741228573548 
1060.664511705 3.707122125041 -0.0080042706850611 2.2987894374716 -0.0079580654715192 
1062.8007947094 3.7071221212159 -0.0079881852186726 2.2987894462322 -0.0079420731042842 
1064.9370777139 3.7071221161579 -0.0079721652512306 2.2987894557307 -0.0079261458108544 
1067.0733607183 3.7071221110676 -0.0079562106680953 2.2987894658688 -0.0079102835343521 
