1.1938052083641 3.6347678378658 -1.2701109425423 3.3667816722679 -1.271128855679 
3.5814156250924 3.6605105437381 -1.4826416011841 3.3428370097707 -1.4818037426456 
5.9690260418206 3.6626928948349 -1.2941573406615 3.3383190377961 -1.2931230686832 
8.3566364585488 3.6602486655593 -1.0940655802207 3.3358231206137 -1.0890854789151 
10.744246875277 3.6616056567597 -0.93086426492635 3.3383937099792 -0.93074963512219 
13.131857292005 3.6621452772657 -0.80335845706955 3.3399149036696 -0.80630463384007 
15.519467708734 3.6619521511092 -0.70357086258543 3.3404314240373 -0.70736296828498 
17.907078125462 3.6614930727619 -0.62430129490911 3.3405087697557 -0.6278450959184 
20.29468854219 3.661000801611 -0.56021602684671 3.3404411106319 -0.56313574000572 
22.682298958918 3.660557913776 -0.50753097270164 3.3403435542086 -0.50977586253541 
25.069909375647 3.6601835271692 -0.46356042545006 3.3402541717631 -0.46520055329169 
27.457519792375 3.6598742070711 -0.42637121307103 3.3401821954863 -0.42750842208869 
29.845130209103 3.6596202003606 -0.39454687228541 3.3401271960997 -0.39528025617836 
32.232740625831 3.6594112711926 -0.36703071507324 3.3400861488897 -0.36744546214937 
34.62035104256 3.6592385070273 -0.34302095449278 3.3400558410922 -0.34318652301731 
37.007961459288 3.6590946543009 -0.32189963677099 3.3400335672847 -0.3218712675325 
39.395571876016 3.6589739690307 -0.30318365714479 3.3400172309676 -0.30300477884123 
41.783182292744 3.6588719475589 -0.28649040533155 3.3400052649075 -0.28619500351055 
44.170792709472 3.6587850635797 -0.27151326421659 3.33999651587 -0.27112791295198 
46.558403126201 3.6587105475976 -0.258003858162 3.3399901401861 -0.25754936255402 
48.946013542929 3.6586462127691 -0.24575900150389 3.339985520987 -0.24525168834498 
51.333623959657 3.6585903209544 -0.23461097141896 3.3399822061738 -0.23406368949352 
53.721234376385 3.6585414808129 -0.22442016661059 3.3399798631108 -0.22384305733135 
56.108844793114 3.6584985704984 -0.21506950169853 3.3399782459119 -0.21447059190966 
58.496455209842 3.6584606789267 -0.20646008045253 3.339977171911 -0.20584573895167 
60.88406562657 3.6584270609746 -0.198507822451 3.3399765047336 -0.19788311251745 
63.271676043298 3.6583971031178 -0.19114080841684 3.3399761420809 -0.19050976103474 
65.659286460027 3.6583702969132 -0.18429717287217 3.3399760068785 -0.18366299938229 
68.046896876755 3.658346218398 -0.17792341763197 3.3399760408277 -0.17728867598473 
70.434507293483 3.6583245119782 -0.17197305180394 3.3399761996824 -0.17133977713624 
72.822117710211 3.6583048777436 -0.16640548724958 3.3399764497694 -0.16577529491285 
75.20972812694 3.6582870614133 -0.1611851355076 3.3399767654098 -0.16055930272619 
77.597338543668 3.6582708463164 -0.15628066478129 3.3399771269969 -0.15566019565682 
79.984948960396 3.6582560469544 -0.15166438499233 3.3399775195558 -0.15105006246822 
82.372559377124 3.6582425038042 -0.14731173597854 3.3399779316589 -0.1467041635466 
84.760169793853 3.6582300790963 -0.14320085928531 3.3399783546037 -0.1426004945866 
87.147780210581 3.6582186533677 -0.13931223810587 3.3399787817877 -0.13871942009761 
89.535390627309 3.658208122632 -0.13562839309081 3.3399792082306 -0.13504336408472 
91.923001044037 3.6581983960446 -0.13213362420481 3.3399796302078 -0.13155654780033 
94.310611460766 3.6581893939659 -0.12881379072628 3.3399800449672 -0.12824476644512 
96.698221877494 3.6581810463488 -0.12565612299312 3.3399804505114 -0.12509519825303 
99.085832294222 3.6581732913896 -0.12264906069359 3.3399808454274 -0.12209624062819 
101.47344271095 3.658166074394 -0.11978211344754 3.3399812287555 -0.11923736897648 
103.86105312768 3.6581593468202 -0.11704574018499 3.3399815998858 -0.1165090146585 
106.24866354441 3.6581530654693 -0.11443124443819 3.3399819584784 -0.11390245911619 
108.63627396114 3.658147191796 -0.11193068315617 3.3399823044002 -0.11140974173204 
111.02388437786 3.6581416913216 -0.10953678705408 3.339982637675 -0.10902357939329 
113.41149479459 3.6581365331302 -0.10724289083241 3.3399829584461 -0.10673729606417 
115.79910521132 3.6581316894375 -0.10504287187243 3.3399832669447 -0.10454476094677 
118.18671562805 3.6581271352175 -0.10293109623354 3.3399835634666 -0.10244033403629 
120.57432604478 3.6581228478816 -0.10090237095882 3.3399838483536 -0.10041881805963 
122.9619364615 3.6581188069994 -0.098951901848256 3.3399841219789 -0.098475415943858 
125.34954687823 3.658114994056 -0.097075255982995 3.3399843847352 -0.096605693086882 
127.73715729496 3.6581113922411 -0.095268328389194 3.3399846370269 -0.094805543809866 
130.12476771169 3.6581079862643 -0.093527312320236 3.3399848792622 -0.093071161463186 
132.51237812842 3.6581047621931 -0.09184867270643 3.3399851118483 -0.091399011728795 
134.89998854515 3.6581017073113 -0.09022912238633 3.339985335188 -0.089785808728489 
137.28759896187 3.6580988099931 -0.088665600787327 3.3399855496753 -0.088228493601497 
139.6752093786 3.6580960595941 -0.087155254764232 3.3399857556951 -0.08672421525699 
142.06281979533 3.6580934463525 -0.085695421347567 3.3399859536198 -0.085270313050293 
144.45043021206 3.6580909613039 -0.084283612183152 3.3399861438099 -0.083864301162246 
146.83804062879 3.6580885962031 -0.082917499471425 3.3399863266119 -0.082503854488112 
149.22565104552 3.6580863434573 -0.081594903243012 3.3399865023589 -0.081186795871135 
151.61326146224 3.6580841960646 -0.080313779824055 3.3399866713702 -0.079911084532815 
154.00087187897 3.6580821475596 -0.079072211361728 3.3399868339508 -0.078674805569142 
156.3884822957 3.6580801919652 -0.077868396302006 3.3399869903927 -0.077476160404294 
158.77609271243 3.6580783237485 -0.076700640716652 3.339987140974 -0.076313458097355 
161.16370312916 3.6580765377827 -0.075567350395048 3.3399872859601 -0.075185107417861 
163.55131354588 3.6580748293107 -0.07446702362145 3.3399874256037 -0.074089609609275 
165.93892396261 3.6580731939147 -0.073398244570768 3.3399875601453 -0.073025551773881 
168.32653437934 3.658071627487 -0.07235967726177 3.339987689814 -0.071991600816942 
170.71414479607 3.6580701262036 -0.071350060013274 3.339987814827 -0.070986497895912 
173.1017552128 3.658068686503 -0.070368200354961 3.3399879353917 -0.070009053325375 
175.48936562953 3.6580673050629 -0.069412970351544 3.3399880517047 -0.069058141897022 
177.87697604625 3.6580659787819 -0.068483302298876 3.3399881639531 -0.068132698572437 
180.26458646298 3.6580647047625 -0.067578184761435 3.3399882723148 -0.067231714518087 
182.65219687971 3.6580634802945 -0.066696658917506 3.3399883769585 -0.066354233448971 
185.03980729644 3.6580623028414 -0.065837815184232 3.339988478045 -0.065499348252597 
187.42741771317 3.6580611700266 -0.065000790101119 3.3399885757268 -0.064666197871892 
189.8150281299 3.6580600796218 -0.064184763444779 3.3399886701493 -0.063853964420037 
192.20263854662 3.658059029536 -0.063388955559039 3.3399887614503 -0.063061870510768 
194.59024896335 3.6580580178054 -0.062612624879831 3.339988849761 -0.062289176783875 
196.97785938008 3.6580570425841 -0.061855065638496 3.3399889352063 -0.061535179609377 
199.36546979681 3.6580561021362 -0.061115605729933 3.339989017905 -0.060799208956667 
201.75308021354 3.6580551948271 -0.060393604730262 3.3399890979698 -0.060080626413296 
204.14069063026 3.6580543191181 -0.059688452053571 3.3399891755087 -0.059378823343196 
206.52830104699 3.6580534735576 -0.058999565235567 3.3399892506237 -0.05869321917153 
208.91591146372 3.6580526567771 -0.058326388334571 3.3399893234124 -0.058023259787287 
211.30352188045 3.6580518674846 -0.057668390439117 3.3399893939678 -0.05736841605232 
213.69113229718 3.6580511044597 -0.057025064276712 3.3399894623783 -0.056728182411791 
216.07874271391 3.6580503665491 -0.056395924912806 3.3399895287284 -0.05610207559454 
218.46635313063 3.6580496526619 -0.05578050853685 3.3399895930983 -0.055489633400854 
220.85396354736 3.6580489617657 -0.055178371323777 3.3399896555647 -0.054890413565482 
223.24157396409 3.6580482928834 -0.054589088370545 3.339989716201 -0.054303992695776 
225.62918438082 3.6580476450885 -0.054012252697911 3.3399897750767 -0.05372996527497 
228.01679479755 3.6580470175033 -0.053447474317857 3.3399898322586 -0.053167942731164 
230.40440521428 3.6580464092953 -0.052894379354245 3.3399898878106 -0.052617552559488 
232.792015631 3.6580458196737 -0.05235260922165 3.3399899417931 -0.052078437502386 
235.17962604773 3.6580452478886 -0.051821819850708 3.3399899942646 -0.051550254776452 
237.56723646446 3.6580446932263 -0.051301680961952 3.3399900452799 -0.051032675347597 
239.95484688119 3.6580441550097 -0.050791875382006 3.3399900948926 -0.050525383248701 
242.34245729792 3.6580436325938 -0.050292098400404 3.3399901431533 -0.050028074937714 
244.73006771464 3.6580431253655 -0.049802057164003 3.3399901901107 -0.049540458693367 
247.11767813137 3.6580426327409 -0.049321470104994 3.3399902358111 -0.049062254044434 
249.5052885481 3.658042154164 -0.048850066403736 3.3399902802992 -0.048593191233795 
251.89289896483 3.6580416891043 -0.048387585481445 3.3399903236171 -0.048133010712256 
254.28050938156 3.6580412370574 -0.047933776518935 3.3399903658062 -0.047681462658495 
256.66811979829 3.6580407975417 -0.047488398005761 3.339990406906 -0.047238306529289 
259.05573021501 3.6580403700957 -0.047051217313223 3.339990446952 -0.046803310633561 
261.44334063174 3.6580399542822 -0.046622010287647 3.3399904859818 -0.046376251726706 
263.83095104847 3.6580395496816 -0.046200560869795 3.3399905240297 -0.045956914630981 
266.2185614652 3.6580391558936 -0.045786660732427 3.3399905611287 -0.045545091874033 
268.60617188193 3.658038772535 -0.045380108937865 3.33999059731 -0.045140583347335 
270.99378229866 3.6580383992401 -0.044980711612401 3.3399906326045 -0.044743195981529 
273.38139271538 3.6580380356589 -0.044588281640797 3.3399906670414 -0.044352743441882 
275.76900313211 3.6580376814562 -0.044202638372232 3.3399907006487 -0.04396904583485 
278.15661354884 3.6580373363115 -0.043823607344095 3.3399907334535 -0.043591929432793 
280.54422396557 3.658036999917 -0.043451020020592 3.3399907654812 -0.043221226413347 
282.9318343823 3.6580366719794 -0.043084713542352 3.3399907967575 -0.042856774609806 
285.31944479902 3.6580363522163 -0.042724530488951 3.3399908273061 -0.04249841727416 
287.70705521575 3.6580360403568 -0.042370318655205 3.3399908571496 -0.042146002854344 
290.09466563248 3.6580357361419 -0.04202193083521 3.3399908863104 -0.041799384778782 
292.48227604921 3.6580354393233 -0.041679224620942 3.3399909148103 -0.041458421255606 
294.86988646594 3.6580351496617 -0.041342062206307 3.3399909426692 -0.041122975077377 
297.25749688267 3.658034866928 -0.041010310206196 3.3399909699073 -0.040792913440718 
299.64510729939 3.6580345909023 -0.040683839474819 3.3399909965436 -0.040468107765232 
302.03271771612 3.6580343213727 -0.040362524943998 3.3399910225962 -0.040148433532277 
304.42032813285 3.6580340581363 -0.040046245461773 3.339991048083 -0.039833770124139 
306.80793854958 3.6580338009976 -0.039734883639202 3.3399910730211 -0.039524000671357 
309.19554896631 3.6580335497685 -0.039428325707645 3.3399910974265 -0.039219011910429 
311.58315938304 3.6580333042688 -0.039126461378211 3.3399911213157 -0.038918694043797 
313.97076979976 3.6580330643244 -0.038829183710349 3.3399911447036 -0.038622940608903 
316.35838021649 3.6580328297678 -0.038536388986971 3.339991167605 -0.038331648353682 
318.74599063322 3.6580326004381 -0.038247976591799 3.3399911900342 -0.038044717114322 
321.13360104995 3.6580323761801 -0.037963848895879 3.3399912120047 -0.037762049702239 
323.52121146668 3.6580321568442 -0.037683911147619 3.3399912335299 -0.037483551794551 
325.90882188341 3.6580319422866 -0.037408071366269 3.3399912546227 -0.037209131827697 
328.29643230013 3.6580317323688 -0.037136240242238 3.3399912752958 -0.036938700898394 
330.68404271686 3.658031526956 -0.036868331041017 3.33999129556 -0.036672172667909 
333.07165313359 3.6580313259204 -0.036604259511804 3.3399913154282 -0.03640946327031 
335.45926355032 3.6580311291364 -0.036343943795932 3.3399913349104 -0.036150491223739 
337.84687396705 3.6580309364854 -0.036087304347037 3.3399913540193 -0.035895177343062 
340.23448438377 3.6580307478486 -0.035834263843423 3.339991372761 -0.035643444675425 
342.6220948005 3.6580305631209 -0.035584747127716 3.3399913911561 -0.035395218377256 
345.00970521723 3.6580303821779 -0.03533868108669 3.3399914091885 -0.035150425758226 
347.39731563396 3.6580302049545 -0.035095994692897 3.339991426929 -0.034908995918104 
349.78492605069 3.6580300312607 -0.034856618672551 3.3399914442488 -0.034670860364898 
352.17253646742 3.6580298611895 -0.03462048602386 3.3399914614492 -0.034435951423237 
354.56014688414 3.6580296942646 -0.034387530732498 3.3399914779556 -0.034204205378602 
356.94775730087 3.6580295311171 -0.03415769012016 3.3399914948676 -0.033975556072682 
359.3353677176 3.6580293703791 -0.033930900328396 3.3399915102835 -0.033749946619745 
361.72297813433 3.6580292140852 -0.033707103963868 3.3399915273196 -0.033527308955511 
364.11058855106 3.658029058893 -0.033486237713841 3.3399915413125 -0.033307596536269 
366.49819896779 3.6580289093449 -0.033268250420375 3.3399915586837 -0.033090736003035 
368.88580938451 3.658028759378 -0.033053078927869 3.339991571502 -0.032876691509439 
371.27341980124 3.6580286159154 -0.032840676318455 3.3399915884474 -0.032665388996332 
373.66103021797 3.6580284716187 -0.032630984008593 3.3399916014364 -0.032456790658349 
376.0486406347 3.6580283329741 -0.032423951790419 3.3399916165392 -0.032250841651489 
378.43625105143 3.6580281949089 -0.032219533864935 3.3399916305455 -0.032047478813573 
380.82386146815 3.6580280605553 -0.032017670622869 3.3399916443871 -0.031846683150528 
383.21147188488 3.6580279279144 -0.031818328200487 3.3399916573666 -0.031648367335928 
385.59908230161 3.6580277986343 -0.03162144717548 3.3399916725387 -0.031452521312678 
387.98669271834 3.6580276704498 -0.031426988677197 3.3399916834087 -0.031259080649231 
390.37430313507 3.6580275456307 -0.031234909964487 3.3399916979333 -0.03106799622591 
392.7619135518 3.6580274231029 -0.031045159859113 3.3399917113748 -0.030879248088173 
395.14952396852 3.6580273012188 -0.030857704542891 3.3399917211671 -0.030692768793727 
397.53713438525 3.6580271837219 -0.030672498952049 3.3399917366429 -0.030508528714355 
399.92474480198 3.6580270670693 -0.030489500551185 3.3399917481076 -0.030326494962058 
402.31235521871 3.6580269515359 -0.03030867504713 3.3399917576945 -0.030146612021271 
404.69996563544 3.6580268403835 -0.030129980764447 3.3399917731065 -0.029968852443842 
407.08757605217 3.6580267295291 -0.029953379854071 3.3399917835996 -0.029793180606028 
409.47518646889 3.6580266198593 -0.029778837796134 3.3399917926364 -0.029619551440157 
411.86279688562 3.6580265143196 -0.029606317478122 3.3399918075014 -0.029447934891408 
414.25040730235 3.6580264092642 -0.029435784052922 3.339991818086 -0.029278297021007 
416.63801771908 3.6580263049534 -0.029267203295101 3.3399918261184 -0.029110600915039 
419.02562813581 3.6580262043693 -0.029100541894466 3.3399918398837 -0.028944814412087 
421.41323855253 3.6580261049729 -0.028935768238562 3.3399918514353 -0.02878090446334 
423.80084896926 3.6580260058126 -0.028772848730667 3.3399918586603 -0.028618841058298 
426.18845938599 3.6580259095569 -0.028611752029561 3.3399918703838 -0.028458593242556 
428.57606980272 3.6580258153483 -0.028452450367275 3.3399918831057 -0.028300126411202 
430.96368021945 3.6580257213991 -0.028294912164516 3.3399918907329 -0.028143414220764 
433.35129063618 3.6580256291799 -0.028139105901378 3.3399918997114 -0.027988431671555 
435.7389010529 3.6580255393221 -0.027985006549867 3.3399919124184 -0.027835143483091 
438.12651146963 3.6580254504333 -0.027832587168905 3.3399919219727 -0.027683520512253 
440.51412188636 3.6580253625082 -0.027681816029784 3.3399919290793 -0.027533544528252 
442.90173230309 3.6580252763662 -0.027532667185702 3.3399919396186 -0.027385186758145 
445.28934271982 3.6580251917463 -0.027385119039098 3.3399919509946 -0.027238411952779 
447.67695313655 3.6580251082911 -0.027239143701089 3.3399919588041 -0.027093200132731 
450.06456355327 3.6580250260666 -0.027094711989825 3.3399919665004 -0.026949534764671 
452.45217397 3.6580249449913 -0.026951802814426 3.3399919771324 -0.026807383532424 
454.83978438673 3.6580248652523 -0.026810395729506 3.3399919870978 -0.026666715452869 
457.22739480346 3.658024787118 -0.026670463119704 3.3399919943733 -0.026527516594429 
459.61500522019 3.658024709988 -0.026531978940238 3.3399920023322 -0.026389769999314 
462.00261563691 3.6580246333959 -0.026394925103728 3.3399920123449 -0.026253443011987 
464.39022605364 3.6580245582363 -0.026259282241106 3.3399920214466 -0.026118508451591 
466.77783647037 3.6580244850565 -0.026125024208245 3.3399920286357 -0.025984955236796 
469.1654468871 3.6580244126229 -0.025992127193511 3.3399920364196 -0.025852767334874 
471.55305730383 3.6580243401776 -0.025860574813796 3.339992045642 -0.025721913904729 
473.94066772056 3.6580242691213 -0.025730349511733 3.3399920542607 -0.025592369286063 
476.32827813728 3.6580242004166 -0.025601427333483 3.3399920614843 -0.025464123159173 
478.71588855401 3.6580241325191 -0.025473785629818 3.3399920689115 -0.025337162323817 
481.10349897074 3.6580240640859 -0.02534740870355 3.339992077333 -0.025211459368301 
483.49110938747 3.6580239965657 -0.025222281324258 3.3399920855723 -0.025086988326874 
485.8787198042 3.6580239316797 -0.025098382458585 3.339992092858 -0.02496373755365 
488.26633022093 3.6580238682019 -0.024975690147066 3.339992099985 -0.024841697415941 
490.65394063765 3.6580238039505 -0.024854188269925 3.3399921076711 -0.024720845922215 
493.04155105438 3.6580237396031 -0.024733863587416 3.3399921154471 -0.024601156838784 
495.42916147111 3.6580236776333 -0.024614698775287 3.3399921227082 -0.024482614873394 
497.81677188784 3.6580236180926 -0.024496673202184 3.3399921296848 -0.024365212330321 
500.20438230457 3.6580235583934 -0.024379769495858 3.3399921368348 -0.024248934274916 
502.5919927213 3.6580234975124 -0.024263974923432 3.3399921440731 -0.024133756904388 
504.97960313802 3.6580234376895 -0.024149275905349 3.3399921510895 -0.024019660432592 
507.36721355475 3.658023380869 -0.024035654763067 3.3399921579308 -0.023906635133594 
509.75482397148 3.658023325575 -0.02392309340884 3.3399921648029 -0.023794672010181 
512.14243438821 3.658023269144 -0.023811577738198 3.3399921716403 -0.02368375365571 
514.53004480494 3.6580232117933 -0.023701096183434 3.3399921782631 -0.023573858805228 
516.91765522166 3.6580231562971 -0.023591635135919 3.3399921847658 -0.023464972449844 
519.30526563839 3.6580231038339 -0.023483178113341 3.3399921913815 -0.023357086358942 
521.69287605512 3.6580230522237 -0.023375709414407 3.3399921980466 -0.023250190349935 
524.08048647185 3.6580229990765 -0.023269216671675 3.339992204453 -0.023144267561437 
526.46809688858 3.6580229451917 -0.023163688930211 3.3399922105393 -0.023039299745337 
528.85570730531 3.6580228934028 -0.02305911337781 3.3399922166396 -0.022935274175922 
531.24331772203 3.6580228446005 -0.022955475208669 3.339992223 -0.022832182707875 
533.63092813876 3.6580227965198 -0.022852760425591 3.3399922293987 -0.022730015252489 
536.01853855549 3.6580227468173 -0.022750957546699 3.3399922354285 -0.022628756848237 
538.40614897222 3.6580226961851 -0.022650056218358 3.3399922410742 -0.022528391625742 
540.79375938895 3.658022647381 -0.022550044874093 3.3399922467545 -0.022428907681566 
543.18136980568 3.6580226016027 -0.02245091043947 3.3399922527663 -0.022330296627252 
545.5689802224 3.6580225569685 -0.022352640166919 3.3399922588831 -0.022232549159583 
547.95659063913 3.6580225109433 -0.022255223065527 3.3399922646464 -0.022135652607104 
550.34420105586 3.6580224634975 -0.022158649308844 3.3399922699506 -0.022039593101089 
552.73181147259 3.6580224170823 -0.022062908611273 3.3399922751814 -0.021944359055466 
555.11942188932 3.6580223735743 -0.021967989599124 3.339992280723 -0.021849941675231 
557.50703230604 3.6580223320374 -0.021873880700683 3.3399922864991 -0.021756332386926 
559.89464272277 3.6580222898892 -0.021780571319497 3.3399922920742 -0.021663520672214 
562.2822531395 3.658022245952 -0.021688051941696 3.3399922971771 -0.021571494656919 
564.66986355623 3.658022201764 -0.021596313265596 3.3399923020097 -0.021480243288261 
567.05747397296 3.6580221597388 -0.021505345457781 3.3399923069939 -0.021389757384062 
569.44508438969 3.6580221204122 -0.021415138271405 3.3399923122853 -0.021300028623725 
571.83269480641 3.6580220818995 -0.021325681717319 3.3399923176215 -0.021211048006573 
574.22030522314 3.6580220420299 -0.021236966499176 3.3399923226331 -0.021122805561545 
576.60791563987 3.6580220007011 -0.021148983829801 3.339992327246 -0.021035291319549 
578.9955260566 3.6580219599139 -0.021061724970585 3.3399923317373 -0.020948496205533 
581.38313647333 3.6580219215726 -0.020975180995638 3.3399923364153 -0.020862411901212 
583.77074689006 3.6580218854942 -0.0208893429159 3.3399923413057 -0.020777030083712 
586.15835730678 3.65802184966 -0.02080420192463 3.3399923461506 -0.020692342045346 
588.54596772351 3.6580218123404 -0.020719749532727 3.3399923506989 -0.02060833905601 
590.93357814024 3.6580217738153 -0.020635977510076 3.3399923549425 -0.020525012830666 
593.32118855697 3.6580217360221 -0.020552877803786 3.3399923591029 -0.02044235550748 
595.7087989737 3.6580217005689 -0.020470442474198 3.3399923633833 -0.020360359188209 
598.09640939042 3.6580216671808 -0.020388663647908 3.3399923677893 -0.020279015695899 
600.48401980715 3.6580216340297 -0.020307533462183 3.3399923721523 -0.020198316891119 
602.87163022388 3.6580215995303 -0.020227044067048 3.3399923763101 -0.020118255187559 
605.25924064061 3.658021563816 -0.020147187741483 3.339992380248 -0.020038823622755 
607.64685105734 3.6580215285392 -0.020067957056181 3.3399923840806 -0.019960015321414 
610.03446147407 3.6580214952853 -0.019989344927228 3.3399923879292 -0.019881822899417 
612.42207189079 3.6580214641268 -0.01991134445335 3.3399923918191 -0.019804238465409 
614.80968230752 3.6580214336178 -0.019833948656288 3.3399923956879 -0.019727254299769 
617.19729272425 3.6580214021379 -0.019757150347063 3.3399923994607 -0.019650863554003 
619.58490314098 3.6580213693216 -0.01968094228088 3.3399924031117 -0.019575060263577 
621.97251355771 3.6580213363149 -0.019605317483149 3.3399924066578 -0.019499838594176 
624.36012397444 3.6580213047221 -0.019530269464071 3.3399924101248 -0.019425191996938 
626.74773439116 3.6580212752141 -0.019455792125563 3.3399924135248 -0.019351113084492 
629.13534480789 3.6580212470009 -0.01938187937976 3.3399924168701 -0.019277594346078 
631.52295522462 3.6580212185512 -0.019308524838109 3.3399924201875 -0.019204629128011 
633.91056564135 3.6580211888807 -0.0192357218125 3.3399924234984 -0.019132211975685 
636.29817605808 3.658021158328 -0.019163463654605 3.3399924267868 -0.019060338023791 
638.6857864748 3.658021128216 -0.019091744165315 3.3399924299868 -0.018989001940861 
641.07339689153 3.6580210997491 -0.019020557723584 3.3399924330277 -0.018918197311785 
643.46100730826 3.6580210730615 -0.018949899016914 3.3399924358989 -0.018847916983075 
645.84861772499 3.6580210471616 -0.018879762591702 3.339992438684 -0.018778154107028 
648.23622814172 3.6580210207441 -0.018810142566973 3.3399924415076 -0.018708903020881 
650.62383855845 3.6580209932011 -0.018741032748696 3.3399924444378 -0.018640159256871 
653.01144897517 3.6580209650472 -0.01867242705988 3.3399924474176 -0.018571918672573 
655.3990593919 3.6580209374739 -0.018604319954379 3.3399924502878 -0.018504176386073 
657.78666980863 3.6580209114368 -0.018536706475285 3.3399924529085 -0.018436926322619 
660.17428022536 3.6580208869561 -0.018469581954817 3.3399924552687 -0.018370161758484 
662.56189064209 3.6580208631445 -0.018402941532459 3.3399924575136 -0.018303876392633 
664.94950105882 3.6580208388904 -0.018336779874455 3.3399924598536 -0.018238065162474 
667.33711147554 3.6580208136497 -0.018271091302793 3.3399924624024 -0.018172724206002 
669.72472189227 3.6580207878075 -0.018205870213357 3.3399924650903 -0.018107849989466 
672.112332309 3.6580207623543 -0.018141111498158 3.3399924676945 -0.01804343826284 
674.49994272573 3.6580207381737 -0.018076810669399 3.3399924699959 -0.017979483591459 
676.88755314246 3.6580207154389 -0.018012963586459 3.3399924719386 -0.017915979767443 
679.27516355918 3.6580206935241 -0.017949565999207 3.3399924736781 -0.01785292080951 
681.66277397591 3.6580206714669 -0.017886613214374 3.3399924754906 -0.017790301835281 
684.05038439264 3.658020648616 -0.017824100110491 3.3399924775809 -0.01772811921279 
686.43799480937 3.6580206250468 -0.017762021482437 3.3399924799425 -0.017666369906939 
688.8256052261 3.6580206014684 -0.017700372480699 3.339992482346 -0.01760505048316 
691.21321564283 3.6580205787392 -0.017639148853653 3.3399924844934 -0.017544156439907 
693.60082605955 3.6580205573011 -0.017578346826857 3.3399924862069 -0.017483682284541 
695.98843647628 3.6580205369222 -0.017517962726299 3.3399924875571 -0.017423622299343 
698.37604689301 3.6580205168727 -0.017457992575849 3.3399924888243 -0.017363971464009 
700.76365730974 3.6580204964009 -0.017398431924411 3.3399924903252 -0.017304725945271 
703.15126772647 3.6580204751937 -0.017339276028149 3.3399924922103 -0.017245882875838 
705.5388781432 3.6580204535451 -0.017280520221438 3.3399924943652 -0.017187439561414 
707.92648855992 3.6580204321465 -0.017222160287016 3.3399924964786 -0.017129392634587 
710.31409897665 3.6580204116448 -0.017164192556844 3.3399924982219 -0.017071737704695 
712.70170939338 3.6580203922725 -0.017106613738281 3.3399924994712 -0.017014469599162 
715.08931981011 3.6580203737068 -0.017049420504297 3.3399925003523 -0.016957583230824 
717.47693022684 3.6580203553241 -0.016992609232543 3.3399925012323 -0.016901074167854 
719.86454064357 3.6580203365001 -0.016936175796871 3.3399925023932 -0.016844939278069 
722.25215106029 3.6580203170936 -0.016880115959078 3.3399925040592 -0.016789175853164 
724.63976147702 3.658020297284 -0.016824425377633 3.3399925059439 -0.01673378182295 
727.02737189375 3.6580202777996 -0.016769100457255 3.3399925079191 -0.016678753598766 
729.41498231048 3.6580202589456 -0.016714137618152 3.3399925093157 -0.01662408796924 
731.80259272721 3.6580202412528 -0.01665953429209 3.3399925104282 -0.016569779229882 
734.19020314393 3.658020224048 -0.016605287029609 3.3399925107931 -0.016515824070541 
736.57781356066 3.6580202073915 -0.016551393189415 3.3399925114953 -0.016462216860265 
738.96542397739 3.6580201900776 -0.016497848512477 3.3399925120354 -0.016408956243455 
741.35303439412 3.6580201726615 -0.016444649701262 3.339992513555 -0.01635603830454 
743.74064481085 3.6580201544488 -0.016391792487487 3.3399925150188 -0.016303462045207 
746.12825522758 3.6580201366826 -0.016339273433246 3.3399925169594 -0.016251224629988 
748.5158656443 3.6580201191285 -0.016287089766073 3.3399925183136 -0.016199321809911 
750.90347606103 3.6580201026051 -0.016235237964025 3.3399925192921 -0.016147751773584 
753.29108647776 3.6580200867142 -0.016183716607625 3.3399925196689 -0.016096506933047 
755.67869689449 3.6580200712572 -0.016132521545824 3.3399925198456 -0.016045587234563 
758.06630731122 3.6580200557777 -0.016081650917645 3.3399925201022 -0.015994986049304 
760.45391772795 3.6580200399017 -0.016031100556302 3.3399925209469 -0.015944703131216 
762.84152814467 3.6580200236342 -0.015980866990712 3.3399925221472 -0.01589473639683 
765.2291385614 3.6580200071775 -0.015930947513301 3.3399925237913 -0.015845081918594 
767.61674897813 3.6580199909617 -0.015881337992748 3.3399925253944 -0.015795740258706 
770.00435939486 3.6580199752391 -0.015832036851773 3.3399925263736 -0.015746705119186 
772.39196981159 3.6580199603112 -0.015783041131042 3.3399925271117 -0.015697974401538 
774.77958022831 3.6580199458773 -0.015734348295074 3.3399925270537 -0.015649544850222 
777.16719064504 3.6580199317156 -0.015685956554839 3.3399925269276 -0.015601410887242 
779.55480106177 3.6580199175543 -0.015637862161199 3.3399925272587 -0.015553572490014 
781.9424114785 3.6580199029185 -0.015590062544949 3.3399925276532 -0.015506026040816 
784.33002189523 3.6580198880856 -0.015542554693548 3.3399925289642 -0.0154587693838 
786.71763231196 3.6580198731299 -0.01549533496674 3.3399925305306 -0.015411802522247 
789.10524272868 3.6580198582314 -0.015448401341607 3.3399925316896 -0.015365121065916 
791.49285314541 3.6580198439932 -0.01540175118691 3.3399925329452 -0.015318722883751 
793.88046356214 3.658019830242 -0.015355382059985 3.3399925333242 -0.015272605576423 
796.26807397887 3.6580198169118 -0.015309292382416 3.3399925330253 -0.015226764095102 
798.6556843956 3.658019804043 -0.015263479518351 3.3399925330419 -0.015181196563191 
801.04329481233 3.6580197909924 -0.01521794088101 3.339992532809 -0.015135900739322 
803.43090522905 3.6580197776798 -0.015172674119247 3.3399925330023 -0.015090873425083 
805.81851564578 3.6580197642845 -0.015127676094969 3.3399925342424 -0.015046114018688 
808.20612606251 3.6580197505625 -0.015082944091646 3.3399925353991 -0.015001620821592 
810.59373647924 3.6580197369187 -0.015038475849848 3.3399925366299 -0.014957390973105 
812.98134689597 3.658019723785 -0.014994268922149 3.339992538037 -0.0149134228482 
815.36895731269 3.6580197109449 -0.014950321332929 3.3399925384188 -0.014869713597482 
817.75656772942 3.6580196985584 -0.014906631312711 3.3399925382291 -0.014826259652026 
820.14417814615 3.6580196866825 -0.014863196773091 3.33999253818 -0.014783058732262 
822.53178856288 3.658019674751 -0.014820015569307 3.3399925376791 -0.014740108411271 
824.91939897961 3.6580196626693 -0.014777085415489 3.3399925374062 -0.01469740629825 
827.30700939634 3.6580196505632 -0.014734403794909 3.3399925381929 -0.014654951008315 
829.69461981306 3.6580196381538 -0.014691968233093 3.3399925391662 -0.014612741094379 
832.08223022979 3.6580196255952 -0.014649776333056 3.3399925401848 -0.014570774748715 
834.46984064652 3.6580196133554 -0.014607825956744 3.3399925416798 -0.014529050113102 
836.85745106325 3.658019601388 -0.014566115243993 3.3399925426572 -0.014487564919931 
839.24506147998 3.6580195896832 -0.014524642325758 3.3399925426811 -0.014446316677696 
841.63267189671 3.6580195784843 -0.014483405471655 3.3399925426117 -0.014405302815414 
844.02028231343 3.6580195675672 -0.014442403041465 3.3399925423404 -0.014364520740839 
846.40789273016 3.6580195565701 -0.014401632979421 3.3399925416188 -0.014323968484816 
848.79550314689 3.6580195455433 -0.014361093069328 3.3399925414543 -0.014283644427316 
851.18311356362 3.6580195344511 -0.014320781327489 3.3399925421501 -0.014243546722249 
853.57072398035 3.6580195231042 -0.014280695538556 3.3399925429513 -0.014203674005168 
855.95833439707 3.6580195116809 -0.014240833344528 3.3399925439573 -0.014164025191376 
858.3459448138 3.6580195004812 -0.014201192991375 3.3399925453914 -0.014124598253508 
860.73355523053 3.6580194894988 -0.014161772912028 3.3399925463622 -0.014085390891456 
863.12116564726 3.6580194787529 -0.014122571212022 3.3399925464669 -0.014046401473758 
865.50877606399 3.6580194683913 -0.014083586291347 3.339992546357 -0.014007627805028 
867.89638648072 3.6580194583094 -0.014044816900418 3.3399925460913 -0.013969067069151 
870.28399689744 3.6580194482526 -0.01400626121563 3.3399925453848 -0.013930717576356 
872.67160731417 3.6580194381588 -0.013967917095636 3.3399925449021 -0.013892578260506 
875.0592177309 3.658019428019 -0.013929782871175 3.3399925452553 -0.013854647121789 
877.44682814763 3.6580194177402 -0.013891856811546 3.3399925460049 -0.013816922421119 
879.83443856436 3.6580194073434 -0.013854136639668 3.3399925468352 -0.013779403582383 
882.22204898109 3.658019397009 -0.013816620478124 3.339992548026 -0.013742089308227 
884.60965939781 3.6580193868549 -0.01377930710863 3.3399925492744 -0.013704977077792 
886.99726981454 3.6580193769167 -0.013742194989412 3.3399925498374 -0.013668065175829 
889.38488023127 3.658019367235 -0.013705282288123 3.3399925497592 -0.013631352534191 
891.772490648 3.658019357812 -0.013668567765359 3.3399925495313 -0.013594836829351 
894.16010106473 3.6580193485526 -0.013632050341456 3.3399925490989 -0.013558515436595 
896.54771148146 3.6580193393442 -0.01359572819127 3.3399925484079 -0.01352238731882 
898.93532189818 3.6580193300974 -0.013559599339387 3.339992548043 -0.013486451708698 
901.32293231491 3.6580193207525 -0.01352366241484 3.3399925484104 -0.013450706539611 
903.71054273164 3.6580193113277 -0.013487915959061 3.3399925491833 -0.013415150061256 
906.09815314837 3.6580193018857 -0.013452357903505 3.3399925500596 -0.013379781914844 
908.4857635651 3.6580192924752 -0.013416986488861 3.3399925511437 -0.013344601145931 
910.87337398182 3.6580192831704 -0.013381800704838 3.339992552269 -0.013309605311558 
913.26098439855 3.6580192740858 -0.01334679934694 3.3399925528843 -0.013274792534503 
915.64859481528 3.6580192652576 -0.013311980687816 3.3399925528375 -0.013240162136124 
918.03620523201 3.6580192565959 -0.013277343369894 3.3399925524948 -0.013205712607589 
920.42381564874 3.65801924803 -0.013242886545794 3.339992552058 -0.013171441331467 
922.81142606547 3.6580192395685 -0.013208608898581 3.3399925514857 -0.013137346746544 
925.19903648219 3.6580192311452 -0.013174508517427 3.3399925510151 -0.013103428559069 
927.58664689892 3.6580192226163 -0.013140583853651 3.3399925510865 -0.01306968561892 
929.97425731565 3.6580192139654 -0.013106833848957 3.339992551744 -0.013036115761877 
932.36186773238 3.6580192053353 -0.013073257066419 3.3399925526526 -0.013002717810819 
934.74947814911 3.6580191967932 -0.013039851633423 3.33999255362 -0.012969491584701 
937.13708856584 3.6580191882761 -0.013006616181589 3.3399925546261 -0.012936435871288 
939.52469898256 3.6580191798268 -0.012973549930605 3.3399925554586 -0.012903548293421 
941.91230939929 3.6580191716157 -0.012940651785233 3.3399925557791 -0.012870827292964 
944.29991981602 3.6580191636674 -0.012907920169903 3.3399925555535 -0.012838272403376 
946.68753023275 3.6580191557998 -0.012875353824676 3.339992555068 -0.012805882401098 
949.07514064948 3.6580191479207 -0.012842951976184 3.3399925545527 -0.012773654990575 
951.4627510662 3.6580191401238 -0.012810713525864 3.3399925540738 -0.012741588631161 
953.85036148293 3.6580191324285 -0.012778636776887 3.3399925537873 -0.012709683072939 
956.23797189966 3.6580191246531 -0.01274672019994 3.339992553946 -0.012677937653431 
958.62558231639 3.6580191167078 -0.012714962824743 3.3399925546134 -0.012646350504387 
961.01319273312 3.6580191087683 -0.012683363615561 3.3399925555691 -0.012614920029732 
963.40080314985 3.6580191010062 -0.012651921043982 3.3399925565585 -0.012583645844345 
965.78841356657 3.6580190933368 -0.012620633648926 3.3399925574515 -0.012552527454713 
968.1760239833 3.6580190856418 -0.01258950057364 3.3399925581379 -0.012521563090605 
970.56363440003 3.658019078045 -0.012558521121466 3.3399925584469 -0.012490750742588 
972.95124481676 3.6580190707298 -0.012527694119127 3.3399925582912 -0.012460089534735 
975.33885523349 3.6580190636136 -0.012497018159954 3.3399925578042 -0.012429579080176 
977.72646565022 3.658019056447 -0.012466492226934 3.3399925572324 -0.012399218053271 
980.11407606694 3.6580190491949 -0.012436115590031 3.3399925567671 -0.012369004498994 
982.50168648367 3.6580190420358 -0.012405887161852 3.3399925565189 -0.01233893729242 
984.8892969004 3.6580190350059 -0.012375805428913 3.339992556595 -0.012309016242116 
987.27690731713 3.6580190279045 -0.012345869069987 3.339992557077 -0.012279240702789 
989.66451773386 3.6580190206215 -0.012316077233705 3.3399925579075 -0.012249609032356 
992.05212815058 3.6580190133526 -0.012286429071481 3.339992558894 -0.012220119719673 
994.43973856731 3.6580190063188 -0.012256923347567 3.339992559824 -0.012190772229726 
996.82734898404 3.6580189994465 -0.012227558766239 3.339992560544 -0.012161566188422 
999.21495940077 3.6580189925316 -0.012198334461169 3.3399925609579 -0.012132500305912 
1001.6025698175 3.6580189856002 -0.012169249832131 3.3399925610091 -0.012103572776706 
1003.9901802342 3.6580189788765 -0.012140304002032 3.3399925607165 -0.012074782475707 
1006.377790651 3.6580189724108 -0.012111495739076 3.3399925602059 -0.012046129047233 
1008.7654010677 3.658018965963 -0.012082823916741 3.339992559664 -0.012017611822304 
1011.1530114844 3.6580189593413 -0.012054287761756 3.3399925592663 -0.011989229327522 
1013.5406219011 3.6580189526656 -0.012025886504789 3.3399925591392 -0.011960980105386 
1015.9282323179 3.6580189461523 -0.011997619024088 3.3399925593543 -0.01193286352839 
1018.3158427346 3.6580189397626 -0.011969484024415 3.3399925599114 -0.011904879340937 
1020.7034531513 3.6580189332667 -0.011941480488854 3.3399925607263 -0.011877026686775 
1023.0910635681 3.6580189266112 -0.011913607719886 3.3399925616476 -0.011849304081569 
1025.4786739848 3.6580189200332 -0.011885864954257 3.3399925625117 -0.01182171031535 
1027.8662844015 3.6580189137364 -0.011858251147605 3.3399925631829 -0.011794244890102 
1030.2538948182 3.6580189076064 -0.011830765228034 3.3399925635549 -0.011766907375094 
1032.641505235 3.6580189014077 -0.011803406416444 3.3399925635847 -0.011739696693556 
1035.0291156517 3.6580188951257 -0.01177617412891 3.3399925633045 -0.011712611385664 
1037.4167260684 3.6580188889841 -0.011749067606321 3.3399925628342 -0.011685650418632 
1039.8043364851 3.6580188830965 -0.01172208580565 3.3399925623353 -0.011658813369474 
1042.1919469019 3.6580188772746 -0.011695227674767 3.3399925619499 -0.011632099755882 
1044.5795573186 3.6580188712752 -0.011668492408957 3.3399925617814 -0.011605508520345 
1046.9671677353 3.6580188651245 -0.011641879332824 3.339992561899 -0.011579038371331 
1049.3547781521 3.6580188590733 -0.011615387597462 3.3399925623372 -0.011552688440644 
1051.7423885688 3.6580188532395 -0.011589016152371 3.3399925630547 -0.011526458342333 
1054.1299989855 3.6580188474551 -0.011562764008859 3.3399925639231 -0.011500347569818 
1056.5176094022 3.6580188415186 -0.011536630435904 3.3399925647744 -0.011474355097228 
1058.905219819 3.6580188354928 -0.011510614833966 3.339992565471 -0.011448479709034 
1061.2928302357 3.6580188296369 -0.011484716475425 3.3399925659363 -0.011422720565552 
1063.6804406524 3.6580188240665 -0.011458934457795 3.3399925661342 -0.011397077235187 
1066.0680510692 3.6580188186043 -0.011433267911287 3.3399925660499 -0.011371549194393 
1068.4556614859 3.6580188130154 -0.011407716160195 3.3399925657111 -0.011346135490337 
1070.8432719026 3.6580188073148 -0.011382278615236 3.3399925652253 -0.011320834994079 
1073.2308823193 3.6580188017276 -0.011356954560993 3.3399925647573 -0.011295646877848 
1075.6184927361 3.6580187963753 -0.011331743098807 3.3399925644572 -0.011270570686751 
1078.0061031528 3.6580187911018 -0.011306643325505 3.339992564404 -0.011245605926048 
1080.3937135695 3.658018785666 -0.011281654487723 3.339992564605 -0.011220751761831 
1082.7813239863 3.6580187800543 -0.01125677595947 3.339992565051 -0.011196007134189 
1085.168934403 3.6580187744862 -0.011232007039223 3.3399925657049 -0.01117137122596 
1087.5565448197 3.6580187691605 -0.011207346920062 3.3399925665156 -0.011146843477907 
1089.9441552364 3.6580187639802 -0.011182794743826 3.3399925673261 -0.011122423497211 
1092.3317656532 3.6580187587452 -0.0111583498415 3.3399925680205 -0.011098110465432 
1094.7193760699 3.6580187533311 -0.011134011591498 3.3399925684286 -0.011073903583808 
1097.1069864866 3.6580187479757 -0.011109779480766 3.3399925686116 -0.011049801816563 
1099.4945969034 3.6580187428092 -0.011085652722496 3.3399925684966 -0.011025804848139 
1101.8822073201 3.6580187379321 -0.011061630661796 3.3399925682828 -0.011001911925715 
1104.2698177368 3.658018732975 -0.01103771245678 3.3399925678408 -0.010978122817232 
1106.6574281535 3.6580187279385 -0.011013897641968 3.3399925674668 -0.010954436297785 
1109.0450385703 3.6580187226962 -0.010990185484407 3.3399925670345 -0.010930851912756 
1111.432648987 3.6580187176954 -0.01096657543615 3.3399925669371 -0.010907368667929 
1113.8202594037 3.6580187127971 -0.010943066664347 3.339992566985 -0.010883986272534 
1116.2078698205 3.65801870808 -0.010919658430072 3.3399925674116 -0.010860704176029 
1118.5954802372 3.658018703127 -0.01089635016992 3.3399925679353 -0.010837521408015 
1120.9830906539 3.6580186980757 -0.010873141114681 3.3399925686307 -0.010814437686331 
1123.3707010706 3.6580186930119 -0.010850030951792 3.3399925693323 -0.010791451526608 
1125.7583114874 3.6580186881837 -0.010827018696815 3.339992570017 -0.010768563317391 
1128.1459219041 3.6580186835692 -0.010804104006285 3.3399925705824 -0.010745771665351 
1130.5335323208 3.6580186789269 -0.010781285999763 3.3399925709266 -0.010723076721547 
1132.9211427376 3.6580186741621 -0.010758564247308 3.3399925709972 -0.010700477460748 
1135.3087531543 3.6580186692946 -0.010735938259164 3.339992570832 -0.01067797308389 
1137.696363571 3.6580186645725 -0.010713407258501 3.3399925704998 -0.010655563581235 
1140.0839739877 3.6580186600811 -0.010690970915164 3.3399925701081 -0.010633247632482 
1142.4715844045 3.6580186557104 -0.010668628300918 3.339992569765 -0.010611025559994 
1144.8591948212 3.65801865124 -0.010646379007255 3.3399925694539 -0.010588896210546 
1147.2468052379 3.6580186465955 -0.010624222457091 3.339992569335 -0.010566858966993 
1149.6344156546 3.6580186419051 -0.010602157932688 3.339992569379 -0.0105449136303 
1152.0220260714 3.6580186373663 -0.010580185108747 3.3399925696548 -0.010523058884413 
1154.4096364881 3.6580186330485 -0.010558303132196 3.3399925701994 -0.010501294911882 
1156.7972469048 3.6580186287661 -0.010536511537719 3.3399925707954 -0.010479620806754 
1159.1848573216 3.6580186243766 -0.010514809829805 3.3399925714863 -0.010458035812982 
1161.5724677383 3.6580186198412 -0.010493197290722 3.3399925720905 -0.010436539922316 
1163.960078155 3.6580186153082 -0.010471673638415 3.3399925725164 -0.01041513193093 
1166.3476885717 3.658018611008 -0.010450238212631 3.3399925728806 -0.01039381175307 
1168.7352989885 3.6580186068884 -0.010428890459209 3.3399925729696 -0.010372579012304 
1171.1229094052 3.6580186028173 -0.010407630026671 3.3399925728768 -0.010351432733638 
1173.5105198219 3.6580185986457 -0.010386456218762 3.3399925726573 -0.010330373006416 
1175.8981302387 3.6580185943063 -0.010365368650703 3.3399925721922 -0.010309399049541 
1178.2857406554 3.6580185900307 -0.010344366894728 3.3399925717779 -0.010288510246442 
1180.6733510721 3.6580185859474 -0.010323450314481 3.3399925714292 -0.010267706608824 
1183.0609614888 3.6580185820074 -0.010302618596623 3.339992571118 -0.010246987208771 
1185.4485719056 3.6580185781291 -0.010281871251833 3.3399925710919 -0.010226351684853 
1187.8361823223 3.6580185740934 -0.010261207765151 3.3399925711798 -0.01020579987287 
1190.223792739 3.6580185698979 -0.01024062789956 3.3399925713702 -0.010185330950452 
1192.6114031558 3.6580185657703 -0.010220131248723 3.3399925718283 -0.010164944843512 
