# nf=0.999985653020718 mu=3.5 T=0.37 TrSigmaG=0.7579541565546254 Epot=0.7579541565546254 Ekin=-1.3754432725 mom=[]
1.162389281828224 -0.01317866057467397 -0.2624376915610974  0.01257614205790242 -0.2623126793348521  
3.487167845484671 -0.004478390467514257 -0.1694989547538527  0.004455523742598813 -0.1693482106478213  
5.811946409141117 -0.002384020354911316 -0.1276273995363083  0.002364400052234399 -0.1274491847160744  
8.136724972797564 -0.001480694578629238 -0.1014679061161714  0.001685024666383335 -0.1015445005199426  
10.46150353645401 -0.001193894069055976 -0.08398589588145436  0.001207170290814194 -0.084074555007581  
12.78628210011046 -0.0006971629013212395 -0.0712019035951858  0.0008085880891175676 -0.07120779515406074  
15.11106066376691 -0.0004972343294665314 -0.06167572263493534  0.0004399707315557299 -0.06179773435207746  
17.43583922742335 -0.0004527401809103447 -0.05433643881433734  0.0005758020544652761 -0.05427019278752716  
19.7606177910798 -0.0004211793520076616 -0.04848632830652887  0.0004263889099262911 -0.04845478061426371  
22.08539635473624 -0.0003486438304545806 -0.04373269553238295  0.0003088732883384125 -0.04375252749628701  
24.41017491839269 -0.0002690962501935685 -0.03980575071947673  0.0002522325757092041 -0.03984147082124515  
26.73495348204914 -0.0002045564240996017 -0.03651150437259357  0.0002193224169596621 -0.03654220949148514  
29.05973204570559 -0.0001585171151778927 -0.03371048275954664  0.0001907338218893999 -0.03373069143914704  
31.38451060936203 -0.000127174178683746 -0.03130114823909611  0.0001624374271250601 -0.03131232229498494  
33.70928917301848 -0.0001058223835255781 -0.02920794425560463  0.0001355963349006648 -0.02921323027080994  
36.03406773667493 -9.083267597559664e-05 -0.02737342100698239  0.0001117674668222629 -0.02737557281150842  
38.35884630033138 -7.981367410806822e-05 -0.02575309348345152  9.169004311110191e-05 -0.02575399210623349  
40.68362486398782 -7.129647275314179e-05 -0.02431198995287812  7.536932655440238e-05 -0.02431274383597012  
43.00840342764427 -6.44068489685216e-05 -0.02302225988289652  6.240272911688058e-05 -0.02302343589737816  
45.33318199130071 -5.862790120749607e-05 -0.02186146919734175  5.223964661097646e-05 -0.02186329709687278  
47.65796055495716 -5.365084286965482e-05 -0.02081136004250607  4.432675249010915e-05 -0.02081387759655216  
49.98273911861361 -4.928588000895069e-05 -0.01985693362137109  3.817543857194457e-05 -0.01986008005126069  
52.30751768227006 -4.541152310954364e-05 -0.0189857617529488  3.338076367943278e-05 -0.01898943300748502  
54.6322962459265 -4.194431337734297e-05 -0.01818746359665123  2.962607330926783e-05 -0.01819154504090554  
56.95707480958295 -3.882832723220177e-05 -0.01745330604551911  2.664557602531224e-05 -0.017457682595729  
59.28185337323939 -3.600791487775857e-05 -0.01677588549077742  2.43006641630378e-05 -0.01678047144839221  
61.60663193689584 -3.347079783328361e-05 -0.01614890422299656  2.231702921561891e-05 -0.01615358096159822  
63.9314105005523 -3.114213997878805e-05 -0.01556692632924606  2.084964603538845e-05 -0.01557169740028191  
66.25618906420874 -2.905800456906504e-05 -0.01502533094661282  1.940136489340155e-05 -0.01503002320945183  
68.58096762786518 -2.713682723246095e-05 -0.0145200102056712  1.839357519240782e-05 -0.01452471919144938  
70.90574619152163 -2.538802646843123e-05 -0.01404750231386166  1.742706958419507e-05 -0.01405209455313169  
73.23052475517808 -2.379916839589299e-05 -0.01360469200823605  1.652861481833041e-05 -0.01360915459786489  
75.55530331883452 -2.234754501907635e-05 -0.01318886136201334  1.583978260940228e-05 -0.01319323131525963  
77.88008188249097 -2.100146062799891e-05 -0.0127976476944052  1.520537561495706e-05 -0.01280187579280411  
80.20486044614742 -1.977057180203163e-05 -0.01242892494172909  1.456461066341065e-05 -0.01243298168497493  
82.52963900980387 -1.865381295365527e-05 -0.01208079719055833  1.400049998963578e-05 -0.01208470609687267  
84.85441757346031 -1.762030844755887e-05 -0.01175159900095706  1.352030835059962e-05 -0.01175537237409113  
87.17919613711676 -1.665165411221253e-05 -0.01143983736720793  1.306373662612626e-05 -0.01144345612386619  
89.50397470077321 -1.576311866727051e-05 -0.0111441567703979  1.260095659336612e-05 -0.01114761601271198  
91.82875326442966 -1.494922390756029e-05 -0.01086334338860796  1.21749370803247e-05 -0.01086664235398364  
94.1535318280861 -1.42001287924487e-05 -0.0105963072446629  1.176793714167577e-05 -0.01059948052743698  
96.47831039174255 -1.349507873631224e-05 -0.01034206840512167  1.142498910985559e-05 -0.01034509886223441  
98.80308895539899 -1.283368261471157e-05 -0.01009971893262136  1.105883475256148e-05 -0.01010262188945919  
101.1278675190554 -1.221980984441051e-05 -0.009868449815559297  1.071691765428422e-05 -0.00987121871512488  
103.4526460827119 -1.165713373988705e-05 -0.009647521492066487  1.039165045848702e-05 -0.009650156220700062  
105.7774246463683 -1.113371351974699e-05 -0.009436251580986765  1.006630741584577e-05 -0.009438773084455312  
108.1022032100248 -1.063936299199224e-05 -0.009234021634286101  9.768589846949289e-06 -0.009236437460250276  
110.4269817736812 -1.017450172482663e-05 -0.009040267274057835  9.495184738823341e-06 -0.009042574981493611  
112.7517603373377 -9.738251018667395e-06 -0.008854467046070428  9.222211088350227e-06 -0.008856671554746112  
115.0765389009941 -9.327859455840783e-06 -0.008676140286208292  8.951402769821219e-06 -0.008678248188567264  
117.4013174646506 -8.944296757640508e-06 -0.008504845148692692  8.695017153711957e-06 -0.008506858193348673  
119.726096028307 -8.588104508155978e-06 -0.008340174117669661  8.451372222793509e-06 -0.008342095364666091  
122.0508745919635 -8.254369219471461e-06 -0.008181750567393483  8.213809843791534e-06 -0.008183588256592574  
124.3756531556199 -7.936601327972101e-06 -0.008029226499187581  7.983827084868217e-06 -0.008030988789452338  
126.7004317192764 -7.632789891906468e-06 -0.007882279588023879  7.766142595430401e-06 -0.007883969697747099  
129.0252102829328 -7.345069422882576e-06 -0.00774060984863686  7.559913247970851e-06 -0.007742227999238373  
131.3499888465892 -7.07513914409822e-06 -0.007603937475207853  7.359773568504318e-06 -0.00760548522078345  
133.6747674102457 -6.821683504915739e-06 -0.007472001907931847  7.163194410741179e-06 -0.007473483547397295  
135.9995459739021 -6.582141231855416e-06 -0.007344561229985421  6.970822467101337e-06 -0.007345981275192559  
138.3243245375586 -6.354339393007116e-06 -0.007221390284749524  6.787326187254577e-06 -0.007222752852528071  
140.649103101215 -6.138217109071485e-06 -0.007102279354204038  6.610059040664678e-06 -0.007103585908283933  
142.9738816648715 -5.932724432928056e-06 -0.006987030906761442  6.443010348822659e-06 -0.006988285616062719  
145.2986602285279 -5.737854501909507e-06 -0.006875460693950609  6.277624179568095e-06 -0.006876664509035377  
147.6234387921844 -5.5514705841641e-06 -0.006767394006806677  6.12095186936225e-06 -0.006768552308675897  
149.9482173558408 -5.373227391152095e-06 -0.006662668872261109  5.967908484098776e-06 -0.006663782391753777  
152.2729959194973 -5.20286573024979e-06 -0.006561132261796718  5.820301170108019e-06 -0.006562202885282396  
154.5977744831537 -5.040661851989227e-06 -0.006462640996934135  5.680127277705343e-06 -0.006463670659387969  
156.9225530468102 -4.886822278289389e-06 -0.006367061062542544  5.542512088163869e-06 -0.006368049903523816  
159.2473316104666 -4.741160380864386e-06 -0.006274265196880093  5.408514994498824e-06 -0.006275215714065823  
161.5721101741231 -4.602435297111777e-06 -0.006184133632361795  5.279715854516807e-06 -0.006185048821403863  
163.8968887377795 -4.469456170708891e-06 -0.006096553562984945  5.153724944072484e-06 -0.006097435133630633  
166.221667301436 -4.341556035991385e-06 -0.006011417786133376  5.031738848040733e-06 -0.006012267523648453  
168.5464458650924 -4.218508680949461e-06 -0.005928625026653451  4.915098293723166e-06 -0.00592944543732235  
170.8712244287489 -4.099733238943021e-06 -0.005848080289120876  4.803716183698513e-06 -0.005848871526581631  
173.1960029924053 -3.985949573026819e-06 -0.005769693073340762  4.694055422355526e-06 -0.005770456443790893  
175.5207815560617 -3.877258138918506e-06 -0.005693378014053497  4.589419081260677e-06 -0.005694113936736072  
177.8455601197182 -3.773389534344773e-06 -0.005619053985488788  4.487268980985053e-06 -0.00561976462129044  
180.1703386833746 -3.673753104709565e-06 -0.005546644622489071  4.388615472052714e-06 -0.005547330628307488  
182.4951172470311 -3.578278983293825e-06 -0.005476076800624931  4.292280027333614e-06 -0.005476738865945551  
184.8198958106875 -3.486645415337414e-06 -0.00540728088266023  4.198182188995256e-06 -0.005407920838109839  
187.144674374344 -3.417016250913067e-06 -0.005340199872019084  4.093935201766836e-06 -0.005340807221985789  
189.4694529380004 -3.349147063819641e-06 -0.005274761452263825  3.993530266929732e-06 -0.005275338252399517  
191.7942315016569 -3.282999547348116e-06 -0.005210906079446583  3.896780563686208e-06 -0.005211454231541708  
194.1190100653133 -3.218534418660035e-06 -0.005148577050496024  3.803510508282052e-06 -0.005149098315524444  
196.4437886289698 -3.155711749049632e-06 -0.005087720334820475  3.713554950406415e-06 -0.005088216345246872  
198.7685671926262 -3.09449124627393e-06 -0.005028284419977515  3.626758437793743e-06 -0.0050287566903937  
201.0933457562826 -3.034832490701733e-06 -0.004970220166194092  3.542974539264384e-06 -0.004970670103231835  
203.4181243199391 -2.976695134642202e-06 -0.004913480671480299  3.462065222856225e-06 -0.004913909582783723  
205.7429028835956 -2.920039069862326e-06 -0.004858021146406889  3.38390028395639e-06 -0.004858430248521073  
208.067681447252 -2.86482456551487e-06 -0.004803798795886591  3.308356817326619e-06 -0.004804189221735009  
210.3924600109085 -2.811012383727489e-06 -0.004750772710108971  3.235318731340919e-06 -0.004751145515535984  
212.7172385745649 -2.758563873163667e-06 -0.004698903761491331  3.164676298723183e-06 -0.004699259931414986  
215.0420171382213 -2.707441045994815e-06 -0.004648154509217192  3.096325742231273e-06 -0.004648494963047783  
217.3667957018778 -2.657606638529379e-06 -0.004598489108969549  3.030168850823533e-06 -0.004598814705729547  
219.6915742655343 -2.609024159810043e-06 -0.004549873229209029  2.966112625072281e-06 -0.004550184772045493  
222.0163528291907 -2.561657928066496e-06 -0.004502273971914187  2.904068948120824e-06 -0.004502572212368865  
224.3411313928471 -2.51547309847347e-06 -0.004455659798932979  2.843954281162073e-06 -0.004455945440714637  
226.6659099565036 -2.470435681956934e-06 -0.004410000462188434  2.785689380386422e-06 -0.004410274164750903  
228.99068852016 -2.426512557755707e-06 -0.004365266938723871  2.729199034626401e-06 -0.004365529320432605  
231.3154670838165 -2.38367147943736e-06 -0.004321431369084509  2.674411821101913e-06 -0.004321683010225961  
233.6402456474729 -2.341881076539437e-06 -0.004278466999882761  2.621259878646337e-06 -0.004278708445332524  
235.9650242111294 -2.301110851422872e-06 -0.004236348129260579  2.569678696300271e-06 -0.004236579891023952  
238.2898027747858 -2.261331173148482e-06 -0.004195050055979377  2.519606916712741e-06 -0.004195272615447854  
240.6145813384422 -2.222513267909731e-06 -0.004154549031032035  2.470986152613856e-06 -0.004154762841136075  
242.9393599020987 -2.18462920750202e-06 -0.004114822212411301  2.423760815897658e-06 -0.004115027699535094  
245.2641384657552 -2.14765189539149e-06 -0.004075847622080649  2.377877957829308e-06 -0.00407604518789135  
247.5889170294116 -2.111555051528738e-06 -0.004037604105690749  2.333287120050071e-06 -0.004037794128769648  
249.913695593068 -2.076313195541004e-06 -0.004000071294220634  2.289940195076535e-06 -0.004000254131626771  
252.2384741567245 -2.041901629250266e-06 -0.003963229568043289  2.247791296066608e-06 -0.003963405556704275  
254.563252720381 -2.008296418136733e-06 -0.003927060022690058  2.206796634748967e-06 -0.003927229480728048  
256.8880312840374 -1.975474372456047e-06 -0.003891544436660074  2.166914407246172e-06 -0.003891707664590602  
259.2128098476938 -1.943413027701695e-06 -0.003856665240697713  2.128104686903759e-06 -0.003856822522601777  
261.5375884113503 -1.912090625226439e-06 -0.003822405489092894  2.09032932410621e-06 -0.003822557093629694  
263.8623669750067 -1.881486092547054e-06 -0.003788748832280411  2.053551852113967e-06 -0.003788895013627518  
266.1871455386632 -1.85157902346163e-06 -0.00375567949068768  2.017737398554219e-06 -0.003755820489476455  
268.5119241023197 -1.822349658567175e-06 -0.00372318223023918  1.98285260251525e-06 -0.003723318274383271  
270.8367026659761 -1.793778865739368e-06 -0.003691242338906845  1.94886553647699e-06 -0.003691373644403534  
273.1614812296325 -1.765848121080061e-06 -0.003659845604682858  1.915745633062177e-06 -0.003659972376313233  
275.486259793289 -1.738539489976753e-06 -0.003628978294518322  1.883463616044285e-06 -0.003629100726502928  
277.8110383569454 -1.711835608392422e-06 -0.003598627134180458  1.851991435285962e-06 -0.003598745410838191  
280.1358169206019 -1.685719664765392e-06 -0.003568779289369996  1.821302205661071e-06 -0.003568893585695016  
282.4605954842583 -1.660175382143531e-06 -0.003539422347627912  1.791370149422486e-06 -0.003539532829836617  
284.7853740479147 -1.635187000826439e-06 -0.003510544301180562  1.76217054186917e-06 -0.003510651127213313  
287.1101526115712 -1.610739261291413e-06 -0.003482133530505077  1.733679660064705e-06 -0.003482236850521389  
289.4349311752276 -1.586817387760916e-06 -0.00345417878886602  1.705874734544668e-06 -0.003454278745676262  
291.7597097388841 -1.563407072103928e-06 -0.003426669187484299  1.678733903662825e-06 -0.003426765916955885  
294.0844883025405 -1.54049445810676e-06 -0.003399594181308302  1.652236170398297e-06 -0.003399687812779159  
296.409266866197 -1.51806612640002e-06 -0.00337294355566166  1.626361361675876e-06 -0.003373034212295545  
298.7340454298534 -1.496109079735497e-06 -0.00334670741341871  1.601090089855354e-06 -0.003346795212535936  
301.0588239935099 -1.474610728663891e-06 -0.003320876162696391  1.576403716239728e-06 -0.003320961216104988  
303.3836025571663 -1.453558877749661e-06 -0.003295440505224022  1.552284316635574e-06 -0.00329552291951675  
305.7083811208228 -1.432941712165174e-06 -0.003270391425159579  1.528714648681952e-06 -0.003270471302004305  
308.0331596844792 -1.412747784795336e-06 -0.00324572017850616  1.505678120980192e-06 -0.003245797614901586  
310.3579382481357 -1.392966003714033e-06 -0.003221418282941223  1.483158763801558e-06 -0.00322149337145895  
312.6827168117921 -1.373585620031034e-06 -0.003197477508038274  1.461141201279328e-06 -0.003197550337069875  
315.0074953754486 -1.354596216258454e-06 -0.003173889866050074  1.439610625127658e-06 -0.003173960520020679  
317.3322739391051 -1.335987695013544e-06 -0.003150647603033496  1.41855276967373e-06 -0.003150716162602643  
319.6570525027615 -1.317750268076263e-06 -0.003127743190305145  1.397953888114289e-06 -0.003127809732571855  
321.9818310664179 -1.299874445902404e-06 -0.00310516931637445  1.377800730058971e-06 -0.003105233915054997  
324.3066096300743 -1.282351027469958e-06 -0.003082918879173537  1.358080520159421e-06 -0.003082981604768071  
326.6313881937308 -1.265171090444796e-06 -0.00306098497857703  1.33878093778119e-06 -0.003061045898537478  
328.9561667573873 -1.248325981744736e-06 -0.003039360909301205  1.31989009772332e-06 -0.003039420088182564  
331.2809453210437 -1.231807308394875e-06 -0.00301804015405533  1.301396531861227e-06 -0.003018097653664424  
333.6057238847001 -1.215606928761579e-06 -0.00299701637703206  1.283289171709477e-06 -0.002997072256559094  
335.9305024483566 -1.199716944061796e-06 -0.002976283417633712  1.265557331817387e-06 -0.002976337733777172  
338.255281012013 -1.184129690148926e-06 -0.002955835284423981  1.248190693944918e-06 -0.002955888091518363  
340.5800595756695 -1.168837729660597e-06 -0.002935666149395874  1.231179292026177e-06 -0.002935717499523051  
342.9048381393259 -1.153833844401061e-06 -0.002915770342436727  1.214513497842679e-06 -0.002915820285531836  
345.2296167029824 -1.139111027979063e-06 -0.002896142345982145  1.198184007343005e-06 -0.002896190929943578  
347.5543952666388 -1.124662478778186e-06 -0.002876776789955942  1.182181827636732e-06 -0.002876824060739794  
349.8791738302953 -1.110481593134482e-06 -0.002857668446886825  1.166498264603643e-06 -0.002857714448593457  
352.2039523939517 -1.096561958762611e-06 -0.002838812227196041  1.151124911042296e-06 -0.002838857002155137  
354.5287309576082 -1.08289734840017e-06 -0.00282020317465038  1.136053635354901e-06 -0.002820246763509789  
356.8535095212646 -1.06948171372349e-06 -0.002801836462054381  1.121276570790474e-06 -0.002801878903856184  
359.1782880849211 -1.056309179460135e-06 -0.002783707387081843  1.10678610515919e-06 -0.002783748719333765  
361.5030666485775 -1.043374037696657e-06 -0.00276581136824524  1.092574870995766e-06 -0.002765851626993568  
363.8278452122339 -1.030670742429078e-06 -0.00274814394105845  1.078635736177502e-06 -0.002748183160952251  
366.1526237758904 -1.018193904277262e-06 -0.002730700754325593  1.06496179496384e-06 -0.002730738968677894  
368.4774023395469 -1.005938285385496e-06 -0.002713477566551233  1.051546359410089e-06 -0.002713514807402152  
370.8021809032033 -9.938987945368992e-07 -0.002696470242524309  1.03838295117842e-06 -0.002696506540696119  
373.1269594668597 -9.820704824151778e-07 -0.002679674750011242  1.025465293708511e-06 -0.002679710135160506  
375.4517380305162 -9.704485370346285e-07 -0.002663087156555583  1.012787304707366e-06 -0.00266312165722659  
377.7765165941726 -9.590282793592856e-07 -0.002646703626425883  1.000343088975772e-06 -0.002646737270097717  
380.1012951578291 -9.478051590402697e-07 -0.002630520417659305  9.881269315580017e-07 -0.002630553230790961  
382.4260737214855 -9.367747503311922e-07 -0.002614533879196742  9.761332911355153e-07 -0.002614565887274373  
384.7508522851419 -9.259327481324239e-07 -0.002598740448156371  9.643567937603445e-07 -0.002598771675733991  
387.0756308487984 -9.152749642024433e-07 -0.002583136647193453  9.527922268088892e-07 -0.002583167117930404  
389.4004094124548 -9.047973234629357e-07 -0.002567719081944104  9.41434533214489e-07 -0.002567748818642034  
391.7251879761113 -8.94495860457121e-07 -0.002552484438550806  9.302788059048396e-07 -0.002552513463192356  
394.0499665397678 -8.843667159221788e-07 -0.002537429481303917  9.193202825150103e-07 -0.002537457815086173  
396.3747451034242 -8.744061334966203e-07 -0.002522551050352498  9.085543402850282e-07 -0.002522578713718754  
398.6995236670807 -8.646104565228564e-07 -0.002507846059483026  8.979764911701191e-07 -0.002507873072155822  
401.0243022307371 -8.549761249709463e-07 -0.00249331149399818  8.875823771677774e-07 -0.002493337875008116  
403.3490807943936 -8.454996724800424e-07 -0.002478944408661081  8.773677658122539e-07 -0.002478970176373497  
405.67385935805 -8.36177723477808e-07 -0.002464741925702113  8.67328545864023e-07 -0.002464767097843623  
407.9986379217065 -8.270069904053395e-07 -0.002450701232885646  8.574607231550669e-07 -0.002450725826572442  
410.3234164853629 -8.179842710484654e-07 -0.002436819581667748  8.477604166187645e-07 -0.002436843613429657  
412.6481950490193 -8.091064459616909e-07 -0.002423094285407433  8.382238544641317e-07 -0.002423117771209998  
414.9729736126758 -8.003704759680309e-07 -0.002409522717630947  8.288473705035361e-07 -0.002409545672897242  
417.2977521763322 -7.917733997378621e-07 -0.002396102310348535  8.196274006231281e-07 -0.002396124749981972  
419.6225307399886 -7.833123314727292e-07 -0.002382830552444092  8.105604793876475e-07 -0.002382852490848292  
421.9473093036452 -7.749844586517954e-07 -0.002369704988109673  8.016432367816177e-07 -0.002369726439207452  
424.2720878673016 -7.667870398512986e-07 -0.002356723215323769  7.928723950694069e-07 -0.002356744192576998  
426.596866430958 -7.587174026477263e-07 -0.002343882884394294  7.842447657822414e-07 -0.002343903400821219  
428.9216449946145 -7.507729415873145e-07 -0.002331181696543777  7.757572468171101e-07 -0.002331201764735087  
431.2464235582709 -7.429511162232915e-07 -0.002318617402535163  7.674068196390867e-07 -0.00231863703467  
433.5712021219273 -7.352494492102941e-07 -0.002306187801336659  7.591905465908134e-07 -0.002306207009199696  
435.8959806855838 -7.276655244690493e-07 -0.002293890738845081  7.511055683135663e-07 -0.002293909533841135  
438.2207592492402 -7.201969854192891e-07 -0.002281724106644404  7.431491012500257e-07 -0.002281742499811886  
440.5455378128967 -7.128415332578761e-07 -0.002269685840798794  7.353184352466117e-07 -0.002269703842823118  
442.8703163765531 -7.055969252931612e-07 -0.002257773920679479  7.276109312394533e-07 -0.002257791541907298  
445.1950949402096 -6.984609733439358e-07 -0.002245986367841208  7.200240190293747e-07 -0.002246003618292675  
447.5198735038661 -6.914315421853431e-07 -0.00223432124492932  7.125551951377699e-07 -0.002234338134309413  
449.8446520675225 -6.845065480424591e-07 -0.002222776654616654  7.05202020738229e-07 -0.002222793192326462  
452.169430631179 -6.776839571355097e-07 -0.002211350738569556  6.979621196555473e-07 -0.002211366933718322  
454.4942091948354 -6.709617842680684e-07 -0.002200041676456892  6.908331764528551e-07 -0.002200057537872353  
456.8189877584919 -6.643380914696399e-07 -0.002188847684985428  6.838129345733433e-07 -0.002188863221223377  
459.1437663221483 -6.578109866728092e-07 -0.002177767016961027  6.768991945528088e-07 -0.002177782236314858  
461.4685448858047 -6.513786224312766e-07 -0.002166797960375061  6.700898122930612e-07 -0.002166812870885933  
463.7933234494611 -6.450391946877865e-07 -0.002155938837527939  6.633826973972861e-07 -0.002155953446993538  
466.1181020131176 -6.387909415736305e-07 -0.002145188004175543  6.567758115671698e-07 -0.002145202320158184  
468.442880576774 -6.326321422498492e-07 -0.002134543848698053  6.502671670485597e-07 -0.002134557878532774  
470.7676591404305 -6.265611157770906e-07 -0.002124004791290626  6.4385482513559e-07 -0.002124018542093842  
473.092437704087 -6.205762200336791e-07 -0.002113569283186397  6.375368947225586e-07 -0.002113582761863342  
475.4172162677434 -6.146758506550697e-07 -0.002103235805899384  6.313115309144824e-07 -0.002103249019150996  
477.7419948313999 -6.088584400178238e-07 -0.002093002870486886  6.251769336706294e-07 -0.002093015824816686  
480.0667733950563 -6.031224562396193e-07 -0.002082869016831079  6.191313465070404e-07 -0.002082881718552483  
482.3915519587127 -5.974664022268399e-07 -0.002072832812948294  6.131730552334553e-07 -0.002072845268190943  
484.7163305223692 -5.918888147380721e-07 -0.002062892854315792  6.073003867433505e-07 -0.002062905069031438  
487.0411090860256 -5.863882634891355e-07 -0.002053047763215442  6.015117078290571e-07 -0.002053059743183855  
489.3658876496821 -5.80963350267213e-07 -0.002043296188093685  5.958054240519678e-07 -0.002043307938929081  
491.6906662133385 -5.756127080935606e-07 -0.002033636802947015  5.901799786361327e-07 -0.002033648330103497  
494.015444776995 -5.703350003900647e-07 -0.002024068306722274  5.846338514170967e-07 -0.002024079615498856  
496.3402233406514 -5.651289201948265e-07 -0.002014589422732588  5.791655578000568e-07 -0.002014600518278038  
498.6650019043079 -5.599931893769253e-07 -0.002005198898088601  5.737736477752995e-07 -0.002005209785406324  
500.9897804679644 -5.549265578894496e-07 -0.00199589550314355  5.684567049488832e-07 -0.001995906187096873  
503.3145590316208 -5.499278030394419e-07 -0.001986678030959816  5.632133456162307e-07 -0.001986688516276495  
505.6393375952772 -5.449957287856626e-07 -0.00197754529678812  5.580422178572746e-07 -0.001977555588064492  
507.9641161589337 -5.401291650476899e-07 -0.001968496137559146  5.529420006681208e-07 -0.001968506239264302  
510.2888947225901 -5.353269670431584e-07 -0.001959529411387434  5.479114031110413e-07 -0.001959539327867716  
512.6136732862466 -5.305880146394849e-07 -0.001950643997093748  5.429491635014579e-07 -0.00195065373257661  
514.938451849903 -5.259112117293554e-07 -0.001941838793738691  5.380540486140817e-07 -0.001941848352336272  
517.2632304135594 -5.212954856234426e-07 -0.001933112720168042  5.332248529141777e-07 -0.001933122105880624  
519.5880089772158 -5.167397864529822e-07 -0.001924464714569433  5.28460397819844e-07 -0.001924473931288951  
521.9127875408724 -5.122430866005447e-07 -0.00191589373403913  5.237595309747002e-07 -0.001915902785553037  
524.2375661045288 -5.078043801393418e-07 -0.001907398754165627  5.19121125556263e-07 -0.001907407644160145  
526.5623446681852 -5.034226822958371e-07 -0.001898978768622452  5.145440795966952e-07 -0.001898987500685539  
528.8871232318417 -4.990970289218943e-07 -0.001890632788770838  5.100273153294373e-07 -0.001890641366395071  
531.2119017954982 -4.948264759830175e-07 -0.001882359843272212  5.055697785542509e-07 -0.001882368269857687  
533.5366803591546 -4.906100990624014e-07 -0.001874158977709585  5.011704380191958e-07 -0.001874167256567054  
535.861458922811 -4.864469928780275e-07 -0.001866029254222515  4.96828284825979e-07 -0.001866037388576074  
538.1862374864675 -4.823362708168693e-07 -0.001857969751150256  4.9254233184857e-07 -0.001857977744139841  
540.5110160501239 -4.78277064475907e-07 -0.001849979562682955  4.883116131744898e-07 -0.001849987417366855  
542.8357946137803 -4.742685232201762e-07 -0.001842057798520738  4.841351835576878e-07 -0.001842065517878314  
545.1605731774367 -4.703098137531771e-07 -0.001834203583544789  4.800121178908427e-07 -0.001834211170478809  
547.4853517410933 -4.664001196991758e-07 -0.001826416057495685  4.759415106923315e-07 -0.001826423514834488  
549.8101303047497 -4.625386411948367e-07 -0.001818694374659349  4.719224756101337e-07 -0.001818701705158946  
552.1349088684062 -4.587245944938067e-07 -0.001811037703560387  4.679541449381494e-07 -0.001811044909906585  
554.4596874320627 -4.549572115844188e-07 -0.001803445226662043  4.640356691435109e-07 -0.0018034523114728  
556.7844659957191 -4.512357398118207e-07 -0.001795916140076988  4.601662164168535e-07 -0.001795923105904392  
559.1092445593755 -4.475594415164055e-07 -0.001788449653284197  4.5634497222864e-07 -0.001788456502616282  
561.4340231230319 -4.439275936795233e-07 -0.001781044988852295  4.525711389004021e-07 -0.001781051724114815  
563.7588016866883 -4.403394875793798e-07 -0.001773701382169297  4.488439351873708e-07 -0.001773708005727516  
566.0835802503448 -4.367944284573465e-07 -0.001766418081178091  4.451625958711754e-07 -0.001766424595338757  
568.4083588140013 -4.332917351868611e-07 -0.001759194346121185  4.415263713731555e-07 -0.001759200753134198  
570.7331373776577 -4.298307399629576e-07 -0.001752029449290741  4.3793452736608e-07 -0.001752035751350695  
573.0579159413143 -4.264107879881697e-07 -0.001744922674784239  4.343863444084251e-07 -0.001744928874031913  
575.3826945049707 -4.230312371763326e-07 -0.001737873318265666  4.308811175791106e-07 -0.001737879416789542  
577.7074730686271 -4.196914578567526e-07 -0.001730880686731721  4.27418156129362e-07 -0.001730886686569648  
580.0322516322835 -4.163908324908881e-07 -0.001723944098285956  4.239967831417741e-07 -0.001723950001426561  
582.35703019594 -4.131287553926677e-07 -0.001717062881917527  4.206163352019907e-07 -0.001717068690301522  
584.6818087595964 -4.099046324662481e-07 -0.001710236377284849  4.172761620691335e-07 -0.001710242092806303  
587.0065873232528 -4.06717880934093e-07 -0.001703463934503991  4.139756263715315e-07 -0.001703469559011624  
589.3313658869093 -4.035679290848865e-07 -0.001696744913941319  4.10714103297502e-07 -0.001696750449239953  
591.6561444505658 -4.004542160226989e-07 -0.001690078686013363  4.074909803019936e-07 -0.00169008413386513  
593.9809230142222 -3.973761914291127e-07 -0.001683464630990579  4.043056568140991e-07 -0.001683469993116034  
596.3057015778787 -3.94333315320418e-07 -0.001676902138805329  4.011575439633071e-07 -0.001676907416884525  
598.6304801415351 -3.913250578207548e-07 -0.001670390608864314  3.980460643034899e-07 -0.001670395804537854  
600.9552587051916 -3.883508989366643e-07 -0.001663929449865057  3.949706515485186e-07 -0.001663934564735161  
603.280037268848 -3.854103283378835e-07 -0.001657518079615964  3.919307503139757e-07 -0.001657523115247664  
605.6048158325044 -3.825028451455145e-07 -0.001651155924862498  3.889258158657352e-07 -0.001651160882784643  
607.9295943961608 -3.796279577215593e-07 -0.001644842421116659  3.859553138786887e-07 -0.00164484730282283  
610.2543729598174 -3.767851834695233e-07 -0.001638577012490058  3.830187201959093e-07 -0.001638581819439466  
612.5791515234738 -3.739740486362223e-07 -0.001632359151530494  3.801155205978059e-07 -0.001632363885148889  
614.9039300871302 -3.711940881182897e-07 -0.001626188299061706  3.772452105772119e-07 -0.0016261929607424  
617.2287086507866 -3.684448452735673e-07 -0.001620063924028405  3.744072951218016e-07 -0.001620068515133122  
619.5534872144431 -3.657258717403728e-07 -0.001613985503344217  3.716012884985608e-07 -0.001613990025203885  
621.8782657780996 -3.630367272625134e-07 -0.001607952521742778  3.68826714042431e-07 -0.001607956975658289  
624.203044341756 -3.603769795071214e-07 -0.00160196447163214  3.660831039619823e-07 -0.001601968858875101  
626.5278229054124 -3.577462039001561e-07 -0.001596020852952187  3.633699991367831e-07 -0.001596025174765678  
628.8526014690689 -3.551439834620994e-07 -0.001590121173034721  3.606869489234703e-07 -0.001590125430634151  
631.1773800327254 -3.525699086432274e-07 -0.001584264946468108  3.580335109725203e-07 -0.001584269141041931  
633.5021585963818 -3.500235771688377e-07 -0.00157845169496441  3.554092510433837e-07 -0.001578455827674782  
635.8269371600383 -3.475045938843883e-07 -0.001572680947229185  3.528137428280155e-07 -0.001572685019212602  
638.1517157236947 -3.450125706047877e-07 -0.001566952238833931  3.502465677783689e-07 -0.001566956251201883  
640.4764942873511 -3.425471259711129e-07 -0.001561265112090907  3.477073149341741e-07 -0.001561269065930606  
642.8012728510075 -3.401078853075915e-07 -0.001555619115931887  3.451955807592813e-07 -0.001555623012306881  
645.1260514146641 -3.376944804767807e-07 -0.001550013805789112  3.427109689870245e-07 -0.00155001764573985  
647.4508299783205 -3.353065497542913e-07 -0.001544448743478621  3.402530904532686e-07 -0.001544452528023002  
649.7756085419769 -3.329437376850527e-07 -0.001538923497086064  3.378215629550781e-07 -0.001538927227219979  
652.1003871056334 -3.306056949623384e-07 -0.00153343764085478  3.354160110934416e-07 -0.001533441317552663  
654.4251656692899 -3.282920782962921e-07 -0.001527990755075848  3.330360661329538e-07 -0.001527994379291304  
656.7499442329463 -3.260025502939245e-07 -0.00152258242598168  3.30681365857613e-07 -0.001522585998648005  
659.0747227966027 -3.237367793353134e-07 -0.00151721224564147  3.283515544364672e-07 -0.001517215767672127  
661.3995013602591 -3.214944394597227e-07 -0.001511879811858633  3.260462822854225e-07 -0.001511883284147715  
663.7242799239156 -3.192752102493232e-07 -0.001506584728070402  3.237652059374968e-07 -0.001506588151493082  
666.049058487572 -3.17078776715201e-07 -0.001501326603249364  3.215079879165588e-07 -0.001501329978662363  
668.3738370512285 -3.14904829191513e-07 -0.001496105051806718  3.192742966083981e-07 -0.001496108380048828  
670.6986156148849 -3.127530632248692e-07 -0.001490919693498551  3.170638061429576e-07 -0.00149092297539107  
673.0233941785415 -3.106231794729914e-07 -0.001485770153333702  3.148761962724203e-07 -0.001485773389680839  
675.3481727421979 -3.085148836013262e-07 -0.001480656061483384  3.127111522565113e-07 -0.001480659253072647  
677.6729513058543 -3.064278861835965e-07 -0.001475577053192648  3.105683647489813e-07 -0.001475580200795226  
679.9977298695107 -3.043619026021953e-07 -0.001470532768693526  3.084475296891543e-07 -0.001470535873064682  
682.3225084331672 -3.023166529575013e-07 -0.001465522853119654  3.063483481891998e-07 -0.001465525914999172  
684.6472869968236 -3.002918619707949e-07 -0.001460546956423527  3.042705264332262e-07 -0.001460549976536076  
686.97206556048 -2.982872588972194e-07 -0.001455604733295108  3.022137755707072e-07 -0.001455607712350586  
689.2968441241366 -2.963025774325043e-07 -0.001450695843081963  3.001778116205252e-07 -0.001450698781775829  
691.621622687793 -2.943375556310028e-07 -0.001445819949711001  2.981623553680667e-07 -0.001445822848724591  
693.9464012514494 -2.923919358160991e-07 -0.001440976721611646  2.961671322741177e-07 -0.001440979581612515  
696.2711798151059 -2.904654645016858e-07 -0.001436165831640324  2.941918723766511e-07 -0.001436168653282616  
698.5959583787624 -2.885578923088892e-07 -0.001431386957007187  2.922363102019831e-07 -0.001431389740931956  
700.9207369424188 -2.866689738847474e-07 -0.001426639779204067  2.903001846777145e-07 -0.001426642526039557  
703.2455155060752 -2.847984678297497e-07 -0.001421923983933706  2.883832390405355e-07 -0.001421926694295639  
705.5702940697316 -2.829461366196172e-07 -0.001417239261040405  2.864852207535309e-07 -0.00141724193553225  
707.8950726333881 -2.811117465289441e-07 -0.001412585304441919  2.846058814251761e-07 -0.001412587943655181  
710.2198511970446 -2.792950675621799e-07 -0.00140796181206249  2.827449767243878e-07 -0.001407964416577023  
712.544629760701 -2.774958733816448e-07 -0.001403368485767819  2.809022663024677e-07 -0.001403371056152099  
714.8694083243574 -2.757139412377101e-07 -0.001398805031301101  2.790775137160892e-07 -0.001398807568112467  
717.1941868880139 -2.739490519031643e-07 -0.001394271158220192  2.772704863492868e-07 -0.001394273662005089  
719.5189654516704 -2.722009896017008e-07 -0.001389766579835991  2.754809553445195e-07 -0.001389769051130201  
721.8437440153268 -2.704695419509771e-07 -0.001385291013151918  2.737086955222132e-07 -0.001385293452480806  
724.1685225789832 -2.687544998916347e-07 -0.001380844178804348  2.719534853172162e-07 -0.001380846586683139  
726.4933011426397 -2.670556576298636e-07 -0.001376425801004808  2.702151067051454e-07 -0.001376428177938812  
728.8180797062961 -2.653728125763173e-07 -0.001372035607483063  2.684933451350913e-07 -0.001372037953967892  
731.1428582699526 -2.637057652834419e-07 -0.001367673329431202  2.66787989466658e-07 -0.00136767564595297  
733.467636833609 -2.620543193914819e-07 -0.001363338701448773  2.650988319010617e-07 -0.001363340988484296  
735.7924153972655 -2.604182815691282e-07 -0.00135903146148896  2.634256679202668e-07 -0.001359033719505952  
738.1171939609219 -2.587974614597328e-07 -0.001354751350805683  2.61768296223101e-07 -0.001354753580262962  
740.4419725245783 -2.571916716238577e-07 -0.001350498113901503  2.601265186674291e-07 -0.001350500315249226  
742.7667510882347 -2.55600727489382e-07 -0.001346271498477081  2.58500140207689e-07 -0.001346273672156939  
745.0915296518913 -2.540244472955234e-07 -0.0013420712553814  2.568889688407888e-07 -0.001342073401826794  
747.4163082155477 -2.524626520464085e-07 -0.001337897138562807  2.552928155447339e-07 -0.001337899258199015  
749.7410867792041 -2.509151654562326e-07 -0.001333748905020969  2.537114942279767e-07 -0.001333750998265317  
752.0658653428607 -2.493818139039382e-07 -0.001329626314759721  2.52144821671496e-07 -0.001329628382021743  
754.3906439065171 -2.478624263841659e-07 -0.00132552913074071  2.505926174767457e-07 -0.001325531172422324  
756.7154224701735 -2.463568344592821e-07 -0.00132145711883775  2.490547040145634e-07 -0.001321459135333444  
759.04020103383 -2.448648722137957e-07 -0.001317410047792456  2.475309063741035e-07 -0.001317412039489454  
761.3649795974864 -2.433863762115144e-07 -0.001313387689170541  2.460210523109451e-07 -0.001313389656448948  
763.6897581611429 -2.419211854472297e-07 -0.00130938981731884  2.44524972202625e-07 -0.001309391760551785  
766.0145367247992 -2.404691413081477e-07 -0.001305416209323113  2.430424989963586e-07 -0.001305418128876893  
768.3393152884557 -2.390300875275259e-07 -0.00130146664496655  2.415734681664052e-07 -0.001301468541200773  
770.6640938521122 -2.376038701473169e-07 -0.001297540906688904  2.401177176641973e-07 -0.001297542779956657  
772.9888724157687 -2.36190337473181e-07 -0.001293638779546742  2.38675087878175e-07 -0.00129364063019473  
775.313650979425 -2.347893400384723e-07 -0.001289760051174286  2.372454215863248e-07 -0.001289761879542957  
777.6384295430815 -2.334007305626634e-07 -0.001285904511744885  2.358285639159458e-07 -0.001285906318168557  
779.9632081067379 -2.32024363915849e-07 -0.001282071953933185  2.344243622990302e-07 -0.001282073738740166  
782.2879866703944 -2.306600970783218e-07 -0.001278262172877966  2.33032666434211e-07 -0.001278263936390672  
784.6127652340509 -2.293077891072316e-07 -0.001274474966145581  2.3165332824319e-07 -0.001274476708680659  
786.9375437977072 -2.279673010960197e-07 -0.001270710133693921  2.302862018358815e-07 -0.001270711855562397  
789.2623223613638 -2.266384961449951e-07 -0.001266967477837387  2.289311434661913e-07 -0.00126696917934478  
791.5871009250202 -2.253212393223914e-07 -0.00126324680321235  2.275880114987296e-07 -0.001263248484658781  
793.9118794886767 -2.240153976340795e-07 -0.001259547916743163  2.262566663682837e-07 -0.001259549578423458  
796.236658052333 -2.227208399855543e-07 -0.001255870627608761  2.249369705484451e-07 -0.001255872269812556  
798.5614366159896 -2.2143743715472e-07 -0.001252214747209851  2.236287885108338e-07 -0.001252216370221689  
800.8862151796459 -2.201650617580629e-07 -0.001248580089136613  2.223319866922648e-07 -0.001248581693236055  
803.2109937433024 -2.18903588217463e-07 -0.001244966469136846  2.210464334625224e-07 -0.001244968054598589  
805.5357723069588 -2.176528927333663e-07 -0.001241373705085019  2.197719990873191e-07 -0.001241375272179001  
807.8605508706153 -2.164128532518696e-07 -0.001237801616951727  2.185085556985295e-07 -0.001237803165943214  
810.1853294342718 -2.151833494357634e-07 -0.00123425002677362  2.172559772616622e-07 -0.001234251557923295  
812.5101079979282 -2.139642626378269e-07 -0.001230718758623856  2.160141395423141e-07 -0.00123072027218791  
814.8348865615848 -2.127554758697592e-07 -0.001227207638583049  2.147829200781567e-07 -0.001227209134813262  
817.1596651252411 -2.115568737761227e-07 -0.00122371649471072  2.13562198147083e-07 -0.001223717973854546  
819.4844436888976 -2.10368342607163e-07 -0.001220245157017182  2.123518547375828e-07 -0.001220246619317836  
821.8092222525539 -2.091897701910838e-07 -0.001216793457435801  2.111517725207001e-07 -0.001216794903132363  
824.1340008162105 -2.080210459102378e-07 -0.001213361229796028  2.099618358193645e-07 -0.001213362659123528  
826.4587793798669 -2.068620606713046e-07 -0.001209948309796786  2.087819305847314e-07 -0.001209949722986279  
828.7835579435233 -2.057127068841048e-07 -0.001206554534980255  2.07611944364878e-07 -0.001206555932258891  
831.1083365071798 -2.045728784365792e-07 -0.001203179744706091  2.064517662783627e-07 -0.001203181126297192  
833.4331150708363 -2.03442470668131e-07 -0.001199823780126085  2.053012869904079e-07 -0.001199825146249213  
835.7578936344928 -2.023213803482932e-07 -0.001196486484159202  2.041603986847045e-07 -0.001196487835030237  
838.0826721981491 -2.01209505650486e-07 -0.001193167701466966  2.030289950410328e-07 -0.001193169037298186  
840.4074507618056 -2.001067461343118e-07 -0.001189867278429472  2.01906971205416e-07 -0.001189868599429627  
842.732229325462 -1.990130027181787e-07 -0.001186585063121724  2.007942237708046e-07 -0.001186586369496101  
845.0570078891185 -1.979281776587442e-07 -0.001183320905290319  1.996906507518054e-07 -0.001183322197240803  
847.3817864527749 -1.968521745307875e-07 -0.001180074656330529  1.985961515598517e-07 -0.001180075934055665  
849.7065650164313 -1.957848982048562e-07 -0.001176846169263743  1.975106269814511e-07 -0.001176847432958798  
852.0313435800878 -1.947262548258719e-07 -0.001173635298715249  1.964339791562808e-07 -0.001173636548572276  
854.3561221437443 -1.936761517947291e-07 -0.001170441900892311  1.953661115530652e-07 -0.001170443137100222  
856.6809007074008 -1.926344977456723e-07 -0.001167265833562812  1.943069289506029e-07 -0.001167267056307442  
859.0056792710571 -1.916012025287378e-07 -0.001164106956034182  1.932563374144727e-07 -0.00116410816549834  
861.3304578347137 -1.905761771894395e-07 -0.001160965129132615  1.92214244277223e-07 -0.001160966325496144  
863.65523639837 -1.895593339514181e-07 -0.001157840215182641  1.911805581163583e-07 -0.001157841398622464  
865.9800149620265 -1.885505861943036e-07 -0.00115473207798701  1.901551887378313e-07 -0.001154733248677186  
868.304793525683 -1.875498484401922e-07 -0.001151640582806905  1.891380471516456e-07 -0.001151641740918683  
870.6295720893394 -1.865570363311885e-07 -0.001148565596342444  1.881290455570689e-07 -0.00114856674204431  
872.9543506529958 -1.855720666154929e-07 -0.001145506986713419  1.871280973199474e-07 -0.001145508120171164  
875.2791292166523 -1.845948571272524e-07 -0.001142464623440545  1.861351169570561e-07 -0.001142465744817315  
877.6039077803086 -1.836253267728131e-07 -0.001139438377426943  1.851500201146615e-07 -0.00113943948688329  
879.9286863439652 -1.826633955096919e-07 -0.001136428120939883  1.841727235549825e-07 -0.001136429218633803  
882.2534649076217 -1.8170898433548e-07 -0.001133433727592806  1.832031451333578e-07 -0.001133434813679789  
884.578243471278 -1.807620152674443e-07 -0.001130455072327647  1.822412037853307e-07 -0.001130456146960719  
886.9030220349346 -1.798224113290054e-07 -0.001127492031397415  1.812868195074546e-07 -0.00112749309472718  
889.227800598591 -1.788900965329889e-07 -0.001124544482349037  1.803399133419138e-07 -0.001124545534523724  
891.5525791622474 -1.7796499586764e-07 -0.001121612304006399  1.794004073589137e-07 -0.001121613345171915  
893.8773577259038 -1.770470352809866e-07 -0.001118695376453831  1.784682246414051e-07 -0.001118696406753806  
896.2021362895604 -1.761361416669629e-07 -0.001115793581019793  1.77543289268562e-07 -0.001115794600595614  
898.5269148532167 -1.75232242848814e-07 -0.001112906800260774  1.7662552630251e-07 -0.001112907809251631  
900.8516934168732 -1.743352675682345e-07 -0.001110034917945457  1.7571486176985e-07 -0.001110035916488373  
903.1764719805295 -1.734451454688057e-07 -0.001107177819039115  1.748112226494118e-07 -0.00110717880726899  
905.5012505441861 -1.725618070836639e-07 -0.001104335389688252  1.739145368562852e-07 -0.001104336367737893  
907.8260291078426 -1.716851838214515e-07 -0.001101507517205458  1.730247332280581e-07 -0.001101508485205621  
910.150807671499 -1.708152079539326e-07 -0.001098694090054442  1.721417415098473e-07 -0.001098695048133877  
912.4755862351554 -1.699518126015066e-07 -0.001095894997835442  1.712654923420141e-07 -0.001095895946120931  
914.8003647988119 -1.690949317223203e-07 -0.00109311013127082  1.703959172447104e-07 -0.001093111069887205  
917.1251433624684 -1.682445000991823e-07 -0.001090339382190831  1.695329486050795e-07 -0.001090340311261053  
919.4499219261247 -1.674004533247733e-07 -0.001087582643519624  1.686765196666082e-07 -0.001087583563164751  
921.7747004897813 -1.665627277953046e-07 -0.001084839809261446  1.678265645104797e-07 -0.001084840719600706  
924.0994790534376 -1.657312606918281e-07 -0.001082110774487063  1.669830180497092e-07 -0.001082111675637874  
926.4242576170941 -1.649059899747816e-07 -0.00107939543532035  1.661458160104553e-07 -0.001079396327398351  
928.7490361807505 -1.640868543676653e-07 -0.001076693688925058  1.653148949246046e-07 -0.001076694572044151  
931.0738147444071 -1.632737933486386e-07 -0.001074005433491891  1.64490192114909e-07 -0.001074006307764271  
933.3985933080635 -1.624667471380109e-07 -0.001071330568225743  1.636716456846127e-07 -0.001071331433761923  
935.7233718717199 -1.616656566887742e-07 -0.001068668993333098  1.628591945044188e-07 -0.00106866985024194  
938.0481504353764 -1.608704636739997e-07 -0.001066020610009622  1.620527782029739e-07 -0.001066021458398364  
940.3729289990328 -1.600811104777618e-07 -0.001063385320427938  1.612523371542104e-07 -0.001063386160402218  
942.6977075626893 -1.592975401848205e-07 -0.001060763027725577  1.604578124662976e-07 -0.001060763859389464  
945.0224861263456 -1.585196965699921e-07 -0.001058153635993097  1.596691459712612e-07 -0.001058154459449112  
947.3472646900021 -1.577475240877136e-07 -0.001055557050262323  1.588862802147395e-07 -0.00105555786561148  
949.6720432536586 -1.569809678627556e-07 -0.001052973176494899  1.581091584450146e-07 -0.001052973983836725  
951.9968218173151 -1.562199736810842e-07 -0.001050401921570943  1.573377246022127e-07 -0.001050402721003507  
954.3216003809714 -1.55464487979019e-07 -0.001047843193277872  1.565719233095329e-07 -0.001047843984897806  
956.6463789446279 -1.54714457835371e-07 -0.001045296900299371  1.558116998618289e-07 -0.001045297684201892  
958.9711575082845 -1.539698309613887e-07 -0.001042762952204534  1.550570002167028e-07 -0.00104276372848347  
961.2959360719408 -1.532305556908965e-07 -0.001040241259437159  1.543077709857292e-07 -0.001040242028184968  
963.6207146355973 -1.524965809747381e-07 -0.001037731733305194  1.535639594216851e-07 -0.001037732494612989  
965.9454931992536 -1.517678563675021e-07 -0.001035234285970326  1.528255134137885e-07 -0.001035235039927896  
968.2702717629102 -1.510443320218078e-07 -0.001032748830437675  1.52092381475664e-07 -0.001032749577133516  
970.5950503265666 -1.503259586795084e-07 -0.001030275280545749  1.513645127367416e-07 -0.001030276020067083  
972.9198288902231 -1.496126876625876e-07 -0.00102781355095651  1.506418569342357e-07 -0.00102781428338931  
975.2446074538794 -1.489044708660254e-07 -0.001025363557145558  1.499243644034198e-07 -0.001025364282574562  
977.569386017536 -1.482012607485143e-07 -0.001022925215392455  1.492119860703365e-07 -0.00102292593390119  
979.8941645811925 -1.475030103260547e-07 -0.001020498442771195  1.485046734418981e-07 -0.001020499154441995  
982.2189431448488 -1.468096731624985e-07 -0.001018083157140797  1.478023785993041e-07 -0.001018083862054821  
984.5437217085054 -1.46121203362938e-07 -0.001015679277136044  1.471050541888811e-07 -0.001015679975373293  
986.8685002721617 -1.454375555667888e-07 -0.001013286722158324  1.464126534134743e-07 -0.001013287413797664  
989.1932788358182 -1.447586849391576e-07 -0.001010905412366586  1.457251300257946e-07 -0.001010906097485769  
991.5180573994746 -1.44084547162387e-07 -0.0010085352686685  1.450424383218836e-07 -0.001008535947344184  
993.8428359631312 -1.434150984331026e-07 -0.001006176212711719  1.44364533129304e-07 -0.001006176885019484  
996.1676145267875 -1.427502954503799e-07 -0.001003828166875241  1.436913698044416e-07 -0.001003828832889608  
998.492393090444 -1.420900954121282e-07 -0.001001491054260899  1.430229042218222e-07 -0.001001491714055342  
1000.8171716541 -1.414344560070862e-07 -0.0009991647986849648  1.423590927680534e-07 -0.0009991654523319317  
1003.141950217757 -1.407833354073939e-07 -0.0009968493246698717  1.416998923354092e-07 -0.0009968499722407963  
1005.466728781413 -1.401366922630611e-07 -0.0009945445574360409  1.410452603137398e-07 -0.0009945451990013624  
1007.79150734507 -1.394944856947477e-07 -0.0009922504228937951  1.403951545842706e-07 -0.0009922510585229768  
1010.116285908726 -1.38856675288004e-07 -0.0009899668476354552  1.397495335121978e-07 -0.0009899674773969993  
1012.441064472383 -1.382232210867288e-07 -0.0009876937589275261  1.391083559402595e-07 -0.0009876943828889908  
1014.765843036039 -1.37594083586294e-07 -0.0009854310847029703  1.384715811828412e-07 -0.0009854317029309825  
1017.090621599696 -1.369692237280748e-07 -0.0009831787535535951  1.378391690188807e-07 -0.0009831793661138654  
1019.415400163352 -1.363486028940964e-07 -0.0009809366947225403  1.372110796848529e-07 -0.0009809373016798754  
1021.740178727008 -1.35732182900008e-07 -0.0009787048380968675  1.365872738696222e-07 -0.0009787054395151863  
1024.064957290665 -1.351199259886146e-07 -0.0009764831142002533  1.35967712708932e-07 -0.0009764837101425973  
1026.389735854321 -1.345117948265383e-07 -0.0009742714541857797  1.353523577769498e-07 -0.0009742720447143287  
1028.714514417978 -1.339077524974848e-07 -0.0009720697898288035  1.347411710813835e-07 -0.0009720703750048885  
1031.039292981634 -1.333077624938711e-07 -0.0009698780535198846  1.341341150604005e-07 -0.0009698786334040103  
1033.364071545291 -1.327117887163623e-07 -0.0009676961782579274  1.335311525718726e-07 -0.000967696752909783  
1035.688850108947 -1.321197954652624e-07 -0.0009655240976433652  1.329322468909261e-07 -0.0009655246671218403  
1038.013628672604 -1.315317474354569e-07 -0.0009633617458714333  1.323373617040978e-07 -0.0009633623102346263  
1040.33840723626 -1.309476097118611e-07 -0.0009612090577255172  1.317464611031552e-07 -0.000961209617030749  
1042.663185799916 -1.303673477645181e-07 -0.0009590659685705996  1.311595095794387e-07 -0.0009590665228744242  
1044.987964363573 -1.297909274425003e-07 -0.0009569324143467911  1.305764720195539e-07 -0.0009569329637050067  
1047.312742927229 -1.292183149691796e-07 -0.0009548083315629472  1.299973136998665e-07 -0.0009548088760306086  
1049.637521490886 -1.2864947693969e-07 -0.000952693657290383  1.294220002789569e-07 -0.0009526941969218099  
1051.962300054542 -1.280843803112659e-07 -0.000950588329156704  1.288504977973811e-07 -0.000950588864005487  
1054.287078618199 -1.275229924025474e-07 -0.0009484922853396262  1.282827726685621e-07 -0.0009484928154586353  
1056.611857181855 -1.269652808887138e-07 -0.0009464054645609138  1.27718791674026e-07 -0.0009464059900023116  
1058.936635745511 -1.264112137933321e-07 -0.0009443278060804103  1.27158521962071e-07 -0.0009443283268956578  
1061.261414309168 -1.258607594887032e-07 -0.0009422592496901383  1.266019310380862e-07 -0.0009422597659300108  
1063.586192872825 -1.253138866870293e-07 -0.0009401997357084905  1.2604898676419e-07 -0.0009402002474230832  
1065.910971436481 -1.24770564438362e-07 -0.0009381492049744876  1.254996573522282e-07 -0.0009381497122132276  
1068.235750000137 -1.242307621269457e-07 -0.0009361075988421122  1.249539113585112e-07 -0.0009361081016537684  
1070.560528563794 -1.236944494638412e-07 -0.0009340748591746359  1.244117176823644e-07 -0.0009340753576073355  
1072.88530712745 -1.231615964862532e-07 -0.0009320509283388479  1.23873045558026e-07 -0.0009320514224401182  
1075.210085691107 -1.226321735499823e-07 -0.0009300357491998683  1.233378645538016e-07 -0.0009300362390166525  
1077.534864254763 -1.221061513289445e-07 -0.0009280292651158595  1.228061445641988e-07 -0.0009280297506945248  
1079.85964281842 -1.215835008072865e-07 -0.0009260314199327139  1.22277855809542e-07 -0.0009260319013190592  
1082.184421382076 -1.210641932794072e-07 -0.0009240421579788223  1.217529688278063e-07 -0.0009240426352180857  
1084.509199945732 -1.205482003434391e-07 -0.0009220614240598982  1.212314544731138e-07 -0.0009220618971967664  
1086.833978509389 -1.2003549389645e-07 -0.0009200891634538743  1.207132839126274e-07 -0.0009200896325324865  
1089.158757073045 -1.195260461346239e-07 -0.0009181253219058638  1.201984286185817e-07 -0.0009181257869698224  
1091.483535636702 -1.190198295452923e-07 -0.0009161698456231847  1.196868603685841e-07 -0.0009161703067155607  
1093.808314200358 -1.185168169056503e-07 -0.0009142226812706986  1.191785512394592e-07 -0.0009142231384340172  
1096.133092764015 -1.180169812792028e-07 -0.0009122837759667037  1.186734736037272e-07 -0.0009122842292428582  
1098.457871327671 -1.175202960106355e-07 -0.0009103530772773821  1.181716001270082e-07 -0.0009103535267076224  
1100.782649891328 -1.170267347241418e-07 -0.0009084305332118192  1.17672903762343e-07 -0.0009084309788367621  
1103.107428454984 -1.165362713182075e-07 -0.0009065160922173393  1.171773577482833e-07 -0.000906516534076978  
1105.432207018641 -1.160488799628931e-07 -0.0009046097031748971  1.166849356045926e-07 -0.0009046101413086118  
1107.756985582297 -1.155645350971442e-07 -0.0009027113153945268  1.161956111280161e-07 -0.0009027117498410937  
1110.081764145953 -1.150832114241617e-07 -0.0009008208786108537  1.15709358390098e-07 -0.0009008213094084549  
1112.40654270961 -1.146048839092117e-07 -0.0008989383429786506  1.152261517326499e-07 -0.0008989387701648837  
1114.731321273266 -1.141295277747037e-07 -0.0008970636590684642  1.147459657660585e-07 -0.0008970640826803531  
1117.056099836923 -1.136571185002474e-07 -0.0008951967778613593  1.142687753622481e-07 -0.0008951971979354429  
1119.380878400579 -1.131876318143209e-07 -0.0008933376507418932  1.137945556552577e-07 -0.00089333806731457  
1121.705656964236 -1.127210436950137e-07 -0.0008914862294967374  1.133232820355487e-07 -0.0008914866426043443  
1124.030435527892 -1.122573303671118e-07 -0.000889642466311445  1.128549301471306e-07 -0.0008896428759902548  
1126.355214091549 -1.117964682970241e-07 -0.0008878063137663326  1.123894758864775e-07 -0.0008878067200525494  
1128.679992655205 -1.113384341913124e-07 -0.0008859777248324166  1.119268953979272e-07 -0.0008859781277621729  
1131.004771218861 -1.108832049944561e-07 -0.0008841566528673955  1.114671650699353e-07 -0.0008841570524767494  
1133.329549782518 -1.104307578843113e-07 -0.0008823430516116847  1.110102615337163e-07 -0.0008823434479366166  
1135.654328346174 -1.099810702703662e-07 -0.0008805368751845014  1.105561616591771e-07 -0.0008805372682609095  
1137.979106909831 -1.095341197900698e-07 -0.0008787380780799903  1.101048425528567e-07 -0.0008787384679436899  
1140.303885473487 -1.090898843079924e-07 -0.0008769466151666903  1.0965628155468e-07 -0.0008769470018531182  
1142.628664037144 -1.086483419139415e-07 -0.0008751624416935032  1.092104562388968e-07 -0.0008751628252365658  
1144.9534426008 -1.08209470921105e-07 -0.0008733855132759176  1.087673444056143e-07 -0.0008733858937077358  
1147.278221164457 -1.077732498574318e-07 -0.0008716157858890178  1.083269240824235e-07 -0.0008716161632399657  
1149.602999728113 -1.073396574672259e-07 -0.0008698532158638476  1.07889173517471e-07 -0.0008698535901625924  
1151.92777829177 -1.069086727069403e-07 -0.0008680977598838231  1.074540711784085e-07 -0.0008680981311573603  
1154.252556855426 -1.064802747429534e-07 -0.0008663493749811828  1.07021595749429e-07 -0.000866349743254876  
1156.577335419082 -1.06054442949004e-07 -0.000864608018533487  1.065917261287246e-07 -0.0008646083838311009  
1158.902113982739 -1.056311569032542e-07 -0.0008628736482601516  1.061644414263753e-07 -0.0008628740106038912  
1161.226892546395 -1.052103963865773e-07 -0.0008611462222190298  1.057397209610982e-07 -0.0008611465816295731  
