# nf=0.999985653020718 mu=3.5 T=0.37 TrSigmaG=0.7579541565546254 Epot=0.7579541565546254 Ekin=-1.3754432725 mom=[]
1.162389281828224 3.628230408622417 -1.24075168786595  3.381587472510289 -1.24145171511882  
3.487167845484671 3.632143111265375 -1.452926220659141  3.369033563467782 -1.460101753370657  
5.811946409141117 3.634055935725941 -1.284423244306331  3.366650898810243 -1.295498955938982  
8.136724972797564 3.636269302589672 -1.122043361673514  3.345171295391579 -1.114947838670939  
10.46150353645401 3.663649755302016 -0.9487798680063715  3.334203332964167 -0.9365639437292733  
12.78628210011046 3.633954027057519 -0.8347357337041713  3.344766782273535 -0.8337099819186797  
15.11106066376691 3.627610340675086 -0.7347353548916447  3.387993874739327 -0.7026277426983412  
17.43583922742335 3.65116757807166 -0.643152083736673  3.306783661531194 -0.6647633821682202  
19.7606177910798 3.677432159253499 -0.5728574019564927  3.320281249909441 -0.586324705086672  
22.08539635473624 3.680797000082969 -0.5179102335417204  3.340210737183508 -0.5080008571940713  
24.41017491839269 3.668519396805731 -0.4724755029573398  3.342365540894856 -0.4502693763660998  
26.73495348204914 3.652313581911846 -0.4342004787594468  3.336785050121438 -0.4112507644412408  
29.05973204570559 3.638526806122178 -0.4020552188153737  3.33321342986832 -0.3841787765564667  
31.38451060936203 3.628983692699432 -0.3751244769615342  3.335049111689267 -0.3635652127884459  
33.70928917301848 3.623349472607709 -0.3524647062303794  3.341739902999748 -0.3461340641719228  
36.03406773667493 3.620628541350122 -0.3332080306504608  3.351414461274714 -0.3302591662185647  
38.35884630033138 3.619829020630738 -0.3166291604942914  3.362253315019715 -0.3152618796281166  
40.68362486398782 3.620173756617457 -0.3021556898063708  3.372938850891511 -0.3009253155165374  
43.00840342764427 3.621120750875788 -0.2893483331840527  3.382678094478653 -0.2872196478649167  
45.33318199130071 3.622318651707595 -0.2778745349133133  3.391078053227768 -0.2741725285237294  
47.65796055495716 3.623554301539492 -0.2674836825914184  3.398013272621038 -0.261815558621353  
49.98273911861361 3.624707298989727 -0.2579859061923631  3.403516658920825 -0.2501641805202158  
52.30751768227006 3.625717683520637 -0.2492362561211545  3.407709115413389 -0.2392166292969717  
54.6322962459265 3.626558959876761 -0.2411241300185927  3.41073393466493 -0.228953225036036  
56.95707480958295 3.627239901622684 -0.2335587277319249  3.412808531264175 -0.219358452867836  
59.28185337323939 3.627736102073198 -0.2264848651615811  3.413918826041154 -0.2103530652941783  
61.60663193689584 3.62814912074665 -0.219806979937699  3.414676271213113 -0.2020330182697384  
63.9314105005523 3.628328000024903 -0.2135774430388092  3.414201733976193 -0.1940405322667406  
66.25618906420874 3.628538762509013 -0.2075725814820449  3.414290244961749 -0.186934603703871  
68.58096762786518 3.628551182873285 -0.2020339969857069  3.412975493725364 -0.1798359292188997  
70.90574619152163 3.628502460067193 -0.1966557303128918  3.411895710037911 -0.1735136477207896  
73.23052475517808 3.62843775367541 -0.1915627943494311  3.410898527265732 -0.167574518783066  
75.55530331883452 3.628336162909678 -0.1867911366500349  3.409131282015772 -0.1617825625166947  
77.88008188249097 3.628098962791478 -0.1821715272927167  3.407345082222804 -0.1564611549793728  
80.20486044614742 3.627858414612114 -0.1777352865869591  3.405895548997511 -0.151572407070945  
82.52963900980387 3.627694864483773 -0.1735660105517662  3.404242328461776 -0.1468736504982036  
84.85441757346031 3.627477871357021 -0.169578814335425  3.402264039851833 -0.1423386430923313  
87.17919613711676 3.627130392009992 -0.1657059611490499  3.400338412974949 -0.1381301132450013  
89.50397470077321 3.626822048653606 -0.1620028103419723  3.398691919934643 -0.1342180329489816  
91.82875326442966 3.626576609234035 -0.158484045969179  3.396983277398508 -0.1305925116555177  
94.1535318280861 3.62637432823589 -0.1551221358821918  3.395338345744068 -0.1269175672690226  
96.47831039174255 3.626080874214249 -0.1518328024513784  3.393323998198536 -0.123550430146074  
98.80308895539899 3.625728330896989 -0.1487147257757677  3.391721620000231 -0.1203007076671164  
101.1278675190554 3.62539440179306 -0.1457117421759197  3.390087337199507 -0.1173193411568202  
103.4526460827119 3.62516494172467 -0.1427920358767315  3.388480093975559 -0.1145191477049418  
105.7774246463683 3.624960785497659 -0.1400047057802895  3.387074785524519 -0.1117174205085244  
108.1022032100248 3.624702795605885 -0.1373377247946349  3.385557024579028 -0.1090314456202228  
110.4269817736812 3.62442339060026 -0.134749402069489  3.383935602592537 -0.1065340042536425  
112.7517603373377 3.624141245436252 -0.1322372574320818  3.382486973787826 -0.1041365949817097  
115.0765389009941 3.623850250272177 -0.1298136120186022  3.381196291598434 -0.1018249328079227  
117.4013174646506 3.623591643115527 -0.127478662623462  3.379899354091521 -0.0996585520711656  
119.726096028307 3.623404304100641 -0.1252299088648778  3.378605289422427 -0.09761644103561012  
122.0508745919635 3.623248555777319 -0.1230648582563946  3.377400500720027 -0.09561674796422456  
124.3756531556199 3.623050766333127 -0.1209715096527223  3.376259241813023 -0.09363733079517411  
126.7004317192764 3.622795693933219 -0.1189327769024992  3.375099901824474 -0.09172882810367208  
129.0252102829328 3.622533563988229 -0.1169433354842919  3.37392197756034 -0.08993272277986282  
131.3499888465892 3.62231317177176 -0.1150142702123226  3.372804501728931 -0.08823923407887077  
133.6747674102457 3.622134546093735 -0.1131600748256469  3.371788248333058 -0.08661322873613142  
135.9995459739021 3.621972447423897 -0.1113796372359539  3.370861034165469 -0.08504376429585231  
138.3243245375586 3.621803603389044 -0.1096609513250916  3.36993169928537 -0.08351969950622677  
140.649103101215 3.621641849067863 -0.1079790118863116  3.36904161235573 -0.08206270832247098  
142.9738816648715 3.621481413923905 -0.1063359243680102  3.368102802643605 -0.08061828477503753  
145.2986602285279 3.621336491837359 -0.1047194435322751  3.367281312990211 -0.07923601826397758  
147.6234387921844 3.621175535394657 -0.1031609025057184  3.36642535568841 -0.07784991289035581  
149.9482173558408 3.621002036340609 -0.1016499646529163  3.365636559402283 -0.07654504087948974  
152.2729959194973 3.620821122947535 -0.100196861400495  3.364870418324598 -0.0753046501125274  
154.5977744831537 3.620650495613635 -0.09879626110675996  3.364072458606124 -0.07411959299736552  
156.9225530468102 3.620507416046506 -0.09742509450259555  3.363351496705003 -0.07300849012151027  
159.2473316104666 3.620400342490994 -0.09608555080468587  3.362679626814042 -0.07191461755552536  
161.5721101741231 3.620310137034698 -0.09477502071207622  3.362011941959859 -0.07081797372536879  
163.8968887377795 3.620215772398661 -0.09348577760724962  3.36140522511452 -0.06973993003633346  
166.221667301436 3.620107548575758 -0.09222874574268798  3.360824069847033 -0.0686864488857549  
168.5464458650924 3.619986593424323 -0.09101465947774751  3.360225089490443 -0.06764460104725133  
170.8712244287489 3.619843251698652 -0.08983198118231359  3.359602044602539 -0.06666670803045049  
173.1960029924053 3.619705415967529 -0.08868625747294138  3.35905237168161 -0.06572447773857558  
175.5207815560617 3.619584476825584 -0.08757249409271362  3.358473584097475 -0.06483789186959146  
177.8455601197182 3.619480762086713 -0.08649218536209372  3.357937310242968 -0.0639532782990833  
180.1703386833746 3.619383570500732 -0.08542795761660736  3.357407854511799 -0.06309756654194054  
182.4951172470311 3.619297918256155 -0.08438289804657673  3.35691897493982 -0.06227197339921822  
184.8198958106875 3.61922024748707 -0.08336656925065117  3.35647072748498 -0.0614460612088169  
187.144674374344 3.61979411729129 -0.082066038079547  3.356494577713453 -0.06073662865070319  
189.4694529380004 3.620346992918976 -0.08080545721966288  3.356517555416655 -0.06004338892231639  
191.7942315016569 3.620879886074962 -0.07958302346452413  3.356539702641389 -0.05936579931043189  
194.1190100653133 3.621393748247956 -0.07839701899237789  3.356561058931857 -0.05870332901584136  
196.4437886289698 3.621889474960733 -0.07724584984464668  3.356581661506297 -0.05805548354022803  
198.7685671926262 3.622367909674415 -0.07612799618637336  3.356601545419245 -0.05742177974222323  
201.0933457562826 3.622829847378646 -0.07504203216685405  3.356620743710749 -0.05680175944807965  
203.4181243199391 3.623276037896204 -0.07398661990854538  3.356639287543703 -0.05619498853712686  
205.7429028835956 3.623707188927729 -0.07296047948234152  3.35665720633039 -0.0556010418506617  
208.067681447252 3.624123968859657 -0.07196241566043036  3.356674527849185 -0.05501952052280169  
210.3924600109085 3.624527009356171 -0.07099128689389245  3.35669127835227 -0.05445003587058597  
212.7172385745649 3.624916907753968 -0.07004602240827736  3.356707482665166 -0.05389222100709241  
215.0420171382213 3.625294229276773 -0.06912559753317368  3.356723164278766 -0.05334571790368057  
217.3667957018778 3.62565950908497 -0.06822905040714156  3.356738345434524 -0.05281018865357019  
219.6915742655343 3.62601325417421 -0.06735545953910896  3.356753047203353 -0.05228530345850615  
222.0163528291907 3.626355945135588 -0.06650395841053401  3.356767289558787 -0.05177075054818862  
224.3411313928471 3.626688037788818 -0.06567371580991774  3.356781091444852 -0.05126622548051368  
226.6659099565036 3.627009964698745 -0.06486394904998692  3.356794470839093 -0.05077144015306345  
228.99068852016 3.627322136584652 -0.0640739064722277  3.356807444811146 -0.05028611312797921  
231.3154670838165 3.627624943630907 -0.06330287932077967  3.356820029577208 -0.0498099777664136  
233.6402456474729 3.627918756706793 -0.06255018618175702  3.356832240550737 -0.04934277349197794  
235.9650242111294 3.628203928502624 -0.06181518369042773  3.356844092389665 -0.04888425316010719  
238.2898027747858 3.628480794588647 -0.06109725266213778  3.356855599040406 -0.04843417515871448  
240.6145813384422 3.628749674402695 -0.06039580780062567  3.356866773778909 -0.04799231011922744  
242.9393599020987 3.629010872171975 -0.05971028521829637  3.356877629248962 -0.04755843370686762  
245.2641384657552 3.629264677774013 -0.0590401510967619  3.356888177497976 -0.04713233264230685  
247.5889170294116 3.629511367541261 -0.05838489076174236  3.356898430010423 -0.04671379831945009  
249.913695593068 3.629751205013563 -0.05774401701674749  3.356908397739112 -0.04630263260137289  
252.2384741567245 3.6299844416423 -0.0571170593239376  3.356918091134448 -0.04589864137446923  
254.563252720381 3.630211317449728 -0.05650356959653114  3.35692752017184 -0.04550163867989138  
256.8880312840374 3.63043206164674 -0.05590311575148767  3.356936694377373 -0.04511144295765372  
259.2128098476938 3.630646893212014 -0.05531529240836723  3.356945622851876 -0.04472788438496095  
261.5375884113503 3.630856021435297 -0.05473970562125425  3.356954314293504 -0.0443507953265463  
263.8623669750067 3.631059646427321 -0.05417597174567274  3.356962777018929 -0.04398000984859955  
266.1871455386632 3.631257959598687 -0.05362372933426544  3.356971018983241 -0.04361537182794321  
268.5119241023197 3.631451144109854 -0.05308262995980594  3.356979047798654 -0.04325672924007993  
270.8367026659761 3.631639375294201 -0.0525523441858732  3.356986870752082 -0.04290393839529195  
273.1614812296325 3.631822821056003 -0.05203255087414215  3.356994494821687 -0.04255685710752466  
275.486259793289 3.632001642244983 -0.05152293711980749  3.357001926692439 -0.04221534483455842  
277.8110383569454 3.632175993009032 -0.05102320876941212  3.357009172770776 -0.04187926994204472  
280.1358169206019 3.632346021126518 -0.05053308113107014  3.357016239198421 -0.04154850371943755  
282.4605954842583 3.632511868319523 -0.05005228049945883  3.357023131865391 -0.04122292159432646  
284.7853740479147 3.632673670549263 -0.04958054139654568  3.357029856422283 -0.04090240144685905  
287.1101526115712 3.632831558294831 -0.04911761289040928  3.357036418291852 -0.04058682808030852  
289.4349311752276 3.632985656816326 -0.04866325008942309  3.357042822679952 -0.0402760876159302  
291.7597097388841 3.633136086403368 -0.04821721422604727  3.357049074585861 -0.0399700676727584  
294.0844883025405 3.633282962609913 -0.04777928141185888  3.357055178812042 -0.03966866352272212  
296.409266866197 3.633426396476235 -0.0473492335172692  3.357061139973368 -0.03937177199425522  
298.7340454298534 3.633566494738849 -0.04692685707227966  3.357066962505844 -0.03907929081792025  
301.0588239935099 3.633703360029145 -0.04651194908635463  3.357072650674867 -0.03879112276849223  
303.3836025571663 3.633837091061403 -0.0461043127535866  3.357078208583037 -0.0385071728197593  
305.7083811208228 3.633967782810831 -0.04570376074382275  3.357083640177556 -0.03822735055033746  
308.0331596844792 3.634095526682246 -0.04531010968191515  3.357088949257241 -0.03795156640364802  
310.3579382481357 3.634220410669935 -0.04492318036041369  3.357094139479164 -0.0376797319129824  
312.6827168117921 3.634342519509225 -0.04454280389933651  3.357099214364956 -0.03741176412262449  
315.0074953754486 3.634461934820263 -0.04416881536216082  3.357104177306778 -0.03714758120465711  
317.3322739391051 3.634578735244437 -0.04380105342317143  3.357109031572993 -0.03688710229164168  
319.6570525027615 3.634692996573887 -0.04343936574547681  3.357113780313548 -0.03663025136468296  
321.9818310664179 3.634804791874489 -0.04308360341575377  3.357118426565088 -0.03637695339755286  
324.3066096300743 3.634914191602688 -0.04273362036433601  3.357122973255807 -0.03612713400025411  
326.6313881937308 3.635021263716543 -0.04238927718894582  3.357127423210065 -0.03588072221020763  
328.9561667573873 3.635126073781279 -0.04205043837044318  3.357131779152775 -0.03563764857653287  
331.2809453210437 3.63522868506969 -0.04171697446574907  3.357136043713577 -0.03539784679642464  
333.6057238847001 3.635329158657652 -0.04138875848472127  3.357140219430805 -0.03516125117520499  
335.9305024483566 3.635427553515028 -0.04106566596572683  3.357144308755268 -0.03492779672306518  
338.255281012013 3.635523926592209 -0.04074757882556992  3.357148314053844 -0.03469742198841223  
340.5800595756695 3.635618332902549 -0.04043438139014328  3.357152237612906 -0.03447006624592193  
342.9048381393259 3.635710825600884 -0.04012596047050364  3.357156081641589 -0.03424566959015323  
345.2296167029824 3.635801456058369 -0.0398222095534408  3.357159848274895 -0.03402417603264789  
347.5543952666388 3.635890273933829 -0.03952302449985148  3.357163539576661 -0.03380553042550472  
349.8791738302953 3.635977327241793 -0.03922830210022507  3.35716715754239 -0.03358967743690844  
352.2039523939517 3.636062662417399 -0.03893794133085279  3.357170704101941 -0.03337656249668899  
354.5287309576082 3.636146324378329 -0.03865184715803903  3.357174181122108 -0.0331661346292326  
356.8535095212646 3.636228356583932 -0.03836992664095887  3.357177590409078 -0.03295834363829536  
359.1782880849211 3.636308801091671 -0.03809208846625407  3.357180933710772 -0.03275313979201521  
361.5030666485775 3.63638769861104 -0.03781824544315083  3.357184212719093 -0.03255047569632798  
363.8278452122339 3.636465088555083 -0.03754831193925835  3.357187429072059 -0.03235030443444954  
366.1526237758904 3.636541009089616 -0.03728220388984701  3.357190584355855 -0.03215257959681438  
368.4774023395469 3.636615497180301 -0.03701984138755471  3.357193680106787 -0.03195725723354041  
370.8021809032033 3.636688588637644 -0.03676114602924517  3.357196717813153 -0.03176429391415453  
373.1269594668597 3.636760318160044 -0.03650604072847007  3.357199698917029 -0.0315736466081341  
375.4517380305162 3.636830719374984 -0.03625445180343213  3.357202624815985 -0.0313852742687673  
377.7765165941726 3.636899824878449 -0.03600630683674478  3.357205496864722 -0.03119913625934592  
380.1012951578291 3.636967666272662 -0.03576153479456014  3.357208316376639 -0.03101519246041749  
382.4260737214855 3.637034274202221 -0.035520068520791  3.357211084625336 -0.03083340516733802  
384.7508522851419 3.637099678388712 -0.03528184219146444  3.357213802846054 -0.0306537372030267  
387.0756308487984 3.637163907663866 -0.03504679046146118  3.357216472237048 -0.03047615128938649  
389.4004094124548 3.637226990001346 -0.03481484917648589  3.357219093960914 -0.03030061059732777  
391.7251879761113 3.637288952547206 -0.0345859575251521  3.357221669145851 -0.03012708039487428  
394.0499665397678 3.637349821649098 -0.03436005584430982  3.357224198886876 -0.02995552640770846  
396.3747451034242 3.63740962288429 -0.03413708548551803  3.357226684246991 -0.02978591473150072  
398.6995236670807 3.637468381086538 -0.03391699060543305  3.357229126258294 -0.02961821321008473  
401.0243022307371 3.637526120371871 -0.03369971633991934  3.357231525923055 -0.02945239006450978  
403.3490807943936 3.63758286416334 -0.03348520819174684  3.357233884214747 -0.02928841343650552  
405.67385935805 3.637638635214778 -0.03327341272032957  3.357236202079024 -0.02912625192495421  
407.9986379217065 3.63769345563361 -0.03306427962158503  3.35723848043468 -0.02896587619408551  
410.3234164853629 3.637747346902773 -0.03285775961380261  3.357240720174552 -0.02880725737254902  
412.6481950490193 3.637800329901755 -0.03265380373042661  3.357242922166401 -0.02865036652001637  
414.9729736126758 3.63785242492683 -0.03245236380280727  3.357245087253745 -0.0284951750060662  
417.2977521763322 3.637903651710494 -0.03225339391842545  3.357247216256674 -0.02834165564551435  
419.6225307399886 3.637954029440157 -0.03205684893699716  3.357249309972625 -0.02818978156847809  
421.9473093036452 3.638003576776109 -0.03186268444045358  3.357251369177124 -0.02803952619036125  
424.2720878673016 3.638052311868803 -0.0316708580645011  3.357253394624511 -0.02789086425281624  
426.596866430958 3.638100252375482 -0.03148132814453403  3.357255387048627 -0.02774377078756168  
428.9216449946145 3.638147415476173 -0.03129405326203866  3.35725734716348 -0.0275982207712748  
431.2464235582709 3.63819381788908 -0.03110899273127992  3.357259275663885 -0.02745418950970843  
433.5712021219273 3.638239475885404 -0.03092610806601346  3.357261173226077 -0.02731165378920923  
435.8959806855838 3.638284405303608 -0.03074536149142427  3.35726304050831 -0.02717059072987523  
438.2207592492402 3.638328621563151 -0.03056671544649141  3.357264878151421 -0.02703097740345344  
440.5455378128967 3.638372139677725 -0.03039013299841186  3.357266686779384 -0.02689279116219324  
442.8703163765531 3.638414974267999 -0.03021557909163116  3.35726846699984 -0.02675601062465008  
445.1950949402096 3.638457139573899 -0.0300430192810857  3.357270219404605 -0.02662061469379313  
447.5198735038661 3.638498649466448 -0.0298724193085181  3.357271944570164 -0.02648658222987909  
449.8446520675225 3.638539517459172 -0.02970374548030414  3.357273643058142 -0.02635389235158046  
452.169430631179 3.6385797567191 -0.02953696580577807  3.357275315415767 -0.02622252533872622  
454.4942091948354 3.638619380077374 -0.02937204884360551  3.357276962176305 -0.02609246173298057  
456.8189877584919 3.638658400039475 -0.0292089633160368  3.357278583859489 -0.02596368203821452  
459.1437663221483 3.638696828795095 -0.02904767844605384  3.357280180971926 -0.02583616699041911  
461.4685448858047 3.638734678227654 -0.02888816497295101  3.357281754007496 -0.02570989836688095  
463.7933234494611 3.638771959923491 -0.02873039412366717  3.357283303447729 -0.02558485817996108  
466.1181020131176 3.638808685180732 -0.02857433726885864  3.357284829762182 -0.02546102840848376  
468.442880576774 3.63884486501785 -0.02841996623141284  3.357286333408784 -0.02533839124573889  
470.7676591404305 3.638880510181929 -0.02826725421549405  3.357287814834189 -0.02521692984300636  
473.092437704087 3.638915631156649 -0.02811617486613225  3.357289274474103 -0.02509662756862747  
475.4172162677434 3.638950238169991 -0.02796670195487469  3.357290712753602 -0.02497746776113893  
477.7419948313999 3.63898434120169 -0.02781880964259161  3.35729213008745 -0.02485943394152772  
480.0667733950563 3.639017949990426 -0.02767247327100002  3.357293526880389 -0.02474251044954685  
482.3915519587127 3.639051074040778 -0.0275276685616092  3.357294903527431 -0.02462668180958768  
484.7163305223692 3.639083722629948 -0.02738437134790533  3.357296260414142 -0.0245119325194118  
487.0411090860256 3.639115904814251 -0.02724255786499719  3.357297597916904 -0.02439824728455661  
489.3658876496821 3.639147629435404 -0.0271022056209044  3.357298916403183 -0.0242856117212456  
491.6906662133385 3.639178905126591 -0.02696329251608841  3.357300216231776 -0.0241740116556395  
494.015444776995 3.639209740318345 -0.02682579654940229  3.357301497753061 -0.02406343289031456  
496.3402233406514 3.639240143244225 -0.02668969581629456  3.357302761309225 -0.02395386120461145  
498.6650019043079 3.639270121946312 -0.02655496876183555  3.357304007234501 -0.02384528256042701  
500.9897804679644 3.639299684280533 -0.02642159494178961  3.357305235855383 -0.02373768371931893  
503.3145590316208 3.639328837921802 -0.02628955425386651  3.357306447490845 -0.02363105162722666  
505.6393375952772 3.639357590369006 -0.02615882668098928  3.357307642452541 -0.0235253732094346  
507.9641161589337 3.639385948949827 -0.02602939250517538  3.357308821045014 -0.02342063554525537  
510.2888947225901 3.639413920825409 -0.02590123295097032  3.357309983565884 -0.023316826391822  
512.6136732862466 3.639441512994881 -0.02577432953560277  3.357311130306035 -0.02321393366182533  
514.938451849903 3.639468732299739 -0.02564866385192142  3.357312261549803 -0.02311194524948443  
517.2632304135594 3.639495585428077 -0.02552421756707767  3.357313377575148 -0.02301084903080965  
519.5880089772158 3.63952207891871 -0.02540097265933824  3.357314478653824 -0.02291063305757347  
521.9127875408724 3.639548219165142 -0.02527891212979133  3.357315565051549 -0.02281128613906782  
524.2375661045288 3.639574012419432 -0.02515801928447284  3.35731663702816 -0.02271279726185713  
526.5623446681852 3.63959946479593 -0.0250382774947911  3.357317694837772 -0.02261515539638724  
528.8871232318417 3.639624582274898 -0.02491967019641843  3.357318738728926 -0.02251834949720983  
531.2119017954982 3.639649370706029 -0.0248021810635121  3.357319768944737 -0.02242236864648264  
533.5366803591546 3.639673835811848 -0.02468579453263058  3.357320785723036 -0.02232720248428486  
535.861458922811 3.639697983191018 -0.02457049527412785  3.357321789296505 -0.02223284077944555  
538.1862374864675 3.639721818321541 -0.02445626801563703  3.357322779892812 -0.02213927328652839  
540.5110160501239 3.639745346563869 -0.02434309770104745  3.357323757734739 -0.02204648987720316  
542.8357946137803 3.639768573163912 -0.02423096996852167  3.357324723040307 -0.02195448093419794  
545.1605731774367 3.639791503255968 -0.02411987066836655  3.357325676022901 -0.02186323695835744  
547.4853517410933 3.639814141865559 -0.02400978570205033  3.357326616891382 -0.02177274843769927  
549.8101303047497 3.639836493912183 -0.0239007010213717  3.357327545850207 -0.02168300584758632  
552.1349088684062 3.639858564211989 -0.02379260279669138  3.357328463099536 -0.02159399979014848  
554.4596874320627 3.63988035748037 -0.02368547792243432  3.357329368835343 -0.02150572141243979  
556.7844659957191 3.639901878334483 -0.0235793135077074  3.357330263249518 -0.02141816198925435  
559.1092445593755 3.639923131295693 -0.02347409670631762  3.357331146529971 -0.02133131278408456  
561.4340231230319 3.63994412079195 -0.02336981471606367  3.357332018860729 -0.02124516504926991  
563.7588016866883 3.639964851160096 -0.02326645492522052  3.357332880422032 -0.02115971014787752  
566.0835802503448 3.639985326648103 -0.02316400535269738  3.357333731390429 -0.02107493991924499  
568.4083588140013 3.640005551417249 -0.02306245420461233  3.357334571938862 -0.02099084631426227  
570.7331373776577 3.640025529544235 -0.02296178972631602  3.357335402236762 -0.02090742127381834  
573.0579159413143 3.64004526502324 -0.02286200020178419  3.357336222450127 -0.02082465672893023  
575.3826945049707 3.640064761767914 -0.02276307408127496  3.35733703274161 -0.02074254470736683  
577.7074730686271 3.64008402361332 -0.02266500036492025  3.357337833270599 -0.02066107765342907  
580.0322516322835 3.640103054317821 -0.02256776821637313  3.35733862419329 -0.02058024810887095  
582.35703019594 3.640121857564913 -0.02247136683387223  3.357339405662774 -0.02050004860655892  
584.6818087595964 3.640140436965008 -0.02237578544971792  3.357340177829097 -0.02042047167058464  
587.0065873232528 3.640158796057165 -0.0222810134646535  3.357340940839347 -0.02034150992881257  
589.3313658869093 3.640176938310777 -0.02218704085145733  3.357341694837711 -0.02026315645046688  
591.6561444505658 3.640194867127212 -0.02209385774873428  3.357342439965552 -0.02018540440922078  
593.9809230142222 3.640212585841405 -0.02200145432541433  3.357343176361471 -0.02010824697090071  
596.3057015778787 3.640230097723408 -0.02190982078030469  3.357343904161372 -0.02003167729358371  
598.6304801415351 3.640247405979902 -0.0218189473416485  3.357344623498526 -0.01995568852769352  
600.9552587051916 3.640264513755663 -0.0217288243840617  3.357345334503631 -0.01988027391434558  
603.280037268848 3.64028142413499 -0.02163944277972967  3.357346037304873 -0.01980542708033059  
605.6048158325044 3.640298140143097 -0.02155079354502695  3.357346732027978 -0.01973114174369952  
607.9295943961608 3.640314664747466 -0.02146286772263669  3.357347418796278 -0.01965741161563355  
610.2543729598174 3.640331000859163 -0.02137565638117124  3.357348097730756 -0.01958423040052761  
612.5791515234738 3.64034715133412 -0.02128915071874809  3.357348768950108 -0.01951159188338951  
614.9039300871302 3.640363118974383 -0.02120334237405357  3.357349432570786 -0.01943949019199158  
617.2287086507866 3.640378906529332 -0.02111822311341204  3.357350088707055 -0.01936791953520807  
619.5534872144431 3.640394516696857 -0.02103378472639821  3.357350737471041 -0.01929687411580233  
621.8782657780996 3.640409952124517 -0.02095001902550958  3.357351378972778 -0.01922634813049957  
624.203044341756 3.640425215410657 -0.02086691784584335  3.357352013320254 -0.01915633577005887  
626.5278229054124 3.64044030910551 -0.02078447314100616  3.357352640619457 -0.01908683130049443  
628.8526014690689 3.640455235712252 -0.02070267727111606  3.35735326097442 -0.01901782930670269  
631.1773800327254 3.640469997688048 -0.02062152271317337  3.357353874487264 -0.01894932444926579  
633.5021585963818 3.640484597445059 -0.02054100196445616  3.357354481258239 -0.01888131138339187  
635.8269371600383 3.64049903735143 -0.02046110754224101  3.357355081385765 -0.01881378475897786  
638.1517157236947 3.640513319732248 -0.02038183206552414  3.357355674966474 -0.01874673929004063  
640.4764942873511 3.640527446870478 -0.02030316850043641  3.357356262095248 -0.01868016996297335  
642.8012728510075 3.64054142100788 -0.0202251099134653  3.357356842865254 -0.01861407182865085  
645.1260514146641 3.640555244345893 -0.02014764938913563  3.357357417367985 -0.01854843993313836  
647.4508299783205 3.640568919046502 -0.02007078002976661  3.357357985693294 -0.01848326931774675  
649.7756085419769 3.640582447233087 -0.01999449495523194  3.35735854792943 -0.01841855501908705  
652.1003871056334 3.640595830991248 -0.01991878738884586  3.35735910416307 -0.01835429214224956  
654.4251656692899 3.640609072369602 -0.01984365091519372  3.357359654479355 -0.0182904760803213  
656.7499442329463 3.640622173380576 -0.01976907922101013  3.357360198961924 -0.01822710229521675  
659.0747227966027 3.640635136001163 -0.01969506600876995  3.35736073769294 -0.01816416624462314  
661.3995013602591 3.640647962173676 -0.01962160499648128  3.357361270753126 -0.01810166338204782  
663.7242799239156 3.640660653806469 -0.01954868991748123  3.357361798221795 -0.01803958915686531  
666.049058487572 3.64067321277465 -0.01947631459443863  3.357362320176877 -0.0179779390775889  
668.3738370512285 3.640685640920774 -0.01940447316151732  3.357362836694948 -0.01791670890166566  
670.6986156148849 3.640697940055519 -0.01933315984113475  3.357363347851262 -0.01785589444597361  
673.0233941785415 3.640710111958342 -0.01926236886951466  3.357363853719773 -0.01779549152365662  
675.3481727421979 3.640722158378127 -0.01919209449650968  3.357364354373165 -0.01773549594416552  
677.6729513058543 3.640734081033812 -0.01912233098542615  3.357364849882878 -0.01767590351329877  
679.9977298695107 3.640745881615 -0.01905307268028106  3.357365340319133 -0.01761671009089057  
682.3225084331672 3.640757561782562 -0.01898431420770234  3.357365825750955 -0.01755791176385854  
684.6472869968236 3.640769123169216 -0.01891605027409464  3.357366306246202 -0.01749950467341103  
686.97206556048 3.640780567380101 -0.01884827559799998  3.357366781871583 -0.01744148495745146  
689.2968441241366 3.640791895993337 -0.01878098490994537  3.357367252692686 -0.01738384875061405  
691.621622687793 3.640803110560559 -0.01871417295229224  3.357367718773996 -0.01732659218429915  
693.9464012514494 3.640814212607463 -0.01864783454000237  3.357368180178923 -0.01726971143895233  
696.2711798151059 3.640825203634311 -0.01858196474304592  3.357368636969818 -0.01721320290088763  
698.5959583787624 3.640836085116446 -0.01851655870318619  3.357369089207997 -0.01715706300568616  
700.9207369424188 3.640846858504784 -0.01845161157288423  3.35736953695376 -0.01710128818599737  
703.2455155060752 3.6408575252263 -0.01838711851516747  3.357369980266413 -0.01704587487157007  
705.5702940697316 3.640868086684499 -0.01832307470349984  3.357370419204285 -0.01699081948928321  
707.8950726333881 3.640878544259876 -0.01825947537528932  3.357370853824752 -0.01693611850931675  
710.2198511970446 3.640888899310371 -0.01819631599250831  3.357371284184249 -0.01688176858365074  
712.544629760701 3.640899153171808 -0.01813359208038573  3.357371710338293 -0.01682776640775611  
714.8694083243574 3.640909307158323 -0.01807129917361575  3.357372132341501 -0.01677410867449355  
717.1941868880139 3.640919362562791 -0.01800943281624404  3.357372550247605 -0.01672079207414068  
719.5189654516704 3.640929320657232 -0.01794798856155522  3.35737296410947 -0.01666781329441887  
721.8437440153268 3.640939182693217 -0.01788696202540897  3.357373373979113 -0.01661516906664037  
724.1685225789832 3.640948949902259 -0.01782634904631848  3.357373779907714 -0.01656285630414175  
726.4933011426397 3.640958623496199 -0.01776614552473643  3.35737418194564 -0.01651087196402777  
728.8180797062961 3.640968204667582 -0.01770634736946993  3.357374580142452 -0.01645921300108634  
731.1428582699526 3.640977694590021 -0.01764695049758233  3.357374974546926 -0.01640787636781205  
733.467636833609 3.640987094418561 -0.0175879508342962  3.357375365207066 -0.01635685901442956  
735.7924153972655 3.64099640529003 -0.01752934431289746  3.35737575217012 -0.0163061578889168  
738.1171939609219 3.64100562832338 -0.01747112692814864  3.357376135482591 -0.01625576998334774  
740.4419725245783 3.641014764620025 -0.01741329489657327  3.357376515190254 -0.01620569247291882  
742.7667510882347 3.641023815264169 -0.01735584449558612  3.35737689133817 -0.01615592257708781  
745.0915296518913 3.641032781323128 -0.01729877200986402  3.357377263970696 -0.01610645751328545  
747.4163082155477 3.641041663847647 -0.01724207373126265  3.357377633131501 -0.01605729449693554  
749.7410867792041 3.641050463872203 -0.01718574595873425  3.357377998863579 -0.016008430741475  
752.0658653428607 3.641059182415309 -0.01712978499824635  3.35737836120926 -0.01595986345837369  
754.3906439065171 3.641067820479812 -0.01707418720469051  3.357378720210223 -0.01591158989362198  
756.7154224701735 3.641076379053173 -0.0170189491076608  3.357379075907506 -0.01586360743718713  
759.04020103383 3.641084859107759 -0.01696406728521771  3.357379428341521 -0.01581591351368618  
761.3649795974864 3.641093261601112 -0.01690953832179883  3.357379777552064 -0.01576850554594411  
763.6897581611429 3.641101587476221 -0.01685535880814735  3.357380123578327 -0.0157213809550113  
766.0145367247992 3.641109837661789 -0.01680152534124133  3.357380466458906 -0.01567453716018098  
768.3393152884557 3.64111801307249 -0.01674803456255658  3.357380806231816 -0.01562797161238227  
770.6640938521122 3.641126114609222 -0.01669488327289929  3.357381142934497 -0.01558168189435431  
772.9888724157687 3.641134143159357 -0.01664206831717241  3.357381476603831 -0.01553566562058604  
775.313650979425 3.641142099596983 -0.01658958654595539  3.357381807276143 -0.01548992040396323  
777.6384295430815 3.641149984783142 -0.01653743481544191  3.35738213498722 -0.01544444385578377  
779.9632081067379 3.641157799566061 -0.01648560998737822  3.357382459772313 -0.01539923358577302  
782.2879866703944 3.641165544781385 -0.01643410892900213  3.357382781666154 -0.01535428720209886  
784.6127652340509 3.641173221252395 -0.01638292855076972  3.357383100702957 -0.01530960234438569  
786.9375437977072 3.641180829790232 -0.01633206591956539  3.357383416916433 -0.01526517678275385  
789.2623223613638 3.641188371194106 -0.01628151814512424  3.357383730339798 -0.01522100831888553  
791.5871009250202 3.641195846251509 -0.01623128234216805  3.357384041005782 -0.01517709475304632  
793.9118794886767 3.641203255738421 -0.01618135563035174  3.357384348946632 -0.01513343388409844  
796.236658052333 3.641210600419509 -0.01613173513421041  3.35738465419413 -0.01509002350951403  
798.5614366159896 3.641217881048327 -0.01608241798310694  3.357384956779594 -0.01504686142538821  
800.8862151796459 3.641225098367508 -0.01603340134778978  3.357385256733887 -0.01500394545851027  
803.2109937433024 3.641232253108952 -0.01598468255008574  3.357385554087427 -0.01496127356257702  
805.5357723069588 3.641239345994013 -0.01593625895287401  3.357385848870195 -0.01491884372207579  
807.8605508706153 3.641246377733682 -0.01588812792340875  3.357386141111739 -0.01487665392024438  
810.1853294342718 3.641253349028764 -0.01584028683327339  3.357386430841185 -0.01483470213908255  
812.5101079979282 3.641260260570051 -0.01579273305833515  3.357386718087243 -0.0147929863593634  
814.8348865615848 3.641267113038497 -0.01574546397870023  3.357387002878212 -0.01475150456064472  
817.1596651252411 3.64127390710538 -0.01569847697866931  3.357387285241993 -0.01471025472128017  
819.4844436888976 3.641280643432474 -0.01565176948010149  3.357387565206088 -0.01466923484777726  
821.8092222525539 3.641287322672202 -0.01560533904252068  3.357387842797612 -0.0146284430628714  
824.1340008162105 3.641293945467801 -0.0155591832627213  3.357388118043299 -0.01458787751753567  
826.4587793798669 3.641300512453471 -0.01551329974130244  3.357388390969505 -0.01454753636164965  
828.7835579435233 3.641307024254534 -0.01546768608262893  3.357388661602219 -0.01450741774400926  
831.1083365071798 3.641313481487573 -0.01542233989479284  3.357388929967069 -0.01446751981233657  
833.4331150708363 3.641319884760588 -0.01537725878957533  3.35738919608932 -0.01442784071328945  
835.7578936344928 3.641326234673132 -0.01533244040830834  3.357389459993892 -0.01438837861527827  
838.0826721981491 3.641332531816456 -0.01528788249948069  3.357389721705357 -0.01434913177691342  
840.4074507618056 3.641338776773642 -0.01524358284090763  3.357389981247947 -0.01431009847862301  
842.732229325462 3.641344970119743 -0.01519953921378337  3.357390238645563 -0.01427127699985885  
845.0570078891185 3.641351112421912 -0.01515574940264711  3.357390493921776 -0.01423266561910504  
847.3817864527749 3.641357204239532 -0.01511221119534953  3.357390747099833 -0.01419426261388664  
849.7065650164313 3.641363246124345 -0.01506892238301962  3.357390998202665 -0.01415606626077809  
852.0313435800878 3.641369238620577 -0.01502588078677552  3.357391247252891 -0.0141180748590222  
854.3561221437443 3.641375182265058 -0.01498308433786898  3.357391494272821 -0.01408028680138671  
856.6809007074008 3.641381077587345 -0.01494053099732724  3.357391739284464 -0.01404270050337048  
859.0056792710571 3.641386925109839 -0.0148982187291659  3.35739198230953 -0.01400531437960485  
861.3304578347137 3.641392725347899 -0.01485614550035962  3.35739222336944 -0.01396812684386115  
863.65523639837 3.641398478809959 -0.01481430928081313  3.357392462485322 -0.01393113630905818  
865.9800149620265 3.641404185997636 -0.01477270804333243  3.357392699678025 -0.01389434118726963  
868.304793525683 3.641409847405843 -0.01473133976359641  3.357392934968118 -0.01385773988973144  
870.6295720893394 3.641415463522892 -0.0146902024458448  3.357393168375893 -0.01382133084961344  
872.9543506529958 3.641421034830602 -0.01464929419994874  3.357393399921378 -0.01378511259033541  
875.2791292166523 3.641426561804403 -0.01460861316414768  3.35739362962433 -0.01374908365730805  
877.6039077803086 3.641432044913436 -0.01456815747929524  3.357393857504246 -0.01371324259517906  
879.9286863439652 3.641437484620651 -0.01452792528883421  3.357394083580368 -0.0136775879478396  
882.2534649076217 3.641442881382908 -0.01448791473877173  3.357394307871683 -0.01364211825843076  
884.578243471278 3.641448235651073 -0.01444812397765475  3.357394530396928 -0.01360683206934994  
886.9030220349346 3.641453547870107 -0.01440855115654565  3.357394751174597 -0.01357172792225716  
889.227800598591 3.641458818479166 -0.01436919445161518  3.357394970222941 -0.01353680437815366  
891.5525791622474 3.641464047911685 -0.01433005213192726  3.357395187559974 -0.01350206007761816  
893.8773577259038 3.641469236595471 -0.01429112249149118  3.357395403203475 -0.01346749368061903  
896.2021362895604 3.64147438495279 -0.01425240382661229  3.357395617170994 -0.01343310384645095  
898.5269148532167 3.641479493400451 -0.01421389443587052  3.357395829479854 -0.01339888923374059  
900.8516934168732 3.641484562349893 -0.01417559262009904  3.357396040147154 -0.01336484850045212  
903.1764719805295 3.641489592207267 -0.01413749668236317  3.357396249189775 -0.01333098030389276  
905.5012505441861 3.641494583373516 -0.01409960492793949  3.357396456624378 -0.01329728330071827  
907.8260291078426 3.641499536244455 -0.01406191568485816  3.357396662467415 -0.01326375616523343  
910.150807671499 3.641504451210852 -0.0140244273655348  3.357396866735127 -0.01323039764429411  
912.4755862351554 3.641509328658502 -0.01398713840499712  3.357397069443546 -0.01319720650244747  
914.8003647988119 3.641514168968307 -0.01395004724029394  3.357397270608503 -0.01316418150364473  
917.1251433624684 3.641518972516343 -0.01391315231047666  3.357397470245629 -0.01313132141124605  
919.4499219261247 3.641523739673942 -0.01387645205658092  3.357397668370355 -0.01309862498802531  
921.7747004897813 3.641528470807757 -0.01383994492160845  3.357397864997921 -0.01306609099617497  
924.0994790534376 3.641533166279834 -0.01380362935050901  3.357398060143371 -0.01303371819731077  
926.4242576170941 3.641537826447684 -0.01376750380832154  3.357398253821567 -0.01300150536867136  
928.7490361807505 3.641542451664348 -0.01373156683460208  3.357398446047179 -0.01296945135171721  
931.0738147444071 3.641547042278466 -0.01369581698887535  3.357398636834696 -0.01293755500356784  
933.3985933080635 3.641551598634341 -0.01366025283245177  3.35739882619843 -0.01290581518081366  
935.7233718717199 3.641556121072003 -0.01362487292841148  3.357399014152511 -0.01287423073952022  
938.0481504353764 3.641560609927276 -0.01358967584158847  3.357399200710895 -0.01284280053523244  
940.3729289990328 3.641565065531838 -0.01355466013855483  3.357399385887369 -0.01281152342297878  
942.6977075626893 3.641569488213279 -0.01351982438760519  3.357399569695547 -0.01278039825727537  
945.0224861263456 3.641573878295169 -0.01348516717640007  3.357399752148876 -0.01274942390791413  
947.3472646900021 3.64157823609711 -0.01345068716489792  3.357399933260639 -0.01271859930732798  
949.6720432536586 3.641582561934798 -0.01341638303231295  3.357400113043956 -0.01268792340325888  
951.9968218173151 3.641586856120078 -0.01338225345943506  3.357400291511789 -0.01265739514297986  
954.3216003809714 3.641591118961001 -0.01334829712861603  3.357400468676939 -0.01262701347329871  
956.6463789446279 3.641595350761882 -0.01331451272375582  3.357400644552054 -0.01259677734056162  
958.9711575082845 3.64159955182335 -0.01328089893028899  3.357400819149628 -0.01256668569065682  
961.2959360719408 3.641603722442402 -0.01324745443517128  3.357400992482005 -0.01253673746901818  
963.6207146355973 3.64160786291246 -0.01321417792686624  3.357401164561379 -0.01250693162062878  
965.9454931992536 3.641611973523417 -0.01318106811254904  3.357401335399799 -0.01247726710545263  
968.2702717629102 3.641616054561689 -0.01314812376971733  3.357401505009168 -0.01244774294473113  
970.5950503265666 3.64162010631027 -0.01311534369448004  3.357401673401247 -0.01241835817471714  
972.9198288902231 3.641624129048772 -0.01308272668432159  3.357401840587657 -0.01238911183125213  
975.2446074538794 3.641628123053483 -0.01305027153809014  3.35740200657988 -0.01236000294976943  
977.569386017536 3.641632088597406 -0.01301797705598594  3.357402171389264 -0.01233103056529725  
979.8941645811925 3.641636025950311 -0.0129858420395497  3.357402335027019 -0.01230219371246189  
982.2189431448488 3.641639935378781 -0.01295386529165121  3.357402497504224 -0.01227349142549081  
984.5437217085054 3.641643817146251 -0.01292204561647784  3.357402658831829 -0.01224492273821566  
986.8685002721617 3.64164767151306 -0.01289038183378664  3.357402819020653 -0.01221648669688608  
989.1932788358182 3.641651498736491 -0.01285887282166136  3.357402978081389 -0.01218818239861155  
991.5180573994746 3.641655299070814 -0.01282751747367423  3.357403136024604 -0.01216000895294427  
993.8428359631312 3.641659072767328 -0.01279631468460699  3.357403292860742 -0.01213196546907289  
996.1676145267875 3.641662820074404 -0.01276526335044079  3.357403448600127 -0.01210405105582537  
998.492393090444 3.641666541237524 -0.01273436236834615  3.357403603252959 -0.01207626482167158  
1000.8171716541 3.641670236499324 -0.01270361063667298  3.357403756829323 -0.01204860587472605  
1003.141950217757 3.641673906099629 -0.0126730070549407  3.357403909339187 -0.01202107332275068  
1005.466728781413 3.641677550275497 -0.01264255053573878  3.357404060792403 -0.01199366628387653  
1007.79150734507 3.641681169261254 -0.01261224004043064  3.357404211198708 -0.01196638391876949  
1010.116285908726 3.641684763288533 -0.01258207454338302  3.357404360567731 -0.01193922539848498  
1012.441064472383 3.64168833258631 -0.01255205302004235  3.357404508908986 -0.0119121898937526  
1014.765843036039 3.641691877380941 -0.01252217444692589  3.357404656231883 -0.01188527657497856  
1017.090621599696 3.641695397896199 -0.01249243780161297  3.35740480254572 -0.01185848461224808  
1019.415400163352 3.641698894353309 -0.01246284206273617  3.357404947859693 -0.01183181317532771  
1021.740178727008 3.641702366970979 -0.01243338620997279  3.35740509218289 -0.0118052614336678  
1024.064957290665 3.64170581596544 -0.01240406922403615  3.357405235524298 -0.01177882855640474  
1026.389735854321 3.641709241550477 -0.01237489008666713  3.357405377892803 -0.01175251371236337  
1028.714514417978 3.64171264393746 -0.01234584780070867  3.357405519297188 -0.01172631608817714  
1031.039292981634 3.641716023335382 -0.01231694145031829  3.35740565974614 -0.01170023494265274  
1033.364071545291 3.641719379950883 -0.0122881701406627  3.357405799248247 -0.01167426955243447  
1035.688850108947 3.641722713988292 -0.01225953297782045  3.357405937812 -0.01164841919389047  
1038.013628672604 3.641726025649648 -0.01223102906877482  3.357406075445796 -0.01162268314311484  
1040.33840723626 3.641729315134738 -0.0122026575214066  3.35740621215794 -0.01159706067592947  
1042.663185799916 3.641732582641121 -0.01217441744448705  3.357406347956641 -0.01157155106788606  
1044.987964363573 3.641735828364165 -0.01214630794767079  3.357406482850018 -0.01154615359426803  
1047.312742927229 3.641739052497068 -0.01211832814148887  3.357406616846102 -0.01152086753009243  
1049.637521490886 3.641742255230895 -0.01209047712197312  3.357406749952833 -0.01149569213621844  
1051.962300054542 3.641745436754598 -0.01206275392456394  3.357406882178063 -0.01147062661766242  
1054.287078618199 3.641748597255051 -0.01203515757024476  3.35740701352956 -0.01144567016526868  
1056.611857181855 3.641751736917073 -0.01200768708090841  3.357407144015005 -0.01142082196960336  
1058.936635745511 3.641754855923458 -0.01198034147934969  3.357407273641994 -0.01139608122095647  
1061.261414309168 3.641757954454997 -0.01195311978925794  3.357407402418041 -0.01137144710934395  
1063.586192872825 3.64176103269051 -0.01192602103520981  3.357407530350579 -0.01134691882450973  
1065.910971436481 3.641764090806869 -0.01189904424266194  3.357407657446958 -0.01132249555592774  
1068.235750000137 3.641767128979022 -0.01187218843794384  3.357407783714448 -0.01129817649280392  
1070.560528563794 3.641770147380021 -0.0118454527453855  3.357407909160242 -0.01127396091206621  
1072.88530712745 3.641773146181045 -0.01181883667859037  3.357408033791455 -0.0112498484423706  
1075.210085691107 3.641776125551422 -0.01179233984880829  3.357408157615123 -0.01122583880020838  
1077.534864254763 3.641779085658659 -0.01176596186776666  3.357408280638209 -0.01120193170192888  
1079.85964281842 3.64178202666846 -0.01173970234766775  3.357408402867598 -0.0111781268637402  
1082.184421382076 3.641784948744749 -0.01171356090118597  3.357408524310104 -0.01115442400170983  
1084.509199945732 3.6417878520497 -0.01168753714146518  3.357408644972466 -0.01113082283176541  
1086.833978509389 3.64179073674375 -0.011661630682116  3.357408764861353 -0.01110732306969538  
1089.158757073045 3.641793602985627 -0.01163584113721312  3.357408883983362 -0.01108392443114968  
1091.483535636702 3.641796450932372 -0.0116101681212927  3.357409002345018 -0.0110606266316404  
1093.808314200358 3.641799280739355 -0.01158461095005275  3.35740911995278 -0.01103742911485148  
1096.133092764015 3.641802092560304 -0.01155916774282641  3.357409236813035 -0.01101433023744804  
1098.457871327671 3.64180488654732 -0.01153383632110578  3.357409352932107 -0.01099132808394505  
1100.782649891328 3.6418076628509 -0.01150861450791616  3.357409468316248 -0.01096842073837297  
1103.107428454984 3.641810421619957 -0.01148350012780131  3.357409582971649 -0.01094560628428211  
1105.432207018641 3.64181316300184 -0.01145849100680913  3.357409696904432 -0.01092288280474681  
1107.756985582297 3.641815887142353 -0.01143358497247757  3.357409810120659 -0.01090024838236955  
1110.081764145953 3.641818594185775 -0.01140877985382086  3.357409922626324 -0.01087770109928504  
1112.40654270961 3.641821284274879 -0.01138407348131595  3.357410034427362 -0.01085523903716413  
1114.731321273266 3.641823957550949 -0.01135946368688938  3.357410145529644 -0.01083286027721771  
1117.056099836923 3.641826614153805 -0.01133494946141757  3.357410255938982 -0.01081056395309359  
1119.380878400579 3.641829254221812 -0.01131053442589251  3.357410365661126 -0.01078835340999986  
1121.705656964236 3.641831877891904 -0.01128622335650538  3.357410474701767 -0.01076623304679439  
1124.030435527892 3.641834485299602 -0.01126202102682071  3.357410583066537 -0.01074420726319331  
1126.355214091549 3.641837076579027 -0.0112379322078075  3.35741069076101 -0.01072228045976161  
1128.679992655205 3.641839651862923 -0.01121396166787178  3.357410797790704 -0.01070045703790309  
1131.004771218861 3.64184221128267 -0.01119011417289045  3.357410904161077 -0.01067874139985004  
1133.329549782518 3.641844754968301 -0.01116639448624654  3.357411009877536 -0.0106571379486523  
1135.654328346174 3.64184728304852 -0.01114280736886583  3.357411114945429 -0.01063565108816595  
1137.979106909831 3.64184979565072 -0.01111935757925472  3.357411219370049 -0.01061428522304153  
1140.303885473487 3.641852292900992 -0.01109604560199309  3.357411323156638 -0.01059304086565332  
1142.628664037144 3.641854774924149 -0.01107285483790763  3.357411426310383 -0.010571902955363  
1144.9534426008 3.641857241843737 -0.01104976442701598  3.357411528836418 -0.01055085253500023  
1147.278221164457 3.641859693782054 -0.01102675352113573  3.357411630739827 -0.01052987064357383  
1149.602999728113 3.641862130860158 -0.01100380128376947  3.35741173202564 -0.01050893831630639  
1151.92777829177 3.641864553197891 -0.01098088689001607  3.357411832698837 -0.01048803658466035  
1154.252556855426 3.641866960913886 -0.01095798952650808  3.357411932764351 -0.01046714647635566  
1156.577335419082 3.641869354125588 -0.01093508839137537  3.357412032227061 -0.01044624901537901  
1158.902113982739 3.641871732949262 -0.01091216269423482  3.357412131091799 -0.01042532522198451  
1161.226892546395 3.641874097500014 -0.01088919165620608  3.35741222936335 -0.01040435611268599  
