Parallel start of bold_ctqmc on process 0 of 8
{
    "Delta": "../boldc_cache/Delta.inp",
    "Ms": 2000000.0,
    "NVrecompute": 5000000,
    "N_min_order": 2,
    "N_rescale_histogram": 1000000,
    "Nbath": 2,
    "Nbin": 512,
    "Ncout": 1000000,
    "Nd": 1,
    "Nitt": 100,
    "Norder": 2,
    "Nrecompute_fake": 50000,
    "Nt": 300,
    "Ntau": 512,
    "PPG": "PPG.",
    "PPSig": "PPSigma.",
    "P_v_P_percent": 0.05,
    "U": 10.0,
    "V0norm": 0.001,
    "beta": 2.1739130434782608,
    "cmpPhysG": false,
    "converge_OCA": true,
    "d_fraction": 3,
    "diff_stop": 0.01,
    "dos": "../python_src/DOS_3D.dat",
    "exe": "mpirun -np 8 ../boldc_cache/boldc",
    "fGf": "Gf.out",
    "fSig": "Sig.out",
    "fastFilesystem": true,
    "iseed": 0,
    "mix": 0.2,
    "mu": 5.0,
    "multiples_last_step": 5,
    "multiples_no_histogram": 3,
    "rescale": 0.4,
    "startGuessVolDiagrams": false,
    "svd_L": 10.0,
    "svd_Nw": 500,
    "svd_lmax": 13,
    "svd_x0": 0.01,
    "tNbin": 200,
    "tsample": 5,
    "warmup": 1
}
iseed=1696961896 in rank 0
Dlt[0,1,1,0]= 1
Dlt[0,1,3,2]= 1
Dlt[0,2,2,0]= 3
Dlt[0,2,3,1]= -3
Dlt[1,0,0,1]= 2
Dlt[1,0,2,3]= 2
Dlt[1,3,2,0]= -3
Dlt[1,3,3,1]= 3
Dlt[2,0,0,2]= 4
Dlt[2,0,1,3]= -4
Dlt[2,3,1,0]= 1
Dlt[2,3,3,2]= 1
Dlt[3,1,0,2]= -4
Dlt[3,1,1,3]= 4
Dlt[3,2,0,1]= 2
Dlt[3,2,2,3]= 2
# Read ../boldc_cache/Delta.inp with 500 entries
setup time=0.004264
svd time=0.075413
last and first singular value=8.31591e-07 0.169263
Final overlap is smaller than 4.82442e-14
log(Zatom)=11.5627 F_atom=-5.31886
0) nf=1 <<Sz>>=0 Pr(:)=[9.51414e-06,0.49999,0.49999,9.51414e-06]  Q=2.00004 lambda0=-5 i_gs=1
t_dyson_laplace=0 t_nca=0.042159 t_oca=0
0) Difference between OCA steps=3.5329
WARNING: Iteration 1 to find ground state old:i_gs=1 and new i_gs=2 old_P=0.469139 new_P=0.503706
1) nf=1 <<Sz>>=0.0346585 Pr(:)=[0.0144476,0.468223,0.502882,0.0144476]  Q=1.93342 lambda0=-5.18874 i_gs=2
t_dyson_laplace=0 t_nca=0.0422554 t_oca=0
1) Difference between OCA steps=2.7451
2) nf=1 <<Sz>>=0.0593547 Pr(:)=[0.0276922,0.44263,0.501985,0.0276922]  Q=1.85249 lambda0=-5.35529 i_gs=2
t_dyson_laplace=0 t_nca=0.0524346 t_oca=0
2) Difference between OCA steps=2.0996
3) nf=1 <<Sz>>=0.07662 Pr(:)=[0.0392616,0.422428,0.499048,0.0392616]  Q=1.76826 lambda0=-5.50074 i_gs=2
t_dyson_laplace=0 t_nca=0.0527515 t_oca=0
3) Difference between OCA steps=1.57967
4) nf=1 <<Sz>>=0.0885292 Pr(:)=[0.0489036,0.406832,0.495361,0.0489036]  Q=1.68821 lambda0=-5.62607 i_gs=2
t_dyson_laplace=0 t_nca=0.0528029 t_oca=0
4) Difference between OCA steps=1.16835
5) nf=1 <<Sz>>=0.0966904 Pr(:)=[0.0565867,0.395068,0.491759,0.0565867]  Q=1.61632 lambda0=-5.7325 i_gs=2
t_dyson_laplace=0 t_nca=0.0531075 t_oca=0
5) Difference between OCA steps=0.848602
6) nf=1 <<Sz>>=0.102293 Pr(:)=[0.0624486,0.386405,0.488698,0.0624486]  Q=1.55411 lambda0=-5.82163 i_gs=2
t_dyson_laplace=0 t_nca=0.0531585 t_oca=0
6) Difference between OCA steps=0.604086
7) nf=1 <<Sz>>=0.10618 Pr(:)=[0.0667283,0.380182,0.486362,0.0667283]  Q=1.50159 lambda0=-5.89527 i_gs=2
t_dyson_laplace=0 t_nca=0.0534133 t_oca=0
7) Difference between OCA steps=0.420023
8) nf=1 <<Sz>>=0.108932 Pr(:)=[0.0697054,0.375828,0.484761,0.0697054]  Q=1.45804 lambda0=-5.95537 i_gs=2
t_dyson_laplace=0 t_nca=0.0535555 t_oca=0
8) Difference between OCA steps=0.283621
9) nf=1 <<Sz>>=0.110937 Pr(:)=[0.071657,0.372874,0.483812,0.071657]  Q=1.4224 lambda0=-6.00387 i_gs=2
t_dyson_laplace=0 t_nca=0.0536075 t_oca=0
9) Difference between OCA steps=0.213515
10) nf=1 <<Sz>>=0.112448 Pr(:)=[0.0728326,0.370944,0.483391,0.0728326]  Q=1.39357 lambda0=-6.04259 i_gs=2
t_dyson_laplace=0 t_nca=0.053778 t_oca=0
10) Difference between OCA steps=0.179141
11) nf=1 <<Sz>>=0.113628 Pr(:)=[0.0734426,0.369744,0.483371,0.0734426]  Q=1.37049 lambda0=-6.07319 i_gs=2
t_dyson_laplace=0 t_nca=0.053952 t_oca=0
11) Difference between OCA steps=0.153987
12) nf=1 <<Sz>>=0.114581 Pr(:)=[0.0736569,0.369053,0.483633,0.0736569]  Q=1.3522 lambda0=-6.09716 i_gs=2
t_dyson_laplace=0 t_nca=0.0541459 t_oca=0
12) Difference between OCA steps=0.133074
13) nf=1 <<Sz>>=0.115372 Pr(:)=[0.073607,0.368707,0.484079,0.073607]  Q=1.33786 lambda0=-6.11576 i_gs=2
t_dyson_laplace=0 t_nca=0.0543309 t_oca=0
13) Difference between OCA steps=0.114658
14) nf=1 <<Sz>>=0.116044 Pr(:)=[0.073392,0.368586,0.48463,0.073392]  Q=1.32674 lambda0=-6.13006 i_gs=2
t_dyson_laplace=0 t_nca=0.0547669 t_oca=0
14) Difference between OCA steps=0.0981065
15) nf=1 <<Sz>>=0.116622 Pr(:)=[0.073084,0.368605,0.485227,0.073084]  Q=1.31824 lambda0=-6.14095 i_gs=2
t_dyson_laplace=0 t_nca=0.0549515 t_oca=0
15) Difference between OCA steps=0.0832081
16) nf=1 <<Sz>>=0.117124 Pr(:)=[0.0727336,0.368704,0.485828,0.0727336]  Q=1.31182 lambda0=-6.14918 i_gs=2
t_dyson_laplace=0 t_nca=0.0550213 t_oca=0
16) Difference between OCA steps=0.0698958
17) nf=1 <<Sz>>=0.117561 Pr(:)=[0.0723753,0.368844,0.486405,0.0723753]  Q=1.30706 lambda0=-6.15533 i_gs=2
t_dyson_laplace=0 t_nca=0.0550922 t_oca=0
17) Difference between OCA steps=0.058132
18) nf=1 <<Sz>>=0.117942 Pr(:)=[0.0720312,0.368998,0.48694,0.0720312]  Q=1.30359 lambda0=-6.15988 i_gs=2
t_dyson_laplace=0 t_nca=0.0552059 t_oca=0
18) Difference between OCA steps=0.047865
19) nf=1 <<Sz>>=0.118273 Pr(:)=[0.0717144,0.369149,0.487422,0.0717144]  Q=1.30114 lambda0=-6.16321 i_gs=2
t_dyson_laplace=0 t_nca=0.0552735 t_oca=0
19) Difference between OCA steps=0.0394028
20) nf=1 <<Sz>>=0.118559 Pr(:)=[0.0714319,0.369288,0.487848,0.0714319]  Q=1.29945 lambda0=-6.16563 i_gs=2
t_dyson_laplace=0 t_nca=0.0554872 t_oca=0
20) Difference between OCA steps=0.0324112
21) nf=1 <<Sz>>=0.118806 Pr(:)=[0.0711861,0.369411,0.488217,0.0711861]  Q=1.29833 lambda0=-6.16735 i_gs=2
t_dyson_laplace=0 t_nca=0.0555715 t_oca=0
21) Difference between OCA steps=0.026495
22) nf=1 <<Sz>>=0.119018 Pr(:)=[0.0709765,0.369515,0.488532,0.0709765]  Q=1.29764 lambda0=-6.16857 i_gs=2
t_dyson_laplace=0 t_nca=0.0556904 t_oca=0
22) Difference between OCA steps=0.0214903
23) nf=1 <<Sz>>=0.119198 Pr(:)=[0.0708009,0.3696,0.488798,0.0708009]  Q=1.29726 lambda0=-6.16942 i_gs=2
t_dyson_laplace=0 t_nca=0.0558628 t_oca=0
23) Difference between OCA steps=0.0172836
24) nf=1 <<Sz>>=0.119351 Pr(:)=[0.0706562,0.369668,0.489019,0.0706562]  Q=1.2971 lambda0=-6.16999 i_gs=2
t_dyson_laplace=0 t_nca=0.0566768 t_oca=0
24) Difference between OCA steps=0.0137774
25) nf=1 <<Sz>>=0.11948 Pr(:)=[0.0705387,0.369721,0.489201,0.0705387]  Q=1.29708 lambda0=-6.17038 i_gs=2
t_dyson_laplace=0 t_nca=0.0611637 t_oca=0
25) Difference between OCA steps=0.0108817
26) nf=1 <<Sz>>=0.119588 Pr(:)=[0.0704446,0.369762,0.489349,0.0704446]  Q=1.29716 lambda0=-6.17063 i_gs=2
t_dyson_laplace=0 t_nca=0.0644622 t_oca=0
26) Difference between OCA steps=0.00851295
27) nf=1 <<Sz>>=0.119677 Pr(:)=[0.0703703,0.369791,0.489468,0.0703703]  Q=1.29729 lambda0=-6.17079 i_gs=2
t_dyson_laplace=0 t_nca=0.0722609 t_oca=0
27) Difference between OCA steps=0.0065938
28) nf=1 <<Sz>>=0.119752 Pr(:)=[0.0703124,0.369812,0.489563,0.0703124]  Q=1.29745 lambda0=-6.17089 i_gs=2
t_dyson_laplace=0 t_nca=0.0751308 t_oca=0
28) Difference between OCA steps=0.00505407
29) nf=1 <<Sz>>=0.119813 Pr(:)=[0.070268,0.369826,0.489638,0.070268]  Q=1.29762 lambda0=-6.17095 i_gs=2
t_dyson_laplace=0 t_nca=0.0756337 t_oca=0
29) Difference between OCA steps=0.00383093
30) nf=1 <<Sz>>=0.119863 Pr(:)=[0.0702345,0.369834,0.489697,0.0702345]  Q=1.29779 lambda0=-6.17098 i_gs=2
t_dyson_laplace=0 t_nca=0.0757018 t_oca=0
30) Difference between OCA steps=0.00286898
31) nf=1 <<Sz>>=0.119903 Pr(:)=[0.0702096,0.369839,0.489742,0.0702096]  Q=1.29795 lambda0=-6.171 i_gs=2
t_dyson_laplace=0 t_nca=0.0758432 t_oca=0
31) Difference between OCA steps=0.00212034
32) nf=1 <<Sz>>=0.119936 Pr(:)=[0.0701915,0.36984,0.489777,0.0701915]  Q=1.29809 lambda0=-6.17101 i_gs=2
t_dyson_laplace=0 t_nca=0.078171 t_oca=0
32) Difference between OCA steps=0.00154396
33) nf=1 <<Sz>>=0.119963 Pr(:)=[0.0701786,0.36984,0.489803,0.0701786]  Q=1.29822 lambda0=-6.17101 i_gs=2
t_dyson_laplace=0 t_nca=0.0804478 t_oca=0
33) Difference between OCA steps=0.00110528
34) nf=1 <<Sz>>=0.119984 Pr(:)=[0.0701697,0.369838,0.489822,0.0701697]  Q=1.29833 lambda0=-6.17101 i_gs=2
t_dyson_laplace=0 t_nca=0.103073 t_oca=0
34) Difference between OCA steps=0.000775496
35) nf=1 <<Sz>>=0.120001 Pr(:)=[0.0701639,0.369836,0.489837,0.0701639]  Q=1.29842 lambda0=-6.17101 i_gs=2
t_dyson_laplace=0 t_nca=0.103535 t_oca=0
35) Difference between OCA steps=0.000533954
36) nf=1 <<Sz>>=0.120014 Pr(:)=[0.0701602,0.369833,0.489847,0.0701602]  Q=1.2985 lambda0=-6.17102 i_gs=2
t_dyson_laplace=0 t_nca=0.103643 t_oca=0
36) Difference between OCA steps=0.000443698
37) nf=1 <<Sz>>=0.120025 Pr(:)=[0.0701582,0.369829,0.489854,0.0701582]  Q=1.29856 lambda0=-6.17102 i_gs=2
t_dyson_laplace=0 t_nca=0.103756 t_oca=0
37) Difference between OCA steps=0.000390655
38) nf=1 <<Sz>>=0.120033 Pr(:)=[0.0701572,0.369826,0.489859,0.0701572]  Q=1.29861 lambda0=-6.17102 i_gs=2
t_dyson_laplace=0 t_nca=0.104065 t_oca=0
38) Difference between OCA steps=0.00034882
39) nf=1 <<Sz>>=0.120039 Pr(:)=[0.070157,0.369823,0.489863,0.070157]  Q=1.29865 lambda0=-6.17103 i_gs=2
t_dyson_laplace=0 t_nca=0.104104 t_oca=0
39) Difference between OCA steps=0.000312879
40) nf=1 <<Sz>>=0.120044 Pr(:)=[0.0701573,0.36982,0.489865,0.0701573]  Q=1.29869 lambda0=-6.17103 i_gs=2
t_dyson_laplace=0 t_nca=0.104143 t_oca=0
40) Difference between OCA steps=0.000276816
41) nf=1 <<Sz>>=0.120048 Pr(:)=[0.0701579,0.369818,0.489866,0.0701579]  Q=1.29871 lambda0=-6.17104 i_gs=2
t_dyson_laplace=0 t_nca=0.104507 t_oca=0
41) Difference between OCA steps=0.000240573
42) nf=1 <<Sz>>=0.120051 Pr(:)=[0.0701586,0.369816,0.489867,0.0701586]  Q=1.29873 lambda0=-6.17104 i_gs=2
t_dyson_laplace=0 t_nca=0.104952 t_oca=0
42) Difference between OCA steps=0.000205898
43) nf=1 <<Sz>>=0.120053 Pr(:)=[0.0701594,0.369814,0.489867,0.0701594]  Q=1.29875 lambda0=-6.17105 i_gs=2
t_dyson_laplace=0 t_nca=0.104997 t_oca=0
43) Difference between OCA steps=0.00017386
44) nf=1 <<Sz>>=0.120055 Pr(:)=[0.0701602,0.369812,0.489867,0.0701602]  Q=1.29876 lambda0=-6.17105 i_gs=2
t_dyson_laplace=0 t_nca=0.105053 t_oca=0
44) Difference between OCA steps=0.000145034
45) nf=1 <<Sz>>=0.120056 Pr(:)=[0.070161,0.369811,0.489867,0.070161]  Q=1.29877 lambda0=-6.17106 i_gs=2
t_dyson_laplace=0 t_nca=0.105197 t_oca=0
45) Difference between OCA steps=0.000119645
46) nf=1 <<Sz>>=0.120057 Pr(:)=[0.0701616,0.36981,0.489867,0.0701616]  Q=1.29877 lambda0=-6.17106 i_gs=2
t_dyson_laplace=0 t_nca=0.105242 t_oca=0
46) Difference between OCA steps=9.76746e-05
