1.2880529879718 0.01 -1.48581912666132 -0.01 -1.485621166949
3.8641589639154 0.01 -1.45893351935072 -0.01 -1.45897343183494
-14.99999999999985 -0.6705146553991757 -0.012756284607975668 -0.6898262393136321 -0.01280490381387347 
-13.94307442116846 -0.8312845398582951 -0.059776589768335074 -0.8506217329638641 -0.05988082375449351 
-13.024675157555 -0.96405976265868 -0.11679484718891066 -0.9833447737068841 -0.11692341846979121 
-12.21920514335649 -1.0934230988830578 -0.1974832183466453 -1.1126074038940903 -0.19768600382169613 
-11.50700787033964 -1.2094868144589022 -0.299367513571383 -1.2285663207482447 -0.29953489383332044 
-10.87273853939113 -1.3069197600675118 -0.41737719858434946 -1.3259712506018921 -0.41752582924474535 
-10.30424328906179 -1.3834085190199623 -0.5452941412576756 -1.4023652312984076 -0.5455613688968782 
-9.791770743284603 -1.4389089065971152 -0.6777207748818088 -1.4576169548288362 -0.6780286977625299 
-9.327406333425754 -1.4747975556640354 -0.8099596439563549 -1.4933372469100057 -0.8100548542724662 
-8.904659262506948 -1.4933732108378122 -0.9386213283202619 -1.5118790269032019 -0.9386600326212327 
-8.518156126042184 -1.497310307954761 -1.0613363336452333 -1.515587111135651 -1.0614488354334957 
-8.163410383531915 -1.4890774162681506 -1.177087716164455 -1.5071649506244142 -1.176751279998388 
-7.836646640587201 -1.4708641019991155 -1.284747421088367 -1.4890217017830354 -1.2843586002786054 
-7.53466511741108 -1.4449243512462786 -1.3842921615934638 -1.4630186545331876 -1.3836904741467904 
-7.254735975022024 -1.4128843074472863 -1.4758837821647834 -1.4309764688065751 -1.4752288121506867 
-6.994516097029167 -1.3760920316319138 -1.5598119634458767 -1.3940958981940978 -1.5589341938193486 
-6.751982950306773 -1.3356468973998856 -1.6364430164556052 -1.3536844429598691 -1.6353886718614792 
-6.525381570524497 -1.2925413737391533 -1.7060305783499976 -1.3106214329368093 -1.7048027905283534 
-6.313181731196434 -1.2477171574682586 -1.7693144049716651 -1.265830283089942 -1.768023421126703 
-6.114043084875222 -1.201542360232092 -1.8268658173850814 -1.2196472538025924 -1.82526626061633 
-5.926786597410246 -1.1544464827821503 -1.8786503244641837 -1.1727171995634356 -1.8771389045811468 
-5.750370988549688 -1.1071652565086527 -1.9257698464308899 -1.1252889909673849 -1.9238514630974302 
-5.583873184308414 -1.0594324808856417 -1.967856756009779 -1.0778965634009943 -1.9659282357854522 
-5.42647200610483 -1.0122444926315417 -2.0058349601121432 -1.0306778937625989 -2.0038500917673363 
-5.277434488177201 -0.9652426514883699 -2.0399774674794875 -0.9836982568610884 -2.037822717900221 
-5.136104342104078 -0.9186587476985801 -2.0703943488993755 -0.9372283351354396 -2.0680443250292635 
-5.001892185363844 -0.8727372631006132 -2.0975164645221236 -0.8914889247798765 -2.0950911221336312 
-4.87426722703304 -0.8274257365392561 -2.121275806324279 -0.8462785497495169 -2.1187143352821813 
-4.752750163264181 -0.7832491761488556 -2.1423101832346356 -0.8022983776246972 -2.1398207564868725 
-4.636907082037206 -0.7398044339382239 -2.16076516607276 -0.7587565415746931 -2.1580980598186486 
-4.526344213778932 -0.6972572846745093 -2.1767126969049246 -0.7164086643825347 -2.173929367839468 
-4.420703393996887 -0.6557083633257341 -2.1904601623321587 -0.6749436035737113 -2.187468673395076 
-4.319658127746223 -0.6149985167522862 -2.2020048008702893 -0.6345661310489641 -2.198866191437934 
-4.2229101648128 -0.5753844830073489 -2.2114325631559 -0.5952902297332447 -2.2084817864773902 
-4.130186509927485 -0.537000602137196 -2.2191808398617425 -0.5568310498802336 -2.216281172384396 
-4.04123680487929 -0.49951766397540487 -2.2252437771431777 -0.5193948988601447 -2.2221401027358 
-3.955831029653008 -0.46313702374012156 -2.2298792685885314 -0.4833456613459224 -2.2266369586684815 
-3.873757478137248 -0.42749338551475846 -2.232780003705091 -0.4480823380933794 -2.229676525748 
-3.794820970889963 -0.39327927134727814 -2.234202980748646 -0.4139974067503207 -2.2313859601777155 
-3.718841273193658 -0.3602981414203752 -2.2346399964744474 -0.38088530989874414 -2.2318586641703337 
-3.645651691406517 -0.32815517722194576 -2.2340190631034806 -0.3488387286310708 -2.2311996979017503 
-3.575097824597339 -0.29699482477504713 -2.232286522033515 -0.31776490150236203 -2.2294335432014813 
-3.507036451785128 -0.2668537424611781 -2.229575230885813 -0.28778527989045255 -2.2266988417107125 
-3.441334537903729 -0.23765426916518306 -2.2257789060950315 -0.2587708942528968 -2.2231229479328083 
-3.377868343971221 -0.20976381420080292 -2.2214065554940654 -0.23062930935643688 -2.2185471186382664 
-3.316522628938475 -0.1823896603777877 -2.2161317194179233 -0.2037118324808458 -2.213283736788329 
-3.257189932382928 -0.15628211326737107 -2.210081596289116 -0.17757357948022134 -2.2071868045948273 
-3.199769928652489 -0.13107239017309213 -2.2034997530580704 -0.15275569319330762 -2.200683714117694 
-3.144168844291917 -0.10666883786656589 -2.1961983894859465 -0.128432797279336 -2.1935901902374817 
-3.090298931633902 -0.08337779419682789 -2.18838226909886 -0.10514088306117131 -2.1857735155447364 
-3.038077992337555 -0.06089932435685652 -2.1800914352871255 -0.08291793546760351 -2.1776457286958233 
-2.987428945431347 -0.03937834346441793 -2.1713907151304417 -0.06129263696428833 -2.1689667471490894 
-2.938279435084989 -0.018664935287342033 -2.162410758573505 -0.04082376393575071 -2.160007874150749 
-2.890561473911586 0.0014276359187457288 -2.152931731473948 -0.020881767546018892 -2.1506639730349644 
-2.844211118100896 0.02053159394011672 -2.14303395347734 -0.0019244941152316564 -2.1410606011787907 
-2.799168171118326 0.038773126919048106 -2.1328707042383583 0.01652914781435788 -2.1310322542803197 
-2.755375913081502 0.05614915855409475 -2.122559218327957 0.03394604066460172 -2.12064510464455 
-2.712780853255288 0.07283355705461814 -2.112228714776309 0.050509992489024214 -2.1101931038628803 
-2.671332503393478 0.08911686755092818 -2.101488610723396 0.06645169948324092 -2.099631913643892 
-2.630983169907057 0.10433545157645874 -2.090641674078125 0.08172529874599999 -2.088884990214499 
-2.591687763059467 0.1191630863676405 -2.0795211649065255 0.09627683389265984 -2.0781086007740988 
-2.553403621583412 0.13288386152266574 -2.06849331958784 0.11041756807809211 -2.067062321324589 
-2.51609035128428 0.14645852146990102 -2.0572679058771635 0.12362732165395407 -2.055976483145751 
-2.479709676346002 0.15898767972551564 -2.045989285923649 0.1364697872043319 -2.0447573410397246 
-2.444225302188003 0.17112502014901443 -2.0347876634028306 0.14847667395677666 -2.0334371033766105 
-2.409602788839831 0.18273445292871227 -2.0234660037763756 0.15987953784947706 -2.0221890639060676 
-2.375809433904204 0.193714805338435 -2.012067664772117 0.17074491082426269 -2.0110285882630334 
-2.342814164271993 0.20405185591969266 -2.0008143789092094 0.1812117755497935 -1.9998217980796085 
-2.310587435834981 0.2141291840042956 -1.9894785635289285 0.19107185562392104 -1.9886010723806682 
-2.279101140515615 0.22349230457166414 -1.9780708264963431 0.20044366077238607 -1.9774694502820513 
-2.248328519998396 0.2322893058420461 -1.966833700692296 0.20943727198579243 -1.9663437160445159 
-2.218244085606003 0.2407499726565594 -1.9555993043858269 0.21796540636131256 -1.9550692957414941 
-2.188823543815517 0.24855449728548074 -1.9445413014018749 0.22569318109941694 -1.944035285760796 
-2.160043726956896 0.2561834267234997 -1.9335770382189539 0.23331467119111338 -1.9330959905688676 
-2.131882528677896 0.2633665949305821 -1.9225372404091152 0.24034960633760916 -1.9222242168514698 
-2.104318843797273 0.26998651242005156 -1.911616226968462 0.2471263029310582 -1.9113899504787604 
-2.077332512202037 0.27626260736727826 -1.900845539202474 0.2533339108796828 -1.900660983737838 
-2.050904266475056 0.28215536850336953 -1.8901992388072408 0.25923177710030476 -1.8901259745827805 
-2.025015682966774 0.2877273951662209 -1.8796857130731632 0.2648492124918862 -1.879660309035766 
-1.999649136049677 0.2930141351842317 -1.8692186558500983 0.27007586267057127 -1.8693419072711837 
-1.974787755316548 0.29787320692820707 -1.8588533816498691 0.2751589715474534 -1.8589650773369066 
-1.950415385503824 0.30241273398216073 -1.848654549869164 0.2795826294305668 -1.8487158576008438 
-1.926516548939786 0.306671760349142 -1.838643382558971 0.283812093868264 -1.83864790575289 
-1.903076410333882 0.3108014003597268 -1.8286229509669703 0.2876064814656498 -1.8287837842063692 
-1.880080743738695 0.31443402302091483 -1.8186647847531654 0.29124117728409615 -1.8191515625545565 
-1.857515901529694 0.31775601278844445 -1.8089176741499122 0.29469813036101855 -1.8096251674886632 
-1.835368785260465 0.32082045295668715 -1.7993793090341659 0.29792236280658946 -1.8002172751311971 
-1.813626818262427 0.3237188341129069 -1.7899553057065414 0.3010183688375607 -1.790770758761045 
-1.792277919868425 0.32630423191906544 -1.7807280688396967 0.3035934326158427 -1.7814469634962558 
-1.771310481148986 0.3288658534885689 -1.771493397828924 0.3059832989444369 -1.772374723050984 
-1.750713342058706 0.3308488001253753 -1.7625209395750394 0.3081894413620292 -1.763506657173899 
-1.730475769898035 0.33301854781029827 -1.7536522042752807 0.3103620020042086 -1.7546390726335663 
-1.710587439002987 0.33471512277919513 -1.7448681923629448 0.3120972422481103 -1.745852191345086 
-1.691038411581846 0.3363587282206455 -1.7362105459619197 0.31361940486997075 -1.7373552652602833 
-1.671819119624006 0.3376311000694123 -1.7277317412557658 0.3151360537323533 -1.7289402638715283 
-1.652920347811602 0.3388697167867363 -1.7194051508553159 0.3163179638768807 -1.7206594306761471 
-1.634333217369665 0.3398198406914046 -1.7112393354603723 0.31745760810221957 -1.7124830433121327 
-1.61604917079522 0.3407086270719759 -1.7032605569940393 0.3182546498520282 -1.704491653170858 
-1.598059957409986 0.3414727565383904 -1.695401036823311 0.31907509296511605 -1.6966534170276302 
-1.580357619685341 0.34215013952647166 -1.6876232736840857 0.3196740621064089 -1.6888837594490256 
-1.562934480291789 0.34267668283292463 -1.6798010811873239 0.32009619703446046 -1.6812764000950793 
-1.545783129828541 0.34270022384476695 -1.6722908386578972 0.3203879368352256 -1.6738544349850113 
-1.528896415191896 0.3429370642762051 -1.6650505613770115 0.3206357970962812 -1.6665337424916566 
-1.512267428543951 0.343101020928664 -1.6577762209082285 0.3207015635164796 -1.6592822325142524 
-1.495889496845788 0.3430532195166589 -1.6505087339652582 0.32054487345062066 -1.6522803906861625 
-1.479756171921723 0.3426796085996964 -1.643466333373908 0.32050817924646013 -1.6453957851407346 
-1.463861221023439 0.34228515672706505 -1.636731837798539 0.3202780351700134 -1.6385245317425579 
-1.4481986178649 0.34199340180297844 -1.6300561872332668 0.3198660244664753 -1.6318481180218911 
-1.432762534100852 0.3414989213443398 -1.6234377520393748 0.31949929160854085 -1.6252511845644464 
-1.417547331223529 0.34095347565877 -1.6169265364547771 0.318871239350756 -1.6187757164390542 
-1.402547552853774 0.3402332976504463 -1.610570229514235 0.31826919381905316 -1.6124054169357913 
-1.387757917404398 0.3395564075749411 -1.604316558893771 0.3173574864323856 -1.6063032948133031 
-1.373173311094914 0.33872168816331194 -1.5981360917997516 0.31680201069093417 -1.6002889204735835 
-1.358788781298217 0.33785055342589065 -1.5919968276224883 0.31596783920305693 -1.5942012982361549 
-1.344599530200891 0.33665476444682785 -1.5860785400019968 0.31502530401213136 -1.5882418323735474 
-1.330600908760078 0.3356435844660932 -1.5803234580958756 0.31394377431852827 -1.5824190160388594 
-1.316788410940793 0.3344328640595855 -1.5746488746001617 0.31278897530792515 -1.576751752297737 
-1.303157668218649 0.3332467304281648 -1.569149943371625 0.31154068265012436 -1.5713159692173981 
-1.289704444333805 0.33207239737792316 -1.563721750883546 0.3105104633078648 -1.5659169301340305 
-1.276424630282861 0.33088239221027926 -1.5582452017735855 0.3092408017252699 -1.5605081703891621 
-1.263314239536188 0.3293384999883686 -1.5529649142497517 0.3079191024505088 -1.5552387172880355 
-1.250369403468921 0.32802522650344046 -1.547856602208078 0.30647752912850135 -1.5501719233562448 
-1.237586366994588 0.3265596168708573 -1.542766721558417 0.30525182707794474 -1.5451567757304738 
-1.22496148439092 0.32508503516274256 -1.5377852454289145 0.3038506748847907 -1.540048883366209 
-1.212491215308081 0.3235294152150321 -1.5329139507414082 0.30219226119470255 -1.5351312120260319 
-1.200172120950044 0.3220371581217698 -1.5280664132458015 0.3006110190514628 -1.5304581600325868 
-1.188000860420427 0.32030037751862017 -1.5233030843647206 0.2991409050295968 -1.5257866726526044 
-1.175974187224572 0.318586772707794 -1.518729790175079 0.2974815397399271 -1.5211653564692098 
-1.164088945920123 0.3168441919408238 -1.5143004848027732 0.2958852377900032 -1.5166320654530066 
-1.152342068908791 0.3152386180757689 -1.509906432997903 0.2941277077025317 -1.5121502832572833 
-1.14073057336241 0.31349510755851284 -1.505501422715918 0.29229416295276 -1.5078900126120764 
-1.129251558276759 0.31167146531892365 -1.5012283822338988 0.29064362636097574 -1.5037112021077246 
-1.117902201646994 0.3098679283633654 -1.4970631134939272 0.2888811559405051 -1.4995198107489616 
-1.106679757758871 0.30803934616680095 -1.49297541426515 0.28708222635867187 -1.495424132969506 
-1.095581554590243 0.306263431488919 -1.488867404455686 0.2852505224206965 -1.4913972691919493 
-1.084604991317632 0.3041874825058952 -1.484871382942385 0.28331752754492534 -1.4875315377113894 
-1.073747535922946 0.3022331239967544 -1.4811192526696528 0.28158982821421197 -1.4837258749674709 
-1.063006722895663 0.30036197087058203 -1.4773930499136663 0.2797196045976391 -1.4798539064973877 
-1.052380151026074 0.2984406984163721 -1.473684885971587 0.27769816089476196 -1.4761520883042667 
-1.041865481285389 0.29648870095959445 -1.4700605140322536 0.2758118027253158 -1.472591043476095 
-1.031460434788744 0.2945544818686312 -1.4665064307166453 0.27390252148590255 -1.4690444278800951 
-1.021162790837329 0.2926238198440283 -1.4629628993147559 0.2719971983028462 -1.465526340276426 
-1.010970385036089 0.2905744833774073 -1.4594718223078378 0.26995989688725386 -1.4621173893967263 
-1.000881107483597 0.28848230407820497 -1.4561456482495387 0.26808711500955096 -1.4587799259070933 
-0.9908929010308823 0.2865108618929152 -1.4529015227472333 0.2660510727037876 -1.4554420738469742 
-0.9810037596061753 0.2844872817729521 -1.4496854247850302 0.2640142234171551 -1.4522819790529953 
-0.971211726602654 0.28253918089892693 -1.446502762480016 0.2621229719975754 -1.4491648627983842 
-0.9615148933264523 0.2804990560211744 -1.4433080619634175 0.2601591176056084 -1.4460253612224965 
-0.9519113975022987 0.2783734080485988 -1.4402221836669458 0.25822444726006066 -1.4428893981300053 
-0.9423994218343085 0.2762822749486985 -1.4372578919148828 0.25607678805698864 -1.4398068923746152 
-0.9329771926195576 0.2742257103885417 -1.4343496723654057 0.25393530080573257 -1.4369666578466085 
-0.9236429784121845 0.27219517550881744 -1.4314546787331948 0.2520331215753304 -1.4341592246494834 
-0.9143950887358859 0.27010853811160274 -1.4285599617312352 0.24998268182366068 -1.4312900671421465 
-0.9052318728427537 0.26788059612177517 -1.4258044694191947 0.2479564312983067 -1.4285132385023531 
-0.8961517185165274 0.2658017265552707 -1.4232398121541725 0.245868720591207 -1.4258082901043525 
-0.8871530509183995 0.2639386255381838 -1.4205662723121437 0.24389774740522874 -1.4231421912698317 
-0.8782343314736151 0.2617870473715648 -1.4177965533842345 0.24175521966737168 -1.42050766885431 
-0.869394056797195 0.259611546329684 -1.4151960571270297 0.23974020214975789 -1.4180195990256714 
-0.8606307576571651 0.2573781446654754 -1.4127433233288507 0.23777867869429292 -1.4154788723302179 
-0.8519429979737825 0.25531195138249796 -1.4104243861095154 0.23566465379062085 -1.412967678537742 
-0.8433293738532892 0.2533542287909465 -1.4080430233991308 0.23364080023758405 -1.4105767431601062 
-0.8347885126548114 0.2513180592658131 -1.4055875462287848 0.23162590812017747 -1.408165636071863 
-0.8263190720890765 0.24916100434517907 -1.4032000888458989 0.22951915638262355 -1.4058059221849943 
-0.8179197393476814 0.247015386125927 -1.4009459629879446 0.2274795360570916 -1.4035427666740876 
-0.809589230261703 0.24492624060469292 -1.3987608802113034 0.22545736685239326 -1.4012707152428903 
-0.8013262884885015 0.24288527190960174 -1.396577141920904 0.22334871611080231 -1.3990466863723374 
-0.7931296847256015 0.24075479355590645 -1.3944470844473844 0.22132739796744527 -1.39689587544155 
-0.7849982159506154 0.23881978774772616 -1.3923442646973014 0.21923140541885966 -1.3947493348356277 
-0.7769307046861815 0.23667063900882024 -1.3901733516678565 0.21714126386792298 -1.392717839019244 
-0.7689259982889687 0.23456258527337082 -1.3881593508223706 0.21518003924817464 -1.3907027926803073 
-0.7609829682618184 0.23250031572843588 -1.3861520297541403 0.2130914115023539 -1.3886618687860757 
-0.7531005095881461 0.2303155126874561 -1.3841988168378363 0.21106134940709675 -1.386725451519347 
-0.7452775400877568 0.228229206609607 -1.3824102763855468 0.20902247172411126 -1.384803608285369 
-0.7375129997932672 0.22630747097644277 -1.3805962269277403 0.20700824700538156 -1.3829174000677336 
-0.7298058503463654 0.22430460273378194 -1.378686765394584 0.20497561062362035 -1.3810399108464733 
-0.7221550744131645 0.22224640442406796 -1.37682566348506 0.20287803809282612 -1.3792364201985254 
-0.7145596751179415 0.22017359965666805 -1.3750248385196036 0.20087509523561153 -1.3775358635734447 
-0.7070186754945859 0.21807748599295163 -1.3732980798579837 0.19892533615623353 -1.3758207858198712 
-0.699531117955104 0.21606775605557538 -1.3716347466037342 0.1969763432876268 -1.374080366504436 
-0.6920960637745566 0.21406743444260123 -1.3699489095368955 0.1949627067450891 -1.3723592010998518 
-0.6847125925918331 0.212050454820766 -1.3682647653712532 0.19297955312278636 -1.3706976032511837 
-0.6773798019256889 0.2099709713026574 -1.3666195950110627 0.1909509955914388 -1.3690678901189721 
-0.6700968067054919 0.2078946309926093 -1.3650731568974375 0.1890049106863836 -1.3674962996462003 
-0.6628627388161604 0.20589870510486952 -1.3635743502399267 0.1870291013153903 -1.3658915022194846 
-0.655676746656775 0.20387911665468295 -1.3620797900315218 0.18501379289755682 -1.364325148479795 
-0.6485379947123882 0.2019396570790053 -1.360615938657161 0.1829599945851259 -1.362844595597849 
-0.6414456631385582 0.19992107402914316 -1.3591330747664985 0.1810043882061071 -1.3614534314348345 
-0.6343989473581653 0.19794280894477234 -1.3577394537175116 0.1790982034173697 -1.3600321441670313 
-0.6273970576700783 0.19602133885626405 -1.3563413504619402 0.17713968878150665 -1.3586084377143344 
-0.6204392188692551 0.1940515506919408 -1.354926097715696 0.17522843225444062 -1.3572427850531121 
-0.6135246698778876 0.19211513348895848 -1.3535347878819646 0.17332183119425437 -1.3558628816929608 
-0.6066526633872034 0.19004313055578137 -1.3521605829808008 0.17139042324875275 -1.3544953285638788 
-0.5998224655095604 0.18806093073557517 -1.3509340042568987 0.16944181338835718 -1.353171530626161 
-0.593033355440483 0.18611686860668353 -1.3497042660050096 0.16749667582279948 -1.3519131561850353 
-0.5862846251302988 0.18419049151785782 -1.3484968682533733 0.16567398495781283 -1.350668946959989 
-0.5795755789650526 0.18232245585789164 -1.3473020144663832 0.16374997675373393 -1.3493354249408198 
-0.5729055334563812 0.1804783137609849 -1.3460500520946284 0.16173926952931017 -1.3481101324704183 
-0.5662738169400507 0.17850897721704007 -1.3447665529505555 0.1598238747690659 -1.3470188114994393 
-0.5596797692828653 0.17646882880704107 -1.3436197174753206 0.15801181621852756 -1.3459154947987737 
-0.5531227415976648 0.174570412795103 -1.342597998945304 0.15621782364415926 -1.3447427690031504 
-0.5466020959661486 0.17276156530094255 -1.341501693029959 0.1543488757415482 -1.3435449487376132 
-0.5401172051692616 0.1708313316434905 -1.3403516923632381 0.15245601490994753 -1.342410452492355 
-0.5336674524248944 0.1689266550186478 -1.3393115956416095 0.15059175551826798 -1.3413107081897542 
-0.5272522311326585 0.1670455506016587 -1.3382884357373448 0.1486791289071122 -1.3402203268314932 
-0.5208709446255063 0.16518527612767997 -1.3372881779939196 0.14677306906672616 -1.3392232200961476 
-0.5145230059279665 0.16338338800736618 -1.3362785331182296 0.1449644512815197 -1.3382773360119533 
-0.5082078375207906 0.16147484168940274 -1.335235147780168 0.14320964036410977 -1.3372725554226725 
-0.5019248711117934 0.15959132487881678 -1.3343131588380635 0.1413714617190016 -1.3362177849147925 
-0.4956735474126915 0.15780093107696697 -1.333402594121653 0.1394738785373561 -1.335252871942518 
-0.489453315921751 0.15596429432672865 -1.3324414212369524 0.137682304965402 -1.33438052714085 
-0.4832636347120513 0.15414485609710965 -1.3315294490185587 0.1359131427914923 -1.3334553692947055 
-0.477103970225192 0.15231000633201996 -1.330617633523041 0.13412164533660864 -1.3325336085439605 
-0.4709737970702657 0.15048621452585748 -1.3297391833498153 0.1323617178789998 -1.331636277729149 
-0.4648725978279328 0.1486472061074563 -1.3288775290484622 0.13055521953968785 -1.3307247729110292 
-0.4587998628594355 0.14682853821962294 -1.3280688131496208 0.12876257963028082 -1.3298855495646547 
-0.4527550901203955 0.14509857883812582 -1.3272570813501836 0.12704352662889484 -1.3290592525167562 
-0.4467377849792464 0.14326416672016767 -1.32636517808097 0.12532092681289259 -1.328164283557105 
-0.440747460040154 0.14135751755257836 -1.32560094221136 0.12348341970314852 -1.327264488313576 
-0.4347836349702859 0.1396086318826874 -1.3249675262497316 0.12165723962242675 -1.3264910688017675 
-0.4288458363312943 0.13795929315785777 -1.3242293616101852 0.11988077790343049 -1.3257597492754187 
-0.4229335974148811 0.1361791468228064 -1.3234041253690427 0.11818674389520978 -1.3250256550576056 
-0.417046458082319 0.13443130645193502 -1.3226941832220838 0.1164455067871244 -1.3242165255041574 
-0.4111839646078066 0.13270238732147654 -1.3219514726553268 0.11461264958544137 -1.3234672373884293 
-0.4053456695255388 0.13089775528056696 -1.321211991240857 0.1128687848168089 -1.3228587722935738 
-0.3995311314803784 0.12913826528195976 -1.3205782375011357 0.11126319016143033 -1.3222118078613803 
-0.3937399150820194 0.12746077696485908 -1.3199272381247749 0.10959602918903183 -1.3214311094915636 
-0.3879715907625315 0.12570150956303217 -1.3192148512117585 0.10785050686035513 -1.3206856386561054 
-0.382225734637189 0.12396574307348085 -1.3185999469456642 0.10608708929398775 -1.3200129119440722 
-0.3765019283684748 0.12227141342922293 -1.3179722365055564 0.1043722208194075 -1.3193941875295727 
-0.3707997590331714 0.12051444790628912 -1.3173274643223698 0.10269246555091233 -1.3187569180227854 
-0.3651188189924406 0.1187984544275264 -1.316776685193404 0.10094932884516927 -1.318104474111915 
-0.3594587057647975 0.11712492492488602 -1.3162148391831254 0.09922913774972869 -1.317555512160105 
-0.3538190219019012 0.11544948598252952 -1.3156461272815425 0.09761633837276468 -1.317022735669003 
-0.3481993748670659 0.11383604833569994 -1.3150926054057934 0.09599905950863818 -1.3163933713058704 
-0.3425993769164141 0.11220186714701091 -1.3144525454841114 0.09430717819377815 -1.3157587953853163 
-0.3370186449825952 0.1104524423640178 -1.3138092908286172 0.0926105640844816 -1.3151977295448312 
-0.3314568005609866 0.10869679745901456 -1.3132915991108383 0.09093726126644375 -1.3146628830016611 
-0.3259134695983023 0.10700441701579427 -1.3128208289857461 0.08928556206541749 -1.3141392344815659 
-0.3203882823835412 0.10533441361794971 -1.3123383588059998 0.08765181097880287 -1.313614171174461 
-0.3148808734411985 0.10370928644650601 -1.311863557905836 0.08598562226853096 -1.3130851349299681 
-0.3093908814266739 0.1020397192454332 -1.3113412566343807 0.08437404621783334 -1.312616814176263 
-0.3039179490238103 0.10036682389221185 -1.3108831163048684 0.0827724078471338 -1.3120897340794289 
-0.298461722844497 0.09873125343415418 -1.310440522464866 0.08111474028973631 -1.3115546442120263 
-0.2930218533302758 0.0970856992476477 -1.309977469498741 0.07945145404945392 -1.3110828977803082 
-0.2875979946558884 0.0954309023495773 -1.3095469257033123 0.07779022765357918 -1.3106392861237348 
-0.2821898046347049 0.09382843285976095 -1.3091452119675178 0.07618984117687433 -1.3102435476930006 
-0.2767969446259778 0.09220963770957047 -1.3086905565797433 0.07461578480113717 -1.309802357127613 
-0.271419079443864 0.09055642783002243 -1.3082657776601654 0.0730229911601964 -1.3093413213201948 
-0.2660558772681595 0.08894642620875842 -1.307886512781156 0.07139154959090549 -1.308893916101632 
-0.2607070095566988 0.08730524138848539 -1.3074619179254006 0.06977051668988432 -1.3085103186855889 
-0.2553721509593595 0.08564362903188766 -1.3071030519178712 0.06822733590685565 -1.3081469938163104 
-0.2500509792336282 0.08404489724614328 -1.3067953033079127 0.0666899795836215 -1.307698730047243 
-0.2447431751616791 0.08246245866761365 -1.3064441077888262 0.06507483624328464 -1.3072240589590098 
-0.2394484224689142 0.08086883392471453 -1.306099986613334 0.06341070386587142 -1.3068202805425109 
-0.2341664077439191 0.07929361846114646 -1.3057744980142427 0.06177878047583407 -1.3064946769773433 
-0.2288968203597948 0.07769893738117811 -1.3054329827878535 0.06020645438083194 -1.3061771892449705 
-0.2236393523968163 0.07611645666020181 -1.3051438008390086 0.05863948688315937 -1.3058184836007274 
-0.2183936985663749 0.07459800358679161 -1.3048607750147194 0.05703932414376914 -1.3054602122005572 
-0.2131595561361681 0.0730865919084151 -1.3045016524827893 0.05542095107199002 -1.3051466118580837 
-0.2079366248565913 0.07149571858132814 -1.3041049380118952 0.0538380148254054 -1.3048870994537531 
-0.2027246068882932 0.06984420955378018 -1.3037779110974161 0.05229073505223486 -1.3046269374503852 
-0.1975232067308574 0.06821994760940256 -1.303540181988161 0.05079572949745895 -1.3043694010569271 
-0.1923321311525708 0.06666687828165546 -1.3033194514634323 0.04930016862124578 -1.304045068403084 
-0.1871510891212436 0.06511063528875852 -1.3030486474846779 0.04776150498045431 -1.3037146431169844 
-0.1819797917360436 0.06357191078770069 -1.3028118441465877 0.04624352227287418 -1.3034220050553402 
-0.1768179521603098 0.06204035618782816 -1.3025333109356183 0.04469612505766468 -1.303068781493136 
-0.1716652855553125 0.06043180132169357 -1.3022367108324702 0.043075924622391654 -1.3027521724429751 
-0.166521509014923 0.05883069919055098 -1.302058502873616 0.04148346262616484 -1.3025407026651403 
-0.1613863415011646 0.057325483169386515 -1.3018934784712277 0.03994729309205186 -1.3023216439160121 
-0.1562595037806076 0.055794436597077696 -1.301624402775577 0.0384127383406582 -1.302071365946419 
-0.1511407183615816 0.05420195577133366 -1.3014045735338677 0.03684571705685119 -1.3018262951302162 
-0.1460297094321692 0.05265359889317128 -1.3012623096490734 0.03528276632603619 -1.3016378924225624 
-0.1409262027989572 0.051136887718931906 -1.301080118767079 0.03377534078893327 -1.3014729436699948 
-0.1358299258265084 0.04960134783746056 -1.3008909697662137 0.03228724715351633 -1.3012580829683706 
-0.1307406073775296 0.048077957593574416 -1.3007340484964087 0.030775174352419055 -1.3010272011000115 
-0.125657977753708 0.04656119475181841 -1.3005589634027543 0.029247129641182645 -1.3008115297184613 
-0.1205817686371829 0.045048278474375425 -1.3003905078258955 0.027720000326143163 -1.3006072835916525 
-0.1155117130326291 0.043491537683440565 -1.3001995443338987 0.02618158705109032 -1.300397287524684 
-0.1104475452099255 0.04195445716497215 -1.3001035026536827 0.024608469982123515 -1.3002034727522618 
-0.1053890006473799 0.040482404103988415 -1.299982725909809 0.023057111074459832 -1.3000822259636642 
-0.1003358159754815 0.03898216827308787 -1.2997882871411444 0.021547455242950292 -1.2999456255840671 
-0.09528772892116386 0.037424729902332865 -1.2996223633208186 0.020010184508481618 -1.299777364382267 
-0.09024447825254263 0.035851358688658255 -1.2995129230678086 0.01846670327879449 -1.2996720063481346 
-0.08520580372410962 0.03433893547247342 -1.2994643037895464 0.016963950909890127 -1.2995792738842926 
-0.08017144602235605 0.032851088231409004 -1.2993481798364934 0.01545596821249022 -1.299456424456607 
-0.07514114671180082 0.031316876460004625 -1.2992290622848872 0.013960432643579102 -1.2993836322130368 
-0.07011464818139976 0.029797137170182078 -1.2991813260136589 0.012534958616743197 -1.299299368925741 
-0.06509169359131213 0.028343378794809235 -1.2991205435232955 0.011077309882930153 -1.2990928524618377 
-0.06007202682000037 0.026864308339980776 -1.2989654813672082 0.009514087852514737 -1.2989114751168167 
-0.05505539241164043 0.025314443503754065 -1.2988322211507017 0.007940854193214338 -1.2988385963396674 
-0.05004153552381903 0.02372229521393443 -1.2987459940853152 0.00641511256091358 -1.2987890625651233 
-0.04503020187549407 0.022144300759931942 -1.2987474709176126 0.00492276948144818 -1.2987358812741214 
-0.04002113769519974 0.020642834238268258 -1.2987828256942058 0.003438466433864182 -1.2986551260283152 
-0.0350140896694664 0.01918090252478801 -1.298756234671235 0.001918584227866331 -1.2985544444399588 
-0.03000880489143913 0.017660671988314863 -1.2986876966294045 0.0003630181584833893 -1.2985018334829272 
-0.02500503080967274 0.01614596099047658 -1.2987248009551131 -0.0011462267801245936 -1.2985258136246658 
-0.02000251517707497 0.014702986294332275 -1.2987312559874882 -0.0025890995080129625 -1.298508995831937 
-0.0150010059999822 0.013233919726299894 -1.298655702009526 -0.004047127650712232 -1.298424318838345 
-0.01000025148734561 0.011696498687213001 -1.2986061142306484 -0.0055606791500940255 -1.2983388160849902 
-0.005000000000000051 0.010149477895862282 -1.2986235697138018 -0.0071154752217998316 -1.2982931439673029 
0.004999999999999968 0.007166070942767939 -1.2986826695847906 -0.010153079594032279 -1.2983091769565092 
0.01000025148734597 0.005679967228603976 -1.2986958472848258 -0.011646328061552334 -1.298332366422826 
0.01500100599998233 0.004167797126249333 -1.2986730323648903 -0.013143886190419812 -1.2982969723087883 
0.02000251517707488 0.002618481103712475 -1.298701852046246 -0.01469177983369524 -1.298305620795329 
0.0250050308096731 0.0010770666284507027 -1.2987674371631281 -0.01619865042615905 -1.298388249853926 
0.03000880489143927 -0.0004307732067210038 -1.298867836616001 -0.017654289900797038 -1.2984124912453288 
0.03501408966946631 -0.001896152786704769 -1.2989504669775276 -0.019164129140400832 -1.2983849204681603 
0.0400211376952001 -0.003370017885343711 -1.2989819792933224 -0.02070500186768305 -1.2984447502350205 
0.04503020187549421 -0.004882819027460003 -1.2990206643907583 -0.022203072801571813 -1.2985100415190318 
0.05004153552381894 -0.006414438898523243 -1.2990827909541953 -0.023713368403286132 -1.298540843739508 
0.05505539241164035 -0.00795325440133341 -1.2991703051777583 -0.025235255467077923 -1.2986294623939105 
0.06007202682000051 -0.009477606152329315 -1.2992947158959798 -0.026715969717750435 -1.2987180229991615 
0.06509169359131227 -0.010971306515721327 -1.2994192767588846 -0.028193392534743594 -1.2987643075855697 
0.07011464818139967 -0.012459171168640593 -1.29951917972513 -0.029705324074400158 -1.2988047826737676 
0.07514114671180096 -0.013982071037499308 -1.2996067580056607 -0.031248196687877164 -1.2988649172033453 
0.0801714460223562 -0.015507705530784038 -1.2997669180008322 -0.03278929953774484 -1.2989746131135342 
0.08520580372410955 -0.016975967795015257 -1.2999211081754634 -0.03430956358593894 -1.2990808579706394 
0.09024447825254277 -0.018442693755167897 -1.300009599997261 -0.03583130843746339 -1.2991913551123957 
0.095287728921164 -0.01996264486815165 -1.3000905522937594 -0.03735525211030277 -1.2993061991331558 
0.1003358159754814 -0.021517462794572895 -1.3002041312726722 -0.03888512858063743 -1.2994274587996588 
0.10538900064738 -0.023085445991243764 -1.3003486099234625 -0.04041711606744694 -1.2995646917772536 
0.1104475452099259 -0.024646890044463757 -1.300540190966863 -0.041951734429068924 -1.299704408327334 
0.115511713032629 -0.026173395047828868 -1.300752031341475 -0.04348953148473533 -1.299871211531745 
0.1205817686371828 -0.027672163954653647 -1.3009468241740394 -0.045006651205462586 -1.3000546819067569 
0.1256579777537084 -0.029178576526041416 -1.3011119192145237 -0.04650765947522886 -1.3002246733734735 
0.1307406073775297 -0.030712742081654865 -1.3012823257666166 -0.048005697269134145 -1.3003938640962633 
0.1358299258265083 -0.03225914199892421 -1.30147113465025 -0.049495774635691464 -1.3005458131626653 
0.1409262027989575 -0.03381722352775443 -1.3016646336380289 -0.05101431914242502 -1.3006522217762282 
0.1460297094321693 -0.03539141229886417 -1.3018928134364423 -0.05261020896881147 -1.3007740840025883 
0.1511407183615815 -0.03693682697305886 -1.302170137185095 -0.054219669032305295 -1.3010158014610915 
0.156259503780608 -0.038451272088118355 -1.3024029710997238 -0.055736357938359044 -1.3012766911027307 
0.1613863415011647 -0.039986765920867334 -1.3026422400351634 -0.05722985109414139 -1.301433748826073 
0.1665215090149231 -0.041530439816832854 -1.3028751859675245 -0.0588092671210885 -1.301580776054043 
0.1716652855553128 -0.0430985851143475 -1.3031181286493518 -0.06042283827405234 -1.3018057299541739 
0.17681795216031 -0.04467498037031162 -1.303400294382794 -0.06202014132913011 -1.3020292590408755 
0.1819797917360437 -0.046234486974185224 -1.303692813895784 -0.06365017117857691 -1.3022782075051371 
0.1871510891212435 -0.04780903670225711 -1.3039701633376979 -0.0652707040476524 -1.3026191149925723 
0.1923321311525709 -0.04940658432222425 -1.3043170247155187 -0.06680009572116849 -1.3029739708041765 
0.1975232067308575 -0.050939289666512344 -1.304718807172043 -0.06831001227112188 -1.3032133150604361 
0.2027246068882931 -0.05239436552955681 -1.3050600458440895 -0.06991296734712829 -1.3034802241134604 
0.2079366248565914 -0.05387627228229633 -1.305303413831191 -0.07150348498093576 -1.3038473357122051 
0.2131595561361682 -0.055447758082060844 -1.3055612013537077 -0.07301422248195558 -1.3041767194288914 
0.2183936985663747 -0.05704312753572771 -1.3058827733127005 -0.07453345703758574 -1.3044537390920743 
0.2236393523968162 -0.05861297093603823 -1.3062213122912394 -0.07609911126207053 -1.3047105555998386 
0.2288968203597951 -0.060179261413246615 -1.3065445235318809 -0.0777256661399752 -1.3049779433596207 
0.2341664077439189 -0.0617779873194752 -1.3068616414450358 -0.07937783505226115 -1.305350873425118 
0.2394484224689141 -0.06340888945875908 -1.3072278575067924 -0.08095130096258132 -1.3057555442537159 
0.2447431751616794 -0.06501995990167078 -1.3076419790313518 -0.08248860919125525 -1.3060822240717487 
0.2500509792336281 -0.0665909173861135 -1.3080563707418404 -0.08408210950695905 -1.306398671759318 
0.2553721509593593 -0.06815783863955582 -1.3084321917558104 -0.08571079635669049 -1.3067315220652198 
0.2607070095566992 -0.06976521370250371 -1.308810138923989 -0.08736081703306725 -1.3071028750436535 
0.2660558772681596 -0.07139035271168886 -1.3092277201220106 -0.08900843614385084 -1.3075073650637534 
0.2714190794438639 -0.07300940607565504 -1.3096496090900729 -0.09063687633760042 -1.3079465709361469 
0.2767969446259781 -0.07463991689089433 -1.3101026921338679 -0.09223851629856672 -1.308363531204527 
0.282189804634705 -0.07625377008923184 -1.3105767751931194 -0.09386462573653853 -1.3087723249644885 
0.2875979946558885 -0.07785268894804309 -1.3110473584351503 -0.0955121719126436 -1.309217730275832 
0.2930218533302762 -0.07944907326291639 -1.3115217430103734 -0.09713177831113023 -1.3097009072833972 
0.2984617228444971 -0.08104366470560598 -1.311974062800154 -0.09871167963465471 -1.3101383306380383 
0.3039179490238104 -0.0826771369925215 -1.3124094858717559 -0.10033866869733143 -1.3105239908188233 
0.3093908814266743 -0.08435960949770577 -1.3128956619934085 -0.10204506945184749 -1.3109633826931346 
0.3148808734411986 -0.08602801706957569 -1.313444043820076 -0.1037436039606161 -1.3114807908192863 
0.3203882823835413 -0.08764717503974295 -1.313998735849959 -0.10539730719322082 -1.3119914647140458 
0.3259134695983027 -0.08925600590659893 -1.314508826933437 -0.1070505641838958 -1.312521874402595 
0.3314568005609868 -0.09090535556785045 -1.3150277907173735 -0.10868978143799063 -1.313004691932265 
0.3370186449825955 -0.0925617911832588 -1.3155622360462198 -0.11039366446723142 -1.3134989418783123 
0.342599376916414 -0.0942429366008502 -1.316067768136601 -0.11212093675982038 -1.3140626372094062 
0.3481993748670658 -0.09598926953221959 -1.3166660514051254 -0.113805596165789 -1.314664485831366 
0.3538190219019016 -0.09767520180290812 -1.3173317545876262 -0.11544934030655796 -1.3152423960375275 
0.3594587057647974 -0.09929006094136567 -1.3179581431623693 -0.11710663155183393 -1.3157741260454057 
0.3651188189924404 -0.10092734797717129 -1.318514790510846 -0.1188381178811479 -1.3162817069248454 
0.3707997590331719 -0.10264660999610498 -1.3190930027805245 -0.12064337094676558 -1.3169168091494474 
0.3765019283684747 -0.10438961307898487 -1.3197334874981501 -0.12237196162284802 -1.3175894442395224 
0.3822257346371889 -0.10611735175667608 -1.3204035379247165 -0.12407172404758438 -1.3182661120349002 
0.3879715907625318 -0.1078349709102322 -1.3211179778791888 -0.12576184128282825 -1.318908073626799 
0.3937399150820193 -0.10950339526785174 -1.3218336134285122 -0.12748849391280753 -1.3195829769609042 
0.3995311314803786 -0.11116190148798138 -1.3224832686862726 -0.12918241939308867 -1.320278145064893 
0.4053456695255391 -0.11289566602200862 -1.3231313949950727 -0.13086965159138808 -1.320885298242608 
0.4111839646078068 -0.11467672388699657 -1.3238209800381968 -0.13267370158079828 -1.3215611972498598 
0.4170464580823192 -0.11647098894969199 -1.3245865407220885 -0.1344444993198186 -1.3223134892503712 
0.4229335974148815 -0.11822520357166283 -1.3253793592707053 -0.1361640827364891 -1.3230309502577857 
0.4288458363312944 -0.11996463730557855 -1.3261854749218442 -0.1379283872732508 -1.3237482624153132 
0.434783634970286 -0.12168071461155866 -1.327009726063274 -0.13970846592252179 -1.3244973578415944 
0.4407474600401543 -0.12337181355285864 -1.3277627770922462 -0.14149217047972096 -1.325229531993247 
0.4467377849792465 -0.12515956017999402 -1.328508918271808 -0.1433372047013282 -1.3260307702377552 
0.4527550901203956 -0.12700131239124357 -1.329372365780016 -0.14513644469926335 -1.3269050841120489 
0.4587998628594356 -0.12876367325039878 -1.330262673045395 -0.14686361452828706 -1.327722360378597 
0.4648725978279327 -0.13051183524370685 -1.3311333446591975 -0.14864622625119955 -1.3285158595416053 
0.4709737970702658 -0.13227810841288573 -1.3320090477280018 -0.15047646607815196 -1.329308767058155 
0.4771039702251922 -0.13405058346901094 -1.3328828899362635 -0.15236522896727084 -1.3301864419279021 
0.4832636347120512 -0.13585830502118895 -1.3337543385613442 -0.15420925292868698 -1.3311122749331057 
0.4894533159217511 -0.1377036023905629 -1.3347242541697275 -0.15602861850868144 -1.3320306996844473 
0.4956735474126914 -0.13946122497883479 -1.3356639000601085 -0.1578741767645237 -1.3329392253558852 
0.5019248711117933 -0.1412744610038712 -1.336561718690334 -0.15976388072723002 -1.3339145323290418 
0.508207837520791 -0.14317988588701447 -1.3375018200343494 -0.16160575810388222 -1.3349425699573678 
0.5145230059279664 -0.14511112941966287 -1.3386082742263123 -0.16339165934881428 -1.3359311512448202 
0.5208709446255061 -0.14688455590564342 -1.3397213999980018 -0.16522631846237834 -1.3368493737437617 
0.5272522311326588 -0.14864026528148222 -1.3407357479618807 -0.16718837906744533 -1.3378626207970654 
0.5336674524248943 -0.15049102742973908 -1.341779924742389 -0.16909644323025808 -1.338998141499756 
0.5401172051692618 -0.15232294809774305 -1.3428407155244926 -0.17088978272252597 -1.3400564548925604 
0.5466020959661492 -0.15417346494689665 -1.343902351926164 -0.1727879266737774 -1.341078204443049 
0.553122741597665 -0.15606532620552382 -1.3449273846899492 -0.17475930988501642 -1.3422286464518645 
0.5596797692828658 -0.15809008451966577 -1.3460739017271623 -0.1766218319251538 -1.3433989284907988 
0.5662738169400511 -0.1600527203329658 -1.3473755914583398 -0.17849478822360332 -1.3445135979716702 
0.5729055334563811 -0.16186522136441628 -1.3486516410414173 -0.18044638058823725 -1.3457315087234736 
0.5795755789650529 -0.1636905122813449 -1.3498352800798121 -0.18228075836956592 -1.3468796409907902 
0.5862846251302993 -0.16562233632572987 -1.3510709350116648 -0.18425912339117367 -1.348038883948295 
0.5930333554404833 -0.16752130152822853 -1.352364992231825 -0.18626693365645142 -1.3492997052597677 
0.5998224655095604 -0.16939289490289 -1.3536302476292752 -0.18822467634604523 -1.350647975898562 
0.6066526633872037 -0.1713374245571858 -1.3549144786502352 -0.1900924089939322 -1.3519293571874778 
0.6135246698778877 -0.1733036248567983 -1.356301815178997 -0.19206056275640193 -1.353224829808646 
0.6204392188692555 -0.17517884617873947 -1.3576871264218373 -0.19402194522779814 -1.354549642644271 
0.6273970576700789 -0.17708282874395787 -1.3590397582033826 -0.19601726735017788 -1.3558909400189343 
0.6343989473581657 -0.17904549155555471 -1.3604364044685007 -0.19805509159775447 -1.3573484880692233 
0.6414456631385582 -0.18099796957111614 -1.3618614983288688 -0.1999729222211124 -1.3588033980444403 
0.6485379947123886 -0.18297521108951564 -1.3633316416009775 -0.20192666840518125 -1.3602162864011447 
0.6556767466567751 -0.18493490944533186 -1.3647973986454507 -0.20395095957486953 -1.3616607213858942 
0.6628627388161606 -0.1869754327826768 -1.3663056226381625 -0.2059981641844003 -1.3632147062631619 
0.6700968067054921 -0.18903496663245423 -1.3679670757313072 -0.20794566655719104 -1.3647581161441775 
0.6773798019256894 -0.19093745491338754 -1.3696283694327986 -0.2099516399037279 -1.3662913759911592 
0.6847125925918336 -0.1928631935698828 -1.371243564863278 -0.2119853191445351 -1.36787823751168 
0.6920960637745566 -0.19483314709861532 -1.3728946706924268 -0.2139980865564809 -1.3694368464227984 
0.6995311179551041 -0.19677853629856967 -1.3745412673700246 -0.21614993069309574 -1.3710732733192394 
0.7070186754945865 -0.19879388867707581 -1.3762020439700458 -0.218280776119118 -1.3728704467428372 
0.7145596751179416 -0.20085979254237885 -1.3779634231599704 -0.22026808115664354 -1.3746969998882397 
0.7221550744131648 -0.20286444410704207 -1.379814767320012 -0.2222222839794199 -1.3764133318670506 
0.7298058503463658 -0.20478033692305486 -1.3816141704363665 -0.22435140755464866 -1.3781671445689414 
0.7375129997932669 -0.20678970052459433 -1.3834173450549763 -0.2264953272835527 -1.3801194449988257 
0.7452775400877572 -0.20880358054434978 -1.385246915107907 -0.22842571163404934 -1.3820733457963494 
0.753100509588147 -0.21087470710098277 -1.3871218673836612 -0.23036854037582744 -1.38387794401181 
0.7609829682618187 -0.21296881611119334 -1.3890812515433182 -0.23252429142884679 -1.3857607799291458 
0.7689259982889687 -0.21503775014674764 -1.3911296321804492 -0.23462327850087505 -1.3877454818037636 
0.7769307046861818 -0.21703449604791936 -1.3931608220371017 -0.2367305291949 -1.3897625446438098 
0.7849982159506155 -0.21912366719465393 -1.3952371072103962 -0.23887133132954919 -1.3919164274175497 
0.793129684725602 -0.22118587229166753 -1.3974211702240675 -0.24082559289719585 -1.394035162133496 
0.8013262884885022 -0.22315228818556587 -1.399604624848781 -0.24289660017547487 -1.396108399852272 
0.8095892302617037 -0.22515181181046573 -1.401757526536164 -0.24503282968209972 -1.3982891729930695 
0.8179197393476814 -0.2272197073932265 -1.4039630317429745 -0.2470897458334944 -1.4004916111690002 
0.826319072089077 -0.22928179014468553 -1.4062284494728783 -0.2492306020115147 -1.4027202521619917 
0.8347885126548115 -0.23136245630861418 -1.4085659162432815 -0.25139813323409144 -1.4050740526631347 
0.8433293738532897 -0.23340201738552335 -1.4109373805221834 -0.25346524264788695 -1.4074501297482234 
0.8519429979737835 -0.23548016008437755 -1.4133887681237298 -0.25560536063791195 -1.4098742401765423 
0.8606307576571656 -0.23745674836490716 -1.4158285552266539 -0.2576931330724065 -1.4123297104916297 
0.869394056797195 -0.2395517517277872 -1.4182920446049576 -0.25986946549346457 -1.4148860548481457 
0.8782343314736156 -0.24165840367104807 -1.420873487208328 -0.26193549561876517 -1.417537839351456 
0.8871530509183996 -0.2437091839555916 -1.4235201246003941 -0.26393813134883537 -1.4201806939125943 
0.8961517185165282 -0.2457537866205548 -1.4262367462106489 -0.26595120172555164 -1.4227983444297618 
0.9052318728427539 -0.24770120646643623 -1.428902545067232 -0.26803115699086233 -1.4254431307922306 
0.9143950887358864 -0.24984650524655005 -1.431647894292996 -0.27015276210676664 -1.4281816416671176 
0.923642978412185 -0.2519086224059276 -1.4345632976861835 -0.27223815892239134 -1.430965035395932 
0.9329771926195572 -0.25384967747808906 -1.4374944460497499 -0.27441390349543837 -1.4338969679303037 
0.9423994218343089 -0.25580431924082714 -1.4404326870484807 -0.2763723629694662 -1.4368583967108854 
0.9519113975022995 -0.25771505717243914 -1.443339120977761 -0.278409242009636 -1.4397287230463292 
0.9615148933264528 -0.25977133261416174 -1.4462954606536094 -0.2806423944287082 -1.4427780270478205 
0.971211726602654 -0.26181538548058036 -1.449378265970277 -0.2826846884277251 -1.4459699553223826 
0.9810037596061753 -0.2638228625639739 -1.4525271558121529 -0.28470735687502435 -1.4491785419150007 
0.9908929010308823 -0.26583340544736933 -1.4557227267624129 -0.2866911431015019 -1.4523869095179642 
1.000881107483597 -0.26786831188634896 -1.4590089305763307 -0.2887784718150077 -1.4556932574618966 
1.01097038503609 -0.2698522562069918 -1.4623344624478938 -0.29074382770217233 -1.4590780861410604 
1.02116279083733 -0.271961864541689 -1.4658199808163948 -0.29274178273533735 -1.462505198507288 
1.031460434788744 -0.27386761690850614 -1.4694357585681117 -0.2946761490013381 -1.4659651097937612 
1.04186548128539 -0.2757220980775006 -1.4730347652539268 -0.2966683861336794 -1.4694154712199605 
1.052380151026074 -0.2775983254064649 -1.47669289366103 -0.29882663323100545 -1.473061782858832 
1.063006722895663 -0.279370992561111 -1.4803217215871896 -0.3007875080787741 -1.4768733980401598 
1.073747535922947 -0.28136588376629024 -1.484062901787581 -0.30272275051508757 -1.4807338274720836 
1.084604991317633 -0.28318313770681836 -1.4879716730180783 -0.3045774592956454 -1.484658013787011 
1.095581554590243 -0.2849265657318114 -1.4918255395387154 -0.30637579517762514 -1.4885665104067582 
1.106679757758872 -0.28685376988126143 -1.495800935894041 -0.3082873878400467 -1.492547637660466 
1.117902201646994 -0.28857991481194567 -1.4998696790167745 -0.3101395536858793 -1.496676088618648 
1.129251558276759 -0.29043622114844525 -1.5040210108795555 -0.3119085360835565 -1.5008434818714373 
1.140730573362412 -0.2921209155722262 -1.508245343304065 -0.3137468323827546 -1.5051110727137649 
1.152342068908792 -0.29395016745233593 -1.5125718881224495 -0.31544248210691617 -1.509455278223411 
1.164088945920123 -0.29560401980265016 -1.5170390095619717 -0.3172060457572028 -1.5138514447313247 
1.175974187224572 -0.2972446372423587 -1.5215373694121137 -0.31892175655137467 -1.5183656110299124 
1.188000860420428 -0.2988749873290786 -1.526135605246277 -0.32063306339068287 -1.5230011232487484 
1.200172120950045 -0.3004393225691173 -1.5308258643020753 -0.32225249606581396 -1.5277967153773306 
1.212491215308082 -0.30198491488206725 -1.5356128876289643 -0.3236359988035109 -1.5325309423949467 
1.22496148439092 -0.3034385090600358 -1.5404851954059169 -0.3252826579494763 -1.537266005607586 
1.237586366994588 -0.30485552485964984 -1.5453795762902183 -0.3269174250061526 -1.5422902133894287 
1.250369403468921 -0.30636923466995003 -1.550418261140597 -0.32829180512640743 -1.5473701630674235 
1.263314239536188 -0.3077295186516187 -1.55563913991881 -0.3298676537186156 -1.5525679091787863 
1.276424630282862 -0.308979276981064 -1.5609017683243187 -0.33114340286653987 -1.55795261604225 
1.289704444333805 -0.3102401041473608 -1.5662539280313388 -0.332376307935337 -1.5632949020106464 
1.303157668218649 -0.31136586433567937 -1.571684575788686 -0.33369162979095335 -1.5687829102542195 
1.316788410940794 -0.312530799843596 -1.5771732137820653 -0.33476276802468563 -1.5743566060921226 
1.330600908760078 -0.31368366720858765 -1.5828607142525555 -0.33596457900385746 -1.5799605654397109 
1.344599530200891 -0.31459979190124 -1.5885950364411114 -0.33714808337769187 -1.58585064886626 
1.358788781298218 -0.3157388264310914 -1.594477499880102 -0.3379668402636167 -1.5918061028383723 
1.373173311094916 -0.31653943248577443 -1.60060203744563 -0.33891861094237696 -1.5977192890515062 
1.387757917404398 -0.3172264855239202 -1.6066860960109852 -0.33988586022792 -1.6038792179773327 
1.402547552853775 -0.317967022367873 -1.6128516511801803 -0.3406242182382604 -1.61022949381902 
1.417547331223529 -0.31861097912808023 -1.6191938962445356 -0.3412051174796358 -1.616574732146554 
1.432762534100853 -0.3191293102312103 -1.6256250984895284 -0.341892293857633 -1.6230317371481995 
1.448198617864901 -0.3196751358323251 -1.632228373945461 -0.34239298300242726 -1.6297220227150233 
1.463861221023439 -0.3199368184438469 -1.6389864268683734 -0.3426896704264475 -1.6364412101094246 
1.479756171921723 -0.32014439256502825 -1.6457503527387711 -0.3430746965772975 -1.6432722181180635 
1.495889496845789 -0.320368950219156 -1.652702590156267 -0.3432076372577326 -1.650283007873712 
1.512267428543952 -0.32031095210981664 -1.6598048378188137 -0.34328650395460336 -1.6573281174634116 
1.528896415191898 -0.3202482021162216 -1.6670035410123916 -0.3433694094229307 -1.6645715404396026 
1.545783129828541 -0.3198960121729344 -1.674285798633654 -0.34320170930482097 -1.6720210660633388 
1.562934480291789 -0.3196568775433297 -1.6816413512642612 -0.3428781152606437 -1.6795297385866552 
1.580357619685342 -0.3192119669849156 -1.6892273805131715 -0.34250888848007066 -1.6871765968492407 
1.598059957409986 -0.31867211023066644 -1.6969551437839356 -0.34194190775503963 -1.6950322499599206 
1.616049170795221 -0.3179776598698556 -1.704935165568299 -0.34109265618382345 -1.7029311801575673 
1.634333217369667 -0.31683395198550657 -1.7129527736280652 -0.3402814732160928 -1.710884373309969 
1.652920347811602 -0.3158418527659317 -1.7210080391237426 -0.33932534569215234 -1.719055601865151 
1.671819119624006 -0.31446266905516196 -1.7292343943619612 -0.33827719942707546 -1.7274981986921578 
1.691038411581847 -0.31319714868870063 -1.7375564919836337 -0.336755949883492 -1.736132068204823 
1.710587439002987 -0.31160399319609655 -1.7461826957999604 -0.335044785233219 -1.7447217299842133 
1.730475769898036 -0.30974199218843634 -1.754896033908768 -0.3332077548946015 -1.7533536226700845 
1.750713342058708 -0.307676948628125 -1.7636751589174073 -0.3313238934422176 -1.7621332232681974 
1.771310481148987 -0.30546372955603074 -1.7725511072900397 -0.3292763698872001 -1.7712062670883582 
1.792277919868425 -0.3031343287590784 -1.7816499248445923 -0.32677140075170175 -1.7803973893957603 
1.813626818262429 -0.30038233353980726 -1.7909112785855354 -0.3243167765358548 -1.7897147217555476 
1.835368785260465 -0.29751740202580246 -1.8002486906235722 -0.3213200538167813 -1.7993001813189353 
1.857515901529695 -0.2942824260924406 -1.8097243293563938 -0.3180515433651052 -1.8087946996887798 
1.880080743738695 -0.29093556717100233 -1.81927983322169 -0.3147888645654642 -1.8184081785627004 
1.903076410333882 -0.2873198584632841 -1.8290892377525272 -0.31120131221076397 -1.8283582988713087 
1.926516548939787 -0.2832375584297864 -1.8389914547250374 -0.307065381788562 -1.8383557776597443 
1.950415385503826 -0.2790277833193666 -1.8489292014341487 -0.30288379712845814 -1.8483216885381082 
1.974787755316548 -0.27451532899256925 -1.8591151801069996 -0.2984717324943178 -1.8585890814556942 
1.99964913604968 -0.2694608455434586 -1.8693231216301496 -0.2935215975139711 -1.8690137131630624 
2.025015682966775 -0.2644556159485947 -1.8795779904636676 -0.2883775313586421 -1.8795204572935336 
2.050904266475056 -0.2589846634367916 -1.8902023543758024 -0.2826420283420954 -1.8901456160236016 
2.077332512202038 -0.25299016821619524 -1.9009401968665103 -0.27669485309295316 -1.9006880987630224 
2.104318843797275 -0.24649074807713722 -1.911604862008023 -0.2705678329340624 -1.911442838097727 
2.131882528677898 -0.23990132411266263 -1.922311721837399 -0.2638754632861886 -1.9224080358804128 
2.160043726956899 -0.23273535168772153 -1.9332378580404945 -0.25688325179998817 -1.933509572290045 
2.188823543815518 -0.2251323304459767 -1.9440899270818779 -0.24905941374490004 -1.9446610792149381 
2.218244085606003 -0.217377612523026 -1.9550694010848566 -0.2410775314679281 -1.9556260698634649 
2.248328519998398 -0.2088981904230418 -1.9662382115172572 -0.2326671078926692 -1.9667086065359614 
2.279101140515615 -0.20010106483569778 -1.9773920452332068 -0.22400186428695346 -1.9779646956874664 
2.310587435834983 -0.1906158235869162 -1.9886073695719213 -0.21451013134461183 -1.9893726038073476 
2.342814164271995 -0.18081291204022376 -1.99974404589613 -0.2046479034306894 -2.0006493285187954 
2.375809433904205 -0.17054231224741523 -2.011084078358893 -0.19428866264304645 -2.012037992042145 
2.409602788839831 -0.15937648903152057 -2.022400578943102 -0.18324938616772046 -2.0234184368916663 
2.444225302188005 -0.14791908040744284 -2.033517531680553 -0.17180472763484333 -2.0347567846926435 
2.479709676346002 -0.1358190507367798 -2.0446926759153548 -0.15964372993338793 -2.046160379286976 
2.516090351284284 -0.12324277796482486 -2.05584086219525 -0.14683888663318667 -2.0574267736147664 
2.553403621583412 -0.10990621256550392 -2.0670131481779985 -0.13348565122234257 -2.0685621423560354 
2.591687763059467 -0.09587381898076996 -2.078000194313514 -0.11964263029169686 -2.0797461491940568 
2.630983169907057 -0.08127099712157104 -2.088802742030423 -0.10474325728076561 -2.0908617952242596 
2.671332503393482 -0.06609697438916573 -2.099541316926008 -0.08934127502191691 -2.1015629355315903 
2.712780853255288 -0.050138537405975736 -2.110235327336013 -0.07345748526582829 -2.1122232189981127 
2.755375913081506 -0.03331234850931031 -2.120686809978983 -0.056634566644004014 -2.122819694621063 
2.799168171118328 -0.01580002422853699 -2.130754620738851 -0.039166508374139486 -2.1331485185344365 
2.844211118100896 0.0021669385515874495 -2.1406722374094036 -0.02076273025468689 -2.143266683679885 
2.890561473911588 0.021219484799877453 -2.150521939545473 -0.0015916035483929392 -2.1529185177514862 
2.938279435084994 0.041145913015735225 -2.1598638306086464 0.018028707697901325 -2.162334990156398 
2.987428945431348 0.061673513337979546 -2.1688401781847553 0.0387800341569946 -2.171670088133088 
3.03807799233756 0.08325834967941148 -2.177501722434161 0.06050826430530032 -2.1804784138867452 
3.090298931633904 0.1054905887951052 -2.185690983404704 0.08313104379275682 -2.1887087524464786 
3.144168844291917 0.12891309259217376 -2.1935058104981002 0.106530921794048 -2.196343003183914 
3.199769928652491 0.1532220824350201 -2.2005193643077448 0.13060374342446224 -2.203560685343416 
3.257189932382928 0.17809436584860094 -2.2069930925944137 0.15589163004720552 -2.2103596461107426 
3.316522628938477 0.20426493012905134 -2.2129825997324546 0.18212685674884144 -2.216359478067187 
3.377868343971226 0.23112958016081953 -2.2181075175339213 0.20931227278972475 -2.2215956561807757 
3.441334537903732 0.2591127200806489 -2.2225939964749037 0.2372809901984314 -2.2261342684844667 
3.507036451785128 0.2878953547375467 -2.2262692762773404 0.26661121806553334 -2.2298987033142508 
3.575097824597342 0.31804495297191426 -2.2291555941762358 0.29661120949564523 -2.232575194729786 
3.645651691406517 0.34909754972252305 -2.2308128029985195 0.32785305515435326 -2.234448263160621 
3.718841273193661 0.38103850493610114 -2.231488520461895 0.3600353635111433 -2.235137756550126 
3.794820970889963 0.41424124576041477 -2.231052605731221 0.3933138914879919 -2.234717024573446 
3.873757478137244 0.448204591338099 -2.229278827230764 0.42758917411748376 -2.233028125701182 
3.955831029653008 0.48342874160456395 -2.2263562537777344 0.4629966964618508 -2.2300160221214074 
4.041236804879298 0.5196586232656952 -2.221892912751811 0.4994128284108732 -2.2254843326861433 
4.13018650992749 0.5570688511645905 -2.2158597928495456 0.5368180486320835 -2.2194356254930656 
4.222910164812808 0.5953028471883863 -2.2080728143402246 0.5754181159981941 -2.21172805628126 
4.319658127746227 0.6347952632846683 -2.1985805382486463 0.6149408691065608 -2.2020929790154 
4.420703393996887 0.6750556739228286 -2.1869933353100204 0.6555178811985125 -2.190542099729657 
4.526344213778938 0.7164197466840863 -2.173513783684961 0.6969639855157879 -2.176860958174045 
4.636907082037216 0.7588742872644376 -2.157693050022193 0.739390314310882 -2.1610751838220077 
4.752750163264186 0.8021106125642432 -2.1393489498027187 0.7830244819479226 -2.1428757281848156 
4.874267227033051 0.8463495858830914 -2.1184780601140796 0.8275467237343204 -2.1217759762414903 
5.00189218536385 0.8914436573989901 -2.0946237713251237 0.8727160936529321 -2.0977225759909612 
5.136104342104078 0.9370685764851219 -2.067652350777109 0.9185217018258056 -2.070677172589034 
5.277434488177208 0.9835328698772381 -2.0375206690143526 0.9650785675746656 -2.040391949001759 
5.426472006104844 1.0304780513121816 -2.0036004940579315 1.0122469233438904 -2.006383468048875 
5.583873184308421 1.0778113486728627 -1.9657677343295377 1.0596497664174738 -1.968320320316445 
5.750370988549688 1.1252453082157423 -1.923597244796351 1.107244902975598 -1.9260452200508213 
5.926786597410238 1.1725502236888241 -1.876843291560339 1.154633253501876 -1.8790596002120656 
6.114043084875222 1.2195869407722775 -1.8250863319973758 1.201732846200569 -1.8271409139513752 
6.313181731196443 1.2656639603893662 -1.7677097826621029 1.2478984807732019 -1.7695972723824156 
6.525381570524497 1.3105435679713215 -1.7046217022308612 1.2928103511414335 -1.7062991467416602 
6.751982950306783 1.353564106489336 -1.6350339149234439 1.3358237659286392 -1.6365695771638051 
6.994516097029167 1.3938239549014133 -1.5585832165877906 1.376283194606435 -1.560028978289354 
7.254735975022012 1.4306139934444246 -1.4750088462571103 1.41299939040886 -1.476031221573534 
7.53466511741108 1.4627604775160687 -1.383620115564442 1.4451635966541492 -1.384601224790552 
7.836646640587229 1.4887386847442015 -1.2841870427216966 1.4710840329227075 -1.2848467515471953 
8.163410383531929 1.5069517463766573 -1.1767282315828147 1.4892584083891611 -1.1772872084664714 
8.518156126042216 1.5153680722791387 -1.0612736397607903 1.4975658671429368 -1.0615529231415302 
8.904659262506966 1.5115924314738658 -0.9385652541290542 1.4936564121565876 -0.9387630032864774 
9.327406333425754 1.493115214469011 -0.8100316682468637 1.4750796330626637 -0.8100935850511279 
9.791770743284625 1.4573827670674575 -0.6778943918506699 1.4392256749639163 -0.6778455490139096 
10.30424328906184 1.4020853230531145 -0.5455155713867884 1.3837886178648695 -0.5453617994664691 
10.87273853939115 1.3257109062875632 -0.41748899703522274 1.3072135485093597 -0.417256596571297 
11.5070078703397 1.2283229301702328 -0.299520790979253 1.2096884074450909 -0.2993884337280667 
12.21920514335652 1.112368328060521 -0.1976422496087376 1.0936437410210438 -0.1974656992933774 
13.024675157555 0.9830771421447828 -0.11689088472955686 0.9642514569383263 -0.11682420555255314 
13.9430744211685 0.8503520615986933 -0.05988144161649734 0.8315259380781583 -0.059860617454654395 
14.99999999999985 0.6895784912374214 -0.012793381079777287 0.6707725264610236 -0.012778506389237719 
